INFO:Slither:Compilation warnings/errors on /../data/reentrancy/solidity_contract/27024.sol:
/../data/reentrancy/solidity_contract/27024.sol:20:5: Warning: Defining constructors as functions with the same name as the contract is deprecated. Use "constructor(...) { ... }" instead.
    function AddressLottery() {
    ^ (Relevant source part starts here and spans across multiple lines).
/../data/reentrancy/solidity_contract/27024.sol:66:9: Warning: Variable is declared as a storage pointer. Use an explicit "storage" keyword to silence this warning.
        SeedComponents s;
        ^--------------^
/../data/reentrancy/solidity_contract/27024.sol:42:43: Warning: Using contract member "balance" inherited from the address type is deprecated. Convert the contract to "address" type to access the member, for example use "address(contract).balance" instead.
            require(msg.sender.call.value(this.balance)());
                                          ^----------^
/../data/reentrancy/solidity_contract/27024.sol:48:18: Warning: This function only accepts a single "bytes" argument. Please use "abi.encodePacked(...)" or a similar function to encode the data.
        n = uint(keccak256(uint(addr), secretSeed)[0]) % 8;
                 ^-------------------------------^
/../data/reentrancy/solidity_contract/27024.sol:52:30: Warning: This function only accepts a single "bytes" argument. Please use "abi.encodePacked(...)" or a similar function to encode the data.
        secretSeed = uint256(keccak256(
                             ^ (Relevant source part starts here and spans across multiple lines).
/../data/reentrancy/solidity_contract/27024.sol:62:9: Warning: "suicide" has been deprecated in favour of "selfdestruct"
        suicide(owner);
        ^------------^
/../data/reentrancy/solidity_contract/27024.sol:66:9: Warning: Uninitialized storage pointer. Did you mean '<type> memory s'?
        SeedComponents s;
        ^--------------^
/../data/reentrancy/solidity_contract/27024.sol:20:5: Warning: No visibility specified. Defaulting to "public". 
    function AddressLottery() {
    ^ (Relevant source part starts here and spans across multiple lines).
/../data/reentrancy/solidity_contract/27024.sol:35:5: Warning: No visibility specified. Defaulting to "public". 
    function participate() payable onlyHuman { 
    ^ (Relevant source part starts here and spans across multiple lines).
/../data/reentrancy/solidity_contract/27024.sol:46:5: Warning: No visibility specified. Defaulting to "public". 
    function luckyNumberOfAddress(address addr) constant returns(uint n){
    ^ (Relevant source part starts here and spans across multiple lines).
/../data/reentrancy/solidity_contract/27024.sol:61:5: Warning: No visibility specified. Defaulting to "public". 
    function kill() onlyOwner {
    ^ (Relevant source part starts here and spans across multiple lines).
/../data/reentrancy/solidity_contract/27024.sol:65:5: Warning: No visibility specified. Defaulting to "public". 
    function forceReseed() onlyOwner{
    ^ (Relevant source part starts here and spans across multiple lines).
/../data/reentrancy/solidity_contract/27024.sol:68:32: Warning: "block.blockhash()" has been deprecated in favor of "blockhash()"
        s.component2 = uint256(block.blockhash(block.number - 1));
                               ^-------------^
/../data/reentrancy/solidity_contract/27024.sol:74:5: Warning: No visibility specified. Defaulting to "public". 
    function () payable {}
    ^--------------------^
/../data/reentrancy/solidity_contract/27024.sol:77:5: Warning: No visibility specified. Defaulting to "public". 
    function _myLuckyNumber() constant returns(uint n){
    ^ (Relevant source part starts here and spans across multiple lines).

INFO:Detectors:[91m
s in AddressLottery.forceReseed (/../data/reentrancy/solidity_contract/27024.sol#66) is a storage variable never initialiazed
Reference: https://github.com/trailofbits/slither/wiki/Detectors-Documentation#uninitialized-storage-variables[0m
INFO:Detectors:[92m
AddressLottery.winnerLuckyNumber should be constant (/../data/reentrancy/solidity_contract/27024.sol#15)
Reference: https://github.com/trailofbits/slither/wiki/Detectors-Documentation#state-variables-that-could-be-declared-constant[0m
INFO:Detectors:[92m
Deprecated standard detected @ /../data/reentrancy/solidity_contract/27024.sol#62:
	- Usage of "suicide()" should be replaced with "selfdestruct()"
Deprecated standard detected @ /../data/reentrancy/solidity_contract/27024.sol#68:
	- Usage of "block.blockhash()" should be replaced with "blockhash()"
Reference: https://github.com/trailofbits/slither/wiki/Detectors-Documentation#deprecated-standards[0m
INFO:Detectors:[92m
AddressLottery.participate (/../data/reentrancy/solidity_contract/27024.sol#35-44) should be declared external
AddressLottery.kill (/../data/reentrancy/solidity_contract/27024.sol#61-63) should be declared external
AddressLottery.forceReseed (/../data/reentrancy/solidity_contract/27024.sol#65-72) should be declared external
AddressLottery.fallback (/../data/reentrancy/solidity_contract/27024.sol#74) should be declared external
AddressLottery._myLuckyNumber (/../data/reentrancy/solidity_contract/27024.sol#77-79) should be declared external
Reference: https://github.com/trailofbits/slither/wiki/Detectors-Documentation#public-function-that-could-be-declared-as-external[0m
INFO:Detectors:[92m
Detected issues with version pragma in /../data/reentrancy/solidity_contract/27024.sol:
	- pragma solidity^0.4.0 (/../data/reentrancy/solidity_contract/27024.sol#1): it allows old versions
Reference: https://github.com/trailofbits/slither/wiki/Detectors-Documentation#incorrect-version-of-solidity[0m
INFO:Detectors:[92m
Low level call in AddressLottery.participate (/../data/reentrancy/solidity_contract/27024.sol#35-44):
	-require(bool)(msg.sender.call.value(this.balance)()) /../data/reentrancy/solidity_contract/27024.sol#42
Reference: https://github.com/trailofbits/slither/wiki/Detectors-Documentation#low-level-calls[0m
INFO:Detectors:[92m
Function 'AddressLottery.AddressLottery' (/../data/reentrancy/solidity_contract/27024.sol#20-23) is not in mixedCase
Function 'AddressLottery._myLuckyNumber' (/../data/reentrancy/solidity_contract/27024.sol#77-79) is not in mixedCase
Reference: https://github.com/trailofbits/slither/wiki/Detectors-Documentation#conformance-to-solidity-naming-conventions[0m
INFO:Slither:/../data/reentrancy/solidity_contract/27024.sol analyzed (1 contracts), 13 result(s) found