INFO:Slither:Compilation warnings/errors on /../data/reentrancy/solidity_contract/27188.sol:
/../data/reentrancy/solidity_contract/27188.sol:5:3: Warning: Defining constructors as functions with the same name as the contract is deprecated. Use "constructor(...) { ... }" instead.
  function Ownable() public {
  ^ (Relevant source part starts here and spans across multiple lines).
/../data/reentrancy/solidity_contract/27188.sol:11:9: Warning: "throw" is deprecated in favour of "revert()", "require()" and "assert()".
        throw;
        ^---^
/../data/reentrancy/solidity_contract/27188.sol:17:9: Warning: "throw" is deprecated in favour of "revert()", "require()" and "assert()".
        throw;
        ^---^
/../data/reentrancy/solidity_contract/27188.sol:23:9: Warning: "throw" is deprecated in favour of "revert()", "require()" and "assert()".
        throw;
        ^---^
/../data/reentrancy/solidity_contract/27188.sol:52:42: Warning: "throw" is deprecated in favour of "revert()", "require()" and "assert()".
        if(!target.call.value(amount)()) throw;
                                         ^---^
/../data/reentrancy/solidity_contract/27188.sol:67:68: Warning: "throw" is deprecated in favour of "revert()", "require()" and "assert()".
        if ( investors[msg.sender].investment == 0 || amount == 0) throw;
                                                                   ^---^
/../data/reentrancy/solidity_contract/27188.sol:77:13: Warning: "throw" is deprecated in favour of "revert()", "require()" and "assert()".
            throw;
            ^---^
/../data/reentrancy/solidity_contract/27188.sol:88:28: Warning: "throw" is deprecated in favour of "revert()", "require()" and "assert()".
        if (dividend == 0) throw;
                           ^---^
/../data/reentrancy/solidity_contract/27188.sol:53:9: Warning: Invoking events without "emit" prefix is deprecated.
        Transfer(amount, message, target, currentOwner);
        ^---------------------------------------------^
/../data/reentrancy/solidity_contract/27188.sol:51:5: Warning: No visibility specified. Defaulting to "public". 
    function loggedTransfer(uint amount, bytes32 message, address target, address currentOwner) protected {
    ^ (Relevant source part starts here and spans across multiple lines).

INFO:Detectors:[92m
Deprecated standard detected @ /../data/reentrancy/solidity_contract/27188.sol#23:
	- Usage of "throw" should be replaced with "revert()"
Deprecated standard detected @ /../data/reentrancy/solidity_contract/27188.sol#11:
	- Usage of "throw" should be replaced with "revert()"
Deprecated standard detected @ /../data/reentrancy/solidity_contract/27188.sol#17:
	- Usage of "throw" should be replaced with "revert()"
Deprecated standard detected @ /../data/reentrancy/solidity_contract/27188.sol#52:
	- Usage of "throw" should be replaced with "revert()"
Deprecated standard detected @ /../data/reentrancy/solidity_contract/27188.sol#67:
	- Usage of "throw" should be replaced with "revert()"
Deprecated standard detected @ /../data/reentrancy/solidity_contract/27188.sol#77:
	- Usage of "throw" should be replaced with "revert()"
Deprecated standard detected @ /../data/reentrancy/solidity_contract/27188.sol#88:
	- Usage of "throw" should be replaced with "revert()"
Reference: https://github.com/trailofbits/slither/wiki/Detectors-Documentation#deprecated-standards[0m
INFO:Detectors:[92m
Ownable.transferOwnership (/../data/reentrancy/solidity_contract/27188.sol#21-25) should be declared external
DividendDistributor.PrivateInvestment (/../data/reentrancy/solidity_contract/27188.sol#47-49) should be declared external
DividendDistributor.loggedTransfer (/../data/reentrancy/solidity_contract/27188.sol#51-54) should be declared external
DividendDistributor.invest (/../data/reentrancy/solidity_contract/27188.sol#56-64) should be declared external
DividendDistributor.divest (/../data/reentrancy/solidity_contract/27188.sol#66-72) should be declared external
DividendDistributor.getInvestment (/../data/reentrancy/solidity_contract/27188.sol#82-84) should be declared external
DividendDistributor.payDividend (/../data/reentrancy/solidity_contract/27188.sol#86-91) should be declared external
DividendDistributor.distributeDividends (/../data/reentrancy/solidity_contract/27188.sol#94-96) should be declared external
DividendDistributor.doTransfer (/../data/reentrancy/solidity_contract/27188.sol#98-100) should be declared external
DividendDistributor.setMinInvestment (/../data/reentrancy/solidity_contract/27188.sol#102-104) should be declared external
DividendDistributor.fallback (/../data/reentrancy/solidity_contract/27188.sol#106-107) should be declared external
DividendDistributor.destroy (/../data/reentrancy/solidity_contract/27188.sol#109-111) should be declared external
Reference: https://github.com/trailofbits/slither/wiki/Detectors-Documentation#public-function-that-could-be-declared-as-external[0m
INFO:Detectors:[92m
Detected issues with version pragma in /../data/reentrancy/solidity_contract/27188.sol:
	- pragma solidity^0.4.0 (/../data/reentrancy/solidity_contract/27188.sol#1): it allows old versions
Reference: https://github.com/trailofbits/slither/wiki/Detectors-Documentation#incorrect-version-of-solidity[0m
INFO:Detectors:[92m
Low level call in DividendDistributor.loggedTransfer (/../data/reentrancy/solidity_contract/27188.sol#51-54):
	-! target.call.value(amount)() /../data/reentrancy/solidity_contract/27188.sol#52
Reference: https://github.com/trailofbits/slither/wiki/Detectors-Documentation#low-level-calls[0m
INFO:Detectors:[92m
Function 'Ownable.Ownable' (/../data/reentrancy/solidity_contract/27188.sol#5-7) is not in mixedCase
Function 'DividendDistributor.PrivateInvestment' (/../data/reentrancy/solidity_contract/27188.sol#47-49) is not in mixedCase
Reference: https://github.com/trailofbits/slither/wiki/Detectors-Documentation#conformance-to-solidity-naming-conventions[0m
INFO:Slither:/../data/reentrancy/solidity_contract/27188.sol analyzed (2 contracts), 23 result(s) found