INFO:Slither:Compilation warnings/errors on /../data/reentrancy/solidity_contract/31759.sol:
/../data/reentrancy/solidity_contract/31759.sol:22:5: Warning: Defining constructors as functions with the same name as the contract is deprecated. Use "constructor(...) { ... }" instead.
    function TransferableMultsig(
    ^ (Relevant source part starts here and spans across multiple lines).
/../data/reentrancy/solidity_contract/31759.sol:36:26: Warning: This function only accepts a single "bytes" argument. Please use "abi.encodePacked(...)" or a similar function to encode the data.
        bytes32 txHash = keccak256(byte(0x19),  byte(0), this, nonce++, destination, value, data  );
                         ^------------------------------------------------------------------------^
/../data/reentrancy/solidity_contract/31759.sol:55:26: Warning: This function only accepts a single "bytes" argument. Please use "abi.encodePacked(...)" or a similar function to encode the data.
        bytes32 txHash = keccak256(
                         ^ (Relevant source part starts here and spans across multiple lines).

INFO:Detectors:[91m
TransferableMultsig.execute (/../data/reentrancy/solidity_contract/31759.sol#34-41) sends eth to arbitrary user
	Dangerous calls:
	- require(bool)(destination.call.value(value)(data)) (/../data/reentrancy/solidity_contract/31759.sol#40)
Reference: https://github.com/trailofbits/slither/wiki/Detectors-Documentation#functions-that-send-ether-to-arbitrary-destinations[0m
INFO:Detectors:[92m
TransferableMultsig.fallback (/../data/reentrancy/solidity_contract/31759.sol#31) should be declared external
Reference: https://github.com/trailofbits/slither/wiki/Detectors-Documentation#public-function-that-could-be-declared-as-external[0m
INFO:Detectors:[92m
Detected issues with version pragma in /../data/reentrancy/solidity_contract/31759.sol:
	- pragma solidity^0.4.18 (/../data/reentrancy/solidity_contract/31759.sol#2): it allows old versions
Reference: https://github.com/trailofbits/slither/wiki/Detectors-Documentation#incorrect-version-of-solidity[0m
INFO:Detectors:[92m
Low level call in TransferableMultsig.execute (/../data/reentrancy/solidity_contract/31759.sol#34-41):
	-require(bool)(destination.call.value(value)(data)) /../data/reentrancy/solidity_contract/31759.sol#40
Reference: https://github.com/trailofbits/slither/wiki/Detectors-Documentation#low-level-calls[0m
INFO:Detectors:[92m
Function 'TransferableMultsig.TransferableMultsig' (/../data/reentrancy/solidity_contract/31759.sol#22-29) is not in mixedCase
Parameter '_threshold' of TransferableMultsig.TransferableMultsig (/../data/reentrancy/solidity_contract/31759.sol#23) is not in mixedCase
Parameter '_owners' of TransferableMultsig.TransferableMultsig (/../data/reentrancy/solidity_contract/31759.sol#24) is not in mixedCase
Parameter '_threshold' of TransferableMultsig.transferOwnership (/../data/reentrancy/solidity_contract/31759.sol#48) is not in mixedCase
Parameter '_owners' of TransferableMultsig.transferOwnership (/../data/reentrancy/solidity_contract/31759.sol#49) is not in mixedCase
Parameter '_threshold' of TransferableMultsig.updateOwners (/../data/reentrancy/solidity_contract/31759.sol#106) is not in mixedCase
Parameter '_owners' of TransferableMultsig.updateOwners (/../data/reentrancy/solidity_contract/31759.sol#107) is not in mixedCase
Reference: https://github.com/trailofbits/slither/wiki/Detectors-Documentation#conformance-to-solidity-naming-conventions[0m
INFO:Slither:/../data/reentrancy/solidity_contract/31759.sol analyzed (1 contracts), 11 result(s) found