INFO:Slither:Compilation warnings/errors on /../data/reentrancy/solidity_contract/9920.sol:
/../data/reentrancy/solidity_contract/9920.sol:56:5: Warning: Defining constructors as functions with the same name as the contract is deprecated. Use "constructor(...) { ... }" instead.
    function DSAuth() {
    ^ (Relevant source part starts here and spans across multiple lines).
/../data/reentrancy/solidity_contract/9920.sol:98:17: Warning: "throw" is deprecated in favour of "revert()", "require()" and "assert()".
        if (!x) throw;
                ^---^
/../data/reentrancy/solidity_contract/9920.sol:109:13: Warning: "throw" is deprecated in favour of "revert()", "require()" and "assert()".
            throw;
            ^---^
/../data/reentrancy/solidity_contract/9920.sol:302:5: Warning: Defining constructors as functions with the same name as the contract is deprecated. Use "constructor(...) { ... }" instead.
    function DSTokenBase(uint256 supply) {
    ^ (Relevant source part starts here and spans across multiple lines).
/../data/reentrancy/solidity_contract/9920.sol:357:5: Warning: Defining constructors as functions with the same name as the contract is deprecated. Use "constructor(...) { ... }" instead.
    function WhiteList() public {
    ^ (Relevant source part starts here and spans across multiple lines).
/../data/reentrancy/solidity_contract/9920.sol:385:5: Warning: Defining constructors as functions with the same name as the contract is deprecated. Use "constructor(...) { ... }" instead.
    function DSToken(WhiteList wlc_) {
    ^ (Relevant source part starts here and spans across multiple lines).
/../data/reentrancy/solidity_contract/9920.sol:97:5: Warning: This declaration shadows a builtin symbol.
    function assert(bool x) internal {
    ^ (Relevant source part starts here and spans across multiple lines).
/../data/reentrancy/solidity_contract/9920.sol:22:9: Warning: Invoking events without "emit" prefix is deprecated.
        LogNote(msg.sig, msg.sender, foo, bar, msg.value, msg.data);
        ^---------------------------------------------------------^
/../data/reentrancy/solidity_contract/9920.sol:58:9: Warning: Invoking events without "emit" prefix is deprecated.
        LogSetOwner(msg.sender);
        ^---------------------^
/../data/reentrancy/solidity_contract/9920.sol:65:9: Warning: Invoking events without "emit" prefix is deprecated.
        LogSetOwner(owner);
        ^----------------^
/../data/reentrancy/solidity_contract/9920.sol:72:9: Warning: Invoking events without "emit" prefix is deprecated.
        LogSetAuthority(authority);
        ^------------------------^
/../data/reentrancy/solidity_contract/9920.sol:323:9: Warning: Invoking events without "emit" prefix is deprecated.
        Transfer(msg.sender, dst, wad);
        ^----------------------------^
/../data/reentrancy/solidity_contract/9920.sol:336:9: Warning: Invoking events without "emit" prefix is deprecated.
        Transfer(src, dst, wad);
        ^---------------------^
/../data/reentrancy/solidity_contract/9920.sol:344:9: Warning: Invoking events without "emit" prefix is deprecated.
        Approval(msg.sender, guy, wad);
        ^----------------------------^
/../data/reentrancy/solidity_contract/9920.sol:29:5: Warning: No visibility specified. Defaulting to "public". 
    function totalSupply() constant returns (uint supply);
    ^----------------------------------------------------^
/../data/reentrancy/solidity_contract/9920.sol:30:5: Warning: No visibility specified. Defaulting to "public". 
    function balanceOf( address who ) constant returns (uint value);
    ^--------------------------------------------------------------^
/../data/reentrancy/solidity_contract/9920.sol:31:5: Warning: No visibility specified. Defaulting to "public". 
    function allowance( address owner, address spender ) constant returns (uint _allowance);
    ^--------------------------------------------------------------------------------------^
/../data/reentrancy/solidity_contract/9920.sol:33:5: Warning: No visibility specified. Defaulting to "public". 
    function transfer( address to, uint value) returns (bool ok);
    ^-----------------------------------------------------------^
/../data/reentrancy/solidity_contract/9920.sol:34:5: Warning: No visibility specified. Defaulting to "public". 
    function transferFrom( address from, address to, uint value) returns (bool ok);
    ^-----------------------------------------------------------------------------^
/../data/reentrancy/solidity_contract/9920.sol:35:5: Warning: No visibility specified. Defaulting to "public". 
    function approve( address spender, uint value ) returns (bool ok);
    ^----------------------------------------------------------------^
/../data/reentrancy/solidity_contract/9920.sol:42:5: Warning: No visibility specified. Defaulting to "public". 
    function canCall(
    ^ (Relevant source part starts here and spans across multiple lines).
/../data/reentrancy/solidity_contract/9920.sol:56:5: Warning: No visibility specified. Defaulting to "public". 
    function DSAuth() {
    ^ (Relevant source part starts here and spans across multiple lines).
/../data/reentrancy/solidity_contract/9920.sol:61:5: Warning: No visibility specified. Defaulting to "public". 
    function setOwner(address owner_)
    ^ (Relevant source part starts here and spans across multiple lines).
/../data/reentrancy/solidity_contract/9920.sol:68:5: Warning: No visibility specified. Defaulting to "public". 
    function setAuthority(DSAuthority authority_)
    ^ (Relevant source part starts here and spans across multiple lines).
/../data/reentrancy/solidity_contract/9920.sol:288:5: Warning: No visibility specified. Defaulting to "public". 
    function stop() auth note {
    ^ (Relevant source part starts here and spans across multiple lines).
/../data/reentrancy/solidity_contract/9920.sol:291:5: Warning: No visibility specified. Defaulting to "public". 
    function start() auth note {
    ^ (Relevant source part starts here and spans across multiple lines).
/../data/reentrancy/solidity_contract/9920.sol:302:5: Warning: No visibility specified. Defaulting to "public". 
    function DSTokenBase(uint256 supply) {
    ^ (Relevant source part starts here and spans across multiple lines).
/../data/reentrancy/solidity_contract/9920.sol:307:5: Warning: No visibility specified. Defaulting to "public". 
    function totalSupply() constant returns (uint256) {
    ^ (Relevant source part starts here and spans across multiple lines).
/../data/reentrancy/solidity_contract/9920.sol:310:5: Warning: No visibility specified. Defaulting to "public". 
    function balanceOf(address src) constant returns (uint256) {
    ^ (Relevant source part starts here and spans across multiple lines).
/../data/reentrancy/solidity_contract/9920.sol:313:5: Warning: No visibility specified. Defaulting to "public". 
    function allowance(address src, address guy) constant returns (uint256) {
    ^ (Relevant source part starts here and spans across multiple lines).
/../data/reentrancy/solidity_contract/9920.sol:317:5: Warning: No visibility specified. Defaulting to "public". 
    function transfer(address dst, uint wad) returns (bool) {
    ^ (Relevant source part starts here and spans across multiple lines).
/../data/reentrancy/solidity_contract/9920.sol:328:5: Warning: No visibility specified. Defaulting to "public". 
    function transferFrom(address src, address dst, uint wad) returns (bool) {
    ^ (Relevant source part starts here and spans across multiple lines).
/../data/reentrancy/solidity_contract/9920.sol:341:5: Warning: No visibility specified. Defaulting to "public". 
    function approve(address guy, uint256 wad) returns (bool) {
    ^ (Relevant source part starts here and spans across multiple lines).
/../data/reentrancy/solidity_contract/9920.sol:385:5: Warning: No visibility specified. Defaulting to "public". 
    function DSToken(WhiteList wlc_) {
    ^ (Relevant source part starts here and spans across multiple lines).
/../data/reentrancy/solidity_contract/9920.sol:390:5: Warning: No visibility specified. Defaulting to "public". 
    function transfer(address dst, uint wad) stoppable note returns (bool) {
    ^ (Relevant source part starts here and spans across multiple lines).
/../data/reentrancy/solidity_contract/9920.sol:395:5: Warning: No visibility specified. Defaulting to "public". 
    function transferFrom(
    ^ (Relevant source part starts here and spans across multiple lines).
/../data/reentrancy/solidity_contract/9920.sol:402:5: Warning: No visibility specified. Defaulting to "public". 
    function approve(address guy, uint wad) stoppable note returns (bool) {
    ^ (Relevant source part starts here and spans across multiple lines).
/../data/reentrancy/solidity_contract/9920.sol:408:5: Warning: No visibility specified. Defaulting to "public". 
    function push(address dst, uint128 wad) returns (bool) {
    ^ (Relevant source part starts here and spans across multiple lines).
/../data/reentrancy/solidity_contract/9920.sol:411:5: Warning: No visibility specified. Defaulting to "public". 
    function pull(address src, uint128 wad) returns (bool) {
    ^ (Relevant source part starts here and spans across multiple lines).
/../data/reentrancy/solidity_contract/9920.sol:415:5: Warning: No visibility specified. Defaulting to "public". 
    function mint(uint128 wad) auth stoppable note {
    ^ (Relevant source part starts here and spans across multiple lines).
/../data/reentrancy/solidity_contract/9920.sol:420:5: Warning: No visibility specified. Defaulting to "public". 
    function burn(uint128 wad) auth stoppable note {
    ^ (Relevant source part starts here and spans across multiple lines).
/../data/reentrancy/solidity_contract/9920.sol:430:5: Warning: No visibility specified. Defaulting to "public". 
    function setName(bytes32 name_) auth {
    ^ (Relevant source part starts here and spans across multiple lines).
/../data/reentrancy/solidity_contract/9920.sol:85:5: Warning: Function state mutability can be restricted to view
    function isAuthorized(address src, bytes4 sig) internal returns (bool) {
    ^ (Relevant source part starts here and spans across multiple lines).
/../data/reentrancy/solidity_contract/9920.sol:97:5: Warning: Function state mutability can be restricted to pure
    function assert(bool x) internal {
    ^ (Relevant source part starts here and spans across multiple lines).
/../data/reentrancy/solidity_contract/9920.sol:134:5: Warning: Function state mutability can be restricted to pure
    function add(uint256 x, uint256 y) constant internal returns (uint256 z) {
    ^ (Relevant source part starts here and spans across multiple lines).
/../data/reentrancy/solidity_contract/9920.sol:138:5: Warning: Function state mutability can be restricted to pure
    function sub(uint256 x, uint256 y) constant internal returns (uint256 z) {
    ^ (Relevant source part starts here and spans across multiple lines).
/../data/reentrancy/solidity_contract/9920.sol:142:5: Warning: Function state mutability can be restricted to pure
    function mul(uint256 x, uint256 y) constant internal returns (uint256 z) {
    ^ (Relevant source part starts here and spans across multiple lines).
/../data/reentrancy/solidity_contract/9920.sol:146:5: Warning: Function state mutability can be restricted to pure
    function div(uint256 x, uint256 y) constant internal returns (uint256 z) {
    ^ (Relevant source part starts here and spans across multiple lines).
/../data/reentrancy/solidity_contract/9920.sol:150:5: Warning: Function state mutability can be restricted to pure
    function min(uint256 x, uint256 y) constant internal returns (uint256 z) {
    ^ (Relevant source part starts here and spans across multiple lines).
/../data/reentrancy/solidity_contract/9920.sol:153:5: Warning: Function state mutability can be restricted to pure
    function max(uint256 x, uint256 y) constant internal returns (uint256 z) {
    ^ (Relevant source part starts here and spans across multiple lines).
/../data/reentrancy/solidity_contract/9920.sol:160:5: Warning: Function state mutability can be restricted to pure
    function hadd(uint128 x, uint128 y) constant internal returns (uint128 z) {
    ^ (Relevant source part starts here and spans across multiple lines).
/../data/reentrancy/solidity_contract/9920.sol:164:5: Warning: Function state mutability can be restricted to pure
    function hsub(uint128 x, uint128 y) constant internal returns (uint128 z) {
    ^ (Relevant source part starts here and spans across multiple lines).
/../data/reentrancy/solidity_contract/9920.sol:168:5: Warning: Function state mutability can be restricted to pure
    function hmul(uint128 x, uint128 y) constant internal returns (uint128 z) {
    ^ (Relevant source part starts here and spans across multiple lines).
/../data/reentrancy/solidity_contract/9920.sol:172:5: Warning: Function state mutability can be restricted to pure
    function hdiv(uint128 x, uint128 y) constant internal returns (uint128 z) {
    ^ (Relevant source part starts here and spans across multiple lines).
/../data/reentrancy/solidity_contract/9920.sol:176:5: Warning: Function state mutability can be restricted to pure
    function hmin(uint128 x, uint128 y) constant internal returns (uint128 z) {
    ^ (Relevant source part starts here and spans across multiple lines).
/../data/reentrancy/solidity_contract/9920.sol:179:5: Warning: Function state mutability can be restricted to pure
    function hmax(uint128 x, uint128 y) constant internal returns (uint128 z) {
    ^ (Relevant source part starts here and spans across multiple lines).
/../data/reentrancy/solidity_contract/9920.sol:186:5: Warning: Function state mutability can be restricted to pure
    function imin(int256 x, int256 y) constant internal returns (int256 z) {
    ^ (Relevant source part starts here and spans across multiple lines).
/../data/reentrancy/solidity_contract/9920.sol:189:5: Warning: Function state mutability can be restricted to pure
    function imax(int256 x, int256 y) constant internal returns (int256 z) {
    ^ (Relevant source part starts here and spans across multiple lines).
/../data/reentrancy/solidity_contract/9920.sol:274:5: Warning: Function state mutability can be restricted to pure
    function cast(uint256 x) constant internal returns (uint128 z) {
    ^ (Relevant source part starts here and spans across multiple lines).

INFO:Detectors:[93m
c in DSExec.tryExec (/../data/reentrancy/solidity_contract/9920.sol#126) is a local variable never initialiazed
c in DSExec.exec (/../data/reentrancy/solidity_contract/9920.sol#120) is a local variable never initialiazed
Reference: https://github.com/trailofbits/slither/wiki/Detectors-Documentation#uninitialized-local-variables[0m
INFO:Detectors:[92m
DSAuth.assert (function @ /../data/reentrancy/solidity_contract/9920.sol#97-99) shadows built-in symbol "assert"
Reference: https://github.com/trailofbits/slither/wiki/Detectors-Documentation#builtin-symbol-shadowing[0m
INFO:Detectors:[92m
Reentrancy in DSToken.DSToken (/../data/reentrancy/solidity_contract/9920.sol#385-388):
	External calls:
	- require(bool)(msg.sender == wlc_.owner()) (/../data/reentrancy/solidity_contract/9920.sol#386)
	State variables written after the call(s):
	- wlcontract (/../data/reentrancy/solidity_contract/9920.sol#387)
Reentrancy in DSToken.approve (/../data/reentrancy/solidity_contract/9920.sol#402-406):
	External calls:
	- require(bool)(wlcontract.whiteList(msg.sender)) (/../data/reentrancy/solidity_contract/9920.sol#403)
	- require(bool)(wlcontract.whiteList(guy)) (/../data/reentrancy/solidity_contract/9920.sol#404)
	State variables written after the call(s):
	- _approvals (/../data/reentrancy/solidity_contract/9920.sol#405)
Reentrancy in DSToken.burn (/../data/reentrancy/solidity_contract/9920.sol#420-424):
	External calls:
	- require(bool)(wlcontract.whiteList(msg.sender)) (/../data/reentrancy/solidity_contract/9920.sol#421)
	State variables written after the call(s):
	- _balances (/../data/reentrancy/solidity_contract/9920.sol#422)
	- _supply (/../data/reentrancy/solidity_contract/9920.sol#423)
Reentrancy in DSToken.mint (/../data/reentrancy/solidity_contract/9920.sol#415-419):
	External calls:
	- require(bool)(wlcontract.whiteList(msg.sender)) (/../data/reentrancy/solidity_contract/9920.sol#416)
	State variables written after the call(s):
	- _balances (/../data/reentrancy/solidity_contract/9920.sol#417)
	- _supply (/../data/reentrancy/solidity_contract/9920.sol#418)
Reentrancy in DSToken.transfer (/../data/reentrancy/solidity_contract/9920.sol#390-394):
	External calls:
	- require(bool)(wlcontract.whiteList(msg.sender)) (/../data/reentrancy/solidity_contract/9920.sol#391)
	- require(bool)(wlcontract.whiteList(dst)) (/../data/reentrancy/solidity_contract/9920.sol#392)
	State variables written after the call(s):
	- _balances (/../data/reentrancy/solidity_contract/9920.sol#393)
Reentrancy in DSToken.transferFrom (/../data/reentrancy/solidity_contract/9920.sol#395-401):
	External calls:
	- require(bool)(wlcontract.whiteList(src)) (/../data/reentrancy/solidity_contract/9920.sol#398)
	- require(bool)(wlcontract.whiteList(dst)) (/../data/reentrancy/solidity_contract/9920.sol#399)
	State variables written after the call(s):
	- _approvals (/../data/reentrancy/solidity_contract/9920.sol#400)
	- _balances (/../data/reentrancy/solidity_contract/9920.sol#400)
Reference: https://github.com/trailofbits/slither/wiki/Detectors-Documentation#reentrancy-vulnerabilities-2[0m
INFO:Detectors:[92m
DSToken.decimals should be constant (/../data/reentrancy/solidity_contract/9920.sol#381)
DSToken.symbol should be constant (/../data/reentrancy/solidity_contract/9920.sol#380)
Reference: https://github.com/trailofbits/slither/wiki/Detectors-Documentation#state-variables-that-could-be-declared-constant[0m
INFO:Detectors:[92m
Deprecated standard detected @ /../data/reentrancy/solidity_contract/9920.sol#98:
	- Usage of "throw" should be replaced with "revert()"
Deprecated standard detected @ /../data/reentrancy/solidity_contract/9920.sol#109:
	- Usage of "throw" should be replaced with "revert()"
Reference: https://github.com/trailofbits/slither/wiki/Detectors-Documentation#deprecated-standards[0m
INFO:Detectors:[92m
DSTokenBase.totalSupply (/../data/reentrancy/solidity_contract/9920.sol#307-309) should be declared external
ERC20.totalSupply (/../data/reentrancy/solidity_contract/9920.sol#29) should be declared external
DSTokenBase.balanceOf (/../data/reentrancy/solidity_contract/9920.sol#310-312) should be declared external
ERC20.balanceOf (/../data/reentrancy/solidity_contract/9920.sol#30) should be declared external
DSTokenBase.allowance (/../data/reentrancy/solidity_contract/9920.sol#313-315) should be declared external
ERC20.allowance (/../data/reentrancy/solidity_contract/9920.sol#31) should be declared external
DSAuthority.canCall (/../data/reentrancy/solidity_contract/9920.sol#42-44) should be declared external
DSAuth.setOwner (/../data/reentrancy/solidity_contract/9920.sol#61-66) should be declared external
DSAuth.setAuthority (/../data/reentrancy/solidity_contract/9920.sol#68-73) should be declared external
DSStop.stop (/../data/reentrancy/solidity_contract/9920.sol#288-290) should be declared external
DSStop.start (/../data/reentrancy/solidity_contract/9920.sol#291-293) should be declared external
WhiteList.addToWhiteList (/../data/reentrancy/solidity_contract/9920.sol#362-368) should be declared external
WhiteList.removeFromWhiteList (/../data/reentrancy/solidity_contract/9920.sol#370-375) should be declared external
DSToken.push (/../data/reentrancy/solidity_contract/9920.sol#408-410) should be declared external
DSToken.pull (/../data/reentrancy/solidity_contract/9920.sol#411-413) should be declared external
DSToken.mint (/../data/reentrancy/solidity_contract/9920.sol#415-419) should be declared external
DSToken.burn (/../data/reentrancy/solidity_contract/9920.sol#420-424) should be declared external
DSToken.setName (/../data/reentrancy/solidity_contract/9920.sol#430-432) should be declared external
Reference: https://github.com/trailofbits/slither/wiki/Detectors-Documentation#public-function-that-could-be-declared-as-external[0m
INFO:Detectors:[92m
Detected issues with version pragma in /../data/reentrancy/solidity_contract/9920.sol:
	- pragma solidity^0.4.11 (/../data/reentrancy/solidity_contract/9920.sol#1): it allows old versions
Reference: https://github.com/trailofbits/slither/wiki/Detectors-Documentation#incorrect-version-of-solidity[0m
INFO:Detectors:[92m
Low level call in DSExec.tryExec (/../data/reentrancy/solidity_contract/9920.sol#103-105):
	-target.call.value(value)(calldata) /../data/reentrancy/solidity_contract/9920.sol#104
Reference: https://github.com/trailofbits/slither/wiki/Detectors-Documentation#low-level-calls[0m
INFO:Detectors:[92m
Function 'DSAuth.DSAuth' (/../data/reentrancy/solidity_contract/9920.sol#56-59) is not in mixedCase
Function 'DSTokenBase.DSTokenBase' (/../data/reentrancy/solidity_contract/9920.sol#302-305) is not in mixedCase
Variable 'DSTokenBase._supply' (/../data/reentrancy/solidity_contract/9920.sol#298) is not in mixedCase
Variable 'DSTokenBase._balances' (/../data/reentrancy/solidity_contract/9920.sol#299) is not in mixedCase
Variable 'DSTokenBase._approvals' (/../data/reentrancy/solidity_contract/9920.sol#300) is not in mixedCase
Function 'WhiteList.WhiteList' (/../data/reentrancy/solidity_contract/9920.sol#357-360) is not in mixedCase
Parameter '_addresses' of WhiteList.addToWhiteList (/../data/reentrancy/solidity_contract/9920.sol#362) is not in mixedCase
Parameter '_addresses' of WhiteList.removeFromWhiteList (/../data/reentrancy/solidity_contract/9920.sol#370) is not in mixedCase
Function 'DSToken.DSToken' (/../data/reentrancy/solidity_contract/9920.sol#385-388) is not in mixedCase
Reference: https://github.com/trailofbits/slither/wiki/Detectors-Documentation#conformance-to-solidity-naming-conventions[0m
INFO:Slither:/../data/reentrancy/solidity_contract/9920.sol analyzed (11 contracts), 41 result(s) found