INFO:Slither:Compilation warnings/errors on /../data/reentrancy/solidity_contract/30337.sol:
/../data/reentrancy/solidity_contract/30337.sol:20:5: Warning: Defining constructors as functions with the same name as the contract is deprecated. Use "constructor(...) { ... }" instead.
    function Owned() {
    ^ (Relevant source part starts here and spans across multiple lines).
/../data/reentrancy/solidity_contract/30337.sol:26:13: Warning: "throw" is deprecated in favour of "revert()", "require()" and "assert()".
            throw;
            ^---^
/../data/reentrancy/solidity_contract/30337.sol:41:13: Warning: "throw" is deprecated in favour of "revert()", "require()" and "assert()".
            throw;
            ^---^
/../data/reentrancy/solidity_contract/30337.sol:57:5: Warning: Defining constructors as functions with the same name as the contract is deprecated. Use "constructor(...) { ... }" instead.
    function WithBeneficiary(address _beneficiary) payable {
    ^ (Relevant source part starts here and spans across multiple lines).
/../data/reentrancy/solidity_contract/30337.sol:59:13: Warning: "throw" is deprecated in favour of "revert()", "require()" and "assert()".
            throw;
            ^---^
/../data/reentrancy/solidity_contract/30337.sol:79:13: Warning: "throw" is deprecated in favour of "revert()", "require()" and "assert()".
            throw;
            ^---^
/../data/reentrancy/solidity_contract/30337.sol:99:5: Warning: Defining constructors as functions with the same name as the contract is deprecated. Use "constructor(...) { ... }" instead.
    function WithFee(
    ^ (Relevant source part starts here and spans across multiple lines).
/../data/reentrancy/solidity_contract/30337.sol:108:13: Warning: "throw" is deprecated in favour of "revert()", "require()" and "assert()".
            throw;
            ^---^
/../data/reentrancy/solidity_contract/30337.sol:138:5: Warning: Defining constructors as functions with the same name as the contract is deprecated. Use "constructor(...) { ... }" instead.
    function PullPaymentCapable() {
    ^ (Relevant source part starts here and spans across multiple lines).
/../data/reentrancy/solidity_contract/30337.sol:171:13: Warning: "throw" is deprecated in favour of "revert()", "require()" and "assert()".
            throw;
            ^---^
/../data/reentrancy/solidity_contract/30337.sol:310:5: Warning: Defining constructors as functions with the same name as the contract is deprecated. Use "constructor(...) { ... }" instead.
    function CertificationDb(
    ^ (Relevant source part starts here and spans across multiple lines).
/../data/reentrancy/solidity_contract/30337.sol:316:13: Warning: "throw" is deprecated in favour of "revert()", "require()" and "assert()".
            throw;
            ^---^
/../data/reentrancy/solidity_contract/30337.sol:323:13: Warning: "throw" is deprecated in favour of "revert()", "require()" and "assert()".
            throw;
            ^---^
/../data/reentrancy/solidity_contract/30337.sol:338:13: Warning: "throw" is deprecated in favour of "revert()", "require()" and "assert()".
            throw;
            ^---^
/../data/reentrancy/solidity_contract/30337.sol:351:13: Warning: "throw" is deprecated in favour of "revert()", "require()" and "assert()".
            throw;
            ^---^
/../data/reentrancy/solidity_contract/30337.sol:379:13: Warning: "throw" is deprecated in favour of "revert()", "require()" and "assert()".
            throw;
            ^---^
/../data/reentrancy/solidity_contract/30337.sol:408:13: Warning: "throw" is deprecated in favour of "revert()", "require()" and "assert()".
            throw;
            ^---^
/../data/reentrancy/solidity_contract/30337.sol:437:13: Warning: "throw" is deprecated in favour of "revert()", "require()" and "assert()".
            throw;
            ^---^
/../data/reentrancy/solidity_contract/30337.sol:410:9: Warning: Variable is declared as a storage pointer. Use an explicit "storage" keyword to silence this warning.
        Certification certification = studentCertifications[student];
        ^-------------------------^
/../data/reentrancy/solidity_contract/30337.sol:439:9: Warning: Variable is declared as a storage pointer. Use an explicit "storage" keyword to silence this warning.
        Certification certification = studentCertifications[student];
        ^-------------------------^
/../data/reentrancy/solidity_contract/30337.sol:472:9: Warning: Variable is declared as a storage pointer. Use an explicit "storage" keyword to silence this warning.
        Certification certification = studentCertifications[student];
        ^-------------------------^
/../data/reentrancy/solidity_contract/30337.sol:44:13: Warning: Invoking events without "emit" prefix is deprecated.
            LogOwnerChanged(owner, newOwner);
            ^------------------------------^
/../data/reentrancy/solidity_contract/30337.sol:82:13: Warning: Invoking events without "emit" prefix is deprecated.
            LogBeneficiarySet(beneficiary, newBeneficiary);
            ^--------------------------------------------^
/../data/reentrancy/solidity_contract/30337.sol:124:13: Warning: Invoking events without "emit" prefix is deprecated.
            LogQueryFeeSet(queryFee, newQueryFee);
            ^-----------------------------------^
/../data/reentrancy/solidity_contract/30337.sol:139:17: Warning: Using contract member "balance" inherited from the address type is deprecated. Convert the contract to "address" type to access the member, for example use "address(contract).balance" instead.
        if (0 < this.balance) {
                ^----------^
/../data/reentrancy/solidity_contract/30337.sol:140:35: Warning: Using contract member "balance" inherited from the address type is deprecated. Convert the contract to "address" type to access the member, for example use "address(contract).balance" instead.
            asyncSend(msg.sender, this.balance);
                                  ^----------^
/../data/reentrancy/solidity_contract/30337.sol:149:13: Warning: Invoking events without "emit" prefix is deprecated.
            LogPaymentReceived(dest, amount);
            ^------------------------------^
/../data/reentrancy/solidity_contract/30337.sol:180:28: Warning: Using contract member "balance" inherited from the address type is deprecated. Convert the contract to "address" type to access the member, for example use "address(contract).balance" instead.
        if (totalBalance < this.balance) {
                           ^----------^
/../data/reentrancy/solidity_contract/30337.sol:181:30: Warning: Using contract member "balance" inherited from the address type is deprecated. Convert the contract to "address" type to access the member, for example use "address(contract).balance" instead.
            uint256 amount = this.balance - totalBalance;
                             ^----------^
/../data/reentrancy/solidity_contract/30337.sol:183:13: Warning: Invoking events without "emit" prefix is deprecated.
            LogPaymentReceived(dest, amount);
            ^------------------------------^
/../data/reentrancy/solidity_contract/30337.sol:341:13: Warning: Invoking events without "emit" prefix is deprecated.
            LogCertifierDbChanged(certifierDb, newCertifierDb);
            ^------------------------------------------------^
/../data/reentrancy/solidity_contract/30337.sol:369:9: Warning: Invoking events without "emit" prefix is deprecated.
        LogStudentCertified(student, now, msg.sender, document);
        ^-----------------------------------------------------^
/../data/reentrancy/solidity_contract/30337.sol:388:9: Warning: Invoking events without "emit" prefix is deprecated.
        LogStudentUncertified(student, now, msg.sender);
        ^---------------------------------------------^
/../data/reentrancy/solidity_contract/30337.sol:417:13: Warning: Invoking events without "emit" prefix is deprecated.
            LogCertificationDocumentAdded(student, document);
            ^----------------------------------------------^
/../data/reentrancy/solidity_contract/30337.sol:449:13: Warning: Invoking events without "emit" prefix is deprecated.
            LogCertificationDocumentRemoved(student, document);
            ^------------------------------------------------^
/../data/reentrancy/solidity_contract/30337.sol:7:5: Warning: No visibility specified. Defaulting to "public". 
    function getOwner()
    ^ (Relevant source part starts here and spans across multiple lines).
/../data/reentrancy/solidity_contract/30337.sol:11:5: Warning: No visibility specified. Defaulting to "public". 
    function setOwner(address newOwner)
    ^ (Relevant source part starts here and spans across multiple lines).
/../data/reentrancy/solidity_contract/30337.sol:20:5: Warning: No visibility specified. Defaulting to "public". 
    function Owned() {
    ^ (Relevant source part starts here and spans across multiple lines).
/../data/reentrancy/solidity_contract/30337.sol:31:5: Warning: No visibility specified. Defaulting to "public". 
    function getOwner()
    ^ (Relevant source part starts here and spans across multiple lines).
/../data/reentrancy/solidity_contract/30337.sol:37:5: Warning: No visibility specified. Defaulting to "public". 
    function setOwner(address newOwner)
    ^ (Relevant source part starts here and spans across multiple lines).
/../data/reentrancy/solidity_contract/30337.sol:57:5: Warning: No visibility specified. Defaulting to "public". 
    function WithBeneficiary(address _beneficiary) payable {
    ^ (Relevant source part starts here and spans across multiple lines).
/../data/reentrancy/solidity_contract/30337.sol:69:5: Warning: No visibility specified. Defaulting to "public". 
    function getBeneficiary()
    ^ (Relevant source part starts here and spans across multiple lines).
/../data/reentrancy/solidity_contract/30337.sol:75:5: Warning: No visibility specified. Defaulting to "public". 
    function setBeneficiary(address newBeneficiary)
    ^ (Relevant source part starts here and spans across multiple lines).
/../data/reentrancy/solidity_contract/30337.sol:88:5: Warning: No visibility specified. Defaulting to "public". 
    function () payable {
    ^ (Relevant source part starts here and spans across multiple lines).
/../data/reentrancy/solidity_contract/30337.sol:99:5: Warning: No visibility specified. Defaulting to "public". 
    function WithFee(
    ^ (Relevant source part starts here and spans across multiple lines).
/../data/reentrancy/solidity_contract/30337.sol:114:5: Warning: No visibility specified. Defaulting to "public". 
    function getQueryFee()
    ^ (Relevant source part starts here and spans across multiple lines).
/../data/reentrancy/solidity_contract/30337.sol:120:5: Warning: No visibility specified. Defaulting to "public". 
    function setQueryFee(uint256 newQueryFee)
    ^ (Relevant source part starts here and spans across multiple lines).
/../data/reentrancy/solidity_contract/30337.sol:138:5: Warning: No visibility specified. Defaulting to "public". 
    function PullPaymentCapable() {
    ^ (Relevant source part starts here and spans across multiple lines).
/../data/reentrancy/solidity_contract/30337.sol:139:17: Warning: "this" used in constructor. Note that external functions of a contract cannot be called while it is being constructed.
        if (0 < this.balance) {
                ^--^
/../data/reentrancy/solidity_contract/30337.sol:140:35: Warning: "this" used in constructor. Note that external functions of a contract cannot be called while it is being constructed.
            asyncSend(msg.sender, this.balance);
                                  ^--^
/../data/reentrancy/solidity_contract/30337.sol:153:5: Warning: No visibility specified. Defaulting to "public". 
    function getTotalBalance()
    ^ (Relevant source part starts here and spans across multiple lines).
/../data/reentrancy/solidity_contract/30337.sol:159:5: Warning: No visibility specified. Defaulting to "public". 
    function getPaymentOf(address beneficiary) 
    ^ (Relevant source part starts here and spans across multiple lines).
/../data/reentrancy/solidity_contract/30337.sol:176:5: Warning: No visibility specified. Defaulting to "public". 
    function fixBalance()
    ^ (Relevant source part starts here and spans across multiple lines).
/../data/reentrancy/solidity_contract/30337.sol:195:5: Warning: No visibility specified. Defaulting to "public". 
    function addCertifier(address certifier)
    ^ (Relevant source part starts here and spans across multiple lines).
/../data/reentrancy/solidity_contract/30337.sol:198:5: Warning: No visibility specified. Defaulting to "public". 
    function removeCertifier(address certifier)
    ^ (Relevant source part starts here and spans across multiple lines).
/../data/reentrancy/solidity_contract/30337.sol:201:5: Warning: No visibility specified. Defaulting to "public". 
    function getCertifiersCount()
    ^ (Relevant source part starts here and spans across multiple lines).
/../data/reentrancy/solidity_contract/30337.sol:205:5: Warning: No visibility specified. Defaulting to "public". 
    function getCertifierStatus(address certifierAddr)
    ^ (Relevant source part starts here and spans across multiple lines).
/../data/reentrancy/solidity_contract/30337.sol:209:5: Warning: No visibility specified. Defaulting to "public". 
    function getCertifierAtIndex(uint256 index)
    ^ (Relevant source part starts here and spans across multiple lines).
/../data/reentrancy/solidity_contract/30337.sol:213:5: Warning: No visibility specified. Defaulting to "public". 
    function isCertifier(address certifier)
    ^ (Relevant source part starts here and spans across multiple lines).
/../data/reentrancy/solidity_contract/30337.sol:237:5: Warning: No visibility specified. Defaulting to "public". 
    function getCertifierDb()
    ^ (Relevant source part starts here and spans across multiple lines).
/../data/reentrancy/solidity_contract/30337.sol:241:5: Warning: No visibility specified. Defaulting to "public". 
    function setCertifierDb(address newCertifierDb)
    ^ (Relevant source part starts here and spans across multiple lines).
/../data/reentrancy/solidity_contract/30337.sol:244:5: Warning: No visibility specified. Defaulting to "public". 
    function certify(address student, bytes32 document)
    ^ (Relevant source part starts here and spans across multiple lines).
/../data/reentrancy/solidity_contract/30337.sol:247:5: Warning: No visibility specified. Defaulting to "public". 
    function uncertify(address student)
    ^ (Relevant source part starts here and spans across multiple lines).
/../data/reentrancy/solidity_contract/30337.sol:250:5: Warning: No visibility specified. Defaulting to "public". 
    function addCertificationDocument(address student, bytes32 document)
    ^ (Relevant source part starts here and spans across multiple lines).
/../data/reentrancy/solidity_contract/30337.sol:253:5: Warning: No visibility specified. Defaulting to "public". 
    function addCertificationDocumentToSelf(bytes32 document)
    ^ (Relevant source part starts here and spans across multiple lines).
/../data/reentrancy/solidity_contract/30337.sol:256:5: Warning: No visibility specified. Defaulting to "public". 
    function removeCertificationDocument(address student, bytes32 document)
    ^ (Relevant source part starts here and spans across multiple lines).
/../data/reentrancy/solidity_contract/30337.sol:259:5: Warning: No visibility specified. Defaulting to "public". 
    function removeCertificationDocumentFromSelf(bytes32 document)
    ^ (Relevant source part starts here and spans across multiple lines).
/../data/reentrancy/solidity_contract/30337.sol:262:5: Warning: No visibility specified. Defaulting to "public". 
    function getCertifiedStudentsCount()
    ^ (Relevant source part starts here and spans across multiple lines).
/../data/reentrancy/solidity_contract/30337.sol:266:5: Warning: No visibility specified. Defaulting to "public". 
    function getCertifiedStudentAtIndex(uint index)
    ^ (Relevant source part starts here and spans across multiple lines).
/../data/reentrancy/solidity_contract/30337.sol:270:5: Warning: No visibility specified. Defaulting to "public". 
    function getCertification(address student)
    ^ (Relevant source part starts here and spans across multiple lines).
/../data/reentrancy/solidity_contract/30337.sol:274:5: Warning: No visibility specified. Defaulting to "public". 
    function isCertified(address student)
    ^ (Relevant source part starts here and spans across multiple lines).
/../data/reentrancy/solidity_contract/30337.sol:278:5: Warning: No visibility specified. Defaulting to "public". 
    function getCertificationDocumentAtIndex(address student, uint256 index)
    ^ (Relevant source part starts here and spans across multiple lines).
/../data/reentrancy/solidity_contract/30337.sol:282:5: Warning: No visibility specified. Defaulting to "public". 
    function isCertification(address student, bytes32 document)
    ^ (Relevant source part starts here and spans across multiple lines).
/../data/reentrancy/solidity_contract/30337.sol:310:5: Warning: No visibility specified. Defaulting to "public". 
    function CertificationDb(
    ^ (Relevant source part starts here and spans across multiple lines).
/../data/reentrancy/solidity_contract/30337.sol:328:5: Warning: No visibility specified. Defaulting to "public". 
    function getCertifierDb()
    ^ (Relevant source part starts here and spans across multiple lines).
/../data/reentrancy/solidity_contract/30337.sol:334:5: Warning: No visibility specified. Defaulting to "public". 
    function setCertifierDb(address newCertifierDb)
    ^ (Relevant source part starts here and spans across multiple lines).
/../data/reentrancy/solidity_contract/30337.sol:347:5: Warning: No visibility specified. Defaulting to "public". 
    function certify(address student, bytes32 document) 
    ^ (Relevant source part starts here and spans across multiple lines).
/../data/reentrancy/solidity_contract/30337.sol:373:5: Warning: No visibility specified. Defaulting to "public". 
    function uncertify(address student) 
    ^ (Relevant source part starts here and spans across multiple lines).
/../data/reentrancy/solidity_contract/30337.sol:392:5: Warning: No visibility specified. Defaulting to "public". 
    function addCertificationDocument(address student, bytes32 document)
    ^ (Relevant source part starts here and spans across multiple lines).
/../data/reentrancy/solidity_contract/30337.sol:398:5: Warning: No visibility specified. Defaulting to "public". 
    function addCertificationDocumentToSelf(bytes32 document)
    ^ (Relevant source part starts here and spans across multiple lines).
/../data/reentrancy/solidity_contract/30337.sol:422:5: Warning: No visibility specified. Defaulting to "public". 
    function removeCertificationDocument(address student, bytes32 document)
    ^ (Relevant source part starts here and spans across multiple lines).
/../data/reentrancy/solidity_contract/30337.sol:428:5: Warning: No visibility specified. Defaulting to "public". 
    function removeCertificationDocumentFromSelf(bytes32 document)
    ^ (Relevant source part starts here and spans across multiple lines).
/../data/reentrancy/solidity_contract/30337.sol:454:5: Warning: No visibility specified. Defaulting to "public". 
    function getCertifiedStudentsCount()
    ^ (Relevant source part starts here and spans across multiple lines).
/../data/reentrancy/solidity_contract/30337.sol:460:5: Warning: No visibility specified. Defaulting to "public". 
    function getCertifiedStudentAtIndex(uint256 index)
    ^ (Relevant source part starts here and spans across multiple lines).
/../data/reentrancy/solidity_contract/30337.sol:468:5: Warning: No visibility specified. Defaulting to "public". 
    function getCertification(address student)
    ^ (Relevant source part starts here and spans across multiple lines).
/../data/reentrancy/solidity_contract/30337.sol:480:5: Warning: No visibility specified. Defaulting to "public". 
    function isCertified(address student)
    ^ (Relevant source part starts here and spans across multiple lines).
/../data/reentrancy/solidity_contract/30337.sol:488:5: Warning: No visibility specified. Defaulting to "public". 
    function getCertificationDocumentAtIndex(address student, uint256 index)
    ^ (Relevant source part starts here and spans across multiple lines).
/../data/reentrancy/solidity_contract/30337.sol:496:5: Warning: No visibility specified. Defaulting to "public". 
    function isCertification(address student, bytes32 document)
    ^ (Relevant source part starts here and spans across multiple lines).
/../data/reentrancy/solidity_contract/30337.sol:503:5: Warning: No visibility specified. Defaulting to "public". 
    function fixBalance()
    ^ (Relevant source part starts here and spans across multiple lines).

INFO:Detectors:[92m
WithFee.WithFee.beneficiary (local variable @ /../data/reentrancy/solidity_contract/30337.sol#100) shadows:
	- WithBeneficiary.beneficiary (state variable @ /../data/reentrancy/solidity_contract/30337.sol#53)
CertificationDb.CertificationDb.beneficiary (local variable @ /../data/reentrancy/solidity_contract/30337.sol#311) shadows:
	- WithBeneficiary.beneficiary (state variable @ /../data/reentrancy/solidity_contract/30337.sol#53)
Reference: https://github.com/trailofbits/slither/wiki/Detectors-Documentation#local-variable-shadowing[0m
INFO:Detectors:[92m
Deprecated standard detected @ /../data/reentrancy/solidity_contract/30337.sol#41:
	- Usage of "throw" should be replaced with "revert()"
Deprecated standard detected @ /../data/reentrancy/solidity_contract/30337.sol#26:
	- Usage of "throw" should be replaced with "revert()"
Deprecated standard detected @ /../data/reentrancy/solidity_contract/30337.sol#59:
	- Usage of "throw" should be replaced with "revert()"
Deprecated standard detected @ /../data/reentrancy/solidity_contract/30337.sol#79:
	- Usage of "throw" should be replaced with "revert()"
Deprecated standard detected @ /../data/reentrancy/solidity_contract/30337.sol#108:
	- Usage of "throw" should be replaced with "revert()"
Deprecated standard detected @ /../data/reentrancy/solidity_contract/30337.sol#171:
	- Usage of "throw" should be replaced with "revert()"
Deprecated standard detected @ /../data/reentrancy/solidity_contract/30337.sol#338:
	- Usage of "throw" should be replaced with "revert()"
Deprecated standard detected @ /../data/reentrancy/solidity_contract/30337.sol#351:
	- Usage of "throw" should be replaced with "revert()"
Deprecated standard detected @ /../data/reentrancy/solidity_contract/30337.sol#379:
	- Usage of "throw" should be replaced with "revert()"
Deprecated standard detected @ /../data/reentrancy/solidity_contract/30337.sol#316:
	- Usage of "throw" should be replaced with "revert()"
Deprecated standard detected @ /../data/reentrancy/solidity_contract/30337.sol#408:
	- Usage of "throw" should be replaced with "revert()"
Deprecated standard detected @ /../data/reentrancy/solidity_contract/30337.sol#437:
	- Usage of "throw" should be replaced with "revert()"
Deprecated standard detected @ /../data/reentrancy/solidity_contract/30337.sol#323:
	- Usage of "throw" should be replaced with "revert()"
Reference: https://github.com/trailofbits/slither/wiki/Detectors-Documentation#deprecated-standards[0m
INFO:Detectors:[92m
Owned.getOwner (/../data/reentrancy/solidity_contract/30337.sol#31-35) should be declared external
OwnedI.getOwner (/../data/reentrancy/solidity_contract/30337.sol#7-9) should be declared external
OwnedI.setOwner (/../data/reentrancy/solidity_contract/30337.sol#11-12) should be declared external
Owned.setOwner (/../data/reentrancy/solidity_contract/30337.sol#37-48) should be declared external
WithBeneficiary.setBeneficiary (/../data/reentrancy/solidity_contract/30337.sol#75-86) should be declared external
WithBeneficiary.fallback (/../data/reentrancy/solidity_contract/30337.sol#88-90) should be declared external
WithFee.getQueryFee (/../data/reentrancy/solidity_contract/30337.sol#114-118) should be declared external
WithFee.setQueryFee (/../data/reentrancy/solidity_contract/30337.sol#120-128) should be declared external
PullPaymentCapable.getTotalBalance (/../data/reentrancy/solidity_contract/30337.sol#153-157) should be declared external
PullPaymentCapable.getPaymentOf (/../data/reentrancy/solidity_contract/30337.sol#159-163) should be declared external
CertificationDb.fixBalance (/../data/reentrancy/solidity_contract/30337.sol#503-506) should be declared external
PullPaymentCapable.fixBalance (/../data/reentrancy/solidity_contract/30337.sol#176-177) should be declared external
CertifierDbI.addCertifier (/../data/reentrancy/solidity_contract/30337.sol#195-196) should be declared external
CertifierDbI.removeCertifier (/../data/reentrancy/solidity_contract/30337.sol#198-199) should be declared external
CertifierDbI.getCertifiersCount (/../data/reentrancy/solidity_contract/30337.sol#201-203) should be declared external
CertifierDbI.getCertifierStatus (/../data/reentrancy/solidity_contract/30337.sol#205-207) should be declared external
CertifierDbI.getCertifierAtIndex (/../data/reentrancy/solidity_contract/30337.sol#209-211) should be declared external
CertifierDbI.isCertifier (/../data/reentrancy/solidity_contract/30337.sol#213-215) should be declared external
CertificationDb.getCertifierDb (/../data/reentrancy/solidity_contract/30337.sol#328-332) should be declared external
CertificationDbI.getCertifierDb (/../data/reentrancy/solidity_contract/30337.sol#237-239) should be declared external
CertificationDbI.setCertifierDb (/../data/reentrancy/solidity_contract/30337.sol#241-242) should be declared external
CertificationDb.setCertifierDb (/../data/reentrancy/solidity_contract/30337.sol#334-345) should be declared external
CertificationDbI.certify (/../data/reentrancy/solidity_contract/30337.sol#244-245) should be declared external
CertificationDb.certify (/../data/reentrancy/solidity_contract/30337.sol#347-371) should be declared external
CertificationDb.uncertify (/../data/reentrancy/solidity_contract/30337.sol#373-390) should be declared external
CertificationDbI.uncertify (/../data/reentrancy/solidity_contract/30337.sol#247-248) should be declared external
CertificationDb.addCertificationDocument (/../data/reentrancy/solidity_contract/30337.sol#392-396) should be declared external
CertificationDbI.addCertificationDocument (/../data/reentrancy/solidity_contract/30337.sol#250-251) should be declared external
CertificationDbI.addCertificationDocumentToSelf (/../data/reentrancy/solidity_contract/30337.sol#253-254) should be declared external
CertificationDb.addCertificationDocumentToSelf (/../data/reentrancy/solidity_contract/30337.sol#398-401) should be declared external
CertificationDb.removeCertificationDocument (/../data/reentrancy/solidity_contract/30337.sol#422-426) should be declared external
CertificationDbI.removeCertificationDocument (/../data/reentrancy/solidity_contract/30337.sol#256-257) should be declared external
CertificationDbI.removeCertificationDocumentFromSelf (/../data/reentrancy/solidity_contract/30337.sol#259-260) should be declared external
CertificationDb.removeCertificationDocumentFromSelf (/../data/reentrancy/solidity_contract/30337.sol#428-431) should be declared external
CertificationDb.getCertifiedStudentsCount (/../data/reentrancy/solidity_contract/30337.sol#454-458) should be declared external
CertificationDbI.getCertifiedStudentsCount (/../data/reentrancy/solidity_contract/30337.sol#262-264) should be declared external
CertificationDb.getCertifiedStudentAtIndex (/../data/reentrancy/solidity_contract/30337.sol#460-465) should be declared external
CertificationDbI.getCertifiedStudentAtIndex (/../data/reentrancy/solidity_contract/30337.sol#266-268) should be declared external
CertificationDb.getCertification (/../data/reentrancy/solidity_contract/30337.sol#468-477) should be declared external
CertificationDbI.getCertification (/../data/reentrancy/solidity_contract/30337.sol#270-272) should be declared external
CertificationDbI.isCertified (/../data/reentrancy/solidity_contract/30337.sol#274-276) should be declared external
CertificationDb.isCertified (/../data/reentrancy/solidity_contract/30337.sol#480-485) should be declared external
CertificationDb.getCertificationDocumentAtIndex (/../data/reentrancy/solidity_contract/30337.sol#488-493) should be declared external
CertificationDbI.getCertificationDocumentAtIndex (/../data/reentrancy/solidity_contract/30337.sol#278-280) should be declared external
CertificationDb.isCertification (/../data/reentrancy/solidity_contract/30337.sol#496-501) should be declared external
CertificationDbI.isCertification (/../data/reentrancy/solidity_contract/30337.sol#282-284) should be declared external
Reference: https://github.com/trailofbits/slither/wiki/Detectors-Documentation#public-function-that-could-be-declared-as-external[0m
INFO:Detectors:[92m
Detected issues with version pragma in /../data/reentrancy/solidity_contract/30337.sol:
	- pragma solidity^0.4.2 (/../data/reentrancy/solidity_contract/30337.sol#1): it allows old versions
Reference: https://github.com/trailofbits/slither/wiki/Detectors-Documentation#incorrect-version-of-solidity[0m
INFO:Detectors:[92m
Low level call in PullPaymentCapable.withdrawPayments (/../data/reentrancy/solidity_contract/30337.sol#166-174):
	-! msg.sender.call.value(payment)() /../data/reentrancy/solidity_contract/30337.sol#170-172
Reference: https://github.com/trailofbits/slither/wiki/Detectors-Documentation#low-level-calls[0m
INFO:Detectors:[92m
Function 'Owned.Owned' (/../data/reentrancy/solidity_contract/30337.sol#20-22) is not in mixedCase
Function 'WithBeneficiary.WithBeneficiary' (/../data/reentrancy/solidity_contract/30337.sol#57-65) is not in mixedCase
Parameter '_beneficiary' of WithBeneficiary.WithBeneficiary (/../data/reentrancy/solidity_contract/30337.sol#57) is not in mixedCase
Function 'WithFee.WithFee' (/../data/reentrancy/solidity_contract/30337.sol#99-104) is not in mixedCase
Parameter '_queryFee' of WithFee.WithFee (/../data/reentrancy/solidity_contract/30337.sol#101) is not in mixedCase
Function 'PullPaymentCapable.PullPaymentCapable' (/../data/reentrancy/solidity_contract/30337.sol#138-142) is not in mixedCase
Function 'CertificationDb.CertificationDb' (/../data/reentrancy/solidity_contract/30337.sol#310-319) is not in mixedCase
Parameter '_certifierDb' of CertificationDb.CertificationDb (/../data/reentrancy/solidity_contract/30337.sol#313) is not in mixedCase
Reference: https://github.com/trailofbits/slither/wiki/Detectors-Documentation#conformance-to-solidity-naming-conventions[0m
INFO:Slither:/../data/reentrancy/solidity_contract/30337.sol analyzed (8 contracts), 71 result(s) found