INFO:Slither:Compilation warnings/errors on /../data/reentrancy/solidity_contract/28974.sol:
/../data/reentrancy/solidity_contract/28974.sol:23:5: Warning: Defining constructors as functions with the same name as the contract is deprecated. Use "constructor(...) { ... }" instead.
    function Storage() public {
    ^ (Relevant source part starts here and spans across multiple lines).
/../data/reentrancy/solidity_contract/28974.sol:92:5: Warning: Defining constructors as functions with the same name as the contract is deprecated. Use "constructor(...) { ... }" instead.
    function Payee(address addr) public {
    ^ (Relevant source part starts here and spans across multiple lines).
/../data/reentrancy/solidity_contract/28974.sol:33:9: Warning: Invoking events without "emit" prefix is deprecated.
        Update(msg.sender,userAddress,data);
        ^---------------------------------^
/../data/reentrancy/solidity_contract/28974.sol:39:9: Warning: Invoking events without "emit" prefix is deprecated.
        Set(msg.sender,userAddress,data);
        ^------------------------------^
/../data/reentrancy/solidity_contract/28974.sol:44:9: Warning: Invoking events without "emit" prefix is deprecated.
        Admin(addr, adminStatus[addr]);
        ^----------------------------^
/../data/reentrancy/solidity_contract/28974.sol:89:9: Warning: Invoking events without "emit" prefix is deprecated.
        Admin(addr, adminStatus[addr]);
        ^----------------------------^
/../data/reentrancy/solidity_contract/28974.sol:104:9: Warning: Invoking events without "emit" prefix is deprecated.
        SetPrice(msg.sender, price);
        ^-------------------------^
/../data/reentrancy/solidity_contract/28974.sol:124:9: Warning: Invoking events without "emit" prefix is deprecated.
        Buy(msg.sender,count);
        ^-------------------^

INFO:Detectors:[91m
Payee.pay (/../data/reentrancy/solidity_contract/28974.sol#117-125) sends eth to arbitrary user
	Dangerous calls:
	- ! founder.call.value(price * count)() || ! msg.sender.call.value(msg.value - price * count)() (/../data/reentrancy/solidity_contract/28974.sol#120-122)
Reference: https://github.com/trailofbits/slither/wiki/Detectors-Documentation#functions-that-send-ether-to-arbitrary-destinations[0m
INFO:Detectors:[92m
Storage.update (/../data/reentrancy/solidity_contract/28974.sol#29-34) should be declared external
Storage.set (/../data/reentrancy/solidity_contract/28974.sol#36-40) should be declared external
Storage.admin (/../data/reentrancy/solidity_contract/28974.sol#42-45) should be declared external
Storage.halt (/../data/reentrancy/solidity_contract/28974.sol#47-49) should be declared external
Storage.fallback (/../data/reentrancy/solidity_contract/28974.sol#51-53) should be declared external
Payee.admin (/../data/reentrancy/solidity_contract/28974.sol#87-90) should be declared external
Payee.setPrice (/../data/reentrancy/solidity_contract/28974.sol#102-105) should be declared external
Payee.setStorageAddress (/../data/reentrancy/solidity_contract/28974.sol#107-111) should be declared external
Payee.halt (/../data/reentrancy/solidity_contract/28974.sol#113-115) should be declared external
Payee.fallback (/../data/reentrancy/solidity_contract/28974.sol#127-129) should be declared external
Reference: https://github.com/trailofbits/slither/wiki/Detectors-Documentation#public-function-that-could-be-declared-as-external[0m
INFO:Detectors:[92m
Detected issues with version pragma in /../data/reentrancy/solidity_contract/28974.sol:
	- pragma solidity^0.4.19 (/../data/reentrancy/solidity_contract/28974.sol#1): it allows old versions
	- pragma solidity^0.4.19 (/../data/reentrancy/solidity_contract/28974.sol#59): it allows old versions
Reference: https://github.com/trailofbits/slither/wiki/Detectors-Documentation#incorrect-version-of-solidity[0m
INFO:Detectors:[92m
Low level call in Payee.pay (/../data/reentrancy/solidity_contract/28974.sol#117-125):
	-! founder.call.value(price * count)() || ! msg.sender.call.value(msg.value - price * count)() /../data/reentrancy/solidity_contract/28974.sol#120-122
Reference: https://github.com/trailofbits/slither/wiki/Detectors-Documentation#low-level-calls[0m
INFO:Detectors:[92m
Function 'Storage.Storage' (/../data/reentrancy/solidity_contract/28974.sol#23-27) is not in mixedCase
Function 'Payee.Payee' (/../data/reentrancy/solidity_contract/28974.sol#92-100) is not in mixedCase
Parameter '_price' of Payee.setPrice (/../data/reentrancy/solidity_contract/28974.sol#102) is not in mixedCase
Parameter '_addr' of Payee.setStorageAddress (/../data/reentrancy/solidity_contract/28974.sol#107) is not in mixedCase
Parameter '_addr' of Payee.pay (/../data/reentrancy/solidity_contract/28974.sol#117) is not in mixedCase
Reference: https://github.com/trailofbits/slither/wiki/Detectors-Documentation#conformance-to-solidity-naming-conventions[0m
INFO:Slither:/../data/reentrancy/solidity_contract/28974.sol analyzed (2 contracts), 18 result(s) found