INFO:root:Contract /../data/reentrancy/solidity_contract/21277.sol:Ethername:
INFO:symExec:Running, please wait...
INFO:symExec:	============ Results ===========
INFO:symExec:	  EVM code coverage: 	 12.4%
INFO:symExec:	  Arithmetic bugs: 	 False
INFO:symExec:	  └> Overflow bugs: 	 False
INFO:symExec:	  └> Underflow bugs: 	 False
INFO:symExec:	  └> Division bugs: 	 False
INFO:symExec:	  └> Modulo bugs:   	 False
INFO:symExec:	  └> Truncation bugs: 	 False
INFO:symExec:	  └> Signedness bugs: 	 False
INFO:symExec:	  Callstack bug: 	 True
/../data/reentrancy/solidity_contract/21277.sol:Ethername:174:7
_to.send(msg.value)
^
/../data/reentrancy/solidity_contract/21277.sol:Ethername:36:12
_to.call.value(_value).gas(_gas)(_code)
^
INFO:symExec:	  Concurrency bug: 	 False
INFO:symExec:	  Time dependency bug: 	 False
INFO:symExec:	  Reentrancy bug: 	 False
INFO:symExec:	 --- 50.2824971676 seconds ---
INFO:symExec:	====== Analysis Completed ======
INFO:root:Contract /../data/reentrancy/solidity_contract/21277.sol:EthernameRaw:
INFO:symExec:Running, please wait...
INFO:symExec:	============ Results ===========
INFO:symExec:	  EVM code coverage: 	 37.7%
INFO:symExec:	  Arithmetic bugs: 	 True
INFO:symExec:	  └> Overflow bugs: 	 True
/../data/reentrancy/solidity_contract/21277.sol:EthernameRaw:212:33
_name[i]
^
/../data/reentrancy/solidity_contract/21277.sol:EthernameRaw:213:33
_name[i]
^
/../data/reentrancy/solidity_contract/21277.sol:EthernameRaw:212:16
_name[i]
^
/../data/reentrancy/solidity_contract/21277.sol:EthernameRaw:213:16
_name[i]
^
INFO:symExec:	  └> Underflow bugs: 	 False
INFO:symExec:	  └> Division bugs: 	 False
INFO:symExec:	  └> Modulo bugs:   	 False
INFO:symExec:	  └> Truncation bugs: 	 False
INFO:symExec:	  └> Signedness bugs: 	 False
INFO:symExec:	  Callstack bug: 	 True
/../data/reentrancy/solidity_contract/21277.sol:EthernameRaw:174:7
_to.send(msg.value)
^
/../data/reentrancy/solidity_contract/21277.sol:EthernameRaw:36:12
_to.call.value(_value).gas(_gas)(_code)
^
INFO:symExec:	  Concurrency bug: 	 False
INFO:symExec:	  Time dependency bug: 	 False
INFO:symExec:	  Reentrancy bug: 	 False
INFO:symExec:	 --- 50.1389329433 seconds ---
INFO:symExec:	====== Analysis Completed ======
INFO:root:Contract /../data/reentrancy/solidity_contract/21277.sol:Managed:
INFO:symExec:Running, please wait...
INFO:symExec:	============ Results ===========
INFO:symExec:	  EVM code coverage: 	 99.8%
INFO:symExec:	  Arithmetic bugs: 	 True
INFO:symExec:	  └> Overflow bugs: 	 True
/../data/reentrancy/solidity_contract/21277.sol:Managed:36:12
_to.call.value(_value).gas(_gas)(_code)
^
INFO:symExec:	  └> Underflow bugs: 	 True
/../data/reentrancy/solidity_contract/21277.sol:Managed:36:12
_to.call.value(_value).gas(_gas)(_code)
^
INFO:symExec:	  └> Division bugs: 	 False
INFO:symExec:	  └> Modulo bugs:   	 False
INFO:symExec:	  └> Truncation bugs: 	 False
INFO:symExec:	  └> Signedness bugs: 	 False
INFO:symExec:	  Callstack bug: 	 False
INFO:symExec:	  Concurrency bug: 	 True
Flow 1:
/../data/reentrancy/solidity_contract/21277.sol:Managed:28:5
manager.transfer(address(this).balance)
^
Flow 2:
/../data/reentrancy/solidity_contract/21277.sol:Managed:36:12
_to.call.value(_value).gas(_gas)(_code)
^
INFO:symExec:	  Time dependency bug: 	 False
INFO:symExec:	  Reentrancy bug: 	 True
/../data/reentrancy/solidity_contract/21277.sol:Managed:36:12
_to.call.value(_value).gas(_gas)(_code)
^
INFO:symExec:	 --- 0.878517150879 seconds ---
INFO:symExec:	====== Analysis Completed ======

  .oooooo.             o8o            o8o          
 d8P'  `Y8b            `"'            `"'          
888      888  .oooo.o oooo  oooo d8b oooo   .oooo.o
888      888 d88(  "8 `888  `888""8P `888  d88(  "8
888      888 `"Y88b.   888   888      888  `"Y88b. 
`88b    d88' o.  )88b  888   888      888  o.  )88b
 `Y8bood8P'  8""888P' o888o d888b    o888o 8""888P'


!!! SYMBOLIC EXECUTION TIMEOUT !!!

!!! SYMBOLIC EXECUTION TIMEOUT !!!