INFO:Slither:Compilation warnings/errors on /../data/reentrancy/solidity_contract/17009.sol:
/../data/reentrancy/solidity_contract/17009.sol:43:5: Warning: Defining constructors as functions with the same name as the contract is deprecated. Use "constructor(...) { ... }" instead.
    function Ownable() public {
    ^ (Relevant source part starts here and spans across multiple lines).
/../data/reentrancy/solidity_contract/17009.sol:72:5: Warning: Defining constructors as functions with the same name as the contract is deprecated. Use "constructor(...) { ... }" instead.
    function BitmarkPaymentGateway(address _masterWallet) public {
    ^ (Relevant source part starts here and spans across multiple lines).
/../data/reentrancy/solidity_contract/17009.sol:57:9: Warning: Invoking events without "emit" prefix is deprecated.
        OwnershipTransferred(owner, newOwner);
        ^-----------------------------------^
/../data/reentrancy/solidity_contract/17009.sol:94:9: Warning: Return value of low-level calls not used.
        _destination.call.value(msg.value.div(9).mul(8))();
        ^------------------------------------------------^
/../data/reentrancy/solidity_contract/17009.sol:96:9: Warning: Invoking events without "emit" prefix is deprecated.
        SettleFund(_destination, msg.value);
        ^---------------------------------^

INFO:Detectors:[92m
Ownable.transferOwnership (/../data/reentrancy/solidity_contract/17009.sol#55-59) should be declared external
BitmarkPaymentGateway.SetMasterWallet (/../data/reentrancy/solidity_contract/17009.sol#77-79) should be declared external
BitmarkPaymentGateway.PausePayment (/../data/reentrancy/solidity_contract/17009.sol#81-83) should be declared external
BitmarkPaymentGateway.ResumePayment (/../data/reentrancy/solidity_contract/17009.sol#85-87) should be declared external
BitmarkPaymentGateway.Pay (/../data/reentrancy/solidity_contract/17009.sol#89-97) should be declared external
BitmarkPaymentGateway.fallback (/../data/reentrancy/solidity_contract/17009.sol#99) should be declared external
Reference: https://github.com/trailofbits/slither/wiki/Detectors-Documentation#public-function-that-could-be-declared-as-external[0m
INFO:Detectors:[92m
Detected issues with version pragma in /../data/reentrancy/solidity_contract/17009.sol:
	- pragma solidity^0.4.19 (/../data/reentrancy/solidity_contract/17009.sol#1): it allows old versions
Reference: https://github.com/trailofbits/slither/wiki/Detectors-Documentation#incorrect-version-of-solidity[0m
INFO:Detectors:[92m
Low level call in BitmarkPaymentGateway.Pay (/../data/reentrancy/solidity_contract/17009.sol#89-97):
	-_destination.call.value(msg.value.div(9).mul(8))() /../data/reentrancy/solidity_contract/17009.sol#94
Reference: https://github.com/trailofbits/slither/wiki/Detectors-Documentation#low-level-calls[0m
INFO:Detectors:[92m
Function 'Ownable.Ownable' (/../data/reentrancy/solidity_contract/17009.sol#43-45) is not in mixedCase
Function 'BitmarkPaymentGateway.BitmarkPaymentGateway' (/../data/reentrancy/solidity_contract/17009.sol#72-75) is not in mixedCase
Parameter '_masterWallet' of BitmarkPaymentGateway.BitmarkPaymentGateway (/../data/reentrancy/solidity_contract/17009.sol#72) is not in mixedCase
Function 'BitmarkPaymentGateway.SetMasterWallet' (/../data/reentrancy/solidity_contract/17009.sol#77-79) is not in mixedCase
Parameter '_newWallet' of BitmarkPaymentGateway.SetMasterWallet (/../data/reentrancy/solidity_contract/17009.sol#77) is not in mixedCase
Function 'BitmarkPaymentGateway.PausePayment' (/../data/reentrancy/solidity_contract/17009.sol#81-83) is not in mixedCase
Function 'BitmarkPaymentGateway.ResumePayment' (/../data/reentrancy/solidity_contract/17009.sol#85-87) is not in mixedCase
Function 'BitmarkPaymentGateway.Pay' (/../data/reentrancy/solidity_contract/17009.sol#89-97) is not in mixedCase
Parameter '_destination' of BitmarkPaymentGateway.Pay (/../data/reentrancy/solidity_contract/17009.sol#89) is not in mixedCase
Reference: https://github.com/trailofbits/slither/wiki/Detectors-Documentation#conformance-to-solidity-naming-conventions[0m
INFO:Slither:/../data/reentrancy/solidity_contract/17009.sol analyzed (3 contracts), 17 result(s) found