INFO:Slither:Compilation warnings/errors on /../data/reentrancy/solidity_contract/15458.sol:
/../data/reentrancy/solidity_contract/15458.sol:17:3: Warning: Defining constructors as functions with the same name as the contract is deprecated. Use "constructor(...) { ... }" instead.
  function owned() public {
  ^ (Relevant source part starts here and spans across multiple lines).
/../data/reentrancy/solidity_contract/15458.sol:64:3: Warning: Defining constructors as functions with the same name as the contract is deprecated. Use "constructor(...) { ... }" instead.
  function MineableToken() public {
  ^ (Relevant source part starts here and spans across multiple lines).
/../data/reentrancy/solidity_contract/15458.sol:77:5: Warning: Invoking events without "emit" prefix is deprecated.
    Transfer( address(0), owner, qty );
    ^--------------------------------^
/../data/reentrancy/solidity_contract/15458.sol:99:5: Warning: Invoking events without "emit" prefix is deprecated.
    Approval( msg.sender, spender, value );
    ^------------------------------------^
/../data/reentrancy/solidity_contract/15458.sol:166:5: Warning: Invoking events without "emit" prefix is deprecated.
    Burn( msg.sender, value );
    ^-----------------------^
/../data/reentrancy/solidity_contract/15458.sol:181:5: Warning: Invoking events without "emit" prefix is deprecated.
    Burn( from, value );
    ^-----------------^
/../data/reentrancy/solidity_contract/15458.sol:188:46: Warning: This function only accepts a single "bytes" argument. Please use "abi.encodePacked(...)" or a similar function to encode the data.
    require(address(to).call.value(0)(bytes4(keccak256(custom_fallback)), msg.sender, value, data));
                                             ^------------------------^
/../data/reentrancy/solidity_contract/15458.sol:188:46: Warning: The provided argument of type string memory is not implicitly convertible to expected type bytes memory.
    require(address(to).call.value(0)(bytes4(keccak256(custom_fallback)), msg.sender, value, data));
                                             ^------------------------^
/../data/reentrancy/solidity_contract/15458.sol:233:5: Warning: Invoking events without "emit" prefix is deprecated.
    Transfer( from, to, value );  
    ^-------------------------^

INFO:Detectors:[93m
MineableToken.isContract (/../data/reentrancy/solidity_contract/15458.sol#217-221) is declared view but contains assembly code
Reference: https://github.com/trailofbits/slither/wiki/Detectors-Documentation#constant-functions-changing-the-state[0m
INFO:Detectors:[93m
empty in MineableToken.transferFrom (/../data/reentrancy/solidity_contract/15458.sol#137) is a local variable never initialiazed
empty in MineableToken.transfer (/../data/reentrancy/solidity_contract/15458.sol#127) is a local variable never initialiazed
Reference: https://github.com/trailofbits/slither/wiki/Detectors-Documentation#uninitialized-local-variables[0m
INFO:Detectors:[92m
MineableToken.balanceOf.owner (local variable @ /../data/reentrancy/solidity_contract/15458.sol#85) shadows:
	- owned.owner (state variable @ /../data/reentrancy/solidity_contract/15458.sol#15)
MineableToken.allowance.owner (local variable @ /../data/reentrancy/solidity_contract/15458.sol#119) shadows:
	- owned.owner (state variable @ /../data/reentrancy/solidity_contract/15458.sol#15)
Reference: https://github.com/trailofbits/slither/wiki/Detectors-Documentation#local-variable-shadowing[0m
INFO:Detectors:[92m
MineableToken.isContract uses assembly (/../data/reentrancy/solidity_contract/15458.sol#217-221)
	- /../data/reentrancy/solidity_contract/15458.sol#219-220
Reference: https://github.com/trailofbits/slither/wiki/Detectors-Documentation#assembly-usage[0m
INFO:Detectors:[92m
owned.changeOwner (/../data/reentrancy/solidity_contract/15458.sol#21-23) should be declared external
MineableToken.mine (/../data/reentrancy/solidity_contract/15458.sol#71-78) should be declared external
MineableToken.cap (/../data/reentrancy/solidity_contract/15458.sol#80-82) should be declared external
MineableToken.balanceOf (/../data/reentrancy/solidity_contract/15458.sol#85-87) should be declared external
MineableToken.safeApprove (/../data/reentrancy/solidity_contract/15458.sol#104-116) should be declared external
MineableToken.allowance (/../data/reentrancy/solidity_contract/15458.sol#119-123) should be declared external
MineableToken.transfer (/../data/reentrancy/solidity_contract/15458.sol#126-130) should be declared external
MineableToken.transferFrom (/../data/reentrancy/solidity_contract/15458.sol#133-141) should be declared external
MineableToken.approveAndCall (/../data/reentrancy/solidity_contract/15458.sol#144-156) should be declared external
MineableToken.burn (/../data/reentrancy/solidity_contract/15458.sol#159-168) should be declared external
MineableToken.burnFrom (/../data/reentrancy/solidity_contract/15458.sol#171-183) should be declared external
MineableToken.transfer (/../data/reentrancy/solidity_contract/15458.sol#186-190) should be declared external
MineableToken.transfer (/../data/reentrancy/solidity_contract/15458.sol#193-200) should be declared external
Reference: https://github.com/trailofbits/slither/wiki/Detectors-Documentation#public-function-that-could-be-declared-as-external[0m
INFO:Detectors:[92m
Detected issues with version pragma in /../data/reentrancy/solidity_contract/15458.sol:
	- pragma solidity^0.4.20 (/../data/reentrancy/solidity_contract/15458.sol#2): it allows old versions
Reference: https://github.com/trailofbits/slither/wiki/Detectors-Documentation#incorrect-version-of-solidity[0m
INFO:Detectors:[92m
Low level call in MineableToken.transfer (/../data/reentrancy/solidity_contract/15458.sol#186-190):
	-require(bool)(address(to).call.value(0)(bytes4(keccak256()(custom_fallback)),msg.sender,value,data)) /../data/reentrancy/solidity_contract/15458.sol#188
Reference: https://github.com/trailofbits/slither/wiki/Detectors-Documentation#low-level-calls[0m
INFO:Detectors:[92m
Contract 'tokenRecipient' (/../data/reentrancy/solidity_contract/15458.sol#5-7) is not in CapWords
Contract 'owned' (/../data/reentrancy/solidity_contract/15458.sol#14-29) is not in CapWords
Parameter '_miner' of owned.changeOwner (/../data/reentrancy/solidity_contract/15458.sol#21) is not in mixedCase
Function 'MineableToken.MineableToken' (/../data/reentrancy/solidity_contract/15458.sol#64-69) is not in mixedCase
Parameter '_spender' of MineableToken.safeApprove (/../data/reentrancy/solidity_contract/15458.sol#104) is not in mixedCase
Parameter '_currentValue' of MineableToken.safeApprove (/../data/reentrancy/solidity_contract/15458.sol#105) is not in mixedCase
Parameter '_value' of MineableToken.safeApprove (/../data/reentrancy/solidity_contract/15458.sol#106) is not in mixedCase
Parameter 'custom_fallback' of MineableToken.transfer (/../data/reentrancy/solidity_contract/15458.sol#186) is not in mixedCase
Function 'MineableToken._transfer' (/../data/reentrancy/solidity_contract/15458.sol#223-234) is not in mixedCase
Reference: https://github.com/trailofbits/slither/wiki/Detectors-Documentation#conformance-to-solidity-naming-conventions[0m
INFO:Slither:/../data/reentrancy/solidity_contract/15458.sol analyzed (4 contracts), 30 result(s) found