INFO:Slither:Compilation warnings/errors on /../data/reentrancy/solidity_contract/dumbDAO.sol:
/../data/reentrancy/solidity_contract/dumbDAO.sol:18:7: Warning: "throw" is deprecated in favour of "revert()", "require()" and "assert()".
      throw;
      ^---^
/../data/reentrancy/solidity_contract/dumbDAO.sol:27:9: Warning: "throw" is deprecated in favour of "revert()", "require()" and "assert()".
        throw;
        ^---^
/../data/reentrancy/solidity_contract/dumbDAO.sol:1:1: Warning: Source file does not specify required compiler version!Consider adding "pragma solidity ^0.4.25;"
contract dumbDAO {
^ (Relevant source part starts here and spans across multiple lines).
/../data/reentrancy/solidity_contract/dumbDAO.sol:13:5: Warning: Invoking events without "emit" prefix is deprecated.
    TokensBought(msg.sender, msg.value);
    ^---------------------------------^
/../data/reentrancy/solidity_contract/dumbDAO.sol:21:5: Warning: Invoking events without "emit" prefix is deprecated.
    TokensTransfered(msg.sender, _to, _amount);
    ^----------------------------------------^
/../data/reentrancy/solidity_contract/dumbDAO.sol:26:9: Warning: Invoking events without "emit" prefix is deprecated.
        InsufficientFunds(balances[msg.sender],balances[msg.sender]);
        ^----------------------------------------------------------^
/../data/reentrancy/solidity_contract/dumbDAO.sol:29:5: Warning: Invoking events without "emit" prefix is deprecated.
    PaymentCalled(_recipient, balances[msg.sender]);
    ^---------------------------------------------^
/../data/reentrancy/solidity_contract/dumbDAO.sol:11:3: Warning: No visibility specified. Defaulting to "public". 
  function buyTokens(){
  ^ (Relevant source part starts here and spans across multiple lines).
/../data/reentrancy/solidity_contract/dumbDAO.sol:12:29: Warning: "msg.value" used in non-payable function. Do you want to add the "payable" modifier to this function?
    balances[msg.sender] += msg.value;
                            ^-------^
/../data/reentrancy/solidity_contract/dumbDAO.sol:13:30: Warning: "msg.value" used in non-payable function. Do you want to add the "payable" modifier to this function?
    TokensBought(msg.sender, msg.value);
                             ^-------^
/../data/reentrancy/solidity_contract/dumbDAO.sol:16:3: Warning: No visibility specified. Defaulting to "public". 
  function transferTokens(address _to, uint _amount){
  ^ (Relevant source part starts here and spans across multiple lines).
/../data/reentrancy/solidity_contract/dumbDAO.sol:24:3: Warning: No visibility specified. Defaulting to "public". 
  function withdraw(address _recipient) returns (bool) {
  ^ (Relevant source part starts here and spans across multiple lines).

INFO:Detectors:[91m
Reentrancy in dumbDAO.withdraw (/../data/reentrancy/solidity_contract/dumbDAO.sol#24-34):
	External calls:
	- _recipient.call.value(balances[msg.sender])() (/../data/reentrancy/solidity_contract/dumbDAO.sol#30-33)
	State variables written after the call(s):
	- balances (/../data/reentrancy/solidity_contract/dumbDAO.sol#31)
Reference: https://github.com/trailofbits/slither/wiki/Detectors-Documentation#reentrancy-vulnerabilities[0m
INFO:Detectors:[92m
Deprecated standard detected @ /../data/reentrancy/solidity_contract/dumbDAO.sol#18:
	- Usage of "throw" should be replaced with "revert()"
Deprecated standard detected @ /../data/reentrancy/solidity_contract/dumbDAO.sol#27:
	- Usage of "throw" should be replaced with "revert()"
Reference: https://github.com/trailofbits/slither/wiki/Detectors-Documentation#deprecated-standards[0m
INFO:Detectors:[92m
dumbDAO.buyTokens (/../data/reentrancy/solidity_contract/dumbDAO.sol#11-14) should be declared external
dumbDAO.transferTokens (/../data/reentrancy/solidity_contract/dumbDAO.sol#16-22) should be declared external
dumbDAO.withdraw (/../data/reentrancy/solidity_contract/dumbDAO.sol#24-34) should be declared external
Reference: https://github.com/trailofbits/slither/wiki/Detectors-Documentation#public-function-that-could-be-declared-as-external[0m
INFO:Detectors:[92m
Low level call in dumbDAO.withdraw (/../data/reentrancy/solidity_contract/dumbDAO.sol#24-34):
	-_recipient.call.value(balances[msg.sender])() /../data/reentrancy/solidity_contract/dumbDAO.sol#30-33
Reference: https://github.com/trailofbits/slither/wiki/Detectors-Documentation#low-level-calls[0m
INFO:Detectors:[92m
Contract 'dumbDAO' (/../data/reentrancy/solidity_contract/dumbDAO.sol#1-36) is not in CapWords
Parameter '_to' of dumbDAO.transferTokens (/../data/reentrancy/solidity_contract/dumbDAO.sol#16) is not in mixedCase
Parameter '_amount' of dumbDAO.transferTokens (/../data/reentrancy/solidity_contract/dumbDAO.sol#16) is not in mixedCase
Parameter '_recipient' of dumbDAO.withdraw (/../data/reentrancy/solidity_contract/dumbDAO.sol#24) is not in mixedCase
Reference: https://github.com/trailofbits/slither/wiki/Detectors-Documentation#conformance-to-solidity-naming-conventions[0m
INFO:Slither:/../data/reentrancy/solidity_contract/dumbDAO.sol analyzed (1 contracts), 11 result(s) found