INFO:root:Contract /../data/reentrancy/solidity_contract/36334.sol:RequestSale:
INFO:symExec:Running, please wait...
INFO:symExec:	============ Results ===========
INFO:symExec:	  EVM code coverage: 	 99.9%
INFO:symExec:	  Arithmetic bugs: 	 True
INFO:symExec:	  └> Overflow bugs: 	 True
/../data/reentrancy/solidity_contract/36334.sol:RequestSale:87:13
this.balance + msg.value
^
/../data/reentrancy/solidity_contract/36334.sol:RequestSale:89:5
balances[msg.sender] += msg.value
^
INFO:symExec:	  └> Underflow bugs: 	 True
/../data/reentrancy/solidity_contract/36334.sol:RequestSale:46:5
contract_eth_value -= balances[msg.sender]
^
INFO:symExec:	  └> Division bugs: 	 False
INFO:symExec:	  └> Modulo bugs:   	 False
INFO:symExec:	  └> Truncation bugs: 	 False
INFO:symExec:	  └> Signedness bugs: 	 False
INFO:symExec:	  Callstack bug: 	 False
INFO:symExec:	  Concurrency bug: 	 True
Flow 1:
/../data/reentrancy/solidity_contract/36334.sol:RequestSale:71:13
sale.call.value(contract_eth_value)()
^
Flow 2:
/../data/reentrancy/solidity_contract/36334.sol:RequestSale:60:5
msg.sender.transfer(eth_to_withdraw)
^
INFO:symExec:	  Time dependency bug: 	 False
INFO:symExec:	  Reentrancy bug: 	 False
INFO:symExec:	 --- 3.59198594093 seconds ---
INFO:symExec:	====== Analysis Completed ======

  .oooooo.             o8o            o8o          
 d8P'  `Y8b            `"'            `"'          
888      888  .oooo.o oooo  oooo d8b oooo   .oooo.o
888      888 d88(  "8 `888  `888""8P `888  d88(  "8
888      888 `"Y88b.   888   888      888  `"Y88b. 
`88b    d88' o.  )88b  888   888      888  o.  )88b
 `Y8bood8P'  8""888P' o888o d888b    o888o 8""888P'