INFO:root:Contract /../data/reentrancy/solidity_contract/39817.sol:ProfitContainerAdapter:
INFO:symExec:Running, please wait...
INFO:symExec:	============ Results ===========
INFO:symExec:	 EVM code coverage: 	 99.9%
INFO:symExec:	 Money flow:    	 False
INFO:symExec:	 Balance disorder: 	 False
INFO:symExec:	 Hidden transfer: 	 False
INFO:symExec:	 Inheritance disorder: 	 False
INFO:symExec:	 Uninitialised struct: 	 False
INFO:symExec:	 Type overflow: 	 False
INFO:symExec:	 Skip empty string: 	 False
INFO:symExec:	 Hidden state update: 	 False
INFO:symExec:	 Straw man contract: 	 False
INFO:symExec:	 --- 3.41586399078 seconds ---
INFO:symExec:	====== Analysis Completed ======
INFO:root:Contract /../data/reentrancy/solidity_contract/39817.sol:SafeMath:
INFO:symExec:Running, please wait...
INFO:symExec:	============ Results ===========
INFO:symExec:	 EVM code coverage: 	 100.0%
INFO:symExec:	 Money flow:    	 False
INFO:symExec:	 Balance disorder: 	 False
INFO:symExec:	 Hidden transfer: 	 False
INFO:symExec:	 Inheritance disorder: 	 False
INFO:symExec:	 Uninitialised struct: 	 False
INFO:symExec:	 Type overflow: 	 False
INFO:symExec:	 Skip empty string: 	 False
INFO:symExec:	 Hidden state update: 	 False
INFO:symExec:	 Straw man contract: 	 False
INFO:symExec:	 --- 0.0318648815155 seconds ---
INFO:symExec:	====== Analysis Completed ======
INFO:root:Contract /../data/reentrancy/solidity_contract/39817.sol:ShopKeeper:
INFO:symExec:Running, please wait...
INFO:symExec:	============ Results ===========
INFO:symExec:	 EVM code coverage: 	 100.0%
INFO:symExec:	 Money flow:    	 False
INFO:symExec:	 Balance disorder: 	 False
INFO:symExec:	 Hidden transfer: 	 False
INFO:symExec:	 Inheritance disorder: 	 False
INFO:symExec:	 Uninitialised struct: 	 False
INFO:symExec:	 Type overflow: 	 False
INFO:symExec:	 Skip empty string: 	 False
INFO:symExec:	 Hidden state update: 	 False
INFO:symExec:	 Straw man contract: 	 False
INFO:symExec:	 --- 15.0579609871 seconds ---
INFO:symExec:	====== Analysis Completed ======
INFO:root:Contract /../data/reentrancy/solidity_contract/39817.sol:Token:
INFO:symExec:Running, please wait...
INFO:symExec:	============ Results ===========
INFO:symExec:	 EVM code coverage: 	 99.9%
INFO:symExec:	 Money flow:    	 False
INFO:symExec:	 Balance disorder: 	 False
INFO:symExec:	 Hidden transfer: 	 False
INFO:symExec:	 Inheritance disorder: 	 False
INFO:symExec:	 Uninitialised struct: 	 False
INFO:symExec:	 Type overflow: 	 False
INFO:symExec:	 Skip empty string: 	 False
INFO:symExec:	 Hidden state update: 	 False
INFO:symExec:	 Straw man contract: 	 False
INFO:symExec:	 --- 16.3223490715 seconds ---
INFO:symExec:	====== Analysis Completed ======
INFO:root:Contract /../data/reentrancy/solidity_contract/39817.sol:ValueToken:
INFO:symExec:Running, please wait...
INFO:symExec:	============ Results ===========
INFO:symExec:	 EVM code coverage: 	 99.9%
INFO:symExec:	 Money flow:    	 False
INFO:symExec:	 Balance disorder: 	 False
INFO:symExec:	 Hidden transfer: 	 False
INFO:symExec:	 Inheritance disorder: 	 False
INFO:symExec:	 Uninitialised struct: 	 False
INFO:symExec:	 Type overflow: 	 False
INFO:symExec:	 Skip empty string: 	 False
INFO:symExec:	 Hidden state update: 	 False
INFO:symExec:	 Straw man contract: 	 False
INFO:symExec:	 --- 21.7418630123 seconds ---
INFO:symExec:	====== Analysis Completed ======
INFO:root:Contract /../data/reentrancy/solidity_contract/39817.sol:ValueTrader:
INFO:symExec:Running, please wait...