INFO:Slither:Compilation warnings/errors on /../data/reentrancy/solidity_contract/39326.sol:
/../data/reentrancy/solidity_contract/39326.sol:13:51: Warning: "throw" is deprecated in favour of "revert()", "require()" and "assert()".
    modifier onlyOwner { if (msg.sender != owner) throw; _; }
                                                  ^---^
/../data/reentrancy/solidity_contract/39326.sol:29:53: Warning: "throw" is deprecated in favour of "revert()", "require()" and "assert()".
    modifier onlyHammer { if (msg.sender != hammer) throw; _; }
                                                    ^---^
/../data/reentrancy/solidity_contract/39326.sol:34:5: Warning: Defining constructors as functions with the same name as the contract is deprecated. Use "constructor(...) { ... }" instead.
    function Object() {
    ^ (Relevant source part starts here and spans across multiple lines).
/../data/reentrancy/solidity_contract/39326.sol:96:56: Warning: "throw" is deprecated in favour of "revert()", "require()" and "assert()".
        if (!_token.transferFrom(_from, this, _value)) throw;
                                                       ^---^
/../data/reentrancy/solidity_contract/39326.sol:183:40: Warning: "throw" is deprecated in favour of "revert()", "require()" and "assert()".
        if (memberId[msg.sender] == 0) throw;
                                       ^---^
/../data/reentrancy/solidity_contract/39326.sol:188:5: Warning: Defining constructors as functions with the same name as the contract is deprecated. Use "constructor(...) { ... }" instead.
    function Congress(
    ^ (Relevant source part starts here and spans across multiple lines).
/../data/reentrancy/solidity_contract/39326.sol:203:42: Warning: "throw" is deprecated in favour of "revert()", "require()" and "assert()".
        if (memberId[targetMember] != 0) throw;
                                         ^---^
/../data/reentrancy/solidity_contract/39326.sol:215:42: Warning: "throw" is deprecated in favour of "revert()", "require()" and "assert()".
        if (memberId[targetMember] == 0) throw;
                                         ^---^
/../data/reentrancy/solidity_contract/39326.sol:295:42: Warning: "throw" is deprecated in favour of "revert()", "require()" and "assert()".
        if (p.voted[msg.sender] == true) throw;  
                                         ^---^
/../data/reentrancy/solidity_contract/39326.sol:311:157: Warning: "throw" is deprecated in favour of "revert()", "require()" and "assert()".
 ... throw ... 
     ^---^
/../data/reentrancy/solidity_contract/39326.sol:315:74: Warning: "throw" is deprecated in favour of "revert()", "require()" and "assert()".
            if (!p.recipient.call.value(p.amount)(transactionBytecode))  throw;
                                                                         ^---^
/../data/reentrancy/solidity_contract/39326.sol:347:9: Warning: Use of the "var" keyword is deprecated.
        var sender_contracts = getContractsOf[msg.sender];
        ^------------------^
/../data/reentrancy/solidity_contract/39326.sol:385:46: Warning: "throw" is deprecated in favour of "revert()", "require()" and "assert()".
            if (msg.value < buildingCostWei) throw;
                                             ^---^
/../data/reentrancy/solidity_contract/39326.sol:387:53: Warning: "throw" is deprecated in favour of "revert()", "require()" and "assert()".
            if (!beneficiary.send(buildingCostWei)) throw;
                                                    ^---^
/../data/reentrancy/solidity_contract/39326.sol:390:68: Warning: "throw" is deprecated in favour of "revert()", "require()" and "assert()".
                if (!msg.sender.send(msg.value - buildingCostWei)) throw;
                                                                   ^---^
/../data/reentrancy/solidity_contract/39326.sol:395:50: Warning: "throw" is deprecated in favour of "revert()", "require()" and "assert()".
                if (!msg.sender.send(msg.value)) throw;
                                                 ^---^
/../data/reentrancy/solidity_contract/39326.sol:405:9: Warning: Use of the "var" keyword is deprecated.
        var inst = CreatorCongress.create(minimumQuorumForProposals,
        ^------^
/../data/reentrancy/solidity_contract/39326.sol:292:18: Warning: This declaration shadows an existing declaration.
        returns (uint256 vote)
                 ^----------^
/../data/reentrancy/solidity_contract/39326.sol:286:5: The shadowed declaration is here:
    function vote(
    ^ (Relevant source part starts here and spans across multiple lines).

/../data/reentrancy/solidity_contract/39326.sol:333:5: Warning: This declaration shadows a builtin symbol.
    function abi() constant returns (string)
    ^ (Relevant source part starts here and spans across multiple lines).
/../data/reentrancy/solidity_contract/39326.sol:259:9: Warning: Variable is declared as a storage pointer. Use an explicit "storage" keyword to silence this warning.
        Proposal p       = proposals[id];
        ^--------^
/../data/reentrancy/solidity_contract/39326.sol:294:9: Warning: Variable is declared as a storage pointer. Use an explicit "storage" keyword to silence this warning.
        Proposal p = proposals[id];              
        ^--------^
/../data/reentrancy/solidity_contract/39326.sol:309:9: Warning: Variable is declared as a storage pointer. Use an explicit "storage" keyword to silence this warning.
        Proposal p = proposals[id];
        ^--------^
/../data/reentrancy/solidity_contract/39326.sol:26:7: Warning: "suicide" has been deprecated in favour of "selfdestruct"
    { suicide(msg.sender); }
      ^-----------------^
/../data/reentrancy/solidity_contract/39326.sol:97:9: Warning: Invoking events without "emit" prefix is deprecated.
        ReceivedTokens(_from, _value, _token, _extraData);
        ^-----------------------------------------------^
/../data/reentrancy/solidity_contract/39326.sol:102:7: Warning: Invoking events without "emit" prefix is deprecated.
    { ReceivedEther(msg.sender, msg.value); }
      ^----------------------------------^
/../data/reentrancy/solidity_contract/39326.sol:210:9: Warning: Invoking events without "emit" prefix is deprecated.
        MembershipChanged(targetMember, true);
        ^-----------------------------------^
/../data/reentrancy/solidity_contract/39326.sol:230:9: Warning: Invoking events without "emit" prefix is deprecated.
        MembershipChanged(targetMember, false);
        ^------------------------------------^
/../data/reentrancy/solidity_contract/39326.sol:245:9: Warning: Invoking events without "emit" prefix is deprecated.
        ChangeOfRules(minimumQuorum, debatingPeriodInMinutes, majorityMargin);
        ^-------------------------------------------------------------------^
/../data/reentrancy/solidity_contract/39326.sol:263:28: Warning: "sha3" has been deprecated in favour of "keccak256"
        p.proposalHash   = sha3(beneficiary, amount, transactionBytecode);
                           ^--------------------------------------------^
/../data/reentrancy/solidity_contract/39326.sol:263:28: Warning: This function only accepts a single "bytes" argument. Please use "abi.encodePacked(...)" or a similar function to encode the data.
        p.proposalHash   = sha3(beneficiary, amount, transactionBytecode);
                           ^--------------------------------------------^
/../data/reentrancy/solidity_contract/39326.sol:268:9: Warning: Invoking events without "emit" prefix is deprecated.
        ProposalAdded(id, beneficiary, amount, jobDescription);
        ^----------------------------------------------------^
/../data/reentrancy/solidity_contract/39326.sol:282:16: Warning: "sha3" has been deprecated in favour of "keccak256"
            == sha3(beneficiary, amount, transactionBytecode);
               ^--------------------------------------------^
/../data/reentrancy/solidity_contract/39326.sol:282:16: Warning: This function only accepts a single "bytes" argument. Please use "abi.encodePacked(...)" or a similar function to encode the data.
            == sha3(beneficiary, amount, transactionBytecode);
               ^--------------------------------------------^
/../data/reentrancy/solidity_contract/39326.sol:304:9: Warning: Invoking events without "emit" prefix is deprecated.
        Voted(id,  supportsProposal, msg.sender, justificationText);
        ^---------------------------------------------------------^
/../data/reentrancy/solidity_contract/39326.sol:311:71: Warning: "sha3" has been deprecated in favour of "keccak256"
 ... sha3(p.recipient, p.amount, transactionBytecode) ... 
     ^----------------------------------------------^
/../data/reentrancy/solidity_contract/39326.sol:311:71: Warning: This function only accepts a single "bytes" argument. Please use "abi.encodePacked(...)" or a similar function to encode the data.
 ... sha3(p.recipient, p.amount, transactionBytecode) ... 
     ^----------------------------------------------^
/../data/reentrancy/solidity_contract/39326.sol:322:9: Warning: Invoking events without "emit" prefix is deprecated.
        ProposalTallied(id, p.numberOfVotes, p.proposalPassed);
        ^----------------------------------------------------^
/../data/reentrancy/solidity_contract/39326.sol:412:9: Warning: Invoking events without "emit" prefix is deprecated.
        Builded(_client, inst);
        ^--------------------^
/../data/reentrancy/solidity_contract/39326.sol:9:5: Warning: No visibility specified. Defaulting to "public". 
    function setOwner(address _owner) onlyOwner
    ^ (Relevant source part starts here and spans across multiple lines).
/../data/reentrancy/solidity_contract/39326.sol:21:5: Warning: No visibility specified. Defaulting to "public". 
    function setHammer(address _hammer) onlyHammer
    ^ (Relevant source part starts here and spans across multiple lines).
/../data/reentrancy/solidity_contract/39326.sol:25:5: Warning: No visibility specified. Defaulting to "public". 
    function destroy() onlyHammer
    ^ (Relevant source part starts here and spans across multiple lines).
/../data/reentrancy/solidity_contract/39326.sol:34:5: Warning: No visibility specified. Defaulting to "public". 
    function Object() {
    ^ (Relevant source part starts here and spans across multiple lines).
/../data/reentrancy/solidity_contract/39326.sol:50:5: Warning: No visibility specified. Defaulting to "public". 
    function balanceOf(address _owner) constant returns (uint256);
    ^------------------------------------------------------------^
/../data/reentrancy/solidity_contract/39326.sol:56:5: Warning: No visibility specified. Defaulting to "public". 
    function transfer(address _to, uint256 _value) returns (bool);
    ^------------------------------------------------------------^
/../data/reentrancy/solidity_contract/39326.sol:63:5: Warning: No visibility specified. Defaulting to "public". 
    function transferFrom(address _from, address _to, uint256 _value) returns (bool);
    ^-------------------------------------------------------------------------------^
/../data/reentrancy/solidity_contract/39326.sol:69:5: Warning: No visibility specified. Defaulting to "public". 
    function approve(address _spender, uint256 _value) returns (bool);
    ^----------------------------------------------------------------^
/../data/reentrancy/solidity_contract/39326.sol:74:5: Warning: No visibility specified. Defaulting to "public". 
    function allowance(address _owner, address _spender) constant returns (uint256);
    ^------------------------------------------------------------------------------^
/../data/reentrancy/solidity_contract/39326.sol:94:5: Warning: No visibility specified. Defaulting to "public". 
    function receiveApproval(address _from, uint256 _value,
    ^ (Relevant source part starts here and spans across multiple lines).
/../data/reentrancy/solidity_contract/39326.sol:101:5: Warning: No visibility specified. Defaulting to "public". 
    function () payable
    ^ (Relevant source part starts here and spans across multiple lines).
/../data/reentrancy/solidity_contract/39326.sol:120:5: Warning: No visibility specified. Defaulting to "public". 
    function numProposals() constant returns (uint256)
    ^ (Relevant source part starts here and spans across multiple lines).
/../data/reentrancy/solidity_contract/39326.sol:188:5: Warning: No visibility specified. Defaulting to "public". 
    function Congress(
    ^ (Relevant source part starts here and spans across multiple lines).
/../data/reentrancy/solidity_contract/39326.sol:202:5: Warning: No visibility specified. Defaulting to "public". 
    function addMember(address targetMember, string memberName) onlyOwner {
    ^ (Relevant source part starts here and spans across multiple lines).
/../data/reentrancy/solidity_contract/39326.sol:214:5: Warning: No visibility specified. Defaulting to "public". 
    function removeMember(address targetMember) onlyOwner {
    ^ (Relevant source part starts here and spans across multiple lines).
/../data/reentrancy/solidity_contract/39326.sol:234:5: Warning: No visibility specified. Defaulting to "public". 
    function changeVotingRules(
    ^ (Relevant source part starts here and spans across multiple lines).
/../data/reentrancy/solidity_contract/39326.sol:249:5: Warning: No visibility specified. Defaulting to "public". 
    function newProposal(
    ^ (Relevant source part starts here and spans across multiple lines).
/../data/reentrancy/solidity_contract/39326.sol:272:5: Warning: No visibility specified. Defaulting to "public". 
    function checkProposalCode(
    ^ (Relevant source part starts here and spans across multiple lines).
/../data/reentrancy/solidity_contract/39326.sol:286:5: Warning: No visibility specified. Defaulting to "public". 
    function vote(
    ^ (Relevant source part starts here and spans across multiple lines).
/../data/reentrancy/solidity_contract/39326.sol:292:18: Warning: Unused function parameter. Remove or comment out the variable name to silence this warning.
        returns (uint256 vote)
                 ^----------^
/../data/reentrancy/solidity_contract/39326.sol:308:5: Warning: No visibility specified. Defaulting to "public". 
    function executeProposal( uint256 id, bytes   transactionBytecode) onlyMembers {
    ^ (Relevant source part starts here and spans across multiple lines).
/../data/reentrancy/solidity_contract/39326.sol:327:5: Warning: No visibility specified. Defaulting to "public". 
    function create(uint256 minimumQuorumForProposals, uint256 minutesForDebate, int256 marginOfVotesForMajority, address congressLeader) returns (Congress)
    ^ (Relevant source part starts here and spans across multiple lines).
/../data/reentrancy/solidity_contract/39326.sol:330:5: Warning: No visibility specified. Defaulting to "public". 
    function version() constant returns (string)
    ^ (Relevant source part starts here and spans across multiple lines).
/../data/reentrancy/solidity_contract/39326.sol:333:5: Warning: No visibility specified. Defaulting to "public". 
    function abi() constant returns (string)
    ^ (Relevant source part starts here and spans across multiple lines).
/../data/reentrancy/solidity_contract/39326.sol:346:5: Warning: No visibility specified. Defaulting to "public". 
    function getLastContract() constant returns (address) {
    ^ (Relevant source part starts here and spans across multiple lines).
/../data/reentrancy/solidity_contract/39326.sol:355:5: Warning: No visibility specified. Defaulting to "public". 
    function setBeneficiary(address _beneficiary) onlyOwner
    ^ (Relevant source part starts here and spans across multiple lines).
/../data/reentrancy/solidity_contract/39326.sol:362:5: Warning: No visibility specified. Defaulting to "public". 
    function setCost(uint _buildingCostWei) onlyOwner
    ^ (Relevant source part starts here and spans across multiple lines).
/../data/reentrancy/solidity_contract/39326.sol:369:5: Warning: No visibility specified. Defaulting to "public". 
    function setSecurityCheck(string _uri) onlyOwner
    ^ (Relevant source part starts here and spans across multiple lines).
/../data/reentrancy/solidity_contract/39326.sol:378:5: Warning: No visibility specified. Defaulting to "public". 
    function create(uint256 minimumQuorumForProposals,
    ^ (Relevant source part starts here and spans across multiple lines).
/../data/reentrancy/solidity_contract/39326.sol:330:5: Warning: Function state mutability can be restricted to pure
    function version() constant returns (string)
    ^ (Relevant source part starts here and spans across multiple lines).
/../data/reentrancy/solidity_contract/39326.sol:333:5: Warning: Function state mutability can be restricted to pure
    function abi() constant returns (string)
    ^ (Relevant source part starts here and spans across multiple lines).

INFO:Detectors:[91m
Reentrancy in Congress.executeProposal (/../data/reentrancy/solidity_contract/39326.sol#308-323):
	External calls:
	- ! p.recipient.call.value(p.amount)(transactionBytecode) (/../data/reentrancy/solidity_contract/39326.sol#315)
	State variables written after the call(s):
	- proposals (/../data/reentrancy/solidity_contract/39326.sol#317)
Reference: https://github.com/trailofbits/slither/wiki/Detectors-Documentation#reentrancy-vulnerabilities[0m
INFO:Detectors:[93m
Congress.checkProposalCode (/../data/reentrancy/solidity_contract/39326.sol#272-283) uses a dangerous strict equality:
	- proposals[id].proposalHash == sha3()(beneficiary,amount,transactionBytecode)
Reference: https://github.com/trailofbits/slither/wiki/Detectors-Documentation#dangerous-strict-equalities[0m
INFO:Detectors:[92m
CreatorCongress.abi (function @ /../data/reentrancy/solidity_contract/39326.sol#333-334) shadows built-in symbol "abi"
Reference: https://github.com/trailofbits/slither/wiki/Detectors-Documentation#builtin-symbol-shadowing[0m
INFO:Detectors:[92m
Congress.vote.vote (local variable @ /../data/reentrancy/solidity_contract/39326.sol#292) shadows:
	- Congress.vote (function @ /../data/reentrancy/solidity_contract/39326.sol#286-305)
Reference: https://github.com/trailofbits/slither/wiki/Detectors-Documentation#local-variable-shadowing[0m
INFO:Detectors:[92m
Reentrancy in BuilderCongress.create (/../data/reentrancy/solidity_contract/39326.sol#378-414):
	External calls:
	- inst.setOwner(_client) (/../data/reentrancy/solidity_contract/39326.sol#409)
	- inst.setHammer(_client) (/../data/reentrancy/solidity_contract/39326.sol#410)
	External calls sending eth:
	- ! beneficiary.send(buildingCostWei) (/../data/reentrancy/solidity_contract/39326.sol#387)
	- ! msg.sender.send(msg.value - buildingCostWei) (/../data/reentrancy/solidity_contract/39326.sol#390)
	- ! msg.sender.send(msg.value) (/../data/reentrancy/solidity_contract/39326.sol#395)
	State variables written after the call(s):
	- getContractsOf (/../data/reentrancy/solidity_contract/39326.sol#411)
Reference: https://github.com/trailofbits/slither/wiki/Detectors-Documentation#reentrancy-vulnerabilities-2[0m
INFO:Detectors:[92m
ERC20.totalSupply should be constant (/../data/reentrancy/solidity_contract/39326.sol#46)
Reference: https://github.com/trailofbits/slither/wiki/Detectors-Documentation#state-variables-that-could-be-declared-constant[0m
INFO:Detectors:[92m
Deprecated standard detected @ /../data/reentrancy/solidity_contract/39326.sol#13:
	- Usage of "throw" should be replaced with "revert()"
Deprecated standard detected @ /../data/reentrancy/solidity_contract/39326.sol#26:
	- Usage of "suicide()" should be replaced with "selfdestruct()"
Deprecated standard detected @ /../data/reentrancy/solidity_contract/39326.sol#29:
	- Usage of "throw" should be replaced with "revert()"
Deprecated standard detected @ /../data/reentrancy/solidity_contract/39326.sol#96:
	- Usage of "throw" should be replaced with "revert()"
Deprecated standard detected @ /../data/reentrancy/solidity_contract/39326.sol#203:
	- Usage of "throw" should be replaced with "revert()"
Deprecated standard detected @ /../data/reentrancy/solidity_contract/39326.sol#215:
	- Usage of "throw" should be replaced with "revert()"
Deprecated standard detected @ /../data/reentrancy/solidity_contract/39326.sol#263:
	- Usage of "sha3()" should be replaced with "keccak256()"
Deprecated standard detected @ /../data/reentrancy/solidity_contract/39326.sol#281-282:
	- Usage of "sha3()" should be replaced with "keccak256()"
Deprecated standard detected @ /../data/reentrancy/solidity_contract/39326.sol#295:
	- Usage of "throw" should be replaced with "revert()"
Deprecated standard detected @ /../data/reentrancy/solidity_contract/39326.sol#311:
	- Usage of "sha3()" should be replaced with "keccak256()"
Deprecated standard detected @ /../data/reentrancy/solidity_contract/39326.sol#311:
	- Usage of "throw" should be replaced with "revert()"
Deprecated standard detected @ /../data/reentrancy/solidity_contract/39326.sol#315:
	- Usage of "throw" should be replaced with "revert()"
Deprecated standard detected @ /../data/reentrancy/solidity_contract/39326.sol#183:
	- Usage of "throw" should be replaced with "revert()"
Deprecated standard detected @ /../data/reentrancy/solidity_contract/39326.sol#385:
	- Usage of "throw" should be replaced with "revert()"
Deprecated standard detected @ /../data/reentrancy/solidity_contract/39326.sol#387:
	- Usage of "throw" should be replaced with "revert()"
Deprecated standard detected @ /../data/reentrancy/solidity_contract/39326.sol#390:
	- Usage of "throw" should be replaced with "revert()"
Deprecated standard detected @ /../data/reentrancy/solidity_contract/39326.sol#395:
	- Usage of "throw" should be replaced with "revert()"
Reference: https://github.com/trailofbits/slither/wiki/Detectors-Documentation#deprecated-standards[0m
INFO:Detectors:[92m
Owned.setOwner (/../data/reentrancy/solidity_contract/39326.sol#9-10) should be declared external
Destroyable.setHammer (/../data/reentrancy/solidity_contract/39326.sol#21-22) should be declared external
Destroyable.destroy (/../data/reentrancy/solidity_contract/39326.sol#25-26) should be declared external
ERC20.balanceOf (/../data/reentrancy/solidity_contract/39326.sol#50) should be declared external
ERC20.transfer (/../data/reentrancy/solidity_contract/39326.sol#56) should be declared external
ERC20.transferFrom (/../data/reentrancy/solidity_contract/39326.sol#63) should be declared external
ERC20.approve (/../data/reentrancy/solidity_contract/39326.sol#69) should be declared external
ERC20.allowance (/../data/reentrancy/solidity_contract/39326.sol#74) should be declared external
Recipient.receiveApproval (/../data/reentrancy/solidity_contract/39326.sol#94-98) should be declared external
Recipient.fallback (/../data/reentrancy/solidity_contract/39326.sol#101-102) should be declared external
Congress.numProposals (/../data/reentrancy/solidity_contract/39326.sol#120-121) should be declared external
Congress.removeMember (/../data/reentrancy/solidity_contract/39326.sol#214-231) should be declared external
Congress.newProposal (/../data/reentrancy/solidity_contract/39326.sol#249-269) should be declared external
Congress.checkProposalCode (/../data/reentrancy/solidity_contract/39326.sol#272-283) should be declared external
Congress.vote (/../data/reentrancy/solidity_contract/39326.sol#286-305) should be declared external
Congress.executeProposal (/../data/reentrancy/solidity_contract/39326.sol#308-323) should be declared external
CreatorCongress.create (/../data/reentrancy/solidity_contract/39326.sol#327-328) should be declared external
CreatorCongress.version (/../data/reentrancy/solidity_contract/39326.sol#330-331) should be declared external
CreatorCongress.abi (/../data/reentrancy/solidity_contract/39326.sol#333-334) should be declared external
Builder.getLastContract (/../data/reentrancy/solidity_contract/39326.sol#346-349) should be declared external
Builder.setBeneficiary (/../data/reentrancy/solidity_contract/39326.sol#355-356) should be declared external
Builder.setCost (/../data/reentrancy/solidity_contract/39326.sol#362-363) should be declared external
Builder.setSecurityCheck (/../data/reentrancy/solidity_contract/39326.sol#369-370) should be declared external
BuilderCongress.create (/../data/reentrancy/solidity_contract/39326.sol#378-414) should be declared external
Reference: https://github.com/trailofbits/slither/wiki/Detectors-Documentation#public-function-that-could-be-declared-as-external[0m
INFO:Detectors:[92m
Detected issues with version pragma in /../data/reentrancy/solidity_contract/39326.sol:
	- pragma solidity^0.4.4 (/../data/reentrancy/solidity_contract/39326.sol#1): it allows old versions
Reference: https://github.com/trailofbits/slither/wiki/Detectors-Documentation#incorrect-version-of-solidity[0m
INFO:Detectors:[92m
Low level call in Congress.executeProposal (/../data/reentrancy/solidity_contract/39326.sol#308-323):
	-! p.recipient.call.value(p.amount)(transactionBytecode) /../data/reentrancy/solidity_contract/39326.sol#315
Reference: https://github.com/trailofbits/slither/wiki/Detectors-Documentation#low-level-calls[0m
INFO:Detectors:[92m
Parameter '_owner' of Owned.setOwner (/../data/reentrancy/solidity_contract/39326.sol#9) is not in mixedCase
Parameter '_hammer' of Destroyable.setHammer (/../data/reentrancy/solidity_contract/39326.sol#21) is not in mixedCase
Function 'Object.Object' (/../data/reentrancy/solidity_contract/39326.sol#34-37) is not in mixedCase
Parameter '_from' of Recipient.receiveApproval (/../data/reentrancy/solidity_contract/39326.sol#94) is not in mixedCase
Parameter '_value' of Recipient.receiveApproval (/../data/reentrancy/solidity_contract/39326.sol#94) is not in mixedCase
Parameter '_token' of Recipient.receiveApproval (/../data/reentrancy/solidity_contract/39326.sol#95) is not in mixedCase
Parameter '_extraData' of Recipient.receiveApproval (/../data/reentrancy/solidity_contract/39326.sol#95) is not in mixedCase
Function 'Congress.Congress' (/../data/reentrancy/solidity_contract/39326.sol#188-199) is not in mixedCase
Parameter '_beneficiary' of Builder.setBeneficiary (/../data/reentrancy/solidity_contract/39326.sol#355) is not in mixedCase
Parameter '_buildingCostWei' of Builder.setCost (/../data/reentrancy/solidity_contract/39326.sol#362) is not in mixedCase
Parameter '_uri' of Builder.setSecurityCheck (/../data/reentrancy/solidity_contract/39326.sol#369) is not in mixedCase
Parameter '_client' of BuilderCongress.create (/../data/reentrancy/solidity_contract/39326.sol#382) is not in mixedCase
Reference: https://github.com/trailofbits/slither/wiki/Detectors-Documentation#conformance-to-solidity-naming-conventions[0m
INFO:Slither:/../data/reentrancy/solidity_contract/39326.sol analyzed (9 contracts), 61 result(s) found