INFO:Slither:Compilation warnings/errors on /../data/reentrancy/solidity_contract/21241.sol:
/../data/reentrancy/solidity_contract/21241.sol:69:2: Warning: Defining constructors as functions with the same name as the contract is deprecated. Use "constructor(...) { ... }" instead.
	function AuctusTokenSale(uint256 minimumCap, uint256 endSaleTime) public {
 ^ (Relevant source part starts here and spans across multiple lines).

INFO:Detectors:[91m
Reentrancy in AuctusTokenSale.finish (/../data/reentrancy/solidity_contract/21241.sol#156-170):
	External calls:
	- assert(bool)(address(0x0285d35508e1A1f833142EB5211adb858Bd3323A).call.value(vestedEthers)()) (/../data/reentrancy/solidity_contract/21241.sol#162)
	- token.setTokenSaleFinished() (/../data/reentrancy/solidity_contract/21241.sol#165)
	- token.burn(remainingTokens) (/../data/reentrancy/solidity_contract/21241.sol#167)
	External calls sending eth:
	- address(0xd1B10607921C78D9a00529294C4b99f1bd250E1c).transfer(freeEthers) (/../data/reentrancy/solidity_contract/21241.sol#161)
	- assert(bool)(address(0x0285d35508e1A1f833142EB5211adb858Bd3323A).call.value(vestedEthers)()) (/../data/reentrancy/solidity_contract/21241.sol#162)
	State variables written after the call(s):
	- remainingTokens (/../data/reentrancy/solidity_contract/21241.sol#168)
Reference: https://github.com/trailofbits/slither/wiki/Detectors-Documentation#reentrancy-vulnerabilities[0m
INFO:Detectors:[93m
Reentrancy in AuctusTokenSale.fallback (/../data/reentrancy/solidity_contract/21241.sol#122-144):
	External calls:
	- (weiToInvest,weiRemaining) = getValueToInvest() (/../data/reentrancy/solidity_contract/21241.sol#129)
	State variables written after the call(s):
	- invested (/../data/reentrancy/solidity_contract/21241.sol#136)
	- remainingTokens (/../data/reentrancy/solidity_contract/21241.sol#134)
Reference: https://github.com/trailofbits/slither/wiki/Detectors-Documentation#reentrancy-vulnerabilities-1[0m
INFO:Detectors:[93m
empty in AuctusTokenSale.transferTokens (/../data/reentrancy/solidity_contract/21241.sol#226) is a local variable never initialiazed
Reference: https://github.com/trailofbits/slither/wiki/Detectors-Documentation#uninitialized-local-variables[0m
INFO:Detectors:[93m
AuctusTokenSale.finish (/../data/reentrancy/solidity_contract/21241.sol#156-170) does not use the value returned by external calls:
	-token.burn(remainingTokens) (/../data/reentrancy/solidity_contract/21241.sol#167)
Reference: https://github.com/trailofbits/slither/wiki/Detectors-Documentation#unused-return[0m
INFO:Detectors:[92m
Reentrancy in AuctusTokenSale.fallback (/../data/reentrancy/solidity_contract/21241.sol#122-144):
	External calls:
	- (weiToInvest,weiRemaining) = getValueToInvest() (/../data/reentrancy/solidity_contract/21241.sol#129)
	State variables written after the call(s):
	- weiRaised (/../data/reentrancy/solidity_contract/21241.sol#135)
Reentrancy in AuctusTokenSale.setTokenSaleDistribution (/../data/reentrancy/solidity_contract/21241.sol#195-214):
	External calls:
	- transferTokens(auctusCoreTeam,bounty,reserveForFuture,preSale,partnershipsAdvisoryVested,partnershipsAdvisoryFree,privateSales) (/../data/reentrancy/solidity_contract/21241.sol#210)
	State variables written after the call(s):
	- remainingTokens (/../data/reentrancy/solidity_contract/21241.sol#212)
	- saleWasSet (/../data/reentrancy/solidity_contract/21241.sol#213)
Reference: https://github.com/trailofbits/slither/wiki/Detectors-Documentation#reentrancy-vulnerabilities-2[0m
INFO:Detectors:[92m
AuctusTokenSale.auctusTokenAddress should be constant (/../data/reentrancy/solidity_contract/21241.sol#49)
AuctusTokenSale.auctusWhiteListAddress should be constant (/../data/reentrancy/solidity_contract/21241.sol#50)
AuctusTokenSale.basicPricePerEth should be constant (/../data/reentrancy/solidity_contract/21241.sol#55)
AuctusTokenSale.startTime should be constant (/../data/reentrancy/solidity_contract/21241.sol#52)
Reference: https://github.com/trailofbits/slither/wiki/Detectors-Documentation#state-variables-that-could-be-declared-constant[0m
INFO:Detectors:[92m
ContractReceiver.tokenFallback (/../data/reentrancy/solidity_contract/21241.sol#29) should be declared external
AuctusTokenSale.tokenFallback (/../data/reentrancy/solidity_contract/21241.sol#116-120) should be declared external
AuctusToken.transfer (/../data/reentrancy/solidity_contract/21241.sol#34) should be declared external
AuctusToken.transfer (/../data/reentrancy/solidity_contract/21241.sol#35) should be declared external
AuctusToken.burn (/../data/reentrancy/solidity_contract/21241.sol#36) should be declared external
AuctusToken.setTokenSaleFinished (/../data/reentrancy/solidity_contract/21241.sol#37) should be declared external
AuctusWhitelist.getAllowedAmountToContribute (/../data/reentrancy/solidity_contract/21241.sol#42) should be declared external
AuctusTokenSale.transferOwnership (/../data/reentrancy/solidity_contract/21241.sol#97-100) should be declared external
AuctusTokenSale.setTokenSaleHalt (/../data/reentrancy/solidity_contract/21241.sol#102-104) should be declared external
AuctusTokenSale.setSoftCap (/../data/reentrancy/solidity_contract/21241.sol#106-109) should be declared external
AuctusTokenSale.setEndSaleTime (/../data/reentrancy/solidity_contract/21241.sol#111-114) should be declared external
AuctusTokenSale.fallback (/../data/reentrancy/solidity_contract/21241.sol#122-144) should be declared external
AuctusTokenSale.revoke (/../data/reentrancy/solidity_contract/21241.sol#146-154) should be declared external
AuctusTokenSale.finish (/../data/reentrancy/solidity_contract/21241.sol#156-170) should be declared external
Reference: https://github.com/trailofbits/slither/wiki/Detectors-Documentation#public-function-that-could-be-declared-as-external[0m
INFO:Detectors:[92m
Detected issues with version pragma in /../data/reentrancy/solidity_contract/21241.sol:
	- pragma solidity^0.4.21 (/../data/reentrancy/solidity_contract/21241.sol#1): it allows old versions
Reference: https://github.com/trailofbits/slither/wiki/Detectors-Documentation#incorrect-version-of-solidity[0m
INFO:Detectors:[92m
Low level call in AuctusTokenSale.finish (/../data/reentrancy/solidity_contract/21241.sol#156-170):
	-assert(bool)(address(0x0285d35508e1A1f833142EB5211adb858Bd3323A).call.value(vestedEthers)()) /../data/reentrancy/solidity_contract/21241.sol#162
Reference: https://github.com/trailofbits/slither/wiki/Detectors-Documentation#low-level-calls[0m
INFO:Detectors:[92m
Parameter '' of AuctusTokenSale.tokenFallback (/../data/reentrancy/solidity_contract/21241.sol#116) is not in mixedCase
Parameter '_scope_0' of AuctusTokenSale.tokenFallback (/../data/reentrancy/solidity_contract/21241.sol#116) is not in mixedCase
Function 'AuctusTokenSale.AuctusTokenSale' (/../data/reentrancy/solidity_contract/21241.sol#69-75) is not in mixedCase
Reference: https://github.com/trailofbits/slither/wiki/Detectors-Documentation#conformance-to-solidity-naming-conventions[0m
INFO:Slither:/../data/reentrancy/solidity_contract/21241.sol analyzed (5 contracts), 26 result(s) found