INFO:Detectors:[93m
CrowdsaleWPTByRounds.buyTokens (/../data/reentrancy/solidity_contract/347.sol#284-298) does not use the value returned by external calls:
	-minterContract.mint(_beneficiary,tokens) (/../data/reentrancy/solidity_contract/347.sol#293)
Reference: https://github.com/trailofbits/slither/wiki/Detectors-Documentation#unused-return[0m
INFO:Detectors:[92m
CrowdsaleWPTByRounds.hasClosed (/../data/reentrancy/solidity_contract/347.sol#268-271) uses timestamp for comparisons
	Dangerous comparisons:
	- block.timestamp > closingTime (/../data/reentrancy/solidity_contract/347.sol#270)
CrowdsaleWPTByRounds.hasOpened (/../data/reentrancy/solidity_contract/347.sol#274-277) uses timestamp for comparisons
	Dangerous comparisons:
	- (openingTime < block.timestamp && block.timestamp < closingTime) (/../data/reentrancy/solidity_contract/347.sol#276)
Reference: https://github.com/trailofbits/slither/wiki/Detectors-Documentation#block-timestamp[0m
INFO:Detectors:[92m
Ownable.renounceOwnership (/../data/reentrancy/solidity_contract/347.sol#83-86) should be declared external
Ownable.transferOwnership (/../data/reentrancy/solidity_contract/347.sol#89-91) should be declared external
ERC20.totalSupply (/../data/reentrancy/solidity_contract/347.sol#104) should be declared external
ERC20.balanceOf (/../data/reentrancy/solidity_contract/347.sol#106) should be declared external
ERC20.allowance (/../data/reentrancy/solidity_contract/347.sol#108) should be declared external
ERC20.transfer (/../data/reentrancy/solidity_contract/347.sol#110) should be declared external
ERC20.approve (/../data/reentrancy/solidity_contract/347.sol#112) should be declared external
ERC20.transferFrom (/../data/reentrancy/solidity_contract/347.sol#114) should be declared external
Token.mint (/../data/reentrancy/solidity_contract/347.sol#136) should be declared external
CrowdsaleWPTByRounds.setMinter (/../data/reentrancy/solidity_contract/347.sol#171-173) should be declared external
CrowdsaleWPTByRounds.capReached (/../data/reentrancy/solidity_contract/347.sol#212-214) should be declared external
CrowdsaleWPTByRounds.changeRate (/../data/reentrancy/solidity_contract/347.sol#217-219) should be declared external
CrowdsaleWPTByRounds.closeRound (/../data/reentrancy/solidity_contract/347.sol#222-224) should be declared external
CrowdsaleWPTByRounds.setToken (/../data/reentrancy/solidity_contract/347.sol#227-229) should be declared external
CrowdsaleWPTByRounds.setWallet (/../data/reentrancy/solidity_contract/347.sol#232-234) should be declared external
CrowdsaleWPTByRounds.changeMinInvest (/../data/reentrancy/solidity_contract/347.sol#237-239) should be declared external
CrowdsaleWPTByRounds.setChecksOn (/../data/reentrancy/solidity_contract/347.sol#242-244) should be declared external
CrowdsaleWPTByRounds.setGasAmount (/../data/reentrancy/solidity_contract/347.sol#247-249) should be declared external
CrowdsaleWPTByRounds.setCap (/../data/reentrancy/solidity_contract/347.sol#252-254) should be declared external
CrowdsaleWPTByRounds.startNewRound (/../data/reentrancy/solidity_contract/347.sol#257-265) should be declared external
CrowdsaleWPTByRounds.hasClosed (/../data/reentrancy/solidity_contract/347.sol#268-271) should be declared external
Reference: https://github.com/trailofbits/slither/wiki/Detectors-Documentation#public-function-that-could-be-declared-as-external[0m
INFO:Detectors:[92m
Low level call in CrowdsaleWPTByRounds._forwardFunds (/../data/reentrancy/solidity_contract/347.sol#323-326):
	-isTransferDone = wallet.call.value(msg.value).gas(gasAmount)() /../data/reentrancy/solidity_contract/347.sol#324
Reference: https://github.com/trailofbits/slither/wiki/Detectors-Documentation#low-level-calls[0m
INFO:Detectors:[92m
Parameter '_a' of SafeMath.mul (/../data/reentrancy/solidity_contract/347.sol#7) is not in mixedCase
Parameter '_b' of SafeMath.mul (/../data/reentrancy/solidity_contract/347.sol#7) is not in mixedCase
Parameter '_a' of SafeMath.div (/../data/reentrancy/solidity_contract/347.sol#20) is not in mixedCase
Parameter '_b' of SafeMath.div (/../data/reentrancy/solidity_contract/347.sol#20) is not in mixedCase
Parameter '_a' of SafeMath.sub (/../data/reentrancy/solidity_contract/347.sol#29) is not in mixedCase
Parameter '_b' of SafeMath.sub (/../data/reentrancy/solidity_contract/347.sol#29) is not in mixedCase
Parameter '_a' of SafeMath.add (/../data/reentrancy/solidity_contract/347.sol#37) is not in mixedCase
Parameter '_b' of SafeMath.add (/../data/reentrancy/solidity_contract/347.sol#37) is not in mixedCase
Parameter '_token' of SafeERC20.safeTransfer (/../data/reentrancy/solidity_contract/347.sol#53) is not in mixedCase
Parameter '_to' of SafeERC20.safeTransfer (/../data/reentrancy/solidity_contract/347.sol#53) is not in mixedCase
Parameter '_value' of SafeERC20.safeTransfer (/../data/reentrancy/solidity_contract/347.sol#53) is not in mixedCase
Parameter '_token' of SafeERC20.safeTransferFrom (/../data/reentrancy/solidity_contract/347.sol#57) is not in mixedCase
Parameter '_from' of SafeERC20.safeTransferFrom (/../data/reentrancy/solidity_contract/347.sol#57) is not in mixedCase
Parameter '_to' of SafeERC20.safeTransferFrom (/../data/reentrancy/solidity_contract/347.sol#57) is not in mixedCase
Parameter '_value' of SafeERC20.safeTransferFrom (/../data/reentrancy/solidity_contract/347.sol#57) is not in mixedCase
Parameter '_token' of SafeERC20.safeApprove (/../data/reentrancy/solidity_contract/347.sol#61) is not in mixedCase
Parameter '_spender' of SafeERC20.safeApprove (/../data/reentrancy/solidity_contract/347.sol#61) is not in mixedCase
Parameter '_value' of SafeERC20.safeApprove (/../data/reentrancy/solidity_contract/347.sol#61) is not in mixedCase
Parameter '_newOwner' of Ownable.transferOwnership (/../data/reentrancy/solidity_contract/347.sol#89) is not in mixedCase
Function 'Ownable._transferOwnership' (/../data/reentrancy/solidity_contract/347.sol#94-98) is not in mixedCase
Parameter '_newOwner' of Ownable._transferOwnership (/../data/reentrancy/solidity_contract/347.sol#94) is not in mixedCase
Parameter '' of Token.mint (/../data/reentrancy/solidity_contract/347.sol#136) is not in mixedCase
Parameter '_scope_0' of Token.mint (/../data/reentrancy/solidity_contract/347.sol#136) is not in mixedCase
Parameter '_minterAddr' of CrowdsaleWPTByRounds.setMinter (/../data/reentrancy/solidity_contract/347.sol#171) is not in mixedCase
Parameter '_token' of CrowdsaleWPTByRounds.setToken (/../data/reentrancy/solidity_contract/347.sol#227) is not in mixedCase
Parameter '_wallet' of CrowdsaleWPTByRounds.setWallet (/../data/reentrancy/solidity_contract/347.sol#232) is not in mixedCase
Parameter '_checksOn' of CrowdsaleWPTByRounds.setChecksOn (/../data/reentrancy/solidity_contract/347.sol#242) is not in mixedCase
Parameter '_gasAmount' of CrowdsaleWPTByRounds.setGasAmount (/../data/reentrancy/solidity_contract/347.sol#247) is not in mixedCase
Parameter '_newCap' of CrowdsaleWPTByRounds.setCap (/../data/reentrancy/solidity_contract/347.sol#252) is not in mixedCase
Parameter '_rate' of CrowdsaleWPTByRounds.startNewRound (/../data/reentrancy/solidity_contract/347.sol#257) is not in mixedCase
Parameter '_wallet' of CrowdsaleWPTByRounds.startNewRound (/../data/reentrancy/solidity_contract/347.sol#257) is not in mixedCase
Parameter '_token' of CrowdsaleWPTByRounds.startNewRound (/../data/reentrancy/solidity_contract/347.sol#257) is not in mixedCase
Parameter '_cap' of CrowdsaleWPTByRounds.startNewRound (/../data/reentrancy/solidity_contract/347.sol#257) is not in mixedCase
Parameter '_openingTime' of CrowdsaleWPTByRounds.startNewRound (/../data/reentrancy/solidity_contract/347.sol#257) is not in mixedCase
Parameter '_closingTime' of CrowdsaleWPTByRounds.startNewRound (/../data/reentrancy/solidity_contract/347.sol#257) is not in mixedCase
Parameter '_beneficiary' of CrowdsaleWPTByRounds.buyTokens (/../data/reentrancy/solidity_contract/347.sol#284) is not in mixedCase
Function 'CrowdsaleWPTByRounds._preValidatePurchase' (/../data/reentrancy/solidity_contract/347.sol#301-305) is not in mixedCase
Parameter '_beneficiary' of CrowdsaleWPTByRounds._preValidatePurchase (/../data/reentrancy/solidity_contract/347.sol#301) is not in mixedCase
Parameter '_weiAmount' of CrowdsaleWPTByRounds._preValidatePurchase (/../data/reentrancy/solidity_contract/347.sol#301) is not in mixedCase
Function 'CrowdsaleWPTByRounds._deliverTokens' (/../data/reentrancy/solidity_contract/347.sol#308-310) is not in mixedCase
Parameter '_beneficiary' of CrowdsaleWPTByRounds._deliverTokens (/../data/reentrancy/solidity_contract/347.sol#308) is not in mixedCase
Parameter '_tokenAmount' of CrowdsaleWPTByRounds._deliverTokens (/../data/reentrancy/solidity_contract/347.sol#308) is not in mixedCase
Function 'CrowdsaleWPTByRounds._processPurchase' (/../data/reentrancy/solidity_contract/347.sol#313-315) is not in mixedCase
Parameter '_beneficiary' of CrowdsaleWPTByRounds._processPurchase (/../data/reentrancy/solidity_contract/347.sol#313) is not in mixedCase
Parameter '_tokenAmount' of CrowdsaleWPTByRounds._processPurchase (/../data/reentrancy/solidity_contract/347.sol#313) is not in mixedCase
Function 'CrowdsaleWPTByRounds._getTokenAmount' (/../data/reentrancy/solidity_contract/347.sol#318-320) is not in mixedCase
Parameter '_weiAmount' of CrowdsaleWPTByRounds._getTokenAmount (/../data/reentrancy/solidity_contract/347.sol#318) is not in mixedCase
Function 'CrowdsaleWPTByRounds._forwardFunds' (/../data/reentrancy/solidity_contract/347.sol#323-326) is not in mixedCase
Reference: https://github.com/trailofbits/slither/wiki/Detectors-Documentation#conformance-to-solidity-naming-conventions[0m
INFO:Slither:/../data/reentrancy/solidity_contract/347.sol analyzed (11 contracts), 73 result(s) found