INFO:Slither:Compilation warnings/errors on /../data/reentrancy/solidity_contract/14945.sol:
/../data/reentrancy/solidity_contract/14945.sol:110:5: Warning: Defining constructors as functions with the same name as the contract is deprecated. Use "constructor(...) { ... }" instead.
    function StudToken(uint256 _initialAmount) public {
    ^ (Relevant source part starts here and spans across multiple lines).

INFO:Detectors:[92m
BasicToken.totalSupply (/../data/reentrancy/solidity_contract/14945.sol#47-49) should be declared external
ERC20Basic.totalSupply (/../data/reentrancy/solidity_contract/14945.sol#4) should be declared external
BasicToken.balanceOf (/../data/reentrancy/solidity_contract/14945.sol#59-61) should be declared external
ERC20Basic.balanceOf (/../data/reentrancy/solidity_contract/14945.sol#5) should be declared external
BasicToken.transfer (/../data/reentrancy/solidity_contract/14945.sol#50-58) should be declared external
ERC20Basic.transfer (/../data/reentrancy/solidity_contract/14945.sol#6) should be declared external
ERC20.allowance (/../data/reentrancy/solidity_contract/14945.sol#11) should be declared external
StandardToken.allowance (/../data/reentrancy/solidity_contract/14945.sol#82-84) should be declared external
ERC20.transferFrom (/../data/reentrancy/solidity_contract/14945.sol#12) should be declared external
StandardToken.transferFrom (/../data/reentrancy/solidity_contract/14945.sol#66-76) should be declared external
StandardToken.increaseApproval (/../data/reentrancy/solidity_contract/14945.sol#85-89) should be declared external
StandardToken.decreaseApproval (/../data/reentrancy/solidity_contract/14945.sol#90-99) should be declared external
StudToken.fallback (/../data/reentrancy/solidity_contract/14945.sol#103-105) should be declared external
StudToken.approveAndCall (/../data/reentrancy/solidity_contract/14945.sol#114-119) should be declared external
Reference: https://github.com/trailofbits/slither/wiki/Detectors-Documentation#public-function-that-could-be-declared-as-external[0m
INFO:Detectors:[92m
Detected issues with version pragma in /../data/reentrancy/solidity_contract/14945.sol:
	- pragma solidity^0.4.21 (/../data/reentrancy/solidity_contract/14945.sol#1): it allows old versions
Reference: https://github.com/trailofbits/slither/wiki/Detectors-Documentation#incorrect-version-of-solidity[0m
INFO:Detectors:[92m
Low level call in StudToken.approveAndCall (/../data/reentrancy/solidity_contract/14945.sol#114-119):
	-require(bool)(_spender.call.value(msg.value)(_data)) /../data/reentrancy/solidity_contract/14945.sol#117
Reference: https://github.com/trailofbits/slither/wiki/Detectors-Documentation#low-level-calls[0m
INFO:Detectors:[92m
Parameter '_owner' of BasicToken.balanceOf (/../data/reentrancy/solidity_contract/14945.sol#59) is not in mixedCase
Parameter '_to' of BasicToken.transfer (/../data/reentrancy/solidity_contract/14945.sol#50) is not in mixedCase
Parameter '_value' of BasicToken.transfer (/../data/reentrancy/solidity_contract/14945.sol#50) is not in mixedCase
Parameter '_owner' of StandardToken.allowance (/../data/reentrancy/solidity_contract/14945.sol#82) is not in mixedCase
Parameter '_spender' of StandardToken.allowance (/../data/reentrancy/solidity_contract/14945.sol#82) is not in mixedCase
Parameter '_from' of StandardToken.transferFrom (/../data/reentrancy/solidity_contract/14945.sol#66) is not in mixedCase
Parameter '_to' of StandardToken.transferFrom (/../data/reentrancy/solidity_contract/14945.sol#66) is not in mixedCase
Parameter '_value' of StandardToken.transferFrom (/../data/reentrancy/solidity_contract/14945.sol#66) is not in mixedCase
Parameter '_spender' of StandardToken.approve (/../data/reentrancy/solidity_contract/14945.sol#77) is not in mixedCase
Parameter '_value' of StandardToken.approve (/../data/reentrancy/solidity_contract/14945.sol#77) is not in mixedCase
Parameter '_spender' of StandardToken.increaseApproval (/../data/reentrancy/solidity_contract/14945.sol#85) is not in mixedCase
Parameter '_addedValue' of StandardToken.increaseApproval (/../data/reentrancy/solidity_contract/14945.sol#85) is not in mixedCase
Parameter '_spender' of StandardToken.decreaseApproval (/../data/reentrancy/solidity_contract/14945.sol#90) is not in mixedCase
Parameter '_subtractedValue' of StandardToken.decreaseApproval (/../data/reentrancy/solidity_contract/14945.sol#90) is not in mixedCase
Function 'StudToken.StudToken' (/../data/reentrancy/solidity_contract/14945.sol#110-113) is not in mixedCase
Parameter '_initialAmount' of StudToken.StudToken (/../data/reentrancy/solidity_contract/14945.sol#110) is not in mixedCase
Parameter '_spender' of StudToken.approveAndCall (/../data/reentrancy/solidity_contract/14945.sol#114) is not in mixedCase
Parameter '_value' of StudToken.approveAndCall (/../data/reentrancy/solidity_contract/14945.sol#114) is not in mixedCase
Parameter '_data' of StudToken.approveAndCall (/../data/reentrancy/solidity_contract/14945.sol#114) is not in mixedCase
Constant 'StudToken.version' (/../data/reentrancy/solidity_contract/14945.sol#109) is not in UPPER_CASE_WITH_UNDERSCORES
Reference: https://github.com/trailofbits/slither/wiki/Detectors-Documentation#conformance-to-solidity-naming-conventions[0m
INFO:Slither:/../data/reentrancy/solidity_contract/14945.sol analyzed (6 contracts), 36 result(s) found