INFO:Slither:Compilation warnings/errors on /../data/reentrancy/solidity_contract/40340.sol:
/../data/reentrancy/solidity_contract/40340.sol:47:3: Warning: Defining constructors as functions with the same name as the contract is deprecated. Use "constructor(...) { ... }" instead.
  function Etheropt(uint expiration_, string underlying_, uint margin_, uint realityID_, bytes32 factHash_, address ethAddr_, int[] strikes_) {
  ^ (Relevant source part starts here and spans across multiple lines).
/../data/reentrancy/solidity_contract/40340.sol:109:22: Warning: "throw" is deprecated in favour of "revert()", "require()" and "assert()".
    if (msg.value>0) throw;
                     ^---^
/../data/reentrancy/solidity_contract/40340.sol:131:9: Warning: "throw" is deprecated in favour of "revert()", "require()" and "assert()".
        throw;
        ^---^
/../data/reentrancy/solidity_contract/40340.sol:3:1: Warning: Source file does not specify required compiler version!Consider adding "pragma solidity ^0.4.25;"
contract Etheropt {
^ (Relevant source part starts here and spans across multiple lines).
/../data/reentrancy/solidity_contract/40340.sol:207:54: Warning: This declaration shadows an existing declaration.
  function getMoneyness(int strike, uint settlement, uint margin) constant returns(int) {
                                                     ^---------^
/../data/reentrancy/solidity_contract/40340.sol:13:3: The shadowed declaration is here:
  uint public margin;
  ^----------------^

/../data/reentrancy/solidity_contract/40340.sol:79:5: Warning: Invoking events without "emit" prefix is deprecated.
    Deposit(msg.sender, msg.value, accounts[accountIDs[msg.sender]].capital);
    ^----------------------------------------------------------------------^
/../data/reentrancy/solidity_contract/40340.sol:86:9: Warning: Return value of low-level calls not used.
        msg.sender.call.value(amount)();
        ^-----------------------------^
/../data/reentrancy/solidity_contract/40340.sol:87:9: Warning: Invoking events without "emit" prefix is deprecated.
        Withdraw(msg.sender, amount, accounts[accountIDs[msg.sender]].capital);
        ^--------------------------------------------------------------------^
/../data/reentrancy/solidity_contract/40340.sol:129:9: Warning: Invoking events without "emit" prefix is deprecated.
        NewMarketMaker(msg.sender, server);
        ^--------------------------------^
/../data/reentrancy/solidity_contract/40340.sol:176:21: Warning: "sha3" has been deprecated in favour of "keccak256"
      if (ecrecover(sha3(factHash, value), v, r, s) == ethAddr) {
                    ^-------------------^
/../data/reentrancy/solidity_contract/40340.sol:176:21: Warning: This function only accepts a single "bytes" argument. Please use "abi.encodePacked(...)" or a similar function to encode the data.
      if (ecrecover(sha3(factHash, value), v, r, s) == ethAddr) {
                    ^-------------------^
/../data/reentrancy/solidity_contract/40340.sol:196:13: Warning: Return value of low-level calls not used.
            accounts[accountID].user.call.value(amountToSend)();
            ^-------------------------------------------------^
/../data/reentrancy/solidity_contract/40340.sol:197:13: Warning: Invoking events without "emit" prefix is deprecated.
            Expire(msg.sender, accounts[accountID].user);
            ^------------------------------------------^
/../data/reentrancy/solidity_contract/40340.sol:232:77: Warning: "sha3" has been deprecated in favour of "keccak256"
 ... sha3(optionID, price, size, orderID, blockExpires) ... 
     ^------------------------------------------------^
/../data/reentrancy/solidity_contract/40340.sol:232:77: Warning: This function only accepts a single "bytes" argument. Please use "abi.encodePacked(...)" or a similar function to encode the data.
 ... sha3(optionID, price, size, orderID, blockExpires) ... 
     ^------------------------------------------------^
/../data/reentrancy/solidity_contract/40340.sol:232:186: Warning: "sha3" has been deprecated in favour of "keccak256"
 ... sha3(optionID, price, size, orderID, blockExpires) ... 
     ^------------------------------------------------^
/../data/reentrancy/solidity_contract/40340.sol:232:186: Warning: This function only accepts a single "bytes" argument. Please use "abi.encodePacked(...)" or a similar function to encode the data.
 ... sha3(optionID, price, size, orderID, blockExpires) ... 
     ^------------------------------------------------^
/../data/reentrancy/solidity_contract/40340.sol:240:20: Warning: This function only accepts a single "bytes" argument. Please use "abi.encodePacked(...)" or a similar function to encode the data.
    bytes32 hash = sha256(optionID, price, size, orderID, blockExpires);
                   ^--------------------------------------------------^
/../data/reentrancy/solidity_contract/40340.sol:255:7: Warning: Invoking events without "emit" prefix is deprecated.
      OrderMatch(msg.sender, matchSize, addr, size, optionID, price);
      ^------------------------------------------------------------^
/../data/reentrancy/solidity_contract/40340.sol:257:7: Warning: Invoking events without "emit" prefix is deprecated.
      OrderMatchFailure(msg.sender, matchSize, addr, size, optionID, price);
      ^-------------------------------------------------------------------^
/../data/reentrancy/solidity_contract/40340.sol:47:3: Warning: No visibility specified. Defaulting to "public". 
  function Etheropt(uint expiration_, string underlying_, uint margin_, uint realityID_, bytes32 factHash_, address ethAddr_, int[] strikes_) {
  ^ (Relevant source part starts here and spans across multiple lines).
/../data/reentrancy/solidity_contract/40340.sol:62:3: Warning: No visibility specified. Defaulting to "public". 
  function getAccountID(address user) constant returns(uint) {
  ^ (Relevant source part starts here and spans across multiple lines).
/../data/reentrancy/solidity_contract/40340.sol:66:3: Warning: No visibility specified. Defaulting to "public". 
  function getAccount(uint accountID) constant returns(address) {
  ^ (Relevant source part starts here and spans across multiple lines).
/../data/reentrancy/solidity_contract/40340.sol:70:3: Warning: No visibility specified. Defaulting to "public". 
  function addFunds() {
  ^ (Relevant source part starts here and spans across multiple lines).
/../data/reentrancy/solidity_contract/40340.sol:72:55: Warning: "msg.value" used in non-payable function. Do you want to add the "payable" modifier to this function?
      accounts[accountIDs[msg.sender]].capital += int(msg.value);
                                                      ^-------^
/../data/reentrancy/solidity_contract/40340.sol:76:42: Warning: "msg.value" used in non-payable function. Do you want to add the "payable" modifier to this function?
      accounts[accountID].capital += int(msg.value);
                                         ^-------^
/../data/reentrancy/solidity_contract/40340.sol:79:25: Warning: "msg.value" used in non-payable function. Do you want to add the "payable" modifier to this function?
    Deposit(msg.sender, msg.value, accounts[accountIDs[msg.sender]].capital);
                        ^-------^
/../data/reentrancy/solidity_contract/40340.sol:82:3: Warning: No visibility specified. Defaulting to "public". 
  function withdrawFunds(uint amount) {
  ^ (Relevant source part starts here and spans across multiple lines).
/../data/reentrancy/solidity_contract/40340.sol:92:3: Warning: No visibility specified. Defaulting to "public". 
  function getFunds(address user, bool onlyAvailable) constant returns(int) {
  ^ (Relevant source part starts here and spans across multiple lines).
/../data/reentrancy/solidity_contract/40340.sol:104:3: Warning: No visibility specified. Defaulting to "public". 
  function getFundsAndAvailable(address user) constant returns(int, int) {
  ^ (Relevant source part starts here and spans across multiple lines).
/../data/reentrancy/solidity_contract/40340.sol:108:3: Warning: No visibility specified. Defaulting to "public". 
  function marketMaker(string server) {
  ^ (Relevant source part starts here and spans across multiple lines).
/../data/reentrancy/solidity_contract/40340.sol:109:9: Warning: "msg.value" used in non-payable function. Do you want to add the "payable" modifier to this function?
    if (msg.value>0) throw;
        ^-------^
/../data/reentrancy/solidity_contract/40340.sol:136:3: Warning: No visibility specified. Defaulting to "public". 
  function getMarketMakers() constant returns(string, string, string, string, string, string) {
  ^ (Relevant source part starts here and spans across multiple lines).
/../data/reentrancy/solidity_contract/40340.sol:144:3: Warning: No visibility specified. Defaulting to "public". 
  function getMarketMakerFunds() constant returns(int, int, int, int, int, int) {
  ^ (Relevant source part starts here and spans across multiple lines).
/../data/reentrancy/solidity_contract/40340.sol:152:3: Warning: No visibility specified. Defaulting to "public". 
  function getOptionChain() constant returns (uint, string, uint, uint, bytes32, address) {
  ^ (Relevant source part starts here and spans across multiple lines).
/../data/reentrancy/solidity_contract/40340.sol:156:3: Warning: No visibility specified. Defaulting to "public". 
  function getMarket(address user) constant returns(uint[], int[], int[], int[]) {
  ^ (Relevant source part starts here and spans across multiple lines).
/../data/reentrancy/solidity_contract/40340.sol:174:3: Warning: No visibility specified. Defaulting to "public". 
  function expire(uint accountID, uint8 v, bytes32 r, bytes32 s, bytes32 value) {
  ^ (Relevant source part starts here and spans across multiple lines).
/../data/reentrancy/solidity_contract/40340.sol:207:3: Warning: No visibility specified. Defaulting to "public". 
  function getMoneyness(int strike, uint settlement, uint margin) constant returns(int) {
  ^ (Relevant source part starts here and spans across multiple lines).
/../data/reentrancy/solidity_contract/40340.sol:231:3: Warning: No visibility specified. Defaulting to "public". 
  function orderMatchTest(uint optionID, uint price, int size, uint orderID, uint blockExpires, address addr, address sender, uint value, int matchSize) constant returns(bool) {
  ^ (Relevant source part starts here and spans across multiple lines).
/../data/reentrancy/solidity_contract/40340.sol:238:3: Warning: No visibility specified. Defaulting to "public". 
  function orderMatch(uint optionID, uint price, int size, uint orderID, uint blockExpires, address addr, uint8 v, bytes32 r, bytes32 s, int matchSize) {
  ^ (Relevant source part starts here and spans across multiple lines).
/../data/reentrancy/solidity_contract/40340.sol:261:3: Warning: No visibility specified. Defaulting to "public". 
  function getMaxLossAfterTrade(address user, uint optionID, int positionChange, int cashChange) constant returns(int) {
  ^ (Relevant source part starts here and spans across multiple lines).
/../data/reentrancy/solidity_contract/40340.sol:311:3: Warning: No visibility specified. Defaulting to "public". 
  function min(uint a, uint b) constant returns(uint) {
  ^ (Relevant source part starts here and spans across multiple lines).
/../data/reentrancy/solidity_contract/40340.sol:207:3: Warning: Function state mutability can be restricted to pure
  function getMoneyness(int strike, uint settlement, uint margin) constant returns(int) {
  ^ (Relevant source part starts here and spans across multiple lines).
/../data/reentrancy/solidity_contract/40340.sol:274:16: Warning: Function declared as view, but this expression (potentially) modifies the state and thus requires non-payable (the default) or payable.
        pnl += moneySumAtSettlement(user, optionID, positionChange, settlement);
               ^--------------------------------------------------------------^
/../data/reentrancy/solidity_contract/40340.sol:291:16: Warning: Function declared as view, but this expression (potentially) modifies the state and thus requires non-payable (the default) or payable.
        pnl += moneySumAtSettlement(user, optionID, positionChange, settlement);
               ^--------------------------------------------------------------^
/../data/reentrancy/solidity_contract/40340.sol:300:3: Warning: Function state mutability can be restricted to view
  function moneySumAtSettlement(address user, uint optionID, int positionChange, uint settlement) internal returns(int) {
  ^ (Relevant source part starts here and spans across multiple lines).
/../data/reentrancy/solidity_contract/40340.sol:311:3: Warning: Function state mutability can be restricted to pure
  function min(uint a, uint b) constant returns(uint) {
  ^ (Relevant source part starts here and spans across multiple lines).

INFO:Detectors:[92m
Etheropt.getMoneyness.margin (local variable @ /../data/reentrancy/solidity_contract/40340.sol#207) shadows:
	- Etheropt.margin (state variable @ /../data/reentrancy/solidity_contract/40340.sol#13)
Reference: https://github.com/trailofbits/slither/wiki/Detectors-Documentation#local-variable-shadowing[0m
INFO:Detectors:[92m
Deprecated standard detected @ /../data/reentrancy/solidity_contract/40340.sol#109:
	- Usage of "throw" should be replaced with "revert()"
Deprecated standard detected @ /../data/reentrancy/solidity_contract/40340.sol#131:
	- Usage of "throw" should be replaced with "revert()"
Deprecated standard detected @ /../data/reentrancy/solidity_contract/40340.sol#176-203:
	- Usage of "sha3()" should be replaced with "keccak256()"
Deprecated standard detected @ /../data/reentrancy/solidity_contract/40340.sol#232-234:
	- Usage of "sha3()" should be replaced with "keccak256()"
Reference: https://github.com/trailofbits/slither/wiki/Detectors-Documentation#deprecated-standards[0m
INFO:Detectors:[92m
Etheropt.getAccountID (/../data/reentrancy/solidity_contract/40340.sol#62-64) should be declared external
Etheropt.getAccount (/../data/reentrancy/solidity_contract/40340.sol#66-68) should be declared external
Etheropt.withdrawFunds (/../data/reentrancy/solidity_contract/40340.sol#82-90) should be declared external
Etheropt.getFundsAndAvailable (/../data/reentrancy/solidity_contract/40340.sol#104-106) should be declared external
Etheropt.marketMaker (/../data/reentrancy/solidity_contract/40340.sol#108-134) should be declared external
Etheropt.getMarketMakers (/../data/reentrancy/solidity_contract/40340.sol#136-142) should be declared external
Etheropt.getMarketMakerFunds (/../data/reentrancy/solidity_contract/40340.sol#144-150) should be declared external
Etheropt.getOptionChain (/../data/reentrancy/solidity_contract/40340.sol#152-154) should be declared external
Etheropt.getMarket (/../data/reentrancy/solidity_contract/40340.sol#156-172) should be declared external
Etheropt.expire (/../data/reentrancy/solidity_contract/40340.sol#174-205) should be declared external
Etheropt.orderMatchTest (/../data/reentrancy/solidity_contract/40340.sol#231-236) should be declared external
Etheropt.orderMatch (/../data/reentrancy/solidity_contract/40340.sol#238-259) should be declared external
Etheropt.min (/../data/reentrancy/solidity_contract/40340.sol#311-317) should be declared external
Reference: https://github.com/trailofbits/slither/wiki/Detectors-Documentation#public-function-that-could-be-declared-as-external[0m
INFO:Detectors:[92m
Low level call in Etheropt.withdrawFunds (/../data/reentrancy/solidity_contract/40340.sol#82-90):
	-msg.sender.call.value(amount)() /../data/reentrancy/solidity_contract/40340.sol#86
Low level call in Etheropt.expire (/../data/reentrancy/solidity_contract/40340.sol#174-205):
	-accounts[accountID].user.call.value(amountToSend)() /../data/reentrancy/solidity_contract/40340.sol#196
Reference: https://github.com/trailofbits/slither/wiki/Detectors-Documentation#low-level-calls[0m
INFO:Detectors:[92m
Function 'Etheropt.Etheropt' (/../data/reentrancy/solidity_contract/40340.sol#47-60) is not in mixedCase
Reference: https://github.com/trailofbits/slither/wiki/Detectors-Documentation#conformance-to-solidity-naming-conventions[0m
INFO:Slither:/../data/reentrancy/solidity_contract/40340.sol analyzed (1 contracts), 21 result(s) found