INFO:root:Contract /../data/reentrancy/solidity_contract/21900.sol:BasicToken:
INFO:symExec:Running, please wait...
INFO:symExec:	============ Results ===========
INFO:symExec:	 EVM code coverage: 	 99.8%
INFO:symExec:	 Money flow:    	 False
INFO:symExec:	 Balance disorder: 	 False
INFO:symExec:	 Hidden transfer: 	 False
INFO:symExec:	 Inheritance disorder: 	 False
INFO:symExec:	 Uninitialised struct: 	 False
INFO:symExec:	 Type overflow: 	 False
INFO:symExec:	 Skip empty string: 	 False
INFO:symExec:	 Hidden state update: 	 False
INFO:symExec:	 Straw man contract: 	 False
INFO:symExec:	 --- 1.47333598137 seconds ---
INFO:symExec:	====== Analysis Completed ======
INFO:root:Contract /../data/reentrancy/solidity_contract/21900.sol:Crowdsale:
INFO:symExec:Running, please wait...
INFO:symExec:	============ Results ===========
INFO:symExec:	 EVM code coverage: 	 100.0%
INFO:symExec:	 Money flow:    	 True
INFO:symExec:	 Balance disorder: 	 False
INFO:symExec:	 Hidden transfer: 	 False
INFO:symExec:	 Inheritance disorder: 	 False
INFO:symExec:	 Uninitialised struct: 	 False
INFO:symExec:	 Type overflow: 	 False
INFO:symExec:	 Skip empty string: 	 False
INFO:symExec:	 Hidden state update: 	 False
INFO:symExec:	 Straw man contract: 	 False
INFO:symExec:	 --- 54.6438548565 seconds ---
INFO:symExec:	====== Analysis Completed ======
INFO:root:Contract /../data/reentrancy/solidity_contract/21900.sol:GGPCToken:
INFO:symExec:Running, please wait...