INFO:Slither:Compilation warnings/errors on /../data/reentrancy/solidity_contract/27248.sol:
/../data/reentrancy/solidity_contract/27248.sol:9:3: Warning: Defining constructors as functions with the same name as the contract is deprecated. Use "constructor(...) { ... }" instead.
  function SimpleMultiSig(uint threshold_, address[] owners_) public {
  ^ (Relevant source part starts here and spans across multiple lines).
/../data/reentrancy/solidity_contract/27248.sol:28:22: Warning: This function only accepts a single "bytes" argument. Please use "abi.encodePacked(...)" or a similar function to encode the data.
    bytes32 txHash = keccak256(byte(0x19), byte(0), address(this), destination, value, data, nonce);
                     ^----------------------------------------------------------------------------^

INFO:Detectors:[92m
SimpleMultiSig.execute (/../data/reentrancy/solidity_contract/27248.sol#23-39) should be declared external
SimpleMultiSig.fallback (/../data/reentrancy/solidity_contract/27248.sol#41) should be declared external
Reference: https://github.com/trailofbits/slither/wiki/Detectors-Documentation#public-function-that-could-be-declared-as-external[0m
INFO:Detectors:[92m
Detected issues with version pragma in /../data/reentrancy/solidity_contract/27248.sol:
	- pragma solidity^0.4.18 (/../data/reentrancy/solidity_contract/27248.sol#1): it allows old versions
Reference: https://github.com/trailofbits/slither/wiki/Detectors-Documentation#incorrect-version-of-solidity[0m
INFO:Detectors:[92m
Low level call in SimpleMultiSig.execute (/../data/reentrancy/solidity_contract/27248.sol#23-39):
	-require(bool)(destination.call.value(value)(data)) /../data/reentrancy/solidity_contract/27248.sol#38
Reference: https://github.com/trailofbits/slither/wiki/Detectors-Documentation#low-level-calls[0m
INFO:Detectors:[92m
Function 'SimpleMultiSig.SimpleMultiSig' (/../data/reentrancy/solidity_contract/27248.sol#9-20) is not in mixedCase
Reference: https://github.com/trailofbits/slither/wiki/Detectors-Documentation#conformance-to-solidity-naming-conventions[0m
INFO:Slither:/../data/reentrancy/solidity_contract/27248.sol analyzed (1 contracts), 5 result(s) found