INFO:root:Contract /../data/reentrancy/solidity_contract/39817.sol:ProfitContainerAdapter:
INFO:symExec:Running, please wait...
INFO:symExec:	============ Results ===========
INFO:symExec:	  EVM code coverage: 	 99.9%
INFO:symExec:	  Arithmetic bugs: 	 False
INFO:symExec:	  └> Overflow bugs: 	 False
INFO:symExec:	  └> Underflow bugs: 	 False
INFO:symExec:	  └> Division bugs: 	 False
INFO:symExec:	  └> Modulo bugs:   	 False
INFO:symExec:	  └> Truncation bugs: 	 False
INFO:symExec:	  └> Signedness bugs: 	 False
INFO:symExec:	  Callstack bug: 	 False
INFO:symExec:	  Concurrency bug: 	 False
INFO:symExec:	  Time dependency bug: 	 False
INFO:symExec:	  Reentrancy bug: 	 True
/../data/reentrancy/solidity_contract/39817.sol:ProfitContainerAdapter:470:16
profitContainerLocation.call.value(this.balance)()
^
INFO:symExec:	 --- 2.02745294571 seconds ---
INFO:symExec:	====== Analysis Completed ======
INFO:root:Contract /../data/reentrancy/solidity_contract/39817.sol:SafeMath:
INFO:symExec:Running, please wait...
INFO:symExec:	============ Results ===========
INFO:symExec:	  EVM code coverage: 	 100.0%
INFO:symExec:	  Arithmetic bugs: 	 False
INFO:symExec:	  └> Overflow bugs: 	 False
INFO:symExec:	  └> Underflow bugs: 	 False
INFO:symExec:	  └> Division bugs: 	 False
INFO:symExec:	  └> Modulo bugs:   	 False
INFO:symExec:	  └> Truncation bugs: 	 False
INFO:symExec:	  └> Signedness bugs: 	 False
INFO:symExec:	  Callstack bug: 	 False
INFO:symExec:	  Concurrency bug: 	 False
INFO:symExec:	  Time dependency bug: 	 False
INFO:symExec:	  Reentrancy bug: 	 False
INFO:symExec:	 --- 0.0221829414368 seconds ---
INFO:symExec:	====== Analysis Completed ======
INFO:root:Contract /../data/reentrancy/solidity_contract/39817.sol:ShopKeeper:
INFO:symExec:Running, please wait...
INFO:symExec:	============ Results ===========
INFO:symExec:	  EVM code coverage: 	 69.0%
INFO:symExec:	  Arithmetic bugs: 	 False
INFO:symExec:	  └> Overflow bugs: 	 False
INFO:symExec:	  └> Underflow bugs: 	 False
INFO:symExec:	  └> Division bugs: 	 False
INFO:symExec:	  └> Modulo bugs:   	 False
INFO:symExec:	  └> Truncation bugs: 	 False
INFO:symExec:	  └> Signedness bugs: 	 False
INFO:symExec:	  Callstack bug: 	 False
INFO:symExec:	  Concurrency bug: 	 False
INFO:symExec:	  Time dependency bug: 	 False
INFO:symExec:	  Reentrancy bug: 	 False
INFO:symExec:	 --- 8.44935488701 seconds ---
INFO:symExec:	====== Analysis Completed ======
INFO:root:Contract /../data/reentrancy/solidity_contract/39817.sol:Token:
INFO:symExec:Running, please wait...
INFO:symExec:	============ Results ===========
INFO:symExec:	  EVM code coverage: 	 99.9%
INFO:symExec:	  Arithmetic bugs: 	 False
INFO:symExec:	  └> Overflow bugs: 	 False
INFO:symExec:	  └> Underflow bugs: 	 False
INFO:symExec:	  └> Division bugs: 	 False
INFO:symExec:	  └> Modulo bugs:   	 False
INFO:symExec:	  └> Truncation bugs: 	 False
INFO:symExec:	  └> Signedness bugs: 	 False
INFO:symExec:	  Callstack bug: 	 False
INFO:symExec:	  Concurrency bug: 	 False
INFO:symExec:	  Time dependency bug: 	 False
INFO:symExec:	  Reentrancy bug: 	 False
INFO:symExec:	 --- 32.6508378983 seconds ---
INFO:symExec:	====== Analysis Completed ======
INFO:root:Contract /../data/reentrancy/solidity_contract/39817.sol:ValueToken:
INFO:symExec:Running, please wait...
INFO:symExec:	============ Results ===========
INFO:symExec:	  EVM code coverage: 	 31.3%
INFO:symExec:	  Arithmetic bugs: 	 False
INFO:symExec:	  └> Overflow bugs: 	 False
INFO:symExec:	  └> Underflow bugs: 	 False
INFO:symExec:	  └> Division bugs: 	 False
INFO:symExec:	  └> Modulo bugs:   	 False
INFO:symExec:	  └> Truncation bugs: 	 False
INFO:symExec:	  └> Signedness bugs: 	 False
INFO:symExec:	  Callstack bug: 	 False
INFO:symExec:	  Concurrency bug: 	 False
INFO:symExec:	  Time dependency bug: 	 False
INFO:symExec:	  Reentrancy bug: 	 False
INFO:symExec:	 --- 53.0318748951 seconds ---
INFO:symExec:	====== Analysis Completed ======
INFO:root:Contract /../data/reentrancy/solidity_contract/39817.sol:ValueTrader:
INFO:symExec:Running, please wait...
INFO:symExec:	============ Results ===========
INFO:symExec:	  EVM code coverage: 	 56.0%
INFO:symExec:	  Arithmetic bugs: 	 False
INFO:symExec:	  └> Overflow bugs: 	 False
INFO:symExec:	  └> Underflow bugs: 	 False
INFO:symExec:	  └> Division bugs: 	 False
INFO:symExec:	  └> Modulo bugs:   	 False
INFO:symExec:	  └> Truncation bugs: 	 False
INFO:symExec:	  └> Signedness bugs: 	 False
INFO:symExec:	  Callstack bug: 	 True
/../data/reentrancy/solidity_contract/39817.sol:ValueTrader:317:18
msg.sender.call.value(outValue)()
^
/../data/reentrancy/solidity_contract/39817.sol:ValueTrader:303:16
msg.sender.call.value(amount)()
^
INFO:symExec:	  Concurrency bug: 	 False
INFO:symExec:	  Time dependency bug: 	 False
INFO:symExec:	  Reentrancy bug: 	 False
INFO:symExec:	 --- 36.4899811745 seconds ---
INFO:symExec:	====== Analysis Completed ======

  .oooooo.             o8o            o8o          
 d8P'  `Y8b            `"'            `"'          
888      888  .oooo.o oooo  oooo d8b oooo   .oooo.o
888      888 d88(  "8 `888  `888""8P `888  d88(  "8
888      888 `"Y88b.   888   888      888  `"Y88b. 
`88b    d88' o.  )88b  888   888      888  o.  )88b
 `Y8bood8P'  8""888P' o888o d888b    o888o 8""888P'






!!! SYMBOLIC EXECUTION TIMEOUT !!!