INFO:Slither:Compilation warnings/errors on /../data/reentrancy/solidity_contract/23387.sol:
/../data/reentrancy/solidity_contract/23387.sol:111:5: Warning: Defining constructors as functions with the same name as the contract is deprecated. Use "constructor(...) { ... }" instead.
    function MultiSigWallet(address[] _owners, uint _required)
    ^ (Relevant source part starts here and spans across multiple lines).
/../data/reentrancy/solidity_contract/23387.sol:104:13: Warning: Invoking events without "emit" prefix is deprecated.
            Deposit(msg.sender, msg.value);
            ^----------------------------^
/../data/reentrancy/solidity_contract/23387.sol:134:9: Warning: Invoking events without "emit" prefix is deprecated.
        OwnerAddition(owner);
        ^------------------^
/../data/reentrancy/solidity_contract/23387.sol:153:9: Warning: Invoking events without "emit" prefix is deprecated.
        OwnerRemoval(owner);
        ^-----------------^
/../data/reentrancy/solidity_contract/23387.sol:172:9: Warning: Invoking events without "emit" prefix is deprecated.
        OwnerRemoval(owner);
        ^-----------------^
/../data/reentrancy/solidity_contract/23387.sol:173:9: Warning: Invoking events without "emit" prefix is deprecated.
        OwnerAddition(newOwner);
        ^---------------------^
/../data/reentrancy/solidity_contract/23387.sol:184:9: Warning: Invoking events without "emit" prefix is deprecated.
        RequirementChange(_required);
        ^--------------------------^
/../data/reentrancy/solidity_contract/23387.sol:201:9: Warning: Invoking events without "emit" prefix is deprecated.
        Confirmation(msg.sender, transactionId);
        ^-------------------------------------^
/../data/reentrancy/solidity_contract/23387.sol:214:9: Warning: Invoking events without "emit" prefix is deprecated.
        Revocation(msg.sender, transactionId);
        ^-----------------------------------^
/../data/reentrancy/solidity_contract/23387.sol:224:17: Warning: Invoking events without "emit" prefix is deprecated.
                Execution(transactionId);
                ^----------------------^
/../data/reentrancy/solidity_contract/23387.sol:226:17: Warning: Invoking events without "emit" prefix is deprecated.
                ExecutionFailure(transactionId);
                ^-----------------------------^
/../data/reentrancy/solidity_contract/23387.sol:276:9: Warning: Invoking events without "emit" prefix is deprecated.
        Submission(transactionId);
        ^-----------------------^
/../data/reentrancy/solidity_contract/23387.sol:100:5: Warning: No visibility specified. Defaulting to "public". 
    function()
    ^ (Relevant source part starts here and spans across multiple lines).

INFO:Detectors:[92m
ERC20Interface.totalSupply (/../data/reentrancy/solidity_contract/23387.sol#6) should be declared external
ERC20Interface.balanceOf (/../data/reentrancy/solidity_contract/23387.sol#7) should be declared external
ERC20Interface.transfer (/../data/reentrancy/solidity_contract/23387.sol#8) should be declared external
ERC20Interface.transferFrom (/../data/reentrancy/solidity_contract/23387.sol#9) should be declared external
ERC20Interface.approve (/../data/reentrancy/solidity_contract/23387.sol#10) should be declared external
ERC20Interface.allowance (/../data/reentrancy/solidity_contract/23387.sol#11) should be declared external
MultiSigWallet.fallback (/../data/reentrancy/solidity_contract/23387.sol#100-105) should be declared external
MultiSigWallet.addOwner (/../data/reentrancy/solidity_contract/23387.sol#125-135) should be declared external
MultiSigWallet.removeOwner (/../data/reentrancy/solidity_contract/23387.sol#139-154) should be declared external
MultiSigWallet.replaceOwner (/../data/reentrancy/solidity_contract/23387.sol#159-174) should be declared external
MultiSigWallet.submitTransaction (/../data/reentrancy/solidity_contract/23387.sol#192-195) should be declared external
MultiSigWallet.revokeConfirmation (/../data/reentrancy/solidity_contract/23387.sol#207-215) should be declared external
MultiSigWallet.getConfirmationCount (/../data/reentrancy/solidity_contract/23387.sol#283-291) should be declared external
MultiSigWallet.getTransactionCount (/../data/reentrancy/solidity_contract/23387.sol#297-306) should be declared external
MultiSigWallet.getOwners (/../data/reentrancy/solidity_contract/23387.sol#310-316) should be declared external
MultiSigWallet.getConfirmations (/../data/reentrancy/solidity_contract/23387.sol#321-337) should be declared external
MultiSigWallet.getTransactionIds (/../data/reentrancy/solidity_contract/23387.sol#345-363) should be declared external
MultiSigWallet.claimTokens (/../data/reentrancy/solidity_contract/23387.sol#365-370) should be declared external
Reference: https://github.com/trailofbits/slither/wiki/Detectors-Documentation#public-function-that-could-be-declared-as-external[0m
INFO:Detectors:[92m
Detected issues with version pragma in /../data/reentrancy/solidity_contract/23387.sol:
	- pragma solidity^0.4.15 (/../data/reentrancy/solidity_contract/23387.sol#1): it allows old versions
Reference: https://github.com/trailofbits/slither/wiki/Detectors-Documentation#incorrect-version-of-solidity[0m
INFO:Detectors:[92m
Low level call in MultiSigWallet.executeTransaction (/../data/reentrancy/solidity_contract/23387.sol#219-230):
	-txn.destination.call.value(txn.value)(txn.data) /../data/reentrancy/solidity_contract/23387.sol#223-228
Reference: https://github.com/trailofbits/slither/wiki/Detectors-Documentation#low-level-calls[0m
INFO:Detectors:[92m
Function 'MultiSigWallet.MultiSigWallet' (/../data/reentrancy/solidity_contract/23387.sol#111-121) is not in mixedCase
Parameter '_owners' of MultiSigWallet.MultiSigWallet (/../data/reentrancy/solidity_contract/23387.sol#111) is not in mixedCase
Parameter '_required' of MultiSigWallet.MultiSigWallet (/../data/reentrancy/solidity_contract/23387.sol#111) is not in mixedCase
Parameter '_required' of MultiSigWallet.changeRequirement (/../data/reentrancy/solidity_contract/23387.sol#178) is not in mixedCase
Reference: https://github.com/trailofbits/slither/wiki/Detectors-Documentation#conformance-to-solidity-naming-conventions[0m
INFO:Slither:/../data/reentrancy/solidity_contract/23387.sol analyzed (2 contracts), 24 result(s) found