INFO:Slither:Compilation warnings/errors on /../data/reentrancy/solidity_contract/23166.sol:
/../data/reentrancy/solidity_contract/23166.sol:193:5: Warning: Defining constructors as functions with the same name as the contract is deprecated. Use "constructor(...) { ... }" instead.
    function TorusCoin(uint256 startDatetimeInSeconds, address founderWallet) public {
    ^ (Relevant source part starts here and spans across multiple lines).
/../data/reentrancy/solidity_contract/23166.sol:83:5: Warning: Invoking events without "emit" prefix is deprecated.
    Transfer(msg.sender, _to, _value);
    ^-------------------------------^
/../data/reentrancy/solidity_contract/23166.sol:112:5: Warning: Invoking events without "emit" prefix is deprecated.
    Transfer(_from, _to, _value);
    ^--------------------------^
/../data/reentrancy/solidity_contract/23166.sol:119:5: Warning: Invoking events without "emit" prefix is deprecated.
    Approval(msg.sender, _spender, _value);
    ^------------------------------------^
/../data/reentrancy/solidity_contract/23166.sol:131:5: Warning: Invoking events without "emit" prefix is deprecated.
    Approval(msg.sender, _spender, allowed[msg.sender][_spender]);
    ^-----------------------------------------------------------^
/../data/reentrancy/solidity_contract/23166.sol:143:5: Warning: Invoking events without "emit" prefix is deprecated.
    Approval(msg.sender, _spender, allowed[msg.sender][_spender]);
    ^-----------------------------------------------------------^
/../data/reentrancy/solidity_contract/23166.sol:227:9: Warning: Invoking events without "emit" prefix is deprecated.
        Buy(msg.sender, recipient, msg.value, tokens);
        ^-------------------------------------------^
/../data/reentrancy/solidity_contract/23166.sol:239:9: Warning: Invoking events without "emit" prefix is deprecated.
        AllocateFounderTokens(msg.sender, founder, founderAllocation);
        ^-----------------------------------------------------------^
/../data/reentrancy/solidity_contract/23166.sol:270:9: Warning: Invoking events without "emit" prefix is deprecated.
        AllocateInflatedTokens(msg.sender, holder, tokens);
        ^------------------------------------------------^

INFO:Detectors:[92m
TorusCoin.allocateFounderTokens (/../data/reentrancy/solidity_contract/23166.sol#231-240) uses timestamp for comparisons
	Dangerous comparisons:
	- require(bool)(block.timestamp > endDatetime) (/../data/reentrancy/solidity_contract/23166.sol#232)
TorusCoin.inflate (/../data/reentrancy/solidity_contract/23166.sol#262-272) uses timestamp for comparisons
	Dangerous comparisons:
	- require(bool)(block.timestamp > endDatetime) (/../data/reentrancy/solidity_contract/23166.sol#263)
Reference: https://github.com/trailofbits/slither/wiki/Detectors-Documentation#block-timestamp[0m
INFO:Detectors:[92m
TorusCoin.decimals should be constant (/../data/reentrancy/solidity_contract/23166.sol#156)
TorusCoin.name should be constant (/../data/reentrancy/solidity_contract/23166.sol#154)
TorusCoin.symbol should be constant (/../data/reentrancy/solidity_contract/23166.sol#155)
Reference: https://github.com/trailofbits/slither/wiki/Detectors-Documentation#state-variables-that-could-be-declared-constant[0m
INFO:Detectors:[92m
ForeignToken.balanceOf (/../data/reentrancy/solidity_contract/23166.sol#39) should be declared external
ForeignToken.transfer (/../data/reentrancy/solidity_contract/23166.sol#40) should be declared external
BasicToken.totalSupply (/../data/reentrancy/solidity_contract/23166.sol#71-73) should be declared external
ERC20Basic.totalSupply (/../data/reentrancy/solidity_contract/23166.sol#46) should be declared external
ERC20Basic.balanceOf (/../data/reentrancy/solidity_contract/23166.sol#47) should be declared external
BasicToken.balanceOf (/../data/reentrancy/solidity_contract/23166.sol#88-90) should be declared external
BasicToken.transfer (/../data/reentrancy/solidity_contract/23166.sol#76-85) should be declared external
ERC20Basic.transfer (/../data/reentrancy/solidity_contract/23166.sol#48) should be declared external
ERC20.allowance (/../data/reentrancy/solidity_contract/23166.sol#55) should be declared external
StandardToken.allowance (/../data/reentrancy/solidity_contract/23166.sol#124-126) should be declared external
StandardToken.transferFrom (/../data/reentrancy/solidity_contract/23166.sol#104-114) should be declared external
ERC20.transferFrom (/../data/reentrancy/solidity_contract/23166.sol#56) should be declared external
StandardToken.approve (/../data/reentrancy/solidity_contract/23166.sol#117-121) should be declared external
ERC20.approve (/../data/reentrancy/solidity_contract/23166.sol#57) should be declared external
StandardToken.increaseApproval (/../data/reentrancy/solidity_contract/23166.sol#129-133) should be declared external
StandardToken.decreaseApproval (/../data/reentrancy/solidity_contract/23166.sol#136-145) should be declared external
TorusCoin.fallback (/../data/reentrancy/solidity_contract/23166.sol#203-205) should be declared external
TorusCoin.allocateFounderTokens (/../data/reentrancy/solidity_contract/23166.sol#231-240) should be declared external
TorusCoin.halt (/../data/reentrancy/solidity_contract/23166.sol#243-245) should be declared external
TorusCoin.unhalt (/../data/reentrancy/solidity_contract/23166.sol#247-249) should be declared external
TorusCoin.changeAdmin (/../data/reentrancy/solidity_contract/23166.sol#252-254) should be declared external
TorusCoin.changeFounder (/../data/reentrancy/solidity_contract/23166.sol#257-259) should be declared external
TorusCoin.inflate (/../data/reentrancy/solidity_contract/23166.sol#262-272) should be declared external
TorusCoin.withdrawForeignTokens (/../data/reentrancy/solidity_contract/23166.sol#275-279) should be declared external
Reference: https://github.com/trailofbits/slither/wiki/Detectors-Documentation#public-function-that-could-be-declared-as-external[0m
INFO:Detectors:[92m
Detected issues with version pragma in /../data/reentrancy/solidity_contract/23166.sol:
	- pragma solidity^0.4.18 (/../data/reentrancy/solidity_contract/23166.sol#1): it allows old versions
Reference: https://github.com/trailofbits/slither/wiki/Detectors-Documentation#incorrect-version-of-solidity[0m
INFO:Detectors:[92m
Low level call in TorusCoin.buy (/../data/reentrancy/solidity_contract/23166.sol#208-228):
	-! founder.call.value(msg.value)() /../data/reentrancy/solidity_contract/23166.sol#225
Reference: https://github.com/trailofbits/slither/wiki/Detectors-Documentation#low-level-calls[0m
INFO:Detectors:[92m
Parameter '_owner' of BasicToken.balanceOf (/../data/reentrancy/solidity_contract/23166.sol#88) is not in mixedCase
Parameter '_to' of BasicToken.transfer (/../data/reentrancy/solidity_contract/23166.sol#76) is not in mixedCase
Parameter '_value' of BasicToken.transfer (/../data/reentrancy/solidity_contract/23166.sol#76) is not in mixedCase
Parameter '_owner' of StandardToken.allowance (/../data/reentrancy/solidity_contract/23166.sol#124) is not in mixedCase
Parameter '_spender' of StandardToken.allowance (/../data/reentrancy/solidity_contract/23166.sol#124) is not in mixedCase
Parameter '_from' of StandardToken.transferFrom (/../data/reentrancy/solidity_contract/23166.sol#104) is not in mixedCase
Parameter '_to' of StandardToken.transferFrom (/../data/reentrancy/solidity_contract/23166.sol#104) is not in mixedCase
Parameter '_value' of StandardToken.transferFrom (/../data/reentrancy/solidity_contract/23166.sol#104) is not in mixedCase
Parameter '_spender' of StandardToken.approve (/../data/reentrancy/solidity_contract/23166.sol#117) is not in mixedCase
Parameter '_value' of StandardToken.approve (/../data/reentrancy/solidity_contract/23166.sol#117) is not in mixedCase
Parameter '_spender' of StandardToken.increaseApproval (/../data/reentrancy/solidity_contract/23166.sol#129) is not in mixedCase
Parameter '_addedValue' of StandardToken.increaseApproval (/../data/reentrancy/solidity_contract/23166.sol#129) is not in mixedCase
Parameter '_spender' of StandardToken.decreaseApproval (/../data/reentrancy/solidity_contract/23166.sol#136) is not in mixedCase
Parameter '_subtractedValue' of StandardToken.decreaseApproval (/../data/reentrancy/solidity_contract/23166.sol#136) is not in mixedCase
Function 'TorusCoin.TorusCoin' (/../data/reentrancy/solidity_contract/23166.sol#193-200) is not in mixedCase
Reference: https://github.com/trailofbits/slither/wiki/Detectors-Documentation#conformance-to-solidity-naming-conventions[0m
INFO:Slither:/../data/reentrancy/solidity_contract/23166.sol analyzed (7 contracts), 44 result(s) found