INFO:Slither:Compilation warnings/errors on /../data/reentrancy/solidity_contract/7530.sol:
/../data/reentrancy/solidity_contract/7530.sol:558:5: Warning: Defining constructors as functions with the same name as the contract is deprecated. Use "constructor(...) { ... }" instead.
    function MyWill (address _owner, string _listHeirs, string _listHeirsPercentages, string _listWitnesses, address _club) {
    ^ (Relevant source part starts here and spans across multiple lines).
/../data/reentrancy/solidity_contract/7530.sol:567:9: Warning: Use of the "var" keyword is deprecated.
        var s = _listHeirsPercentages.toSlice().copy();
        ^---^
/../data/reentrancy/solidity_contract/7530.sol:568:9: Warning: Use of the "var" keyword is deprecated.
        var delim = ";".toSlice();
        ^-------^
/../data/reentrancy/solidity_contract/7530.sol:569:9: Warning: Use of the "var" keyword is deprecated.
        var parts = new uint256[](s.count(delim) + 1);
        ^-------^
/../data/reentrancy/solidity_contract/7530.sol:600:9: Warning: Use of the "var" keyword is deprecated.
        var s = listHeirs.toSlice().copy();
        ^---^
/../data/reentrancy/solidity_contract/7530.sol:601:9: Warning: Use of the "var" keyword is deprecated.
        var delim = ";".toSlice();
        ^-------^
/../data/reentrancy/solidity_contract/7530.sol:622:9: Warning: Use of the "var" keyword is deprecated.
        var s = listWitnesses.toSlice().copy();
        ^---^
/../data/reentrancy/solidity_contract/7530.sol:623:9: Warning: Use of the "var" keyword is deprecated.
        var delim = ";".toSlice();
        ^-------^
/../data/reentrancy/solidity_contract/7530.sol:652:13: Warning: Use of the "var" keyword is deprecated.
            var witnessesList = listWitnesses.toSlice().copy();
            ^---------------^
/../data/reentrancy/solidity_contract/7530.sol:653:13: Warning: Use of the "var" keyword is deprecated.
            var witnessesLength = witnessesList.count(";".toSlice()) + 1;
            ^-----------------^
/../data/reentrancy/solidity_contract/7530.sol:654:13: Warning: Use of the "var" keyword is deprecated.
            var needed = 1000000000000000 * witnessesLength + 5000000000000000;  
            ^--------^
/../data/reentrancy/solidity_contract/7530.sol:659:17: Warning: Use of the "var" keyword is deprecated.
                var witnessAddress = parseAddr(witnessesList.split(";".toSlice()).toString());
                ^----------------^
/../data/reentrancy/solidity_contract/7530.sol:684:9: Warning: Use of the "var" keyword is deprecated.
        var users = listWitnesses.toSlice().copy();
        ^-------^
/../data/reentrancy/solidity_contract/7530.sol:700:13: Warning: Use of the "var" keyword is deprecated.
            var  percentages = listHeirsPercentages.toSlice().copy();
            ^--------------^
/../data/reentrancy/solidity_contract/7530.sol:609:16: Warning: This function only accepts a single "bytes" argument. Please use "abi.encodePacked(...)" or a similar function to encode the data.
            if(keccak256(senderStringAddress) == keccak256(s.split(delim).toString())){
               ^----------------------------^
/../data/reentrancy/solidity_contract/7530.sol:609:16: Warning: The provided argument of type string memory is not implicitly convertible to expected type bytes memory.
            if(keccak256(senderStringAddress) == keccak256(s.split(delim).toString())){
               ^----------------------------^
/../data/reentrancy/solidity_contract/7530.sol:609:50: Warning: This function only accepts a single "bytes" argument. Please use "abi.encodePacked(...)" or a similar function to encode the data.
            if(keccak256(senderStringAddress) == keccak256(s.split(delim).toString())){
                                                 ^----------------------------------^
/../data/reentrancy/solidity_contract/7530.sol:609:50: Warning: The provided argument of type string memory is not implicitly convertible to expected type bytes memory.
            if(keccak256(senderStringAddress) == keccak256(s.split(delim).toString())){
                                                 ^----------------------------------^
/../data/reentrancy/solidity_contract/7530.sol:631:16: Warning: This function only accepts a single "bytes" argument. Please use "abi.encodePacked(...)" or a similar function to encode the data.
            if(keccak256(senderStringAddress) == keccak256(s.split(delim).toString())){
               ^----------------------------^
/../data/reentrancy/solidity_contract/7530.sol:631:16: Warning: The provided argument of type string memory is not implicitly convertible to expected type bytes memory.
            if(keccak256(senderStringAddress) == keccak256(s.split(delim).toString())){
               ^----------------------------^
/../data/reentrancy/solidity_contract/7530.sol:631:50: Warning: This function only accepts a single "bytes" argument. Please use "abi.encodePacked(...)" or a similar function to encode the data.
            if(keccak256(senderStringAddress) == keccak256(s.split(delim).toString())){
                                                 ^----------------------------------^
/../data/reentrancy/solidity_contract/7530.sol:631:50: Warning: The provided argument of type string memory is not implicitly convertible to expected type bytes memory.
            if(keccak256(senderStringAddress) == keccak256(s.split(delim).toString())){
                                                 ^----------------------------------^
/../data/reentrancy/solidity_contract/7530.sol:670:13: Warning: Invoking events without "emit" prefix is deprecated.
            Deposit(msg.sender, msg.value - needed);
            ^-------------------------------------^
/../data/reentrancy/solidity_contract/7530.sol:672:13: Warning: Invoking events without "emit" prefix is deprecated.
            Deposit(msg.sender, msg.value);
            ^----------------------------^
/../data/reentrancy/solidity_contract/7530.sol:679:18: Warning: Using contract member "balance" inherited from the address type is deprecated. Convert the contract to "address" type to access the member, for example use "address(contract).balance" instead.
        require (this.balance > 0);
                 ^----------^
/../data/reentrancy/solidity_contract/7530.sol:704:77: Warning: Using contract member "balance" inherited from the address type is deprecated. Convert the contract to "address" type to access the member, for example use "address(contract).balance" instead.
 ... this.balance ... 
     ^----------^
/../data/reentrancy/solidity_contract/7530.sol:708:71: Warning: Using contract member "balance" inherited from the address type is deprecated. Convert the contract to "address" type to access the member, for example use "address(contract).balance" instead.
            parseAddr(users.split(";".toSlice()).toString()).transfer(this.balance);
                                                                      ^----------^
/../data/reentrancy/solidity_contract/7530.sol:715:9: Warning: Invoking events without "emit" prefix is deprecated.
        SingleTransact(msg.sender, _value, _to, _data);
        ^--------------------------------------------^
/../data/reentrancy/solidity_contract/7530.sol:716:9: Warning: Return value of low-level calls not used.
        _to.call.value(_value)(_data);
        ^---------------------------^
/../data/reentrancy/solidity_contract/7530.sol:558:5: Warning: No visibility specified. Defaulting to "public". 
    function MyWill (address _owner, string _listHeirs, string _listHeirsPercentages, string _listWitnesses, address _club) {
    ^ (Relevant source part starts here and spans across multiple lines).
/../data/reentrancy/solidity_contract/7530.sol:647:5: Warning: No visibility specified. Defaulting to "public". 
    function () payable onlyAlive {
    ^ (Relevant source part starts here and spans across multiple lines).
/../data/reentrancy/solidity_contract/7530.sol:677:5: Warning: No visibility specified. Defaulting to "public". 
    function ownerDied() onlyWitness onlyAlive {
    ^ (Relevant source part starts here and spans across multiple lines).
/../data/reentrancy/solidity_contract/7530.sol:719:5: Warning: No visibility specified. Defaulting to "public". 
    function isOwner() returns (bool){
    ^ (Relevant source part starts here and spans across multiple lines).
/../data/reentrancy/solidity_contract/7530.sol:723:5: Warning: No visibility specified. Defaulting to "public". 
    function getStatus() returns (Status){
    ^ (Relevant source part starts here and spans across multiple lines).
/../data/reentrancy/solidity_contract/7530.sol:727:5: Warning: No visibility specified. Defaulting to "public". 
    function getHeirs() returns (string, string) {
    ^ (Relevant source part starts here and spans across multiple lines).
/../data/reentrancy/solidity_contract/7530.sol:731:5: Warning: No visibility specified. Defaulting to "public". 
    function getWitnesses() returns (string) {
    ^ (Relevant source part starts here and spans across multiple lines).
/../data/reentrancy/solidity_contract/7530.sol:735:5: Warning: No visibility specified. Defaulting to "public". 
    function getWitnessesCount() returns (uint) {
    ^ (Relevant source part starts here and spans across multiple lines).
/../data/reentrancy/solidity_contract/7530.sol:739:5: Warning: No visibility specified. Defaulting to "public". 
    function getBalance() constant returns (uint) {
    ^ (Relevant source part starts here and spans across multiple lines).
/../data/reentrancy/solidity_contract/7530.sol:743:5: Warning: No visibility specified. Defaulting to "public". 
    function hasVoted() returns (bool){
    ^ (Relevant source part starts here and spans across multiple lines).
/../data/reentrancy/solidity_contract/7530.sol:719:5: Warning: Function state mutability can be restricted to view
    function isOwner() returns (bool){
    ^ (Relevant source part starts here and spans across multiple lines).
/../data/reentrancy/solidity_contract/7530.sol:723:5: Warning: Function state mutability can be restricted to view
    function getStatus() returns (Status){
    ^ (Relevant source part starts here and spans across multiple lines).
/../data/reentrancy/solidity_contract/7530.sol:727:5: Warning: Function state mutability can be restricted to view
    function getHeirs() returns (string, string) {
    ^ (Relevant source part starts here and spans across multiple lines).
/../data/reentrancy/solidity_contract/7530.sol:731:5: Warning: Function state mutability can be restricted to view
    function getWitnesses() returns (string) {
    ^ (Relevant source part starts here and spans across multiple lines).
/../data/reentrancy/solidity_contract/7530.sol:735:5: Warning: Function state mutability can be restricted to view
    function getWitnessesCount() returns (uint) {
    ^ (Relevant source part starts here and spans across multiple lines).
/../data/reentrancy/solidity_contract/7530.sol:751:5: Warning: Function state mutability can be restricted to pure
    function stringToUint(string s) constant private returns (uint result) {
    ^ (Relevant source part starts here and spans across multiple lines).
/../data/reentrancy/solidity_contract/7530.sol:777:5: Warning: Function state mutability can be restricted to pure
    function char(byte b) private returns (byte c) {
    ^ (Relevant source part starts here and spans across multiple lines).
/../data/reentrancy/solidity_contract/7530.sol:783:5: Warning: Function state mutability can be restricted to pure
    function parseAddr(string _a) internal returns (address){
    ^ (Relevant source part starts here and spans across multiple lines).

INFO:Detectors:[91m
MyWill.fallback (/../data/reentrancy/solidity_contract/7530.sol#647-674) sends eth to arbitrary user
	Dangerous calls:
	- club.transfer(5000000000000000) (/../data/reentrancy/solidity_contract/7530.sol#664)
Reference: https://github.com/trailofbits/slither/wiki/Detectors-Documentation#functions-that-send-ether-to-arbitrary-destinations[0m
INFO:Detectors:[93m
strings.memcpy (/../data/reentrancy/solidity_contract/7530.sol#9-26) is declared view but contains assembly code
strings.toSlice (/../data/reentrancy/solidity_contract/7530.sol#29-35) is declared view but contains assembly code
strings.toSliceB32 (/../data/reentrancy/solidity_contract/7530.sol#65-74) is declared view but contains assembly code
strings.toString (/../data/reentrancy/solidity_contract/7530.sol#82-89) is declared view but contains assembly code
strings.len (/../data/reentrancy/solidity_contract/7530.sol#92-113) is declared view but contains assembly code
strings.compare (/../data/reentrancy/solidity_contract/7530.sol#121-149) is declared view but contains assembly code
strings.nextRune (/../data/reentrancy/solidity_contract/7530.sol#157-191) is declared view but contains assembly code
strings.ord (/../data/reentrancy/solidity_contract/7530.sol#199-241) is declared view but contains assembly code
strings.keccak (/../data/reentrancy/solidity_contract/7530.sol#244-248) is declared view but contains assembly code
strings.startsWith (/../data/reentrancy/solidity_contract/7530.sol#251-268) is declared view but contains assembly code
strings.beyond (/../data/reentrancy/solidity_contract/7530.sol#271-292) is declared view but contains assembly code
strings.endsWith (/../data/reentrancy/solidity_contract/7530.sol#295-314) is declared view but contains assembly code
strings.until (/../data/reentrancy/solidity_contract/7530.sol#317-337) is declared view but contains assembly code
strings.findPtr (/../data/reentrancy/solidity_contract/7530.sol#343-380) is declared view but contains assembly code
strings.rfindPtr (/../data/reentrancy/solidity_contract/7530.sol#384-420) is declared view but contains assembly code
strings.concat (/../data/reentrancy/solidity_contract/7530.sol#491-498) is declared view but contains assembly code
strings.join (/../data/reentrancy/solidity_contract/7530.sol#501-523) is declared view but contains assembly code
Reference: https://github.com/trailofbits/slither/wiki/Detectors-Documentation#constant-functions-changing-the-state[0m
INFO:Detectors:[93m
ret in strings.len (/../data/reentrancy/solidity_contract/7530.sol#39) is a local variable never initialiazed
Reference: https://github.com/trailofbits/slither/wiki/Detectors-Documentation#uninitialized-local-variables[0m
INFO:Detectors:[92m
strings.memcpy.len (local variable @ /../data/reentrancy/solidity_contract/7530.sol#9) shadows:
	- strings.len (function @ /../data/reentrancy/solidity_contract/7530.sol#38-62)
	- strings.len (function @ /../data/reentrancy/solidity_contract/7530.sol#92-113)
Reference: https://github.com/trailofbits/slither/wiki/Detectors-Documentation#local-variable-shadowing[0m
INFO:Detectors:[92m
MyWill.fallback has external calls inside a loop:
	- witnessAddress.transfer(1000000000000000) (/../data/reentrancy/solidity_contract/7530.sol#660)
MyWill.ownerDied has external calls inside a loop:
	- parseAddr(users.split(;.toSlice()).toString()).transfer(((this.balance * stringToUint(percentages.split(;.toSlice()).toString())) / 100000)) (/../data/reentrancy/solidity_contract/7530.sol#704)
Reference: https://github.com/trailofbits/slither/wiki/Detectors-Documentation/_edit#calls-inside-a-loop[0m
INFO:Detectors:[92m
strings.memcpy uses assembly (/../data/reentrancy/solidity_contract/7530.sol#9-26)
	- /../data/reentrancy/solidity_contract/7530.sol#12-15
	- /../data/reentrancy/solidity_contract/7530.sol#21-26
strings.toSlice uses assembly (/../data/reentrancy/solidity_contract/7530.sol#29-35)
	- /../data/reentrancy/solidity_contract/7530.sol#31-34
strings.toSliceB32 uses assembly (/../data/reentrancy/solidity_contract/7530.sol#65-74)
	- /../data/reentrancy/solidity_contract/7530.sol#67-73
strings.toString uses assembly (/../data/reentrancy/solidity_contract/7530.sol#82-89)
	- /../data/reentrancy/solidity_contract/7530.sol#85-87
strings.len uses assembly (/../data/reentrancy/solidity_contract/7530.sol#92-113)
	- /../data/reentrancy/solidity_contract/7530.sol#98-99
strings.compare uses assembly (/../data/reentrancy/solidity_contract/7530.sol#121-149)
	- /../data/reentrancy/solidity_contract/7530.sol#131-135
strings.nextRune uses assembly (/../data/reentrancy/solidity_contract/7530.sol#157-191)
	- /../data/reentrancy/solidity_contract/7530.sol#168-169
strings.ord uses assembly (/../data/reentrancy/solidity_contract/7530.sol#199-241)
	- /../data/reentrancy/solidity_contract/7530.sol#209-210
strings.keccak uses assembly (/../data/reentrancy/solidity_contract/7530.sol#244-248)
	- /../data/reentrancy/solidity_contract/7530.sol#245-248
strings.startsWith uses assembly (/../data/reentrancy/solidity_contract/7530.sol#251-268)
	- /../data/reentrancy/solidity_contract/7530.sol#261-267
strings.beyond uses assembly (/../data/reentrancy/solidity_contract/7530.sol#271-292)
	- /../data/reentrancy/solidity_contract/7530.sol#278-284
strings.endsWith uses assembly (/../data/reentrancy/solidity_contract/7530.sol#295-314)
	- /../data/reentrancy/solidity_contract/7530.sol#307-313
strings.until uses assembly (/../data/reentrancy/solidity_contract/7530.sol#317-337)
	- /../data/reentrancy/solidity_contract/7530.sol#325-330
strings.findPtr uses assembly (/../data/reentrancy/solidity_contract/7530.sol#343-380)
	- /../data/reentrancy/solidity_contract/7530.sol#352-354
	- /../data/reentrancy/solidity_contract/7530.sol#356-358
	- /../data/reentrancy/solidity_contract/7530.sol#362-363
	- /../data/reentrancy/solidity_contract/7530.sol#368-370
	- /../data/reentrancy/solidity_contract/7530.sol#372-373
strings.rfindPtr uses assembly (/../data/reentrancy/solidity_contract/7530.sol#384-420)
	- /../data/reentrancy/solidity_contract/7530.sol#392-394
	- /../data/reentrancy/solidity_contract/7530.sol#396-398
	- /../data/reentrancy/solidity_contract/7530.sol#402-403
	- /../data/reentrancy/solidity_contract/7530.sol#408-409
	- /../data/reentrancy/solidity_contract/7530.sol#412-413
strings.concat uses assembly (/../data/reentrancy/solidity_contract/7530.sol#491-498)
	- /../data/reentrancy/solidity_contract/7530.sol#494-495
strings.join uses assembly (/../data/reentrancy/solidity_contract/7530.sol#501-523)
	- /../data/reentrancy/solidity_contract/7530.sol#511-513
Reference: https://github.com/trailofbits/slither/wiki/Detectors-Documentation#assembly-usage[0m
INFO:Detectors:[92m
MyWill.fallback (/../data/reentrancy/solidity_contract/7530.sol#647-674) should be declared external
MyWill.ownerDied (/../data/reentrancy/solidity_contract/7530.sol#677-712) should be declared external
MyWill.isOwner (/../data/reentrancy/solidity_contract/7530.sol#719-721) should be declared external
MyWill.getStatus (/../data/reentrancy/solidity_contract/7530.sol#723-725) should be declared external
MyWill.getHeirs (/../data/reentrancy/solidity_contract/7530.sol#727-729) should be declared external
MyWill.getWitnesses (/../data/reentrancy/solidity_contract/7530.sol#731-733) should be declared external
MyWill.getWitnessesCount (/../data/reentrancy/solidity_contract/7530.sol#735-737) should be declared external
MyWill.getBalance (/../data/reentrancy/solidity_contract/7530.sol#739-741) should be declared external
MyWill.hasVoted (/../data/reentrancy/solidity_contract/7530.sol#743-745) should be declared external
Reference: https://github.com/trailofbits/slither/wiki/Detectors-Documentation#public-function-that-could-be-declared-as-external[0m
INFO:Detectors:[92m
Detected issues with version pragma in /../data/reentrancy/solidity_contract/7530.sol:
	- pragma solidity^0.4.14 (/../data/reentrancy/solidity_contract/7530.sol#1): it allows old versions
Reference: https://github.com/trailofbits/slither/wiki/Detectors-Documentation#incorrect-version-of-solidity[0m
INFO:Detectors:[92m
Low level call in MyWill.execute (/../data/reentrancy/solidity_contract/7530.sol#714-717):
	-_to.call.value(_value)(_data) /../data/reentrancy/solidity_contract/7530.sol#716
Reference: https://github.com/trailofbits/slither/wiki/Detectors-Documentation#low-level-calls[0m
INFO:Detectors:[92m
Contract 'strings' (/../data/reentrancy/solidity_contract/7530.sol#3-524) is not in CapWords
Struct 'strings.slice' (/../data/reentrancy/solidity_contract/7530.sol#4-7) is not in CapWords
Event 'strings.log_bytemask' (/../data/reentrancy/solidity_contract/7530.sol#339) is not in CapWords
Function 'MyWill.MyWill' (/../data/reentrancy/solidity_contract/7530.sol#558-577) is not in mixedCase
Parameter '_owner' of MyWill.MyWill (/../data/reentrancy/solidity_contract/7530.sol#558) is not in mixedCase
Parameter '_listHeirs' of MyWill.MyWill (/../data/reentrancy/solidity_contract/7530.sol#558) is not in mixedCase
Parameter '_listHeirsPercentages' of MyWill.MyWill (/../data/reentrancy/solidity_contract/7530.sol#558) is not in mixedCase
Parameter '_listWitnesses' of MyWill.MyWill (/../data/reentrancy/solidity_contract/7530.sol#558) is not in mixedCase
Parameter '_club' of MyWill.MyWill (/../data/reentrancy/solidity_contract/7530.sol#558) is not in mixedCase
Parameter '_to' of MyWill.execute (/../data/reentrancy/solidity_contract/7530.sol#714) is not in mixedCase
Parameter '_value' of MyWill.execute (/../data/reentrancy/solidity_contract/7530.sol#714) is not in mixedCase
Parameter '_data' of MyWill.execute (/../data/reentrancy/solidity_contract/7530.sol#714) is not in mixedCase
Parameter '_a' of MyWill.parseAddr (/../data/reentrancy/solidity_contract/7530.sol#783) is not in mixedCase
Reference: https://github.com/trailofbits/slither/wiki/Detectors-Documentation#conformance-to-solidity-naming-conventions[0m
INFO:Slither:/../data/reentrancy/solidity_contract/7530.sol analyzed (2 contracts), 63 result(s) found