INFO:Slither:Compilation warnings/errors on /../data/reentrancy/solidity_contract/21390.sol:
/../data/reentrancy/solidity_contract/21390.sol:13:22: Warning: "throw" is deprecated in favour of "revert()", "require()" and "assert()".
        if(_new==0x0)throw;
                     ^---^
/../data/reentrancy/solidity_contract/21390.sol:14:30: Warning: "throw" is deprecated in favour of "revert()", "require()" and "assert()".
        if(msg.sender!=admin)throw;
                             ^---^
/../data/reentrancy/solidity_contract/21390.sol:19:40: Warning: "throw" is deprecated in favour of "revert()", "require()" and "assert()".
       if(msg.sender != address(this)) throw;
                                       ^---^
/../data/reentrancy/solidity_contract/21390.sol:31:45: Warning: "throw" is deprecated in favour of "revert()", "require()" and "assert()".
           if(_to.call.value(_am)()==false) throw;
                                            ^---^
/../data/reentrancy/solidity_contract/21390.sol:42:47: Warning: "throw" is deprecated in favour of "revert()", "require()" and "assert()".
        if(investors[msg.sender]<targetAmount)throw;
                                              ^---^
/../data/reentrancy/solidity_contract/21390.sol:43:41: Warning: "throw" is deprecated in favour of "revert()", "require()" and "assert()".
        if(investors[msg.sender]<amount)throw;
                                        ^---^
/../data/reentrancy/solidity_contract/21390.sol:49:34: Warning: "throw" is deprecated in favour of "revert()", "require()" and "assert()".
        if(msg.sender!=tx.origin)throw;
                                 ^---^
/../data/reentrancy/solidity_contract/21390.sol:1:1: Warning: Source file does not specify required compiler version!Consider adding "pragma solidity ^0.4.25;"
contract Accrual_account
^ (Relevant source part starts here and spans across multiple lines).
/../data/reentrancy/solidity_contract/21390.sol:21:12: Warning: Invoking events without "emit" prefix is deprecated.
           FundsMove(msg.value,"In",_to);
           ^---------------------------^
/../data/reentrancy/solidity_contract/21390.sol:33:12: Warning: Invoking events without "emit" prefix is deprecated.
           FundsMove(_am, "Out", _to);
           ^------------------------^
/../data/reentrancy/solidity_contract/21390.sol:11:5: Warning: No visibility specified. Defaulting to "public". 
    function changeAdmin(address _new)
    ^ (Relevant source part starts here and spans across multiple lines).
/../data/reentrancy/solidity_contract/21390.sol:18:5: Warning: No visibility specified. Defaulting to "public". 
    function FundTransfer(uint _am, bytes32 _operation, address _to, address _feeToAdr) payable  {
    ^ (Relevant source part starts here and spans across multiple lines).
/../data/reentrancy/solidity_contract/21390.sol:37:5: Warning: No visibility specified. Defaulting to "public". 
    function() payable {
    ^ (Relevant source part starts here and spans across multiple lines).
/../data/reentrancy/solidity_contract/21390.sol:41:5: Warning: No visibility specified. Defaulting to "public". 
    function Out(uint amount) payable {
    ^ (Relevant source part starts here and spans across multiple lines).
/../data/reentrancy/solidity_contract/21390.sol:47:5: Warning: No visibility specified. Defaulting to "public". 
    function In(address to) payable {
    ^ (Relevant source part starts here and spans across multiple lines).

INFO:Detectors:[92m
Accrual_account.targetAmount should be constant (/../data/reentrancy/solidity_contract/21390.sol#5)
Reference: https://github.com/trailofbits/slither/wiki/Detectors-Documentation#state-variables-that-could-be-declared-constant[0m
INFO:Detectors:[92m
Deprecated standard detected @ /../data/reentrancy/solidity_contract/21390.sol#13:
	- Usage of "throw" should be replaced with "revert()"
Deprecated standard detected @ /../data/reentrancy/solidity_contract/21390.sol#14:
	- Usage of "throw" should be replaced with "revert()"
Deprecated standard detected @ /../data/reentrancy/solidity_contract/21390.sol#19:
	- Usage of "throw" should be replaced with "revert()"
Deprecated standard detected @ /../data/reentrancy/solidity_contract/21390.sol#31:
	- Usage of "throw" should be replaced with "revert()"
Deprecated standard detected @ /../data/reentrancy/solidity_contract/21390.sol#42:
	- Usage of "throw" should be replaced with "revert()"
Deprecated standard detected @ /../data/reentrancy/solidity_contract/21390.sol#43:
	- Usage of "throw" should be replaced with "revert()"
Deprecated standard detected @ /../data/reentrancy/solidity_contract/21390.sol#49:
	- Usage of "throw" should be replaced with "revert()"
Reference: https://github.com/trailofbits/slither/wiki/Detectors-Documentation#deprecated-standards[0m
INFO:Detectors:[92m
Accrual_account.changeAdmin (/../data/reentrancy/solidity_contract/21390.sol#11-16) should be declared external
Accrual_account.FundTransfer (/../data/reentrancy/solidity_contract/21390.sol#18-35) should be declared external
Accrual_account.fallback (/../data/reentrancy/solidity_contract/21390.sol#37-39) should be declared external
Accrual_account.Out (/../data/reentrancy/solidity_contract/21390.sol#41-45) should be declared external
Reference: https://github.com/trailofbits/slither/wiki/Detectors-Documentation#public-function-that-could-be-declared-as-external[0m
INFO:Detectors:[92m
Low level call in Accrual_account.FundTransfer (/../data/reentrancy/solidity_contract/21390.sol#18-35):
	-_to.call.value(_am)() == false /../data/reentrancy/solidity_contract/21390.sol#31
Reference: https://github.com/trailofbits/slither/wiki/Detectors-Documentation#low-level-calls[0m
INFO:Detectors:[92m
Contract 'Accrual_account' (/../data/reentrancy/solidity_contract/21390.sol#1-54) is not in CapWords
Parameter '_new' of Accrual_account.changeAdmin (/../data/reentrancy/solidity_contract/21390.sol#11) is not in mixedCase
Function 'Accrual_account.FundTransfer' (/../data/reentrancy/solidity_contract/21390.sol#18-35) is not in mixedCase
Parameter '_am' of Accrual_account.FundTransfer (/../data/reentrancy/solidity_contract/21390.sol#18) is not in mixedCase
Parameter '_operation' of Accrual_account.FundTransfer (/../data/reentrancy/solidity_contract/21390.sol#18) is not in mixedCase
Parameter '_to' of Accrual_account.FundTransfer (/../data/reentrancy/solidity_contract/21390.sol#18) is not in mixedCase
Parameter '_feeToAdr' of Accrual_account.FundTransfer (/../data/reentrancy/solidity_contract/21390.sol#18) is not in mixedCase
Function 'Accrual_account.Out' (/../data/reentrancy/solidity_contract/21390.sol#41-45) is not in mixedCase
Function 'Accrual_account.In' (/../data/reentrancy/solidity_contract/21390.sol#47-51) is not in mixedCase
Reference: https://github.com/trailofbits/slither/wiki/Detectors-Documentation#conformance-to-solidity-naming-conventions[0m
INFO:Slither:/../data/reentrancy/solidity_contract/21390.sol analyzed (1 contracts), 22 result(s) found