INFO:Slither:Compilation warnings/errors on /../data/reentrancy/solidity_contract/40341.sol:
/../data/reentrancy/solidity_contract/40341.sol:10:13: Warning: "throw" is deprecated in favour of "revert()", "require()" and "assert()".
            throw;
            ^---^
/../data/reentrancy/solidity_contract/40341.sol:91:33: Warning: "throw" is deprecated in favour of "revert()", "require()" and "assert()".
        if (msg.value != 0) {   throw;   }
                                ^---^
/../data/reentrancy/solidity_contract/40341.sol:93:48: Warning: "throw" is deprecated in favour of "revert()", "require()" and "assert()".
        if (_valueWei > funds[fromAddress]) {  throw;    }
                                               ^---^
/../data/reentrancy/solidity_contract/40341.sol:96:24: Warning: "throw" is deprecated in favour of "revert()", "require()" and "assert()".
        if (!sentOk) { throw;   }
                       ^---^
/../data/reentrancy/solidity_contract/40341.sol:240:13: Warning: "throw" is deprecated in favour of "revert()", "require()" and "assert()".
            throw;
            ^---^
/../data/reentrancy/solidity_contract/40341.sol:245:17: Warning: "throw" is deprecated in favour of "revert()", "require()" and "assert()".
                throw;
                ^---^
/../data/reentrancy/solidity_contract/40341.sol:252:13: Warning: "throw" is deprecated in favour of "revert()", "require()" and "assert()".
            throw;
            ^---^
/../data/reentrancy/solidity_contract/40341.sol:388:5: Warning: Defining constructors as functions with the same name as the contract is deprecated. Use "constructor(...) { ... }" instead.
    function Kingdom(
    ^ (Relevant source part starts here and spans across multiple lines).
/../data/reentrancy/solidity_contract/40341.sol:572:13: Warning: "throw" is deprecated in favour of "revert()", "require()" and "assert()".
            throw;
            ^---^
/../data/reentrancy/solidity_contract/40341.sol:577:13: Warning: "throw" is deprecated in favour of "revert()", "require()" and "assert()".
            throw;
            ^---^
/../data/reentrancy/solidity_contract/40341.sol:583:13: Warning: "throw" is deprecated in favour of "revert()", "require()" and "assert()".
            throw;
            ^---^
/../data/reentrancy/solidity_contract/40341.sol:589:13: Warning: "throw" is deprecated in favour of "revert()", "require()" and "assert()".
            throw;
            ^---^
/../data/reentrancy/solidity_contract/40341.sol:626:13: Warning: "throw" is deprecated in favour of "revert()", "require()" and "assert()".
            throw;
            ^---^
/../data/reentrancy/solidity_contract/40341.sol:645:13: Warning: "throw" is deprecated in favour of "revert()", "require()" and "assert()".
            throw;
            ^---^
/../data/reentrancy/solidity_contract/40341.sol:690:5: Warning: Defining constructors as functions with the same name as the contract is deprecated. Use "constructor(...) { ... }" instead.
    function KingdomFactory() {
    ^ (Relevant source part starts here and spans across multiple lines).
/../data/reentrancy/solidity_contract/40341.sol:695:9: Warning: "throw" is deprecated in favour of "revert()", "require()" and "assert()".
        throw;
        ^---^
/../data/reentrancy/solidity_contract/40341.sol:757:13: Warning: "throw" is deprecated in favour of "revert()", "require()" and "assert()".
            throw;
            ^---^
/../data/reentrancy/solidity_contract/40341.sol:761:13: Warning: "throw" is deprecated in favour of "revert()", "require()" and "assert()".
            throw;
            ^---^
/../data/reentrancy/solidity_contract/40341.sol:764:13: Warning: "throw" is deprecated in favour of "revert()", "require()" and "assert()".
            throw;
            ^---^
/../data/reentrancy/solidity_contract/40341.sol:773:13: Warning: "throw" is deprecated in favour of "revert()", "require()" and "assert()".
            throw;
            ^---^
/../data/reentrancy/solidity_contract/40341.sol:842:5: Warning: Defining constructors as functions with the same name as the contract is deprecated. Use "constructor(...) { ... }" instead.
    function World(
    ^ (Relevant source part starts here and spans across multiple lines).
/../data/reentrancy/solidity_contract/40341.sol:849:13: Warning: "throw" is deprecated in favour of "revert()", "require()" and "assert()".
            throw;
            ^---^
/../data/reentrancy/solidity_contract/40341.sol:852:13: Warning: "throw" is deprecated in favour of "revert()", "require()" and "assert()".
            throw;
            ^---^
/../data/reentrancy/solidity_contract/40341.sol:917:9: Warning: "throw" is deprecated in favour of "revert()", "require()" and "assert()".
        throw;
        ^---^
/../data/reentrancy/solidity_contract/40341.sol:1015:13: Warning: "throw" is deprecated in favour of "revert()", "require()" and "assert()".
            throw;
            ^---^
/../data/reentrancy/solidity_contract/40341.sol:1026:13: Warning: "throw" is deprecated in favour of "revert()", "require()" and "assert()".
            throw;
            ^---^
/../data/reentrancy/solidity_contract/40341.sol:1032:13: Warning: "throw" is deprecated in favour of "revert()", "require()" and "assert()".
            throw;
            ^---^
/../data/reentrancy/solidity_contract/40341.sol:1061:13: Warning: "throw" is deprecated in favour of "revert()", "require()" and "assert()".
            throw;
            ^---^
/../data/reentrancy/solidity_contract/40341.sol:1064:13: Warning: "throw" is deprecated in favour of "revert()", "require()" and "assert()".
            throw;
            ^---^
/../data/reentrancy/solidity_contract/40341.sol:1073:13: Warning: "throw" is deprecated in favour of "revert()", "require()" and "assert()".
            throw;
            ^---^
/../data/reentrancy/solidity_contract/40341.sol:1076:13: Warning: "throw" is deprecated in favour of "revert()", "require()" and "assert()".
            throw;
            ^---^
/../data/reentrancy/solidity_contract/40341.sol:1084:13: Warning: "throw" is deprecated in favour of "revert()", "require()" and "assert()".
            throw;
            ^---^
/../data/reentrancy/solidity_contract/40341.sol:1087:13: Warning: "throw" is deprecated in favour of "revert()", "require()" and "assert()".
            throw;
            ^---^
/../data/reentrancy/solidity_contract/40341.sol:1090:13: Warning: "throw" is deprecated in favour of "revert()", "require()" and "assert()".
            throw;
            ^---^
/../data/reentrancy/solidity_contract/40341.sol:1097:13: Warning: "throw" is deprecated in favour of "revert()", "require()" and "assert()".
            throw;
            ^---^
/../data/reentrancy/solidity_contract/40341.sol:1100:13: Warning: "throw" is deprecated in favour of "revert()", "require()" and "assert()".
            throw;
            ^---^
/../data/reentrancy/solidity_contract/40341.sol:1116:13: Warning: "throw" is deprecated in favour of "revert()", "require()" and "assert()".
            throw;
            ^---^
/../data/reentrancy/solidity_contract/40341.sol:3:1: Warning: Source file does not specify required compiler version!Consider adding "pragma solidity ^0.4.25;"
contract ReentryProtectorMixin {
^ (Relevant source part starts here and spans across multiple lines).
/../data/reentrancy/solidity_contract/40341.sol:97:9: Warning: Invoking events without "emit" prefix is deprecated.
        FundsWithdrawnEvent(fromAddress, _toAddress, _valueWei);
        ^-----------------------------------------------------^
/../data/reentrancy/solidity_contract/40341.sol:621:9: Warning: Invoking events without "emit" prefix is deprecated.
        ThroneClaimedEvent(monarchsByNumber.length - 1);
        ^---------------------------------------------^
/../data/reentrancy/solidity_contract/40341.sol:633:13: Warning: Invoking events without "emit" prefix is deprecated.
            WizardReplacedEvent(oldWizard, replacement);
            ^-----------------------------------------^
/../data/reentrancy/solidity_contract/40341.sol:641:13: Warning: Invoking events without "emit" prefix is deprecated.
            WizardReplacedEvent(oldWizard, replacement);
            ^-----------------------------------------^
/../data/reentrancy/solidity_contract/40341.sol:656:9: Warning: Invoking events without "emit" prefix is deprecated.
        CommissionEarnedEvent(topWizard, topWizardWei);
        ^--------------------------------------------^
/../data/reentrancy/solidity_contract/40341.sol:658:9: Warning: Invoking events without "emit" prefix is deprecated.
        CommissionEarnedEvent(subWizard, subWizardWei);
        ^--------------------------------------------^
/../data/reentrancy/solidity_contract/40341.sol:670:13: Warning: Invoking events without "emit" prefix is deprecated.
            CompensationSentEvent(compensationAddress, _compensationWei);
            ^----------------------------------------------------------^
/../data/reentrancy/solidity_contract/40341.sol:674:13: Warning: Invoking events without "emit" prefix is deprecated.
            CompensationFailEvent(compensationAddress, _compensationWei);
            ^----------------------------------------------------------^
/../data/reentrancy/solidity_contract/40341.sol:1068:9: Warning: Invoking events without "emit" prefix is deprecated.
        WizardReplacedEvent(oldWizard, replacement);
        ^-----------------------------------------^
/../data/reentrancy/solidity_contract/40341.sol:1079:9: Warning: Invoking events without "emit" prefix is deprecated.
        CreationFeeChangedEvent(kingdomCreationFeeWei);
        ^--------------------------------------------^
/../data/reentrancy/solidity_contract/40341.sol:1103:9: Warning: Invoking events without "emit" prefix is deprecated.
        FactoryChangedEvent(kingdomFactory);
        ^---------------------------------^
/../data/reentrancy/solidity_contract/40341.sol:52:5: Warning: No visibility specified. Defaulting to "public". 
    function fundsOf(address _address) constant returns (uint valueWei) {
    ^ (Relevant source part starts here and spans across multiple lines).
/../data/reentrancy/solidity_contract/40341.sol:57:5: Warning: No visibility specified. Defaulting to "public". 
    function withdrawFunds() {
    ^ (Relevant source part starts here and spans across multiple lines).
/../data/reentrancy/solidity_contract/40341.sol:66:5: Warning: No visibility specified. Defaulting to "public". 
    function withdrawFundsAdvanced(
    ^ (Relevant source part starts here and spans across multiple lines).
/../data/reentrancy/solidity_contract/40341.sol:388:5: Warning: No visibility specified. Defaulting to "public". 
    function Kingdom(
    ^ (Relevant source part starts here and spans across multiple lines).
/../data/reentrancy/solidity_contract/40341.sol:423:5: Warning: No visibility specified. Defaulting to "public". 
    function numberOfMonarchs() constant returns (uint totalCount) {
    ^ (Relevant source part starts here and spans across multiple lines).
/../data/reentrancy/solidity_contract/40341.sol:430:5: Warning: No visibility specified. Defaulting to "public". 
    function isLivingMonarch() constant returns (bool alive) {
    ^ (Relevant source part starts here and spans across multiple lines).
/../data/reentrancy/solidity_contract/40341.sol:450:5: Warning: No visibility specified. Defaulting to "public". 
    function currentClaimPriceWei() constant returns (uint priceInWei) {
    ^ (Relevant source part starts here and spans across multiple lines).
/../data/reentrancy/solidity_contract/40341.sol:470:5: Warning: No visibility specified. Defaulting to "public". 
    function currentClaimPriceInFinney() constant
    ^ (Relevant source part starts here and spans across multiple lines).
/../data/reentrancy/solidity_contract/40341.sol:484:5: Warning: No visibility specified. Defaulting to "public". 
    function validateProposedMonarchName(string _monarchName) constant
    ^ (Relevant source part starts here and spans across multiple lines).
/../data/reentrancy/solidity_contract/40341.sol:518:5: Warning: No visibility specified. Defaulting to "public". 
    function () {
    ^ (Relevant source part starts here and spans across multiple lines).
/../data/reentrancy/solidity_contract/40341.sol:538:5: Warning: No visibility specified. Defaulting to "public". 
    function claimThrone(string _monarchName) {
    ^ (Relevant source part starts here and spans across multiple lines).
/../data/reentrancy/solidity_contract/40341.sol:550:5: Warning: No visibility specified. Defaulting to "public". 
    function replaceWizard(address _replacement) {
    ^ (Relevant source part starts here and spans across multiple lines).
/../data/reentrancy/solidity_contract/40341.sol:690:5: Warning: No visibility specified. Defaulting to "public". 
    function KingdomFactory() {
    ^ (Relevant source part starts here and spans across multiple lines).
/../data/reentrancy/solidity_contract/40341.sol:693:5: Warning: No visibility specified. Defaulting to "public". 
    function () {
    ^ (Relevant source part starts here and spans across multiple lines).
/../data/reentrancy/solidity_contract/40341.sol:699:5: Warning: No visibility specified. Defaulting to "public". 
    function validateProposedThroneRules(
    ^ (Relevant source part starts here and spans across multiple lines).
/../data/reentrancy/solidity_contract/40341.sol:744:5: Warning: No visibility specified. Defaulting to "public". 
    function createKingdom(
    ^ (Relevant source part starts here and spans across multiple lines).
/../data/reentrancy/solidity_contract/40341.sol:755:13: Warning: "msg.value" used in non-payable function. Do you want to add the "payable" modifier to this function?
        if (msg.value > 0) {
            ^-------^
/../data/reentrancy/solidity_contract/40341.sol:842:5: Warning: No visibility specified. Defaulting to "public". 
    function World(
    ^ (Relevant source part starts here and spans across multiple lines).
/../data/reentrancy/solidity_contract/40341.sol:863:5: Warning: No visibility specified. Defaulting to "public". 
    function numberOfKingdoms() constant returns (uint totalCount) {
    ^ (Relevant source part starts here and spans across multiple lines).
/../data/reentrancy/solidity_contract/40341.sol:868:5: Warning: No visibility specified. Defaulting to "public". 
    function findKingdomCalled(string _kingdomName) constant
    ^ (Relevant source part starts here and spans across multiple lines).
/../data/reentrancy/solidity_contract/40341.sol:885:5: Warning: No visibility specified. Defaulting to "public". 
    function validateProposedKingdomName(string _kingdomName) constant
    ^ (Relevant source part starts here and spans across multiple lines).
/../data/reentrancy/solidity_contract/40341.sol:892:5: Warning: No visibility specified. Defaulting to "public". 
    function validateProposedThroneRules(
    ^ (Relevant source part starts here and spans across multiple lines).
/../data/reentrancy/solidity_contract/40341.sol:909:5: Warning: No visibility specified. Defaulting to "public". 
    function kingdomCreationFeeInFinney() constant
    ^ (Relevant source part starts here and spans across multiple lines).
/../data/reentrancy/solidity_contract/40341.sol:916:5: Warning: No visibility specified. Defaulting to "public". 
    function () {
    ^ (Relevant source part starts here and spans across multiple lines).
/../data/reentrancy/solidity_contract/40341.sol:952:5: Warning: No visibility specified. Defaulting to "public". 
    function createKingdom(
    ^ (Relevant source part starts here and spans across multiple lines).
/../data/reentrancy/solidity_contract/40341.sol:976:5: Warning: No visibility specified. Defaulting to "public". 
    function replaceWizard(address _replacement) {
    ^ (Relevant source part starts here and spans across multiple lines).
/../data/reentrancy/solidity_contract/40341.sol:983:5: Warning: No visibility specified. Defaulting to "public". 
    function setKingdomCreationFeeWei(uint _kingdomCreationFeeWei) {
    ^ (Relevant source part starts here and spans across multiple lines).
/../data/reentrancy/solidity_contract/40341.sol:990:5: Warning: No visibility specified. Defaulting to "public". 
    function setMaximumClaimPriceWei(uint _maximumClaimPriceWei) {
    ^ (Relevant source part starts here and spans across multiple lines).
/../data/reentrancy/solidity_contract/40341.sol:998:5: Warning: No visibility specified. Defaulting to "public". 
    function setKingdomFactory(KingdomFactory _kingdomFactory) {
    ^ (Relevant source part starts here and spans across multiple lines).
/../data/reentrancy/solidity_contract/40341.sol:1128:5: Warning: No visibility specified. Defaulting to "public". 
    function roundMoneyDownNicelyET(uint _rawValueWei) constant
    ^ (Relevant source part starts here and spans across multiple lines).
/../data/reentrancy/solidity_contract/40341.sol:1133:5: Warning: No visibility specified. Defaulting to "public". 
    function roundMoneyUpToWholeFinneyET(uint _valueWei) constant
    ^ (Relevant source part starts here and spans across multiple lines).
/../data/reentrancy/solidity_contract/40341.sol:1138:5: Warning: No visibility specified. Defaulting to "public". 
    function validateNameInternalET(string _name) constant
    ^ (Relevant source part starts here and spans across multiple lines).
/../data/reentrancy/solidity_contract/40341.sol:1143:5: Warning: No visibility specified. Defaulting to "public". 
    function extractNameFromDataET(bytes _data) constant
    ^ (Relevant source part starts here and spans across multiple lines).
/../data/reentrancy/solidity_contract/40341.sol:1148:5: Warning: No visibility specified. Defaulting to "public". 
    function computeNameFuzzyHashET(string _name) constant
    ^ (Relevant source part starts here and spans across multiple lines).
/../data/reentrancy/solidity_contract/40341.sol:114:5: Warning: Function state mutability can be restricted to pure
    function roundMoneyDownNicely(uint _rawValueWei) constant internal
    ^ (Relevant source part starts here and spans across multiple lines).
/../data/reentrancy/solidity_contract/40341.sol:141:5: Warning: Function state mutability can be restricted to pure
    function roundMoneyUpToWholeFinney(uint _valueWei) constant internal
    ^ (Relevant source part starts here and spans across multiple lines).
/../data/reentrancy/solidity_contract/40341.sol:172:5: Warning: Function state mutability can be restricted to pure
    function validateNameInternal(string _name) constant internal
    ^ (Relevant source part starts here and spans across multiple lines).
/../data/reentrancy/solidity_contract/40341.sol:235:5: Warning: Function state mutability can be restricted to pure
    function extractNameFromData(bytes _data) constant internal
    ^ (Relevant source part starts here and spans across multiple lines).
/../data/reentrancy/solidity_contract/40341.sol:283:5: Warning: Function state mutability can be restricted to pure
    function computeNameFuzzyHash(string _name) constant internal
    ^ (Relevant source part starts here and spans across multiple lines).
/../data/reentrancy/solidity_contract/40341.sol:699:5: Warning: Function state mutability can be restricted to pure
    function validateProposedThroneRules(
    ^ (Relevant source part starts here and spans across multiple lines).

INFO:Detectors:[91m
Reentrancy in Kingdom.claimThrone (/../data/reentrancy/solidity_contract/40341.sol#538-542):
	External calls:
	- claimThroneRP(_monarchName) (/../data/reentrancy/solidity_contract/40341.sol#540)
	State variables written after the call(s):
	- reentryProtector (/../data/reentrancy/solidity_contract/40341.sol#541)
Reentrancy in Kingdom.claimThroneRP (/../data/reentrancy/solidity_contract/40341.sol#565-622):
	External calls:
	- compensateLatestMonarch(compensationWei) (/../data/reentrancy/solidity_contract/40341.sol#608)
	State variables written after the call(s):
	- monarchsByNumber (/../data/reentrancy/solidity_contract/40341.sol#613-619)
Reentrancy in Kingdom.fallback (/../data/reentrancy/solidity_contract/40341.sol#518-522):
	External calls:
	- fallbackRP() (/../data/reentrancy/solidity_contract/40341.sol#520)
	State variables written after the call(s):
	- reentryProtector (/../data/reentrancy/solidity_contract/40341.sol#521)
Reentrancy in FundsHolderMixin.withdrawFunds (/../data/reentrancy/solidity_contract/40341.sol#57-61):
	External calls:
	- withdrawFundsRP() (/../data/reentrancy/solidity_contract/40341.sol#59)
	State variables written after the call(s):
	- reentryProtector (/../data/reentrancy/solidity_contract/40341.sol#60)
Reentrancy in FundsHolderMixin.withdrawFundsAdvanced (/../data/reentrancy/solidity_contract/40341.sol#66-74):
	External calls:
	- withdrawFundsAdvancedRP(_toAddress,_valueWei,_extraGas) (/../data/reentrancy/solidity_contract/40341.sol#72)
	State variables written after the call(s):
	- reentryProtector (/../data/reentrancy/solidity_contract/40341.sol#73)
Reference: https://github.com/trailofbits/slither/wiki/Detectors-Documentation#reentrancy-vulnerabilities[0m
INFO:Detectors:[93m
Reentrancy in World.createKingdom (/../data/reentrancy/solidity_contract/40341.sol#952-968):
	External calls:
	- createKingdomRP(_kingdomName,_startingClaimPriceWei,_claimPriceAdjustPercent,_curseIncubationDurationSeconds,_commissionPerThousand) (/../data/reentrancy/solidity_contract/40341.sol#960-966)
	State variables written after the call(s):
	- reentryProtector (/../data/reentrancy/solidity_contract/40341.sol#967)
Reentrancy in World.createKingdomRP (/../data/reentrancy/solidity_contract/40341.sol#1004-1057):
	External calls:
	- kingdomContract = kingdomFactory.createKingdom(_kingdomName,address(this),topWizard,subWizard,_startingClaimPriceWei,maximumClaimPriceWei,_claimPriceAdjustPercent,_curseIncubationDurationSeconds,_commissionPerThousand) (/../data/reentrancy/solidity_contract/40341.sol#1037-1047)
	State variables written after the call(s):
	- kingdomsByNumber (/../data/reentrancy/solidity_contract/40341.sol#1049-1056)
Reference: https://github.com/trailofbits/slither/wiki/Detectors-Documentation#reentrancy-vulnerabilities-1[0m
INFO:Detectors:[92m
Reentrancy in Kingdom.compensateLatestMonarch (/../data/reentrancy/solidity_contract/40341.sol#663-676):
	External calls:
	- sentOk = carefulSendWithFixedGas(compensationAddress,_compensationWei,suggestedExtraGasToIncludeWithSends) (/../data/reentrancy/solidity_contract/40341.sol#668)
	State variables written after the call(s):
	- funds (/../data/reentrancy/solidity_contract/40341.sol#673)
Reference: https://github.com/trailofbits/slither/wiki/Detectors-Documentation#reentrancy-vulnerabilities-2[0m
INFO:Detectors:[92m
Deprecated standard detected @ /../data/reentrancy/solidity_contract/40341.sol#10:
	- Usage of "throw" should be replaced with "revert()"
Deprecated standard detected @ /../data/reentrancy/solidity_contract/40341.sol#91:
	- Usage of "throw" should be replaced with "revert()"
Deprecated standard detected @ /../data/reentrancy/solidity_contract/40341.sol#93:
	- Usage of "throw" should be replaced with "revert()"
Deprecated standard detected @ /../data/reentrancy/solidity_contract/40341.sol#96:
	- Usage of "throw" should be replaced with "revert()"
Deprecated standard detected @ /../data/reentrancy/solidity_contract/40341.sol#240:
	- Usage of "throw" should be replaced with "revert()"
Deprecated standard detected @ /../data/reentrancy/solidity_contract/40341.sol#245:
	- Usage of "throw" should be replaced with "revert()"
Deprecated standard detected @ /../data/reentrancy/solidity_contract/40341.sol#252:
	- Usage of "throw" should be replaced with "revert()"
Deprecated standard detected @ /../data/reentrancy/solidity_contract/40341.sol#572:
	- Usage of "throw" should be replaced with "revert()"
Deprecated standard detected @ /../data/reentrancy/solidity_contract/40341.sol#577:
	- Usage of "throw" should be replaced with "revert()"
Deprecated standard detected @ /../data/reentrancy/solidity_contract/40341.sol#583:
	- Usage of "throw" should be replaced with "revert()"
Deprecated standard detected @ /../data/reentrancy/solidity_contract/40341.sol#589:
	- Usage of "throw" should be replaced with "revert()"
Deprecated standard detected @ /../data/reentrancy/solidity_contract/40341.sol#626:
	- Usage of "throw" should be replaced with "revert()"
Deprecated standard detected @ /../data/reentrancy/solidity_contract/40341.sol#645:
	- Usage of "throw" should be replaced with "revert()"
Deprecated standard detected @ /../data/reentrancy/solidity_contract/40341.sol#695:
	- Usage of "throw" should be replaced with "revert()"
Deprecated standard detected @ /../data/reentrancy/solidity_contract/40341.sol#757:
	- Usage of "throw" should be replaced with "revert()"
Deprecated standard detected @ /../data/reentrancy/solidity_contract/40341.sol#761:
	- Usage of "throw" should be replaced with "revert()"
Deprecated standard detected @ /../data/reentrancy/solidity_contract/40341.sol#764:
	- Usage of "throw" should be replaced with "revert()"
Deprecated standard detected @ /../data/reentrancy/solidity_contract/40341.sol#773:
	- Usage of "throw" should be replaced with "revert()"
Deprecated standard detected @ /../data/reentrancy/solidity_contract/40341.sol#849:
	- Usage of "throw" should be replaced with "revert()"
Deprecated standard detected @ /../data/reentrancy/solidity_contract/40341.sol#852:
	- Usage of "throw" should be replaced with "revert()"
Deprecated standard detected @ /../data/reentrancy/solidity_contract/40341.sol#917:
	- Usage of "throw" should be replaced with "revert()"
Deprecated standard detected @ /../data/reentrancy/solidity_contract/40341.sol#1015:
	- Usage of "throw" should be replaced with "revert()"
Deprecated standard detected @ /../data/reentrancy/solidity_contract/40341.sol#1026:
	- Usage of "throw" should be replaced with "revert()"
Deprecated standard detected @ /../data/reentrancy/solidity_contract/40341.sol#1032:
	- Usage of "throw" should be replaced with "revert()"
Deprecated standard detected @ /../data/reentrancy/solidity_contract/40341.sol#1061:
	- Usage of "throw" should be replaced with "revert()"
Deprecated standard detected @ /../data/reentrancy/solidity_contract/40341.sol#1064:
	- Usage of "throw" should be replaced with "revert()"
Deprecated standard detected @ /../data/reentrancy/solidity_contract/40341.sol#1073:
	- Usage of "throw" should be replaced with "revert()"
Deprecated standard detected @ /../data/reentrancy/solidity_contract/40341.sol#1076:
	- Usage of "throw" should be replaced with "revert()"
Deprecated standard detected @ /../data/reentrancy/solidity_contract/40341.sol#1084:
	- Usage of "throw" should be replaced with "revert()"
Deprecated standard detected @ /../data/reentrancy/solidity_contract/40341.sol#1087:
	- Usage of "throw" should be replaced with "revert()"
Deprecated standard detected @ /../data/reentrancy/solidity_contract/40341.sol#1090:
	- Usage of "throw" should be replaced with "revert()"
Deprecated standard detected @ /../data/reentrancy/solidity_contract/40341.sol#1097:
	- Usage of "throw" should be replaced with "revert()"
Deprecated standard detected @ /../data/reentrancy/solidity_contract/40341.sol#1100:
	- Usage of "throw" should be replaced with "revert()"
Deprecated standard detected @ /../data/reentrancy/solidity_contract/40341.sol#1116:
	- Usage of "throw" should be replaced with "revert()"
Reference: https://github.com/trailofbits/slither/wiki/Detectors-Documentation#deprecated-standards[0m
INFO:Detectors:[92m
FundsHolderMixin.fundsOf (/../data/reentrancy/solidity_contract/40341.sol#52-54) should be declared external
FundsHolderMixin.withdrawFunds (/../data/reentrancy/solidity_contract/40341.sol#57-61) should be declared external
FundsHolderMixin.withdrawFundsAdvanced (/../data/reentrancy/solidity_contract/40341.sol#66-74) should be declared external
Kingdom.currentClaimPriceInFinney (/../data/reentrancy/solidity_contract/40341.sol#470-474) should be declared external
Kingdom.validateProposedMonarchName (/../data/reentrancy/solidity_contract/40341.sol#484-487) should be declared external
Kingdom.fallback (/../data/reentrancy/solidity_contract/40341.sol#518-522) should be declared external
Kingdom.claimThrone (/../data/reentrancy/solidity_contract/40341.sol#538-542) should be declared external
Kingdom.replaceWizard (/../data/reentrancy/solidity_contract/40341.sol#550-554) should be declared external
KingdomFactory.fallback (/../data/reentrancy/solidity_contract/40341.sol#693-696) should be declared external
KingdomFactory.createKingdom (/../data/reentrancy/solidity_contract/40341.sol#744-786) should be declared external
World.numberOfKingdoms (/../data/reentrancy/solidity_contract/40341.sol#863-865) should be declared external
World.findKingdomCalled (/../data/reentrancy/solidity_contract/40341.sol#868-872) should be declared external
World.validateProposedKingdomName (/../data/reentrancy/solidity_contract/40341.sol#885-888) should be declared external
World.validateProposedThroneRules (/../data/reentrancy/solidity_contract/40341.sol#892-905) should be declared external
World.kingdomCreationFeeInFinney (/../data/reentrancy/solidity_contract/40341.sol#909-912) should be declared external
World.fallback (/../data/reentrancy/solidity_contract/40341.sol#916-918) should be declared external
World.createKingdom (/../data/reentrancy/solidity_contract/40341.sol#952-968) should be declared external
World.replaceWizard (/../data/reentrancy/solidity_contract/40341.sol#976-980) should be declared external
World.setKingdomCreationFeeWei (/../data/reentrancy/solidity_contract/40341.sol#983-987) should be declared external
World.setMaximumClaimPriceWei (/../data/reentrancy/solidity_contract/40341.sol#990-994) should be declared external
World.setKingdomFactory (/../data/reentrancy/solidity_contract/40341.sol#998-1002) should be declared external
ExposedInternalsForTesting.roundMoneyDownNicelyET (/../data/reentrancy/solidity_contract/40341.sol#1128-1131) should be declared external
ExposedInternalsForTesting.roundMoneyUpToWholeFinneyET (/../data/reentrancy/solidity_contract/40341.sol#1133-1136) should be declared external
ExposedInternalsForTesting.validateNameInternalET (/../data/reentrancy/solidity_contract/40341.sol#1138-1141) should be declared external
ExposedInternalsForTesting.extractNameFromDataET (/../data/reentrancy/solidity_contract/40341.sol#1143-1146) should be declared external
ExposedInternalsForTesting.computeNameFuzzyHashET (/../data/reentrancy/solidity_contract/40341.sol#1148-1151) should be declared external
Reference: https://github.com/trailofbits/slither/wiki/Detectors-Documentation#public-function-that-could-be-declared-as-external[0m
INFO:Detectors:[92m
Low level call in CarefulSenderMixin.carefulSendWithFixedGas (/../data/reentrancy/solidity_contract/40341.sol#30-32):
	-_toAddress.call.value(_valueWei).gas(_extraGasIncluded)() /../data/reentrancy/solidity_contract/40341.sol#31
Reference: https://github.com/trailofbits/slither/wiki/Detectors-Documentation#low-level-calls[0m
INFO:Detectors:[92m
Parameter '_toAddress' of CarefulSenderMixin.carefulSendWithFixedGas (/../data/reentrancy/solidity_contract/40341.sol#30) is not in mixedCase
Parameter '_valueWei' of CarefulSenderMixin.carefulSendWithFixedGas (/../data/reentrancy/solidity_contract/40341.sol#30) is not in mixedCase
Parameter '_extraGasIncluded' of CarefulSenderMixin.carefulSendWithFixedGas (/../data/reentrancy/solidity_contract/40341.sol#30) is not in mixedCase
Constant 'CarefulSenderMixin.suggestedExtraGasToIncludeWithSends' (/../data/reentrancy/solidity_contract/40341.sol#28) is not in UPPER_CASE_WITH_UNDERSCORES
Parameter '_address' of FundsHolderMixin.fundsOf (/../data/reentrancy/solidity_contract/40341.sol#52) is not in mixedCase
Parameter '_toAddress' of FundsHolderMixin.withdrawFundsAdvanced (/../data/reentrancy/solidity_contract/40341.sol#67) is not in mixedCase
Parameter '_valueWei' of FundsHolderMixin.withdrawFundsAdvanced (/../data/reentrancy/solidity_contract/40341.sol#68) is not in mixedCase
Parameter '_extraGas' of FundsHolderMixin.withdrawFundsAdvanced (/../data/reentrancy/solidity_contract/40341.sol#69) is not in mixedCase
Parameter '_toAddress' of FundsHolderMixin.withdrawFundsAdvancedRP (/../data/reentrancy/solidity_contract/40341.sol#90) is not in mixedCase
Parameter '_valueWei' of FundsHolderMixin.withdrawFundsAdvancedRP (/../data/reentrancy/solidity_contract/40341.sol#90) is not in mixedCase
Parameter '_extraGasIncluded' of FundsHolderMixin.withdrawFundsAdvancedRP (/../data/reentrancy/solidity_contract/40341.sol#90) is not in mixedCase
Parameter '_rawValueWei' of MoneyRounderMixin.roundMoneyDownNicely (/../data/reentrancy/solidity_contract/40341.sol#114) is not in mixedCase
Parameter '_valueWei' of MoneyRounderMixin.roundMoneyUpToWholeFinney (/../data/reentrancy/solidity_contract/40341.sol#141) is not in mixedCase
Parameter '_name' of NameableMixin.validateNameInternal (/../data/reentrancy/solidity_contract/40341.sol#172) is not in mixedCase
Parameter '_data' of NameableMixin.extractNameFromData (/../data/reentrancy/solidity_contract/40341.sol#235) is not in mixedCase
Parameter '_name' of NameableMixin.computeNameFuzzyHash (/../data/reentrancy/solidity_contract/40341.sol#283) is not in mixedCase
Constant 'NameableMixin.minimumNameLength' (/../data/reentrancy/solidity_contract/40341.sol#154) is not in UPPER_CASE_WITH_UNDERSCORES
Constant 'NameableMixin.maximumNameLength' (/../data/reentrancy/solidity_contract/40341.sol#155) is not in UPPER_CASE_WITH_UNDERSCORES
Constant 'NameableMixin.nameDataPrefix' (/../data/reentrancy/solidity_contract/40341.sol#156) is not in UPPER_CASE_WITH_UNDERSCORES
Function 'Kingdom.Kingdom' (/../data/reentrancy/solidity_contract/40341.sol#388-421) is not in mixedCase
Parameter '_kingdomName' of Kingdom.Kingdom (/../data/reentrancy/solidity_contract/40341.sol#389) is not in mixedCase
Parameter '_world' of Kingdom.Kingdom (/../data/reentrancy/solidity_contract/40341.sol#390) is not in mixedCase
Parameter '_topWizard' of Kingdom.Kingdom (/../data/reentrancy/solidity_contract/40341.sol#391) is not in mixedCase
Parameter '_subWizard' of Kingdom.Kingdom (/../data/reentrancy/solidity_contract/40341.sol#392) is not in mixedCase
Parameter '_startingClaimPriceWei' of Kingdom.Kingdom (/../data/reentrancy/solidity_contract/40341.sol#393) is not in mixedCase
Parameter '_maximumClaimPriceWei' of Kingdom.Kingdom (/../data/reentrancy/solidity_contract/40341.sol#394) is not in mixedCase
Parameter '_claimPriceAdjustPercent' of Kingdom.Kingdom (/../data/reentrancy/solidity_contract/40341.sol#395) is not in mixedCase
Parameter '_curseIncubationDurationSeconds' of Kingdom.Kingdom (/../data/reentrancy/solidity_contract/40341.sol#396) is not in mixedCase
Parameter '_commissionPerThousand' of Kingdom.Kingdom (/../data/reentrancy/solidity_contract/40341.sol#397) is not in mixedCase
Parameter '_monarchName' of Kingdom.validateProposedMonarchName (/../data/reentrancy/solidity_contract/40341.sol#484) is not in mixedCase
Parameter '_monarchName' of Kingdom.claimThrone (/../data/reentrancy/solidity_contract/40341.sol#538) is not in mixedCase
Parameter '_replacement' of Kingdom.replaceWizard (/../data/reentrancy/solidity_contract/40341.sol#550) is not in mixedCase
Parameter '_monarchName' of Kingdom.claimThroneRP (/../data/reentrancy/solidity_contract/40341.sol#566) is not in mixedCase
Parameter '_commissionWei' of Kingdom.recordCommissionEarned (/../data/reentrancy/solidity_contract/40341.sol#651) is not in mixedCase
Parameter '_compensationWei' of Kingdom.compensateLatestMonarch (/../data/reentrancy/solidity_contract/40341.sol#663) is not in mixedCase
Function 'KingdomFactory.KingdomFactory' (/../data/reentrancy/solidity_contract/40341.sol#690-691) is not in mixedCase
Parameter '_startingClaimPriceWei' of KingdomFactory.validateProposedThroneRules (/../data/reentrancy/solidity_contract/40341.sol#700) is not in mixedCase
Parameter '_maximumClaimPriceWei' of KingdomFactory.validateProposedThroneRules (/../data/reentrancy/solidity_contract/40341.sol#701) is not in mixedCase
Parameter '_claimPriceAdjustPercent' of KingdomFactory.validateProposedThroneRules (/../data/reentrancy/solidity_contract/40341.sol#702) is not in mixedCase
Parameter '_curseIncubationDurationSeconds' of KingdomFactory.validateProposedThroneRules (/../data/reentrancy/solidity_contract/40341.sol#703) is not in mixedCase
Parameter '_commissionPerThousand' of KingdomFactory.validateProposedThroneRules (/../data/reentrancy/solidity_contract/40341.sol#704) is not in mixedCase
Parameter '_kingdomName' of KingdomFactory.createKingdom (/../data/reentrancy/solidity_contract/40341.sol#745) is not in mixedCase
Parameter '_world' of KingdomFactory.createKingdom (/../data/reentrancy/solidity_contract/40341.sol#746) is not in mixedCase
Parameter '_topWizard' of KingdomFactory.createKingdom (/../data/reentrancy/solidity_contract/40341.sol#747) is not in mixedCase
Parameter '_subWizard' of KingdomFactory.createKingdom (/../data/reentrancy/solidity_contract/40341.sol#748) is not in mixedCase
Parameter '_startingClaimPriceWei' of KingdomFactory.createKingdom (/../data/reentrancy/solidity_contract/40341.sol#749) is not in mixedCase
Parameter '_maximumClaimPriceWei' of KingdomFactory.createKingdom (/../data/reentrancy/solidity_contract/40341.sol#750) is not in mixedCase
Parameter '_claimPriceAdjustPercent' of KingdomFactory.createKingdom (/../data/reentrancy/solidity_contract/40341.sol#751) is not in mixedCase
Parameter '_curseIncubationDurationSeconds' of KingdomFactory.createKingdom (/../data/reentrancy/solidity_contract/40341.sol#752) is not in mixedCase
Parameter '_commissionPerThousand' of KingdomFactory.createKingdom (/../data/reentrancy/solidity_contract/40341.sol#753) is not in mixedCase
Function 'World.World' (/../data/reentrancy/solidity_contract/40341.sol#842-861) is not in mixedCase
Parameter '_topWizard' of World.World (/../data/reentrancy/solidity_contract/40341.sol#843) is not in mixedCase
Parameter '_kingdomCreationFeeWei' of World.World (/../data/reentrancy/solidity_contract/40341.sol#844) is not in mixedCase
Parameter '_kingdomFactory' of World.World (/../data/reentrancy/solidity_contract/40341.sol#845) is not in mixedCase
Parameter '_maximumClaimPriceWei' of World.World (/../data/reentrancy/solidity_contract/40341.sol#846) is not in mixedCase
Parameter '_kingdomName' of World.findKingdomCalled (/../data/reentrancy/solidity_contract/40341.sol#868) is not in mixedCase
Parameter '_kingdomName' of World.validateProposedKingdomName (/../data/reentrancy/solidity_contract/40341.sol#885) is not in mixedCase
Parameter '_startingClaimPriceWei' of World.validateProposedThroneRules (/../data/reentrancy/solidity_contract/40341.sol#893) is not in mixedCase
Parameter '_claimPriceAdjustPercent' of World.validateProposedThroneRules (/../data/reentrancy/solidity_contract/40341.sol#894) is not in mixedCase
Parameter '_curseIncubationDurationSeconds' of World.validateProposedThroneRules (/../data/reentrancy/solidity_contract/40341.sol#895) is not in mixedCase
Parameter '_commissionPerThousand' of World.validateProposedThroneRules (/../data/reentrancy/solidity_contract/40341.sol#896) is not in mixedCase
Parameter '_kingdomName' of World.createKingdom (/../data/reentrancy/solidity_contract/40341.sol#953) is not in mixedCase
Parameter '_startingClaimPriceWei' of World.createKingdom (/../data/reentrancy/solidity_contract/40341.sol#954) is not in mixedCase
Parameter '_claimPriceAdjustPercent' of World.createKingdom (/../data/reentrancy/solidity_contract/40341.sol#955) is not in mixedCase
Parameter '_curseIncubationDurationSeconds' of World.createKingdom (/../data/reentrancy/solidity_contract/40341.sol#956) is not in mixedCase
Parameter '_commissionPerThousand' of World.createKingdom (/../data/reentrancy/solidity_contract/40341.sol#957) is not in mixedCase
Parameter '_replacement' of World.replaceWizard (/../data/reentrancy/solidity_contract/40341.sol#976) is not in mixedCase
Parameter '_kingdomCreationFeeWei' of World.setKingdomCreationFeeWei (/../data/reentrancy/solidity_contract/40341.sol#983) is not in mixedCase
Parameter '_maximumClaimPriceWei' of World.setMaximumClaimPriceWei (/../data/reentrancy/solidity_contract/40341.sol#990) is not in mixedCase
Parameter '_kingdomFactory' of World.setKingdomFactory (/../data/reentrancy/solidity_contract/40341.sol#998) is not in mixedCase
Parameter '_kingdomName' of World.createKingdomRP (/../data/reentrancy/solidity_contract/40341.sol#1005) is not in mixedCase
Parameter '_startingClaimPriceWei' of World.createKingdomRP (/../data/reentrancy/solidity_contract/40341.sol#1006) is not in mixedCase
Parameter '_claimPriceAdjustPercent' of World.createKingdomRP (/../data/reentrancy/solidity_contract/40341.sol#1007) is not in mixedCase
Parameter '_curseIncubationDurationSeconds' of World.createKingdomRP (/../data/reentrancy/solidity_contract/40341.sol#1008) is not in mixedCase
Parameter '_commissionPerThousand' of World.createKingdomRP (/../data/reentrancy/solidity_contract/40341.sol#1009) is not in mixedCase
Parameter '_kingdomCreationFeeWei' of World.setKingdomCreationFeeWeiRP (/../data/reentrancy/solidity_contract/40341.sol#1071) is not in mixedCase
Parameter '_maximumClaimPriceWei' of World.setMaximumClaimPriceWeiRP (/../data/reentrancy/solidity_contract/40341.sol#1082) is not in mixedCase
Parameter '_kingdomFactory' of World.setKingdomFactoryRP (/../data/reentrancy/solidity_contract/40341.sol#1095) is not in mixedCase
Parameter '_kingdomName' of World.checkUniqueAndRegisterNewKingdomName (/../data/reentrancy/solidity_contract/40341.sol#1111) is not in mixedCase
Parameter '_newKingdomNumber' of World.checkUniqueAndRegisterNewKingdomName (/../data/reentrancy/solidity_contract/40341.sol#1112) is not in mixedCase
Parameter '_rawValueWei' of ExposedInternalsForTesting.roundMoneyDownNicelyET (/../data/reentrancy/solidity_contract/40341.sol#1128) is not in mixedCase
Parameter '_valueWei' of ExposedInternalsForTesting.roundMoneyUpToWholeFinneyET (/../data/reentrancy/solidity_contract/40341.sol#1133) is not in mixedCase
Parameter '_name' of ExposedInternalsForTesting.validateNameInternalET (/../data/reentrancy/solidity_contract/40341.sol#1138) is not in mixedCase
Parameter '_data' of ExposedInternalsForTesting.extractNameFromDataET (/../data/reentrancy/solidity_contract/40341.sol#1143) is not in mixedCase
Parameter '_name' of ExposedInternalsForTesting.computeNameFuzzyHashET (/../data/reentrancy/solidity_contract/40341.sol#1148) is not in mixedCase
Reference: https://github.com/trailofbits/slither/wiki/Detectors-Documentation#conformance-to-solidity-naming-conventions[0m
INFO:Slither:/../data/reentrancy/solidity_contract/40341.sol analyzed (10 contracts), 154 result(s) found