INFO:Slither:Compilation warnings/errors on /../data/reentrancy/solidity_contract/31912.sol:
/../data/reentrancy/solidity_contract/31912.sol:27:7: Warning: Invoking events without "emit" prefix is deprecated.
[91m      LogErrorMsg(_from, "Change from address is not an owner");[0m
      ^-------------------------------------------------------^
/../data/reentrancy/solidity_contract/31912.sol:31:7: Warning: Invoking events without "emit" prefix is deprecated.
[91m      LogErrorMsg(_to, "Change to address is an owner");[0m
      ^-----------------------------------------------^
/../data/reentrancy/solidity_contract/31912.sol:45:7: Warning: Invoking events without "emit" prefix is deprecated.
[91m      LogErrorMsg(_index, "New owner already owner");[0m
      ^--------------------------------------------^
/../data/reentrancy/solidity_contract/31912.sol:49:7: Warning: Invoking events without "emit" prefix is deprecated.
[91m      LogErrorMsg(_length, "Too many owners");[0m
      ^-------------------------------------^
/../data/reentrancy/solidity_contract/31912.sol:64:7: Warning: Invoking events without "emit" prefix is deprecated.
[91m      LogErrorMsg(_index, "Owner removing not an owner");[0m
      ^------------------------------------------------^
/../data/reentrancy/solidity_contract/31912.sol:68:7: Warning: Invoking events without "emit" prefix is deprecated.
[91m      LogErrorMsg(_index, "Must reduce requiredAdmin first");[0m
      ^----------------------------------------------------^
/../data/reentrancy/solidity_contract/31912.sol:82:7: Warning: Invoking events without "emit" prefix is deprecated.
[91m      LogErrorMsg(_newRequired, "Cant reduce to 0");[0m
      ^-------------------------------------------^
/../data/reentrancy/solidity_contract/31912.sol:86:7: Warning: Invoking events without "emit" prefix is deprecated.
[91m      LogErrorMsg(_length, "Making requirement too high");[0m
      ^-------------------------------------------------^
/../data/reentrancy/solidity_contract/31912.sol:119:19: Warning: This function only accepts a single "bytes" argument. Please use "abi.encodePacked(...)" or a similar function to encode the data.
    bytes32 _id = keccak256("changeOwner",_from,_to);
                  ^--------------------------------^
/../data/reentrancy/solidity_contract/31912.sol:160:7: Warning: Invoking events without "emit" prefix is deprecated.
      LogOwnerChanged(_from, _to);
      ^-------------------------^
/../data/reentrancy/solidity_contract/31912.sol:168:7: Warning: Invoking events without "emit" prefix is deprecated.
      LogTransactionConfirmed(_id, msg.sender, confirmsNeeded);
      ^------------------------------------------------------^
/../data/reentrancy/solidity_contract/31912.sol:188:19: Warning: This function only accepts a single "bytes" argument. Please use "abi.encodePacked(...)" or a similar function to encode the data.
    bytes32 _id = keccak256("addOwner",_newOwner);
                  ^-----------------------------^
/../data/reentrancy/solidity_contract/31912.sol:232:7: Warning: Invoking events without "emit" prefix is deprecated.
      LogOwnerAdded(_newOwner);
      ^----------------------^
/../data/reentrancy/solidity_contract/31912.sol:239:7: Warning: Invoking events without "emit" prefix is deprecated.
      LogTransactionConfirmed(_id, msg.sender, confirmsNeeded);
      ^------------------------------------------------------^
/../data/reentrancy/solidity_contract/31912.sol:259:19: Warning: This function only accepts a single "bytes" argument. Please use "abi.encodePacked(...)" or a similar function to encode the data.
    bytes32 _id = keccak256("removeOwner",_ownerRemoving);
                  ^-------------------------------------^
/../data/reentrancy/solidity_contract/31912.sol:303:7: Warning: Invoking events without "emit" prefix is deprecated.
      LogOwnerRemoved(_ownerRemoving);
      ^-----------------------------^
/../data/reentrancy/solidity_contract/31912.sol:310:7: Warning: Invoking events without "emit" prefix is deprecated.
      LogTransactionConfirmed(_id, msg.sender, confirmsNeeded);
      ^------------------------------------------------------^
/../data/reentrancy/solidity_contract/31912.sol:330:19: Warning: This function only accepts a single "bytes" argument. Please use "abi.encodePacked(...)" or a similar function to encode the data.
    bytes32 _id = keccak256("changeRequiredAdmin",_requiredAdmin);
                  ^---------------------------------------------^
/../data/reentrancy/solidity_contract/31912.sol:370:7: Warning: Invoking events without "emit" prefix is deprecated.
      LogRequirementChange(_requiredAdmin);
      ^----------------------------------^
/../data/reentrancy/solidity_contract/31912.sol:377:7: Warning: Invoking events without "emit" prefix is deprecated.
      LogTransactionConfirmed(_id, msg.sender, confirmsNeeded);
      ^------------------------------------------------------^
/../data/reentrancy/solidity_contract/31912.sol:397:19: Warning: This function only accepts a single "bytes" argument. Please use "abi.encodePacked(...)" or a similar function to encode the data.
    bytes32 _id = keccak256("changeRequiredMajor",_requiredMajor);
                  ^---------------------------------------------^
/../data/reentrancy/solidity_contract/31912.sol:437:7: Warning: Invoking events without "emit" prefix is deprecated.
      LogRequirementChange(_requiredMajor);
      ^----------------------------------^
/../data/reentrancy/solidity_contract/31912.sol:444:7: Warning: Invoking events without "emit" prefix is deprecated.
      LogTransactionConfirmed(_id, msg.sender, confirmsNeeded);
      ^------------------------------------------------------^
/../data/reentrancy/solidity_contract/31912.sol:464:19: Warning: This function only accepts a single "bytes" argument. Please use "abi.encodePacked(...)" or a similar function to encode the data.
    bytes32 _id = keccak256("changeRequiredMinor",_requiredMinor);
                  ^---------------------------------------------^
/../data/reentrancy/solidity_contract/31912.sol:504:7: Warning: Invoking events without "emit" prefix is deprecated.
      LogRequirementChange(_requiredMinor);
      ^----------------------------------^
/../data/reentrancy/solidity_contract/31912.sol:511:7: Warning: Invoking events without "emit" prefix is deprecated.
      LogTransactionConfirmed(_id, msg.sender, confirmsNeeded);
      ^------------------------------------------------------^
/../data/reentrancy/solidity_contract/31912.sol:533:19: Warning: This function only accepts a single "bytes" argument. Please use "abi.encodePacked(...)" or a similar function to encode the data.
    bytes32 _id = keccak256("changeMajorThreshold", _token, _majorThreshold);
                  ^--------------------------------------------------------^
/../data/reentrancy/solidity_contract/31912.sol:570:7: Warning: Invoking events without "emit" prefix is deprecated.
      LogThresholdChange(_token, _majorThreshold);
      ^-----------------------------------------^
/../data/reentrancy/solidity_contract/31912.sol:577:7: Warning: Invoking events without "emit" prefix is deprecated.
      LogTransactionConfirmed(_id, msg.sender, confirmsNeeded);
      ^------------------------------------------------------^
/../data/reentrancy/solidity_contract/31912.sol:679:7: Warning: Invoking events without "emit" prefix is deprecated.
[91m      LogErrorMsg(_txLen, "Tx not initiated");[0m
      ^-------------------------------------^
/../data/reentrancy/solidity_contract/31912.sol:680:7: Warning: Invoking events without "emit" prefix is deprecated.
      LogTransactionFailed(_id, msg.sender);
      ^-----------------------------------^
/../data/reentrancy/solidity_contract/31912.sol:685:7: Warning: Invoking events without "emit" prefix is deprecated.
[91m      LogErrorMsg(_txIndex, "Transaction already complete");[0m
      ^---------------------------------------------------^
/../data/reentrancy/solidity_contract/31912.sol:686:7: Warning: Invoking events without "emit" prefix is deprecated.
      LogTransactionFailed(_id, msg.sender);
      ^-----------------------------------^
/../data/reentrancy/solidity_contract/31912.sol:695:7: Warning: Invoking events without "emit" prefix is deprecated.
[91m      LogErrorMsg(index, "Owner already confirmed");[0m
      ^-------------------------------------------^
/../data/reentrancy/solidity_contract/31912.sol:696:7: Warning: Invoking events without "emit" prefix is deprecated.
      LogTransactionFailed(_id, msg.sender);
      ^-----------------------------------^
/../data/reentrancy/solidity_contract/31912.sol:797:5: Warning: Invoking events without "emit" prefix is deprecated.
    LogContractCreated(_newContract, _value);
    ^--------------------------------------^
/../data/reentrancy/solidity_contract/31912.sol:812:19: Warning: This function only accepts a single "bytes" argument. Please use "abi.encodePacked(...)" or a similar function to encode the data.
    bytes32 _id = keccak256("serveTx",_to,_value,_txData);
                  ^-------------------------------------^
/../data/reentrancy/solidity_contract/31912.sol:865:7: Warning: Invoking events without "emit" prefix is deprecated.
      LogTransactionComplete(_id, _to, _value, _data);
      ^---------------------------------------------^
/../data/reentrancy/solidity_contract/31912.sol:870:7: Warning: Invoking events without "emit" prefix is deprecated.
      LogTransactionConfirmed(_id, msg.sender, confirmsNeeded);
      ^------------------------------------------------------^
/../data/reentrancy/solidity_contract/31912.sol:889:7: Warning: Invoking events without "emit" prefix is deprecated.
[91m      LogErrorMsg(_txIndex, "Tx not initiated");[0m
      ^---------------------------------------^
/../data/reentrancy/solidity_contract/31912.sol:890:7: Warning: Invoking events without "emit" prefix is deprecated.
      LogTransactionFailed(_id, msg.sender);
      ^-----------------------------------^
/../data/reentrancy/solidity_contract/31912.sol:911:7: Warning: Invoking events without "emit" prefix is deprecated.
      LogTransactionConfirmed(_id, msg.sender, confirmsNeeded);
      ^------------------------------------------------------^
/../data/reentrancy/solidity_contract/31912.sol:930:7: Warning: Invoking events without "emit" prefix is deprecated.
[91m      LogErrorMsg(_txIndex, "Tx not initiated");[0m
      ^---------------------------------------^
/../data/reentrancy/solidity_contract/31912.sol:931:7: Warning: Invoking events without "emit" prefix is deprecated.
      LogTransactionFailed(_id, msg.sender);
      ^-----------------------------------^
/../data/reentrancy/solidity_contract/31912.sol:937:7: Warning: Invoking events without "emit" prefix is deprecated.
[91m      LogErrorMsg(_txIndex, "Transaction already complete");[0m
      ^---------------------------------------------------^
/../data/reentrancy/solidity_contract/31912.sol:938:7: Warning: Invoking events without "emit" prefix is deprecated.
      LogTransactionFailed(_id, msg.sender);
      ^-----------------------------------^
/../data/reentrancy/solidity_contract/31912.sol:947:7: Warning: Invoking events without "emit" prefix is deprecated.
[91m      LogErrorMsg(index, "Owner has not confirmed tx");[0m
      ^----------------------------------------------^
/../data/reentrancy/solidity_contract/31912.sol:948:7: Warning: Invoking events without "emit" prefix is deprecated.
      LogTransactionFailed(_id, msg.sender);
      ^-----------------------------------^
/../data/reentrancy/solidity_contract/31912.sol:960:5: Warning: Invoking events without "emit" prefix is deprecated.
    LogRevokeNotice(_id, msg.sender, confirmsNeeded);
    ^----------------------------------------------^
/../data/reentrancy/solidity_contract/31912.sol:1173:3: Warning: Function state mutability can be restricted to pure
  function times(uint256 a, uint256 b) public view returns (bool err,uint256 res) {
  ^ (Relevant source part starts here and spans across multiple lines).
/../data/reentrancy/solidity_contract/31912.sol:1190:3: Warning: Function state mutability can be restricted to pure
  function dividedBy(uint256 a, uint256 b) public view returns (bool err,uint256 i) {
  ^ (Relevant source part starts here and spans across multiple lines).
/../data/reentrancy/solidity_contract/31912.sol:1213:3: Warning: Function state mutability can be restricted to pure
  function plus(uint256 a, uint256 b) public view returns (bool err, uint256 res) {
  ^ (Relevant source part starts here and spans across multiple lines).
/../data/reentrancy/solidity_contract/31912.sol:1230:3: Warning: Function state mutability can be restricted to pure
  function minus(uint256 a, uint256 b) public view returns (bool err,uint256 res) {
  ^ (Relevant source part starts here and spans across multiple lines).

INFO:Detectors:[93m
WalletMainLib.getAmount (/../data/reentrancy/solidity_contract/31912.sol#716-738) is declared view but contains assembly code
Array256Lib.sumElements (/../data/reentrancy/solidity_contract/31912.sol#970-978) is declared view but contains assembly code
Array256Lib.getMax (/../data/reentrancy/solidity_contract/31912.sol#983-995) is declared view but contains assembly code
Array256Lib.getMin (/../data/reentrancy/solidity_contract/31912.sol#1000-1012) is declared view but contains assembly code
Array256Lib.indexOf (/../data/reentrancy/solidity_contract/31912.sol#1020-1062) is declared view but contains assembly code
BasicMathLib.times (/../data/reentrancy/solidity_contract/31912.sol#1173-1182) is declared view but contains assembly code
BasicMathLib.dividedBy (/../data/reentrancy/solidity_contract/31912.sol#1190-1205) is declared view but contains assembly code
BasicMathLib.plus (/../data/reentrancy/solidity_contract/31912.sol#1213-1222) is declared view but contains assembly code
BasicMathLib.minus (/../data/reentrancy/solidity_contract/31912.sol#1230-1239) is declared view but contains assembly code
Reference: https://github.com/trailofbits/slither/wiki/Detectors-Documentation#constant-functions-changing-the-state[0m
INFO:Detectors:[93m
_amount in WalletMainLib.serveTx (/../data/reentrancy/solidity_contract/31912.sol#818) is a local variable never initialiazed
ret in WalletMainLib.confirmTx (/../data/reentrancy/solidity_contract/31912.sol#886) is a local variable never initialiazed
allGood in WalletMainLib.serveTx (/../data/reentrancy/solidity_contract/31912.sol#817) is a local variable never initialiazed
Reference: https://github.com/trailofbits/slither/wiki/Detectors-Documentation#uninitialized-local-variables[0m
INFO:Detectors:[92m
WalletMainLib.getAmount uses assembly (/../data/reentrancy/solidity_contract/31912.sol#716-738)
	- /../data/reentrancy/solidity_contract/31912.sol#726-727
	- /../data/reentrancy/solidity_contract/31912.sol#730-731
	- /../data/reentrancy/solidity_contract/31912.sol#734-735
WalletMainLib.createContract uses assembly (/../data/reentrancy/solidity_contract/31912.sol#788-798)
	- /../data/reentrancy/solidity_contract/31912.sol#792-796
Array256Lib.sumElements uses assembly (/../data/reentrancy/solidity_contract/31912.sol#970-978)
	- /../data/reentrancy/solidity_contract/31912.sol#971-978
Array256Lib.getMax uses assembly (/../data/reentrancy/solidity_contract/31912.sol#983-995)
	- /../data/reentrancy/solidity_contract/31912.sol#984-995
Array256Lib.getMin uses assembly (/../data/reentrancy/solidity_contract/31912.sol#1000-1012)
	- /../data/reentrancy/solidity_contract/31912.sol#1001-1012
Array256Lib.indexOf uses assembly (/../data/reentrancy/solidity_contract/31912.sol#1020-1062)
	- /../data/reentrancy/solidity_contract/31912.sol#1024-1062
BasicMathLib.times uses assembly (/../data/reentrancy/solidity_contract/31912.sol#1173-1182)
	- /../data/reentrancy/solidity_contract/31912.sol#1174-1182
BasicMathLib.dividedBy uses assembly (/../data/reentrancy/solidity_contract/31912.sol#1190-1205)
	- /../data/reentrancy/solidity_contract/31912.sol#1192-1205
BasicMathLib.plus uses assembly (/../data/reentrancy/solidity_contract/31912.sol#1213-1222)
	- /../data/reentrancy/solidity_contract/31912.sol#1214-1222
BasicMathLib.minus uses assembly (/../data/reentrancy/solidity_contract/31912.sol#1230-1239)
	- /../data/reentrancy/solidity_contract/31912.sol#1231-1239
Reference: https://github.com/trailofbits/slither/wiki/Detectors-Documentation#assembly-usage[0m
INFO:Detectors:[92m
WalletAdminLib.changeOwner (/../data/reentrancy/solidity_contract/31912.sol#111-172) should be declared external
WalletAdminLib.addOwner (/../data/reentrancy/solidity_contract/31912.sol#181-243) should be declared external
WalletAdminLib.removeOwner (/../data/reentrancy/solidity_contract/31912.sol#252-314) should be declared external
WalletAdminLib.changeRequiredAdmin (/../data/reentrancy/solidity_contract/31912.sol#323-381) should be declared external
WalletAdminLib.changeRequiredMajor (/../data/reentrancy/solidity_contract/31912.sol#390-448) should be declared external
WalletAdminLib.changeRequiredMinor (/../data/reentrancy/solidity_contract/31912.sol#457-515) should be declared external
WalletAdminLib.changeMajorThreshold (/../data/reentrancy/solidity_contract/31912.sol#525-581) should be declared external
WalletMainLib.init (/../data/reentrancy/solidity_contract/31912.sol#638-663) should be declared external
WalletMainLib.serveTx (/../data/reentrancy/solidity_contract/31912.sol#811-874) should be declared external
WalletMainLib.confirmTx (/../data/reentrancy/solidity_contract/31912.sol#882-916) should be declared external
Array256Lib.sumElements (/../data/reentrancy/solidity_contract/31912.sol#970-978) should be declared external
Array256Lib.getMax (/../data/reentrancy/solidity_contract/31912.sol#983-995) should be declared external
Array256Lib.getMin (/../data/reentrancy/solidity_contract/31912.sol#1000-1012) should be declared external
Array256Lib.heapSort (/../data/reentrancy/solidity_contract/31912.sol#1082-1140) should be declared external
Array256Lib.uniq (/../data/reentrancy/solidity_contract/31912.sol#1144-1163) should be declared external
BasicMathLib.times (/../data/reentrancy/solidity_contract/31912.sol#1173-1182) should be declared external
BasicMathLib.dividedBy (/../data/reentrancy/solidity_contract/31912.sol#1190-1205) should be declared external
BasicMathLib.plus (/../data/reentrancy/solidity_contract/31912.sol#1213-1222) should be declared external
BasicMathLib.minus (/../data/reentrancy/solidity_contract/31912.sol#1230-1239) should be declared external
Reference: https://github.com/trailofbits/slither/wiki/Detectors-Documentation#public-function-that-could-be-declared-as-external[0m
INFO:Detectors:[92m
Detected issues with version pragma in /../data/reentrancy/solidity_contract/31912.sol:
	- pragma solidity^0.4.18 (/../data/reentrancy/solidity_contract/31912.sol#1): it allows old versions
Reference: https://github.com/trailofbits/slither/wiki/Detectors-Documentation#incorrect-version-of-solidity[0m
INFO:Detectors:[92m
Low level call in WalletMainLib.serveTx (/../data/reentrancy/solidity_contract/31912.sol#811-874):
	-require(bool)(_to.call.value(_value)(_txData)) /../data/reentrancy/solidity_contract/31912.sol#862
Low level call in WalletMainLib.confirmTx (/../data/reentrancy/solidity_contract/31912.sol#882-916):
	-require(bool)(a.call(self.transactionInfo[_id][_txIndex].data)) /../data/reentrancy/solidity_contract/31912.sol#906
Reference: https://github.com/trailofbits/slither/wiki/Detectors-Documentation#low-level-calls[0m
INFO:Detectors:[92m
Parameter '_from' of WalletAdminLib.checkChangeOwnerArgs (/../data/reentrancy/solidity_contract/31912.sol#23) is not in mixedCase
Parameter '_to' of WalletAdminLib.checkChangeOwnerArgs (/../data/reentrancy/solidity_contract/31912.sol#23) is not in mixedCase
Parameter '_index' of WalletAdminLib.checkNewOwnerArgs (/../data/reentrancy/solidity_contract/31912.sol#41) is not in mixedCase
Parameter '_length' of WalletAdminLib.checkNewOwnerArgs (/../data/reentrancy/solidity_contract/31912.sol#41) is not in mixedCase
Parameter '_max' of WalletAdminLib.checkNewOwnerArgs (/../data/reentrancy/solidity_contract/31912.sol#41) is not in mixedCase
Parameter '_index' of WalletAdminLib.checkRemoveOwnerArgs (/../data/reentrancy/solidity_contract/31912.sol#60) is not in mixedCase
Parameter '_length' of WalletAdminLib.checkRemoveOwnerArgs (/../data/reentrancy/solidity_contract/31912.sol#60) is not in mixedCase
Parameter '_min' of WalletAdminLib.checkRemoveOwnerArgs (/../data/reentrancy/solidity_contract/31912.sol#60) is not in mixedCase
Parameter '_newRequired' of WalletAdminLib.checkRequiredChange (/../data/reentrancy/solidity_contract/31912.sol#78) is not in mixedCase
Parameter '_length' of WalletAdminLib.checkRequiredChange (/../data/reentrancy/solidity_contract/31912.sol#78) is not in mixedCase
Parameter '_required' of WalletAdminLib.calcConfirmsNeeded (/../data/reentrancy/solidity_contract/31912.sol#97) is not in mixedCase
Parameter '_count' of WalletAdminLib.calcConfirmsNeeded (/../data/reentrancy/solidity_contract/31912.sol#97) is not in mixedCase
Parameter '_from' of WalletAdminLib.changeOwner (/../data/reentrancy/solidity_contract/31912.sol#112) is not in mixedCase
Parameter '_to' of WalletAdminLib.changeOwner (/../data/reentrancy/solidity_contract/31912.sol#113) is not in mixedCase
Parameter '_confirm' of WalletAdminLib.changeOwner (/../data/reentrancy/solidity_contract/31912.sol#114) is not in mixedCase
Parameter '_data' of WalletAdminLib.changeOwner (/../data/reentrancy/solidity_contract/31912.sol#115) is not in mixedCase
Parameter '_newOwner' of WalletAdminLib.addOwner (/../data/reentrancy/solidity_contract/31912.sol#182) is not in mixedCase
Parameter '_confirm' of WalletAdminLib.addOwner (/../data/reentrancy/solidity_contract/31912.sol#183) is not in mixedCase
Parameter '_data' of WalletAdminLib.addOwner (/../data/reentrancy/solidity_contract/31912.sol#184) is not in mixedCase
Parameter '_ownerRemoving' of WalletAdminLib.removeOwner (/../data/reentrancy/solidity_contract/31912.sol#253) is not in mixedCase
Parameter '_confirm' of WalletAdminLib.removeOwner (/../data/reentrancy/solidity_contract/31912.sol#254) is not in mixedCase
Parameter '_data' of WalletAdminLib.removeOwner (/../data/reentrancy/solidity_contract/31912.sol#255) is not in mixedCase
Parameter '_requiredAdmin' of WalletAdminLib.changeRequiredAdmin (/../data/reentrancy/solidity_contract/31912.sol#324) is not in mixedCase
Parameter '_confirm' of WalletAdminLib.changeRequiredAdmin (/../data/reentrancy/solidity_contract/31912.sol#325) is not in mixedCase
Parameter '_data' of WalletAdminLib.changeRequiredAdmin (/../data/reentrancy/solidity_contract/31912.sol#326) is not in mixedCase
Parameter '_requiredMajor' of WalletAdminLib.changeRequiredMajor (/../data/reentrancy/solidity_contract/31912.sol#391) is not in mixedCase
Parameter '_confirm' of WalletAdminLib.changeRequiredMajor (/../data/reentrancy/solidity_contract/31912.sol#392) is not in mixedCase
Parameter '_data' of WalletAdminLib.changeRequiredMajor (/../data/reentrancy/solidity_contract/31912.sol#393) is not in mixedCase
Parameter '_requiredMinor' of WalletAdminLib.changeRequiredMinor (/../data/reentrancy/solidity_contract/31912.sol#458) is not in mixedCase
Parameter '_confirm' of WalletAdminLib.changeRequiredMinor (/../data/reentrancy/solidity_contract/31912.sol#459) is not in mixedCase
Parameter '_data' of WalletAdminLib.changeRequiredMinor (/../data/reentrancy/solidity_contract/31912.sol#460) is not in mixedCase
Parameter '_token' of WalletAdminLib.changeMajorThreshold (/../data/reentrancy/solidity_contract/31912.sol#526) is not in mixedCase
Parameter '_majorThreshold' of WalletAdminLib.changeMajorThreshold (/../data/reentrancy/solidity_contract/31912.sol#527) is not in mixedCase
Parameter '_confirm' of WalletAdminLib.changeMajorThreshold (/../data/reentrancy/solidity_contract/31912.sol#528) is not in mixedCase
Parameter '_data' of WalletAdminLib.changeMajorThreshold (/../data/reentrancy/solidity_contract/31912.sol#529) is not in mixedCase
Parameter '_owners' of WalletMainLib.init (/../data/reentrancy/solidity_contract/31912.sol#639) is not in mixedCase
Parameter '_requiredAdmin' of WalletMainLib.init (/../data/reentrancy/solidity_contract/31912.sol#640) is not in mixedCase
Parameter '_requiredMajor' of WalletMainLib.init (/../data/reentrancy/solidity_contract/31912.sol#641) is not in mixedCase
Parameter '_requiredMinor' of WalletMainLib.init (/../data/reentrancy/solidity_contract/31912.sol#642) is not in mixedCase
Parameter '_majorThreshold' of WalletMainLib.init (/../data/reentrancy/solidity_contract/31912.sol#643) is not in mixedCase
Parameter '_id' of WalletMainLib.checkNotConfirmed (/../data/reentrancy/solidity_contract/31912.sol#672) is not in mixedCase
Parameter '_txIndex' of WalletMainLib.checkNotConfirmed (/../data/reentrancy/solidity_contract/31912.sol#672) is not in mixedCase
Parameter '_required' of WalletMainLib.calcConfirmsNeeded (/../data/reentrancy/solidity_contract/31912.sol#708) is not in mixedCase
Parameter '_count' of WalletMainLib.calcConfirmsNeeded (/../data/reentrancy/solidity_contract/31912.sol#708) is not in mixedCase
Parameter '_to' of WalletMainLib.getRequired (/../data/reentrancy/solidity_contract/31912.sol#748) is not in mixedCase
Parameter '_value' of WalletMainLib.getRequired (/../data/reentrancy/solidity_contract/31912.sol#749) is not in mixedCase
Parameter '_isTransfer' of WalletMainLib.getRequired (/../data/reentrancy/solidity_contract/31912.sol#750) is not in mixedCase
Parameter '_amount' of WalletMainLib.getRequired (/../data/reentrancy/solidity_contract/31912.sol#751) is not in mixedCase
Parameter '_value' of WalletMainLib.createContract (/../data/reentrancy/solidity_contract/31912.sol#788) is not in mixedCase
Parameter '_to' of WalletMainLib.serveTx (/../data/reentrancy/solidity_contract/31912.sol#811) is not in mixedCase
Parameter '_value' of WalletMainLib.serveTx (/../data/reentrancy/solidity_contract/31912.sol#811) is not in mixedCase
Parameter '_txData' of WalletMainLib.serveTx (/../data/reentrancy/solidity_contract/31912.sol#811) is not in mixedCase
Parameter '_confirm' of WalletMainLib.serveTx (/../data/reentrancy/solidity_contract/31912.sol#811) is not in mixedCase
Parameter '_data' of WalletMainLib.serveTx (/../data/reentrancy/solidity_contract/31912.sol#811) is not in mixedCase
Parameter '_id' of WalletMainLib.confirmTx (/../data/reentrancy/solidity_contract/31912.sol#882) is not in mixedCase
Parameter '_id' of WalletMainLib.revokeConfirm (/../data/reentrancy/solidity_contract/31912.sol#922) is not in mixedCase
Reference: https://github.com/trailofbits/slither/wiki/Detectors-Documentation#conformance-to-solidity-naming-conventions[0m
INFO:Slither:/../data/reentrancy/solidity_contract/31912.sol analyzed (4 contracts), 100 result(s) found