INFO:Detectors:[92m
ERC.balanceOf (/../data/reentrancy/solidity_contract/1430.sol#4) should be declared external
ERC.allowance (/../data/reentrancy/solidity_contract/1430.sol#5) should be declared external
ERC.transfer (/../data/reentrancy/solidity_contract/1430.sol#6) should be declared external
ERC.transferFrom (/../data/reentrancy/solidity_contract/1430.sol#7) should be declared external
ERC.transferAndCall (/../data/reentrancy/solidity_contract/1430.sol#8) should be declared external
ERC.approve (/../data/reentrancy/solidity_contract/1430.sol#9) should be declared external
FsTKerWallet.getFSTBalance (/../data/reentrancy/solidity_contract/1430.sol#33-35) should be declared external
FsTKerWallet.getETHBalance (/../data/reentrancy/solidity_contract/1430.sol#37-39) should be declared external
FsTKerWallet.getERCBalance (/../data/reentrancy/solidity_contract/1430.sol#41-43) should be declared external
FsTKerWallet.transferETH (/../data/reentrancy/solidity_contract/1430.sol#45-48) should be declared external
FsTKerWallet.transferMoreETH (/../data/reentrancy/solidity_contract/1430.sol#50-53) should be declared external
FsTKerWallet.transferFST (/../data/reentrancy/solidity_contract/1430.sol#55-57) should be declared external
FsTKerWallet.transferERC (/../data/reentrancy/solidity_contract/1430.sol#59-61) should be declared external
FsTKerWallet.transferFromFST (/../data/reentrancy/solidity_contract/1430.sol#63-65) should be declared external
FsTKerWallet.transferFromERC (/../data/reentrancy/solidity_contract/1430.sol#67-69) should be declared external
FsTKerWallet.transferAndCallFST (/../data/reentrancy/solidity_contract/1430.sol#71-74) should be declared external
FsTKerWallet.transferAndCallERC (/../data/reentrancy/solidity_contract/1430.sol#76-79) should be declared external
FsTKerWallet.approveFST (/../data/reentrancy/solidity_contract/1430.sol#81-83) should be declared external
FsTKerWallet.approveERC (/../data/reentrancy/solidity_contract/1430.sol#85-87) should be declared external
FsTKerWallet.recoverAndSetSecretHash (/../data/reentrancy/solidity_contract/1430.sol#89-95) should be declared external
FsTKerWallet.setFST (/../data/reentrancy/solidity_contract/1430.sol#97-101) should be declared external
FsTKerWallet.callContract (/../data/reentrancy/solidity_contract/1430.sol#103-106) should be declared external
Reference: https://github.com/trailofbits/slither/wiki/Detectors-Documentation#public-function-that-could-be-declared-as-external[0m
INFO:Detectors:[92m
Low level call in FsTKerWallet.callContract (/../data/reentrancy/solidity_contract/1430.sol#103-106):
	-require(bool)(to.call.value(msg.value)(data)) /../data/reentrancy/solidity_contract/1430.sol#104
Reference: https://github.com/trailofbits/slither/wiki/Detectors-Documentation#low-level-calls[0m
INFO:Detectors:[92m
Parameter '' of ERC.balanceOf (/../data/reentrancy/solidity_contract/1430.sol#4) is not in mixedCase
Parameter '' of ERC.allowance (/../data/reentrancy/solidity_contract/1430.sol#5) is not in mixedCase
Parameter '_scope_0' of ERC.allowance (/../data/reentrancy/solidity_contract/1430.sol#5) is not in mixedCase
Parameter '' of ERC.transfer (/../data/reentrancy/solidity_contract/1430.sol#6) is not in mixedCase
Parameter '_scope_0' of ERC.transfer (/../data/reentrancy/solidity_contract/1430.sol#6) is not in mixedCase
Parameter '' of ERC.transferFrom (/../data/reentrancy/solidity_contract/1430.sol#7) is not in mixedCase
Parameter '_scope_0' of ERC.transferFrom (/../data/reentrancy/solidity_contract/1430.sol#7) is not in mixedCase
Parameter '_scope_1' of ERC.transferFrom (/../data/reentrancy/solidity_contract/1430.sol#7) is not in mixedCase
Parameter '' of ERC.transferAndCall (/../data/reentrancy/solidity_contract/1430.sol#8) is not in mixedCase
Parameter '_scope_0' of ERC.transferAndCall (/../data/reentrancy/solidity_contract/1430.sol#8) is not in mixedCase
Parameter '_scope_1' of ERC.transferAndCall (/../data/reentrancy/solidity_contract/1430.sol#8) is not in mixedCase
Parameter '' of ERC.approve (/../data/reentrancy/solidity_contract/1430.sol#9) is not in mixedCase
Parameter '_scope_0' of ERC.approve (/../data/reentrancy/solidity_contract/1430.sol#9) is not in mixedCase
Parameter '_FST' of FsTKerWallet. (/../data/reentrancy/solidity_contract/1430.sol#27) is not in mixedCase
Parameter '_secretHash' of FsTKerWallet. (/../data/reentrancy/solidity_contract/1430.sol#27) is not in mixedCase
Parameter '_sn' of FsTKerWallet. (/../data/reentrancy/solidity_contract/1430.sol#27) is not in mixedCase
Parameter '_to' of FsTKerWallet.transferETH (/../data/reentrancy/solidity_contract/1430.sol#45) is not in mixedCase
Parameter '_value' of FsTKerWallet.transferETH (/../data/reentrancy/solidity_contract/1430.sol#45) is not in mixedCase
Parameter '_to' of FsTKerWallet.transferMoreETH (/../data/reentrancy/solidity_contract/1430.sol#50) is not in mixedCase
Parameter '_value' of FsTKerWallet.transferMoreETH (/../data/reentrancy/solidity_contract/1430.sol#50) is not in mixedCase
Parameter '_to' of FsTKerWallet.transferFST (/../data/reentrancy/solidity_contract/1430.sol#55) is not in mixedCase
Parameter '_value' of FsTKerWallet.transferFST (/../data/reentrancy/solidity_contract/1430.sol#55) is not in mixedCase
Parameter '_to' of FsTKerWallet.transferERC (/../data/reentrancy/solidity_contract/1430.sol#59) is not in mixedCase
Parameter '_value' of FsTKerWallet.transferERC (/../data/reentrancy/solidity_contract/1430.sol#59) is not in mixedCase
Parameter '_from' of FsTKerWallet.transferFromFST (/../data/reentrancy/solidity_contract/1430.sol#63) is not in mixedCase
Parameter '_to' of FsTKerWallet.transferFromFST (/../data/reentrancy/solidity_contract/1430.sol#63) is not in mixedCase
Parameter '_value' of FsTKerWallet.transferFromFST (/../data/reentrancy/solidity_contract/1430.sol#63) is not in mixedCase
Parameter '_from' of FsTKerWallet.transferFromERC (/../data/reentrancy/solidity_contract/1430.sol#67) is not in mixedCase
Parameter '_to' of FsTKerWallet.transferFromERC (/../data/reentrancy/solidity_contract/1430.sol#67) is not in mixedCase
Parameter '_value' of FsTKerWallet.transferFromERC (/../data/reentrancy/solidity_contract/1430.sol#67) is not in mixedCase
Parameter '_to' of FsTKerWallet.transferAndCallFST (/../data/reentrancy/solidity_contract/1430.sol#71) is not in mixedCase
Parameter '_value' of FsTKerWallet.transferAndCallFST (/../data/reentrancy/solidity_contract/1430.sol#71) is not in mixedCase
Parameter '_data' of FsTKerWallet.transferAndCallFST (/../data/reentrancy/solidity_contract/1430.sol#71) is not in mixedCase
Parameter '_to' of FsTKerWallet.transferAndCallERC (/../data/reentrancy/solidity_contract/1430.sol#76) is not in mixedCase
Parameter '_value' of FsTKerWallet.transferAndCallERC (/../data/reentrancy/solidity_contract/1430.sol#76) is not in mixedCase
Parameter '_data' of FsTKerWallet.transferAndCallERC (/../data/reentrancy/solidity_contract/1430.sol#76) is not in mixedCase
Parameter '_spender' of FsTKerWallet.approveFST (/../data/reentrancy/solidity_contract/1430.sol#81) is not in mixedCase
Parameter '_value' of FsTKerWallet.approveFST (/../data/reentrancy/solidity_contract/1430.sol#81) is not in mixedCase
Parameter '_spender' of FsTKerWallet.approveERC (/../data/reentrancy/solidity_contract/1430.sol#85) is not in mixedCase
Parameter '_value' of FsTKerWallet.approveERC (/../data/reentrancy/solidity_contract/1430.sol#85) is not in mixedCase
Parameter '_secret' of FsTKerWallet.recoverAndSetSecretHash (/../data/reentrancy/solidity_contract/1430.sol#89) is not in mixedCase
Parameter '_newSecretHash' of FsTKerWallet.recoverAndSetSecretHash (/../data/reentrancy/solidity_contract/1430.sol#89) is not in mixedCase
Parameter '_FST' of FsTKerWallet.setFST (/../data/reentrancy/solidity_contract/1430.sol#97) is not in mixedCase
Constant 'FsTKerWallet.walletVersion' (/../data/reentrancy/solidity_contract/1430.sol#14) is not in UPPER_CASE_WITH_UNDERSCORES
Variable 'FsTKerWallet.FST' (/../data/reentrancy/solidity_contract/1430.sol#16) is not in mixedCase
Reference: https://github.com/trailofbits/slither/wiki/Detectors-Documentation#conformance-to-solidity-naming-conventions[0m
INFO:Slither:/../data/reentrancy/solidity_contract/1430.sol analyzed (2 contracts), 68 result(s) found