INFO:Slither:Compilation warnings/errors on /../data/reentrancy/solidity_contract/32559.sol:
/../data/reentrancy/solidity_contract/32559.sol:209:3: Warning: Defining constructors as functions with the same name as the contract is deprecated. Use "constructor(...) { ... }" instead.
  function Balances() public {
  ^ (Relevant source part starts here and spans across multiple lines).
/../data/reentrancy/solidity_contract/32559.sol:254:3: Warning: Defining constructors as functions with the same name as the contract is deprecated. Use "constructor(...) { ... }" instead.
  function Token() public {
  ^ (Relevant source part starts here and spans across multiple lines).
[91m/../data/reentrancy/solidity_contract/32559.sol:84:47: Error: This type is only supported in the new experimental ABI encoder. Use "pragma experimental ABIEncoderV2;" to enable the feature.[0m
  function getFallback() view public returns (TKN) {
                                              ^-^
/../data/reentrancy/solidity_contract/32559.sol:129:5: Warning: Invoking events without "emit" prefix is deprecated.
    Transfer(_to, _from, _value);
    ^--------------------------^
/../data/reentrancy/solidity_contract/32559.sol:171:7: Warning: Invoking events without "emit" prefix is deprecated.
      ContractAdded(_name, _address);
      ^----------------------------^
/../data/reentrancy/solidity_contract/32559.sol:173:7: Warning: Invoking events without "emit" prefix is deprecated.
      ContractEdited(_name, _address);
      ^-----------------------------^
/../data/reentrancy/solidity_contract/32559.sol:182:5: Warning: Invoking events without "emit" prefix is deprecated.
    ContractMadePermanent(_name);
    ^--------------------------^
/../data/reentrancy/solidity_contract/32559.sol:256:5: Warning: Invoking events without "emit" prefix is deprecated.
    Transfer(this, msg.sender, 190 * 1000000 * 1000000000000000000);
    ^-------------------------------------------------------------^
/../data/reentrancy/solidity_contract/32559.sol:257:5: Warning: Invoking events without "emit" prefix is deprecated.
    Transfer(this, msg.sender, 190 * 1000000 * 1000000000000000000, empty);
    ^--------------------------------------------------------------------^
/../data/reentrancy/solidity_contract/32559.sol:265:45: Warning: This function only accepts a single "bytes" argument. Please use "abi.encodePacked(...)" or a similar function to encode the data.
      require(receiver.call.value(0)(bytes4(keccak256(_custom_fallback)), msg.sender, _value, _data));
                                            ^-------------------------^
/../data/reentrancy/solidity_contract/32559.sol:265:45: Warning: The provided argument of type string memory is not implicitly convertible to expected type bytes memory.
      require(receiver.call.value(0)(bytes4(keccak256(_custom_fallback)), msg.sender, _value, _data));
                                            ^-------------------------^
/../data/reentrancy/solidity_contract/32559.sol:265:15: Warning: Using contract member "call" inherited from the address type is deprecated. Convert the contract to "address" type to access the member, for example use "address(contract).call" instead.
      require(receiver.call.value(0)(bytes4(keccak256(_custom_fallback)), msg.sender, _value, _data));
              ^-----------^
/../data/reentrancy/solidity_contract/32559.sol:266:7: Warning: Invoking events without "emit" prefix is deprecated.
      Transfer(msg.sender, _to, _value);
      ^-------------------------------^
/../data/reentrancy/solidity_contract/32559.sol:267:7: Warning: Invoking events without "emit" prefix is deprecated.
      Transfer(msg.sender, _to, _value, _data);
      ^--------------------------------------^
/../data/reentrancy/solidity_contract/32559.sol:295:5: Warning: Invoking events without "emit" prefix is deprecated.
    Transfer(msg.sender, _to, _value);
    ^-------------------------------^
/../data/reentrancy/solidity_contract/32559.sol:296:5: Warning: Invoking events without "emit" prefix is deprecated.
    Transfer(msg.sender, _to, _value, _data);
    ^--------------------------------------^
/../data/reentrancy/solidity_contract/32559.sol:305:5: Warning: Invoking events without "emit" prefix is deprecated.
    Transfer(msg.sender, _to, _value);
    ^-------------------------------^
/../data/reentrancy/solidity_contract/32559.sol:306:5: Warning: Invoking events without "emit" prefix is deprecated.
    Transfer(msg.sender, _to, _value, _data);
    ^--------------------------------------^
/../data/reentrancy/solidity_contract/32559.sol:321:5: Warning: Invoking events without "emit" prefix is deprecated.
    Transfer(_from, _to, _value);
    ^--------------------------^
/../data/reentrancy/solidity_contract/32559.sol:322:5: Warning: Invoking events without "emit" prefix is deprecated.
    Transfer(_from, _to, _value, empty);
    ^---------------------------------^
/../data/reentrancy/solidity_contract/32559.sol:328:5: Warning: Invoking events without "emit" prefix is deprecated.
    Approval(msg.sender, _to, _value);
    ^-------------------------------^

INFO:SlitherSolcParsing:No contract were found in /../data/reentrancy/solidity_contract/32559.sol, check the correct compilation
WARNING:Slither:[91mNo contract was analyzed[0m
INFO:Slither:/../data/reentrancy/solidity_contract/32559.sol analyzed (0 contracts), 0 result(s) found