INFO:Slither:Compilation warnings/errors on /../data/reentrancy/solidity_contract/27398.sol:
/../data/reentrancy/solidity_contract/27398.sol:12:3051: Warning: Using contract member "balance" inherited from the address type is deprecated. Convert the contract to "address" type to access the member, for example use "address(contract).balance" instead.
 ... this.balance ... 
     ^----------^
/../data/reentrancy/solidity_contract/27398.sol:13:33: Warning: Using contract member "balance" inherited from the address type is deprecated. Convert the contract to "address" type to access the member, for example use "address(contract).balance" instead.
            msg.sender.transfer(this.balance);
                                ^----------^
/../data/reentrancy/solidity_contract/27398.sol:19:24: Warning: Using contract member "balance" inherited from the address type is deprecated. Convert the contract to "address" type to access the member, for example use "address(contract).balance" instead.
        Owner.transfer(this.balance);
                       ^----------^
/../data/reentrancy/solidity_contract/27398.sol:24:9: Warning: Return value of low-level calls not used.
        adr.call.value(msg.value)(data);
        ^-----------------------------^

INFO:Detectors:[91m
Pie.Get (/../data/reentrancy/solidity_contract/27398.sol#11-15) sends eth to arbitrary user
	Dangerous calls:
	- msg.sender.transfer(this.balance) (/../data/reentrancy/solidity_contract/27398.sol#13)
Reference: https://github.com/trailofbits/slither/wiki/Detectors-Documentation#functions-that-send-ether-to-arbitrary-destinations[0m
INFO:Detectors:[92m
Pie.fallback (/../data/reentrancy/solidity_contract/27398.sol#7-9) should be declared external
Pie.Get (/../data/reentrancy/solidity_contract/27398.sol#11-15) should be declared external
Pie.withdraw (/../data/reentrancy/solidity_contract/27398.sol#17-20) should be declared external
Pie.Command (/../data/reentrancy/solidity_contract/27398.sol#22-25) should be declared external
Reference: https://github.com/trailofbits/slither/wiki/Detectors-Documentation#public-function-that-could-be-declared-as-external[0m
INFO:Detectors:[92m
Detected issues with version pragma in /../data/reentrancy/solidity_contract/27398.sol:
	- pragma solidity^0.4.19 (/../data/reentrancy/solidity_contract/27398.sol#1): it allows old versions
Reference: https://github.com/trailofbits/slither/wiki/Detectors-Documentation#incorrect-version-of-solidity[0m
INFO:Detectors:[92m
Low level call in Pie.Command (/../data/reentrancy/solidity_contract/27398.sol#22-25):
	-adr.call.value(msg.value)(data) /../data/reentrancy/solidity_contract/27398.sol#24
Reference: https://github.com/trailofbits/slither/wiki/Detectors-Documentation#low-level-calls[0m
INFO:Detectors:[92m
Function 'Pie.Get' (/../data/reentrancy/solidity_contract/27398.sol#11-15) is not in mixedCase
Function 'Pie.Command' (/../data/reentrancy/solidity_contract/27398.sol#22-25) is not in mixedCase
Variable 'Pie.Owner' (/../data/reentrancy/solidity_contract/27398.sol#5) is not in mixedCase
Reference: https://github.com/trailofbits/slither/wiki/Detectors-Documentation#conformance-to-solidity-naming-conventions[0m
INFO:Slither:/../data/reentrancy/solidity_contract/27398.sol analyzed (1 contracts), 10 result(s) found