====================================================================================================
[1m[ ] Compiling Solidity contract from the file /../data/reentrancy/solidity_contract/40416.sol ... [0m/../data/reentrancy/solidity_contract/40416.sol:4:28: Error: The state mutability modifier "constant" was removed in version 0.5.0. Use "view" or "pure" instead.
    function totalSupply() constant returns (uint256 supply) {}
                           ^------^
/../data/reentrancy/solidity_contract/40416.sol:6:40: Error: The state mutability modifier "constant" was removed in version 0.5.0. Use "view" or "pure" instead.
    function balanceOf(address _owner) constant returns (uint256 balance) {}
                                       ^------^
/../data/reentrancy/solidity_contract/40416.sol:14:58: Error: The state mutability modifier "constant" was removed in version 0.5.0. Use "view" or "pure" instead.
    function allowance(address _owner, address _spender) constant returns (uint256 remaining) {}
                                                         ^------^
/../data/reentrancy/solidity_contract/40416.sol:46:40: Error: The state mutability modifier "constant" was removed in version 0.5.0. Use "view" or "pure" instead.

[91m[-] Cannot compile the contract [0m

====================================================================================================
[1m[ ] Compiling Solidity contract from the file /../data/reentrancy/solidity_contract/40416.sol ... [0m/../data/reentrancy/solidity_contract/40416.sol:4:28: Error: The state mutability modifier "constant" was removed in version 0.5.0. Use "view" or "pure" instead.
    function totalSupply() constant returns (uint256 supply) {}
                           ^------^
/../data/reentrancy/solidity_contract/40416.sol:6:40: Error: The state mutability modifier "constant" was removed in version 0.5.0. Use "view" or "pure" instead.
    function balanceOf(address _owner) constant returns (uint256 balance) {}
                                       ^------^
/../data/reentrancy/solidity_contract/40416.sol:14:58: Error: The state mutability modifier "constant" was removed in version 0.5.0. Use "view" or "pure" instead.
    function allowance(address _owner, address _spender) constant returns (uint256 remaining) {}

[91m[-] Cannot compile the contract [0m

====================================================================================================
[1m[ ] Compiling Solidity contract from the file /../data/reentrancy/solidity_contract/40416.sol ... [0m/../data/reentrancy/solidity_contract/40416.sol:4:28: Error: The state mutability modifier "constant" was removed in version 0.5.0. Use "view" or "pure" instead.
    function totalSupply() constant returns (uint256 supply) {}
                           ^------^
/../data/reentrancy/solidity_contract/40416.sol:6:40: Error: The state mutability modifier "constant" was removed in version 0.5.0. Use "view" or "pure" instead.
    function balanceOf(address _owner) constant returns (uint256 balance) {}
                                       ^------^
/../data/reentrancy/solidity_contract/40416.sol:14:58: Error: The state mutability modifier "constant" was removed in version 0.5.0. Use "view" or "pure" instead.
    function allowance(address _owner, address _spender) constant returns (uint256 remaining) {}

[91m[-] Cannot compile the contract [0m

====================================================================================================
[1m[ ] Compiling Solidity contract from the file /../data/reentrancy/solidity_contract/40416.sol ... [0m/../data/reentrancy/solidity_contract/40416.sol:4:28: Error: The state mutability modifier "constant" was removed in version 0.5.0. Use "view" or "pure" instead.
    function totalSupply() constant returns (uint256 supply) {}
                           ^------^
/../data/reentrancy/solidity_contract/40416.sol:6:40: Error: The state mutability modifier "constant" was removed in version 0.5.0. Use "view" or "pure" instead.
    function balanceOf(address _owner) constant returns (uint256 balance) {}
                                       ^------^
/../data/reentrancy/solidity_contract/40416.sol:14:58: Error: The state mutability modifier "constant" was removed in version 0.5.0. Use "view" or "pure" instead.
    function allowance(address _owner, address _spender) constant returns (uint256 remaining) {}

[91m[-] Cannot compile the contract [0m

====================================================================================================
[1m[ ] Compiling Solidity contract from the file /../data/reentrancy/solidity_contract/40416.sol ... [0m/../data/reentrancy/solidity_contract/40416.sol:4:28: Error: The state mutability modifier "constant" was removed in version 0.5.0. Use "view" or "pure" instead.
    function totalSupply() constant returns (uint256 supply) {}
                           ^------^
/../data/reentrancy/solidity_contract/40416.sol:6:40: Error: The state mutability modifier "constant" was removed in version 0.5.0. Use "view" or "pure" instead.
    function balanceOf(address _owner) constant returns (uint256 balance) {}
                                       ^------^
/../data/reentrancy/solidity_contract/40416.sol:14:58: Error: The state mutability modifier "constant" was removed in version 0.5.0. Use "view" or "pure" instead.
    function allowance(address _owner, address _spender) constant returns (uint256 remaining) {}
                                                         ^------^
/../data/reentrancy/solidity_contract/40416.sol:46:40: Error: The state mutability modifier "constant" was removed in version 0.5.0. Use "view" or "pure" instead.
    function balanceOf(address _owner) constant returns (uint256 balance) {
                                       ^------^
/../data/reentrancy/solidity_contract/40416.sol:56:58: Error: The state mutability modifier "constant" was removed in version 0.5.0. Use "view" or "pure" instead.
    function allowance(address _owner, address _spender) constant returns (uint256 remaining) {
                                                         ^------^
/../data/reentrancy/solidity_contract/40416.sol:153:51: Error: The state mutability modifier "constant" was removed in version 0.5.0. Use "view" or "pure" instead.
  function balanceOf(address token, address user) constant returns (uint) {
                                                  ^------^
/../data/reentrancy/solidity_contract/40416.sol:183:192: Error: The state mutability modifier "constant" was removed in version 0.5.0. Use "view" or "pure" instead.
 ... 32 s, uint amount, address sender) constant returns(bool) {
                                        ^------^
/../data/reentrancy/solidity_contract/40416.sol:191:169: Error: The state mutability modifier "constant" was removed in version 0.5.0. Use "view" or "pure" instead.
 ... er, uint8 v, bytes32 r, bytes32 s) constant returns(uint) {
                                        ^------^

[91m[-] Cannot compile the contract [0m

====================================================================================================
[1m[ ] Compiling Solidity contract from the file /../data/reentrancy/solidity_contract/40416.sol ... [0m/../data/reentrancy/solidity_contract/40416.sol:4:28: Error: The state mutability modifier "constant" was removed in version 0.5.0. Use "view" or "pure" instead.
    function totalSupply() constant returns (uint256 supply) {}
                           ^------^
/../data/reentrancy/solidity_contract/40416.sol:6:40: Error: The state mutability modifier "constant" was removed in version 0.5.0. Use "view" or "pure" instead.
    function balanceOf(address _owner) constant returns (uint256 balance) {}
                                       ^------^
/../data/reentrancy/solidity_contract/40416.sol:14:58: Error: The state mutability modifier "constant" was removed in version 0.5.0. Use "view" or "pure" instead.
    function allowance(address _owner, address _spender) constant returns (uint256 remaining) {}
                                                         ^------^
/../data/reentrancy/solidity_contract/40416.sol:46:40: Error: The state mutability modifier "constant" was removed in version 0.5.0. Use "view" or "pure" instead.
    function balanceOf(address _owner) constant returns (uint256 balance) {
                                       ^------^
/../data/reentrancy/solidity_contract/40416.sol:56:58: Error: The state mutability modifier "constant" was removed in version 0.5.0. Use "view" or "pure" instead.

[91m[-] Cannot compile the contract [0m

====================================================================================================
[1m[ ] Compiling Solidity contract from the file /../data/reentrancy/solidity_contract/40416.sol ... [0m/../data/reentrancy/solidity_contract/40416.sol:4:28: Error: The state mutability modifier "constant" was removed in version 0.5.0. Use "view" or "pure" instead.

[91m[-] Cannot compile the contract [0m

====================================================================================================
[1m[ ] Compiling Solidity contract from the file /../data/reentrancy/solidity_contract/40416.sol ... [0m/../data/reentrancy/solidity_contract/40416.sol:4:28: Error: The state mutability modifier "constant" was removed in version 0.5.0. Use "view" or "pure" instead.
    function totalSupply() constant returns (uint256 supply) {}
                           ^------^
/../data/reentrancy/solidity_contract/40416.sol:6:40: Error: The state mutability modifier "constant" was removed in version 0.5.0. Use "view" or "pure" instead.
    function balanceOf(address _owner) constant returns (uint256 balance) {}
                                       ^------^
/../data/reentrancy/solidity_contract/40416.sol:14:58: Error: The state mutability modifier "constant" was removed in version 0.5.0. Use "view" or "pure" instead.
    function allowance(address _owner, address _spender) constant returns (uint256 remaining) {}
                                                         ^------^
/../data/reentrancy/solidity_contract/40416.sol:46:40: Error: The state mutability modifier "constant" was removed in version 0.5.0. Use "view" or "pure" instead.
    function balanceOf(address _owner) constant returns (uint256 balance) {
                                       ^------^
/../data/reentrancy/solidity_contract/40416.sol:56:58: Error: The state mutability modifier "constant" was removed in version 0.5.0. Use "view" or "pure" instead.
    function allowance(address _owner, address _spender) constant returns (uint256 remaining) {
                                                         ^------^
/../data/reentrancy/solidity_contract/40416.sol:153:51: Error: The state mutability modifier "constant" was removed in version 0.5.0. Use "view" or "pure" instead.
  function balanceOf(address token, address user) constant returns (uint) {
                                                  ^------^
/../data/reentrancy/solidity_contract/40416.sol:183:192: Error: The state mutability modifier "constant" was removed in version 0.5.0. Use "view" or "pure" instead.
 ... 32 s, uint amount, address sender) constant returns(bool) {
                                        ^------^
/../data/reentrancy/solidity_contract/40416.sol:191:169: Error: The state mutability modifier "constant" was removed in version 0.5.0. Use "view" or "pure" instead.
 ... er, uint8 v, bytes32 r, bytes32 s) constant returns(uint) {
                                        ^------^

[91m[-] Cannot compile the contract [0m

====================================================================================================
[1m[ ] Compiling Solidity contract from the file /../data/reentrancy/solidity_contract/40416.sol ... [0m/../data/reentrancy/solidity_contract/40416.sol:4:28: Error: The state mutability modifier "constant" was removed in version 0.5.0. Use "view" or "pure" instead.
    function totalSupply() constant returns (uint256 supply) {}

[91m[-] Cannot compile the contract [0m

====================================================================================================
[1m[ ] Compiling Solidity contract from the file /../data/reentrancy/solidity_contract/40416.sol ... [0m/../data/reentrancy/solidity_contract/40416.sol:4:28: Error: The state mutability modifier "constant" was removed in version 0.5.0. Use "view" or "pure" instead.
    function totalSupply() constant returns (uint256 supply) {}
                           ^------^
/../data/reentrancy/solidity_contract/40416.sol:6:40: Error: The state mutability modifier "constant" was removed in version 0.5.0. Use "view" or "pure" instead.
    function balanceOf(address _owner) constant returns (uint256 balance) {}
                                       ^------^
/../data/reentrancy/solidity_contract/40416.sol:14:58: Error: The state mutability modifier "constant" was removed in version 0.5.0. Use "view" or "pure" instead.
    function allowance(address _owner, address _spender) constant returns (uint256 remaining) {}
                                                         ^------^
/../data/reentrancy/solidity_contract/40416.sol:46:40: Error: The state mutability modifier "constant" was removed in version 0.5.0. Use "view" or "pure" instead.
    function balanceOf(address _owner) constant returns (uint256 balance) {
                                       ^------^
/../data/reentrancy/solidity_contract/40416.sol:56:58: Error: The state mutability modifier "constant" was removed in version 0.5.0. Use "view" or "pure" instead.
    function allowance(address _owner, address _spender) constant returns (uint256 remaining) {
                                                         ^------^
/../data/reentrancy/solidity_contract/40416.sol:153:51: Error: The state mutability modifier "constant" was removed in version 0.5.0. Use "view" or "pure" instead.

[91m[-] Cannot compile the contract [0m

====================================================================================================
[1m[ ] Compiling Solidity contract from the file /../data/reentrancy/solidity_contract/40416.sol ... [0m/../data/reentrancy/solidity_contract/40416.sol:4:28: Error: The state mutability modifier "constant" was removed in version 0.5.0. Use "view" or "pure" instead.
    function totalSupply() constant returns (uint256 supply) {}
                           ^------^
/../data/reentrancy/solidity_contract/40416.sol:6:40: Error: The state mutability modifier "constant" was removed in version 0.5.0. Use "view" or "pure" instead.
    function balanceOf(address _owner) constant returns (uint256 balance) {}
                                       ^------^
/../data/reentrancy/solidity_contract/40416.sol:14:58: Error: The state mutability modifier "constant" was removed in version 0.5.0. Use "view" or "pure" instead.
    function allowance(address _owner, address _spender) constant returns (uint256 remaining) {}

[91m[-] Cannot compile the contract [0m

====================================================================================================
[1m[ ] Compiling Solidity contract from the file /../data/reentrancy/solidity_contract/40416.sol ... [0m/../data/reentrancy/solidity_contract/40416.sol:4:28: Error: The state mutability modifier "constant" was removed in version 0.5.0. Use "view" or "pure" instead.
    function totalSupply() constant returns (uint256 supply) {}
                           ^------^
/../data/reentrancy/solidity_contract/40416.sol:6:40: Error: The state mutability modifier "constant" was removed in version 0.5.0. Use "view" or "pure" instead.
    function balanceOf(address _owner) constant returns (uint256 balance) {}
                                       ^------^
/../data/reentrancy/solidity_contract/40416.sol:14:58: Error: The state mutability modifier "constant" was removed in version 0.5.0. Use "view" or "pure" instead.
    function allowance(address _owner, address _spender) constant returns (uint256 remaining) {}
                                                         ^------^
/../data/reentrancy/solidity_contract/40416.sol:46:40: Error: The state mutability modifier "constant" was removed in version 0.5.0. Use "view" or "pure" instead.
    function balanceOf(address _owner) constant returns (uint256 balance) {
                                       ^------^
/../data/reentrancy/solidity_contract/40416.sol:56:58: Error: The state mutability modifier "constant" was removed in version 0.5.0. Use "view" or "pure" instead.
    function allowance(address _owner, address _spender) constant returns (uint256 remaining) {
                                                         ^------^
/../data/reentrancy/solidity_contract/40416.sol:153:51: Error: The state mutability modifier "constant" was removed in version 0.5.0. Use "view" or "pure" instead.
  function balanceOf(address token, address user) constant returns (uint) {
                                                  ^------^
/../data/reentrancy/solidity_contract/40416.sol:183:192: Error: The state mutability modifier "constant" was removed in version 0.5.0. Use "view" or "pure" instead.
 ... 32 s, uint amount, address sender) constant returns(bool) {
                                        ^------^
/../data/reentrancy/solidity_contract/40416.sol:191:169: Error: The state mutability modifier "constant" was removed in version 0.5.0. Use "view" or "pure" instead.
 ... er, uint8 v, bytes32 r, bytes32 s) constant returns(uint) {
                                        ^------^

[91m[-] Cannot compile the contract [0m