INFO:Slither:Compilation warnings/errors on /../data/reentrancy/solidity_contract/33450.sol:
/../data/reentrancy/solidity_contract/33450.sol:14:2: Warning: Defining constructors as functions with the same name as the contract is deprecated. Use "constructor(...) { ... }" instead.
	function MultiOwner(address[] _owners, uint256 _required) public {
 ^ (Relevant source part starts here and spans across multiple lines).
/../data/reentrancy/solidity_contract/33450.sol:138:2: Warning: Defining constructors as functions with the same name as the contract is deprecated. Use "constructor(...) { ... }" instead.
	function VVToken(address[] _owners, uint256 _required) MultiOwner(_owners, _required) public {
 ^ (Relevant source part starts here and spans across multiple lines).
/../data/reentrancy/solidity_contract/33450.sol:44:9: Warning: Invoking events without "emit" prefix is deprecated.
        OwnerAdded(owner);
        ^---------------^
/../data/reentrancy/solidity_contract/33450.sol:62:9: Warning: Invoking events without "emit" prefix is deprecated.
        OwnerRemoved(owner);
        ^-----------------^
/../data/reentrancy/solidity_contract/33450.sol:68:9: Warning: Invoking events without "emit" prefix is deprecated.
        RequirementChanged(_newRequired);
        ^------------------------------^
/../data/reentrancy/solidity_contract/33450.sol:151:9: Warning: Invoking events without "emit" prefix is deprecated.
        Transfer(_from, _to, _value);
        ^--------------------------^
/../data/reentrancy/solidity_contract/33450.sol:164:3: Warning: Invoking events without "emit" prefix is deprecated.
		FeePaid(_from, _to, _value);
		^-------------------------^
/../data/reentrancy/solidity_contract/33450.sol:197:9: Warning: Invoking events without "emit" prefix is deprecated.
        FrozenFunds(target, freeze);
        ^-------------------------^
/../data/reentrancy/solidity_contract/33450.sol:217:21: Warning: "sha3" has been deprecated in favour of "keccak256"
        TransHash = sha3(destination, value, data);
                    ^----------------------------^
/../data/reentrancy/solidity_contract/33450.sol:217:21: Warning: This function only accepts a single "bytes" argument. Please use "abi.encodePacked(...)" or a similar function to encode the data.
        TransHash = sha3(destination, value, data);
                    ^----------------------------^
/../data/reentrancy/solidity_contract/33450.sol:225:13: Warning: Invoking events without "emit" prefix is deprecated.
            SubmitTransaction(TransHash);
            ^--------------------------^
/../data/reentrancy/solidity_contract/33450.sol:231:9: Warning: Invoking events without "emit" prefix is deprecated.
        Confirmation(msg.sender, TransHash);
        ^---------------------------------^
/../data/reentrancy/solidity_contract/33450.sol:258:13: Warning: Invoking events without "emit" prefix is deprecated.
            Execution(TransHash);
            ^------------------^
/../data/reentrancy/solidity_contract/33450.sol:268:3: Warning: Invoking events without "emit" prefix is deprecated.
		VoidAccount(_from, msg.sender, CurrentBalances);
		^---------------------------------------------^
/../data/reentrancy/solidity_contract/33450.sol:277:3: Warning: Invoking events without "emit" prefix is deprecated.
		Burn(BurnValue);
		^-------------^
/../data/reentrancy/solidity_contract/33450.sol:285:3: Warning: Invoking events without "emit" prefix is deprecated.
		Bonus(BonusValue);
		^---------------^
/../data/reentrancy/solidity_contract/33450.sol:71:2: Warning: No visibility specified. Defaulting to "public". 
	function ConfirmDispose() onlyOwner() returns (bool){
 ^ (Relevant source part starts here and spans across multiple lines).
/../data/reentrancy/solidity_contract/33450.sol:80:2: Warning: No visibility specified. Defaulting to "public". 
	function kill() onlyOwner(){
 ^ (Relevant source part starts here and spans across multiple lines).
/../data/reentrancy/solidity_contract/33450.sol:200:2: Warning: No visibility specified. Defaulting to "public". 
	function() payable {
 ^ (Relevant source part starts here and spans across multiple lines).
/../data/reentrancy/solidity_contract/33450.sol:272:2: Warning: No visibility specified. Defaulting to "public". 
	function burn(uint amount) onlyOwner{
 ^ (Relevant source part starts here and spans across multiple lines).
/../data/reentrancy/solidity_contract/33450.sol:280:2: Warning: No visibility specified. Defaulting to "public". 
	function bonus(uint amount) onlyOwner{
 ^ (Relevant source part starts here and spans across multiple lines).
/../data/reentrancy/solidity_contract/33450.sol:71:2: Warning: Function state mutability can be restricted to view
	function ConfirmDispose() onlyOwner() returns (bool){
 ^ (Relevant source part starts here and spans across multiple lines).

INFO:Detectors:[91m
MultiOwner.kill (/../data/reentrancy/solidity_contract/33450.sol#80-85) allows anyone to destruct the contract
Reference: https://github.com/trailofbits/slither/wiki/Detectors-Documentation#suicidal[0m
INFO:Detectors:[93m
VVToken (/../data/reentrancy/solidity_contract/33450.sol#88-287) has incorrect ERC20 function interface(s):
	-transfer (/../data/reentrancy/solidity_contract/33450.sol#168-170)
Reference: https://github.com/trailofbits/slither/wiki/Detectors-Documentation#incorrect-erc20-interface[0m
INFO:Detectors:[92m
VVToken.decimals should be constant (/../data/reentrancy/solidity_contract/33450.sol#101)
VVToken.name should be constant (/../data/reentrancy/solidity_contract/33450.sol#99)
VVToken.symbol should be constant (/../data/reentrancy/solidity_contract/33450.sol#100)
Reference: https://github.com/trailofbits/slither/wiki/Detectors-Documentation#state-variables-that-could-be-declared-constant[0m
INFO:Detectors:[92m
Deprecated standard detected @ /../data/reentrancy/solidity_contract/33450.sol#217:
	- Usage of "sha3()" should be replaced with "keccak256()"
Reference: https://github.com/trailofbits/slither/wiki/Detectors-Documentation#deprecated-standards[0m
INFO:Detectors:[92m
MultiOwner.numberOwners (/../data/reentrancy/solidity_contract/33450.sol#47-49) should be declared external
MultiOwner.kill (/../data/reentrancy/solidity_contract/33450.sol#80-85) should be declared external
VVToken.transfer (/../data/reentrancy/solidity_contract/33450.sol#168-170) should be declared external
VVToken.transferFrom (/../data/reentrancy/solidity_contract/33450.sol#172-185) should be declared external
VVToken.setPrices (/../data/reentrancy/solidity_contract/33450.sol#187-189) should be declared external
VVToken.setFee (/../data/reentrancy/solidity_contract/33450.sol#191-193) should be declared external
VVToken.freezeAccount (/../data/reentrancy/solidity_contract/33450.sol#195-198) should be declared external
VVToken.fallback (/../data/reentrancy/solidity_contract/33450.sol#200-204) should be declared external
VVToken.remainBalanced (/../data/reentrancy/solidity_contract/33450.sol#206-208) should be declared external
VVToken.AccountVoid (/../data/reentrancy/solidity_contract/33450.sol#262-270) should be declared external
VVToken.burn (/../data/reentrancy/solidity_contract/33450.sol#272-278) should be declared external
VVToken.bonus (/../data/reentrancy/solidity_contract/33450.sol#280-286) should be declared external
Reference: https://github.com/trailofbits/slither/wiki/Detectors-Documentation#public-function-that-could-be-declared-as-external[0m
INFO:Detectors:[92m
Detected issues with version pragma in /../data/reentrancy/solidity_contract/33450.sol:
	- pragma solidity^0.4.15 (/../data/reentrancy/solidity_contract/33450.sol#1): it allows old versions
Reference: https://github.com/trailofbits/slither/wiki/Detectors-Documentation#incorrect-version-of-solidity[0m
INFO:Detectors:[92m
Low level call in VVToken.executeTransaction (/../data/reentrancy/solidity_contract/33450.sol#254-260):
	-require(bool)(Transactions[TransHash].destination.call.value(Transactions[TransHash].value)(Transactions[TransHash].data)) /../data/reentrancy/solidity_contract/33450.sol#257
Reference: https://github.com/trailofbits/slither/wiki/Detectors-Documentation#low-level-calls[0m
INFO:Detectors:[92m
Function 'MultiOwner.MultiOwner' (/../data/reentrancy/solidity_contract/33450.sol#14-24) is not in mixedCase
Parameter '_owners' of MultiOwner.MultiOwner (/../data/reentrancy/solidity_contract/33450.sol#14) is not in mixedCase
Parameter '_required' of MultiOwner.MultiOwner (/../data/reentrancy/solidity_contract/33450.sol#14) is not in mixedCase
Parameter '_newRequired' of MultiOwner.changeRequirement (/../data/reentrancy/solidity_contract/33450.sol#65) is not in mixedCase
Function 'MultiOwner.ConfirmDispose' (/../data/reentrancy/solidity_contract/33450.sol#71-78) is not in mixedCase
Variable 'MultiOwner.RequireDispose' (/../data/reentrancy/solidity_contract/33450.sol#11) is not in mixedCase
Function 'VVToken.VVToken' (/../data/reentrancy/solidity_contract/33450.sol#138-140) is not in mixedCase
Function 'VVToken._transfer' (/../data/reentrancy/solidity_contract/33450.sol#143-153) is not in mixedCase
Parameter '_from' of VVToken._transfer (/../data/reentrancy/solidity_contract/33450.sol#143) is not in mixedCase
Parameter '_to' of VVToken._transfer (/../data/reentrancy/solidity_contract/33450.sol#143) is not in mixedCase
Parameter '_value' of VVToken._transfer (/../data/reentrancy/solidity_contract/33450.sol#143) is not in mixedCase
Function 'VVToken._collect_fee' (/../data/reentrancy/solidity_contract/33450.sol#156-166) is not in mixedCase
Parameter '_from' of VVToken._collect_fee (/../data/reentrancy/solidity_contract/33450.sol#156) is not in mixedCase
Parameter '_to' of VVToken._collect_fee (/../data/reentrancy/solidity_contract/33450.sol#156) is not in mixedCase
Parameter '_value' of VVToken._collect_fee (/../data/reentrancy/solidity_contract/33450.sol#156) is not in mixedCase
Parameter '_to' of VVToken.transfer (/../data/reentrancy/solidity_contract/33450.sol#168) is not in mixedCase
Parameter '_value' of VVToken.transfer (/../data/reentrancy/solidity_contract/33450.sol#168) is not in mixedCase
Parameter '_from' of VVToken.transferFrom (/../data/reentrancy/solidity_contract/33450.sol#172) is not in mixedCase
Parameter '_to' of VVToken.transferFrom (/../data/reentrancy/solidity_contract/33450.sol#172) is not in mixedCase
Parameter '_value' of VVToken.transferFrom (/../data/reentrancy/solidity_contract/33450.sol#172) is not in mixedCase
Parameter '_fee' of VVToken.transferFrom (/../data/reentrancy/solidity_contract/33450.sol#172) is not in mixedCase
Parameter '_to' of VVToken.execute (/../data/reentrancy/solidity_contract/33450.sol#211) is not in mixedCase
Parameter '_value' of VVToken.execute (/../data/reentrancy/solidity_contract/33450.sol#211) is not in mixedCase
Parameter '_data' of VVToken.execute (/../data/reentrancy/solidity_contract/33450.sol#211) is not in mixedCase
Parameter 'TransHash' of VVToken.addConfirmation (/../data/reentrancy/solidity_contract/33450.sol#229) is not in mixedCase
Parameter 'TransHash' of VVToken.isConfirmed (/../data/reentrancy/solidity_contract/33450.sol#234) is not in mixedCase
Parameter 'TransHash' of VVToken.confirmationCount (/../data/reentrancy/solidity_contract/33450.sol#243) is not in mixedCase
Parameter 'TransHash' of VVToken.confirmTransaction (/../data/reentrancy/solidity_contract/33450.sol#249) is not in mixedCase
Parameter 'TransHash' of VVToken.executeTransaction (/../data/reentrancy/solidity_contract/33450.sol#254) is not in mixedCase
Function 'VVToken.AccountVoid' (/../data/reentrancy/solidity_contract/33450.sol#262-270) is not in mixedCase
Parameter '_from' of VVToken.AccountVoid (/../data/reentrancy/solidity_contract/33450.sol#262) is not in mixedCase
Variable 'VVToken.EthPerToken' (/../data/reentrancy/solidity_contract/33450.sol#103) is not in mixedCase
Variable 'VVToken.ChargeFee' (/../data/reentrancy/solidity_contract/33450.sol#104) is not in mixedCase
Variable 'VVToken.Confirmations' (/../data/reentrancy/solidity_contract/33450.sol#108) is not in mixedCase
Variable 'VVToken.Transactions' (/../data/reentrancy/solidity_contract/33450.sol#109) is not in mixedCase
Reference: https://github.com/trailofbits/slither/wiki/Detectors-Documentation#conformance-to-solidity-naming-conventions[0m
INFO:Slither:/../data/reentrancy/solidity_contract/33450.sol analyzed (2 contracts), 53 result(s) found