INFO:Slither:Compilation warnings/errors on /../data/reentrancy/solidity_contract/1879.sol:
/../data/reentrancy/solidity_contract/1879.sol:38:3: Warning: Function state mutability can be restricted to pure
  function _willFallback() internal {
  ^ (Relevant source part starts here and spans across multiple lines).
/../data/reentrancy/solidity_contract/1879.sol:139:34: Warning: Function declared as view, but this expression (potentially) modifies the state and thus requires non-payable (the default) or payable.
  function admin() external view ifAdmin returns (address) {
                                 ^-----^
/../data/reentrancy/solidity_contract/1879.sol:144:43: Warning: Function declared as view, but this expression (potentially) modifies the state and thus requires non-payable (the default) or payable.
  function implementation() external view ifAdmin returns (address) {
                                          ^-----^

INFO:Detectors:[93m
AddressUtils.isContract (/../data/reentrancy/solidity_contract/1879.sol#54-65) is declared view but contains assembly code
UpgradeabilityProxy._implementation (/../data/reentrancy/solidity_contract/1879.sol#87-92) is declared view but contains assembly code
AdminUpgradeabilityProxy._admin (/../data/reentrancy/solidity_contract/1879.sol#167-172) is declared view but contains assembly code
Reference: https://github.com/trailofbits/slither/wiki/Detectors-Documentation#constant-functions-changing-the-state[0m
INFO:Detectors:[92m
UpgradeabilityProxy.constructor._implementation (local variable @ /../data/reentrancy/solidity_contract/1879.sol#80) shadows:
	- UpgradeabilityProxy._implementation (function @ /../data/reentrancy/solidity_contract/1879.sol#87-92)
	- Proxy._implementation (function @ /../data/reentrancy/solidity_contract/1879.sol#13)
AdminUpgradeabilityProxy.constructor._implementation (local variable @ /../data/reentrancy/solidity_contract/1879.sol#132) shadows:
	- UpgradeabilityProxy._implementation (function @ /../data/reentrancy/solidity_contract/1879.sol#87-92)
	- Proxy._implementation (function @ /../data/reentrancy/solidity_contract/1879.sol#13)
FiatTokenProxy.constructor._implementation (local variable @ /../data/reentrancy/solidity_contract/1879.sol#199) shadows:
	- UpgradeabilityProxy._implementation (function @ /../data/reentrancy/solidity_contract/1879.sol#87-92)
	- Proxy._implementation (function @ /../data/reentrancy/solidity_contract/1879.sol#13)
Reference: https://github.com/trailofbits/slither/wiki/Detectors-Documentation#local-variable-shadowing[0m
INFO:Detectors:[92m
Proxy._delegate uses assembly (/../data/reentrancy/solidity_contract/1879.sol#16-35)
	- /../data/reentrancy/solidity_contract/1879.sol#17-35
AddressUtils.isContract uses assembly (/../data/reentrancy/solidity_contract/1879.sol#54-65)
	- /../data/reentrancy/solidity_contract/1879.sol#63-64
UpgradeabilityProxy._implementation uses assembly (/../data/reentrancy/solidity_contract/1879.sol#87-92)
	- /../data/reentrancy/solidity_contract/1879.sol#89-92
UpgradeabilityProxy._setImplementation uses assembly (/../data/reentrancy/solidity_contract/1879.sol#101-109)
	- /../data/reentrancy/solidity_contract/1879.sol#106-109
AdminUpgradeabilityProxy._admin uses assembly (/../data/reentrancy/solidity_contract/1879.sol#167-172)
	- /../data/reentrancy/solidity_contract/1879.sol#169-172
AdminUpgradeabilityProxy._setAdmin uses assembly (/../data/reentrancy/solidity_contract/1879.sol#175-181)
	- /../data/reentrancy/solidity_contract/1879.sol#178-181
Reference: https://github.com/trailofbits/slither/wiki/Detectors-Documentation#assembly-usage[0m
INFO:Detectors:[92m
Low level call in AdminUpgradeabilityProxy.upgradeToAndCall (/../data/reentrancy/solidity_contract/1879.sol#161-164):
	-require(bool)(address(this).call.value(msg.value)(data)) /../data/reentrancy/solidity_contract/1879.sol#163
Reference: https://github.com/trailofbits/slither/wiki/Detectors-Documentation#low-level-calls[0m
INFO:Detectors:[92m
Function 'Proxy._implementation' (/../data/reentrancy/solidity_contract/1879.sol#13) is not in mixedCase
Function 'Proxy._delegate' (/../data/reentrancy/solidity_contract/1879.sol#16-35) is not in mixedCase
Function 'Proxy._willFallback' (/../data/reentrancy/solidity_contract/1879.sol#38-39) is not in mixedCase
Function 'Proxy._fallback' (/../data/reentrancy/solidity_contract/1879.sol#42-45) is not in mixedCase
Function 'UpgradeabilityProxy._implementation' (/../data/reentrancy/solidity_contract/1879.sol#87-92) is not in mixedCase
Parameter '_implementation' of UpgradeabilityProxy. (/../data/reentrancy/solidity_contract/1879.sol#80) is not in mixedCase
Function 'UpgradeabilityProxy._upgradeTo' (/../data/reentrancy/solidity_contract/1879.sol#95-98) is not in mixedCase
Function 'UpgradeabilityProxy._setImplementation' (/../data/reentrancy/solidity_contract/1879.sol#101-109) is not in mixedCase
Function 'AdminUpgradeabilityProxy._willFallback' (/../data/reentrancy/solidity_contract/1879.sol#184-187) is not in mixedCase
Function 'AdminUpgradeabilityProxy._admin' (/../data/reentrancy/solidity_contract/1879.sol#167-172) is not in mixedCase
Function 'AdminUpgradeabilityProxy._setAdmin' (/../data/reentrancy/solidity_contract/1879.sol#175-181) is not in mixedCase
Reference: https://github.com/trailofbits/slither/wiki/Detectors-Documentation#conformance-to-solidity-naming-conventions[0m
INFO:Slither:/../data/reentrancy/solidity_contract/1879.sol analyzed (5 contracts), 24 result(s) found