INFO:Slither:Compilation warnings/errors on /../data/reentrancy/solidity_contract/17518.sol:
/../data/reentrancy/solidity_contract/17518.sol:11:5: Warning: Defining constructors as functions with the same name as the contract is deprecated. Use "constructor(...) { ... }" instead.
    function Ownable() public {
    ^ (Relevant source part starts here and spans across multiple lines).
/../data/reentrancy/solidity_contract/17518.sol:86:9: Warning: Invoking events without "emit" prefix is deprecated.
        NewSymbol(currency);
        ^-----------------^
/../data/reentrancy/solidity_contract/17518.sol:195:29: Warning: This function only accepts a single "bytes" argument. Please use "abi.encodePacked(...)" or a similar function to encode the data.
            bytes32 _hash = keccak256(this, currency, rate, decimals, timestamp);
                            ^--------------------------------------------------^
/../data/reentrancy/solidity_contract/17518.sol:196:40: Warning: This function only accepts a single "bytes" argument. Please use "abi.encodePacked(...)" or a similar function to encode the data.
            address signer = ecrecover(keccak256("\x19Ethereum Signed Message:\n32", _hash),v,r,s);
                                       ^--------------------------------------------------^

INFO:Detectors:[93m
Oracle.encodeCurrency (/../data/reentrancy/solidity_contract/17518.sol#93-98) is declared view but contains assembly code
Oracle.decodeCurrency (/../data/reentrancy/solidity_contract/17518.sol#101-111) is declared view but contains assembly code
RipioOracle.readBytes32 (/../data/reentrancy/solidity_contract/17518.sol#160-166) is declared view but contains assembly code
Reference: https://github.com/trailofbits/slither/wiki/Detectors-Documentation#constant-functions-changing-the-state[0m
INFO:Detectors:[93m
Delegable.isDelegate (/../data/reentrancy/solidity_contract/17518.sol#46-49) uses a dangerous strict equality:
	- delegateLog.started != 0 && delegateLog.ended == 0
Delegable.isDelegate (/../data/reentrancy/solidity_contract/17518.sol#46-49) uses a dangerous strict equality:
	- delegateLog.started != 0 && delegateLog.ended == 0
Delegable.onlyDelegate (/../data/reentrancy/solidity_contract/17518.sol#33-37) uses a dangerous strict equality:
	- require(bool)(delegateLog.started != 0 && delegateLog.ended == 0)
	- require(bool)(delegateLog.started != 0 && delegateLog.ended == 0)
Delegable.isDelegate (/../data/reentrancy/solidity_contract/17518.sol#46-49) uses a dangerous strict equality:
	- delegateLog.started != 0 && delegateLog.ended == 0
Delegable.onlyDelegate (/../data/reentrancy/solidity_contract/17518.sol#33-37) uses a dangerous strict equality:
	- require(bool)(delegateLog.started != 0 && delegateLog.ended == 0)
	- require(bool)(delegateLog.started != 0 && delegateLog.ended == 0)
Delegable.wasDelegate (/../data/reentrancy/solidity_contract/17518.sol#40-43) uses a dangerous strict equality:
	- timestamp >= delegateLog.started && delegateLog.started != 0 && (delegateLog.ended == 0 || timestamp < delegateLog.ended)
Reference: https://github.com/trailofbits/slither/wiki/Detectors-Documentation#dangerous-strict-equalities[0m
INFO:Detectors:[92m
Delegable.wasDelegate (/../data/reentrancy/solidity_contract/17518.sol#40-43) uses timestamp for comparisons
	Dangerous comparisons:
	- timestamp >= delegateLog.started && delegateLog.started != 0 && (delegateLog.ended == 0 || timestamp < delegateLog.ended) (/../data/reentrancy/solidity_contract/17518.sol#42)
Delegable.isDelegate (/../data/reentrancy/solidity_contract/17518.sol#46-49) uses timestamp for comparisons
	Dangerous comparisons:
	- delegateLog.started != 0 && delegateLog.ended == 0 (/../data/reentrancy/solidity_contract/17518.sol#48)
Delegable.addDelegate (/../data/reentrancy/solidity_contract/17518.sol#52-57) uses timestamp for comparisons
	Dangerous comparisons:
	- require(bool)(delegateLog.started == 0) (/../data/reentrancy/solidity_contract/17518.sol#54)
Delegable.removeDelegate (/../data/reentrancy/solidity_contract/17518.sol#60-65) uses timestamp for comparisons
	Dangerous comparisons:
	- require(bool)(delegateLog.started != 0 && delegateLog.ended == 0) (/../data/reentrancy/solidity_contract/17518.sol#62)
RipioOracle.getRate (/../data/reentrancy/solidity_contract/17518.sol#175-204) uses timestamp for comparisons
	Dangerous comparisons:
	- require(bool)(timestamp >= expirationTime) (/../data/reentrancy/solidity_contract/17518.sol#188)
	- require(bool)(timestamp <= block.timestamp) (/../data/reentrancy/solidity_contract/17518.sol#181)
	- cache[currency].timestamp >= timestamp && cache[currency].timestamp >= expirationTime (/../data/reentrancy/solidity_contract/17518.sol#185-203)
Reference: https://github.com/trailofbits/slither/wiki/Detectors-Documentation#block-timestamp[0m
INFO:Detectors:[92m
Oracle.encodeCurrency uses assembly (/../data/reentrancy/solidity_contract/17518.sol#93-98)
	- /../data/reentrancy/solidity_contract/17518.sol#95-98
Oracle.decodeCurrency uses assembly (/../data/reentrancy/solidity_contract/17518.sol#101-111)
	- /../data/reentrancy/solidity_contract/17518.sol#104-111
RipioOracle.readBytes32 uses assembly (/../data/reentrancy/solidity_contract/17518.sol#160-166)
	- /../data/reentrancy/solidity_contract/17518.sol#162-165
Reference: https://github.com/trailofbits/slither/wiki/Detectors-Documentation#assembly-usage[0m
INFO:Detectors:[92m
Ownable.transferTo (/../data/reentrancy/solidity_contract/17518.sol#16-20) should be declared external
Delegable.wasDelegate (/../data/reentrancy/solidity_contract/17518.sol#40-43) should be declared external
Delegable.addDelegate (/../data/reentrancy/solidity_contract/17518.sol#52-57) should be declared external
Delegable.removeDelegate (/../data/reentrancy/solidity_contract/17518.sol#60-65) should be declared external
Oracle.url (/../data/reentrancy/solidity_contract/17518.sol#78) should be declared external
RipioOracle.url (/../data/reentrancy/solidity_contract/17518.sol#137-139) should be declared external
Oracle.getRate (/../data/reentrancy/solidity_contract/17518.sol#81) should be declared external
RipioOracle.getRate (/../data/reentrancy/solidity_contract/17518.sol#175-204) should be declared external
Oracle.addCurrency (/../data/reentrancy/solidity_contract/17518.sol#84-90) should be declared external
Oracle.decodeCurrency (/../data/reentrancy/solidity_contract/17518.sol#101-111) should be declared external
RipioOracle.setExpirationTime (/../data/reentrancy/solidity_contract/17518.sol#142-145) should be declared external
RipioOracle.setUrl (/../data/reentrancy/solidity_contract/17518.sol#148-151) should be declared external
RipioOracle.setFallback (/../data/reentrancy/solidity_contract/17518.sol#154-157) should be declared external
RipioOracle.sendTransaction (/../data/reentrancy/solidity_contract/17518.sol#169-171) should be declared external
Reference: https://github.com/trailofbits/slither/wiki/Detectors-Documentation#public-function-that-could-be-declared-as-external[0m
INFO:Detectors:[92m
Detected issues with version pragma in /../data/reentrancy/solidity_contract/17518.sol:
	- pragma solidity^0.4.19 (/../data/reentrancy/solidity_contract/17518.sol#1): it allows old versions
Reference: https://github.com/trailofbits/slither/wiki/Detectors-Documentation#incorrect-version-of-solidity[0m
INFO:Detectors:[92m
Low level call in RipioOracle.sendTransaction (/../data/reentrancy/solidity_contract/17518.sol#169-171):
	-to.call.value(value)(data) /../data/reentrancy/solidity_contract/17518.sol#170
Reference: https://github.com/trailofbits/slither/wiki/Detectors-Documentation#low-level-calls[0m
INFO:Detectors:[92m
Function 'Ownable.Ownable' (/../data/reentrancy/solidity_contract/17518.sol#11-13) is not in mixedCase
Parameter '_to' of Ownable.transferTo (/../data/reentrancy/solidity_contract/17518.sol#16) is not in mixedCase
Parameter '_address' of Delegable.wasDelegate (/../data/reentrancy/solidity_contract/17518.sol#40) is not in mixedCase
Parameter '_address' of Delegable.isDelegate (/../data/reentrancy/solidity_contract/17518.sol#46) is not in mixedCase
Parameter '_address' of Delegable.addDelegate (/../data/reentrancy/solidity_contract/17518.sol#52) is not in mixedCase
Parameter '_address' of Delegable.removeDelegate (/../data/reentrancy/solidity_contract/17518.sol#60) is not in mixedCase
Parameter '_url' of RipioOracle.setUrl (/../data/reentrancy/solidity_contract/17518.sol#148) is not in mixedCase
Parameter '_fallback' of RipioOracle.setFallback (/../data/reentrancy/solidity_contract/17518.sol#154) is not in mixedCase
Reference: https://github.com/trailofbits/slither/wiki/Detectors-Documentation#conformance-to-solidity-naming-conventions[0m
INFO:Slither:/../data/reentrancy/solidity_contract/17518.sol analyzed (4 contracts), 38 result(s) found