INFO:root:Contract /../data/reentrancy/solidity_contract/cross-function-reentrancy-fixed.sol:Owner:
INFO:symExec:Running, please wait...
INFO:symExec:	============ Results ===========
INFO:symExec:	  EVM code coverage: 	 99.7%
INFO:symExec:	  Arithmetic bugs: 	 True
INFO:symExec:	  └> Overflow bugs: 	 True
/../data/reentrancy/solidity_contract/cross-function-reentrancy-fixed.sol:Owner:19:5
rewardsForA[recipient] += 100
^
INFO:symExec:	  └> Underflow bugs: 	 False
INFO:symExec:	  └> Division bugs: 	 False
INFO:symExec:	  └> Modulo bugs:   	 False
INFO:symExec:	  └> Truncation bugs: 	 False
INFO:symExec:	  └> Signedness bugs: 	 False
INFO:symExec:	  Callstack bug: 	 False
INFO:symExec:	  Concurrency bug: 	 True
Flow 1:
/../data/reentrancy/solidity_contract/cross-function-reentrancy-fixed.sol:Owner:12:5
recipient.call.value(amountToWithdraw)()
^
Flow 2:
/../data/reentrancy/solidity_contract/cross-function-reentrancy-fixed.sol:Owner:12:5
recipient.call.value(amountToWithdraw)()
^
INFO:symExec:	  Time dependency bug: 	 False
INFO:symExec:	  Reentrancy bug: 	 True
/../data/reentrancy/solidity_contract/cross-function-reentrancy-fixed.sol:Owner:12:5
recipient.call.value(amountToWithdraw)()
^
INFO:symExec:	 --- 0.834027051926 seconds ---
INFO:symExec:	====== Analysis Completed ======

  .oooooo.             o8o            o8o          
 d8P'  `Y8b            `"'            `"'          
888      888  .oooo.o oooo  oooo d8b oooo   .oooo.o
888      888 d88(  "8 `888  `888""8P `888  d88(  "8
888      888 `"Y88b.   888   888      888  `"Y88b. 
`88b    d88' o.  )88b  888   888      888  o.  )88b
 `Y8bood8P'  8""888P' o888o d888b    o888o 8""888P'