INFO:Slither:Compilation warnings/errors on /../data/reentrancy/solidity_contract/17043.sol:
/../data/reentrancy/solidity_contract/17043.sol:13:9: Warning: Return value of low-level calls not used.
        msg.sender.call.value(balances[msg.sender])();
        ^-------------------------------------------^

INFO:Detectors:[91m
Reentrancy in keepMyEther.withdraw (/../data/reentrancy/solidity_contract/17043.sol#12-15):
	External calls:
	- msg.sender.call.value(balances[msg.sender])() (/../data/reentrancy/solidity_contract/17043.sol#13)
	State variables written after the call(s):
	- balances (/../data/reentrancy/solidity_contract/17043.sol#14)
Reference: https://github.com/trailofbits/slither/wiki/Detectors-Documentation#reentrancy-vulnerabilities[0m
INFO:Detectors:[92m
keepMyEther.fallback (/../data/reentrancy/solidity_contract/17043.sol#8-10) should be declared external
keepMyEther.withdraw (/../data/reentrancy/solidity_contract/17043.sol#12-15) should be declared external
Reference: https://github.com/trailofbits/slither/wiki/Detectors-Documentation#public-function-that-could-be-declared-as-external[0m
INFO:Detectors:[92m
Detected issues with version pragma in /../data/reentrancy/solidity_contract/17043.sol:
	- pragma solidity^0.4.23 (/../data/reentrancy/solidity_contract/17043.sol#1): it allows old versions
Reference: https://github.com/trailofbits/slither/wiki/Detectors-Documentation#incorrect-version-of-solidity[0m
INFO:Detectors:[92m
Low level call in keepMyEther.withdraw (/../data/reentrancy/solidity_contract/17043.sol#12-15):
	-msg.sender.call.value(balances[msg.sender])() /../data/reentrancy/solidity_contract/17043.sol#13
Reference: https://github.com/trailofbits/slither/wiki/Detectors-Documentation#low-level-calls[0m
INFO:Detectors:[92m
Contract 'keepMyEther' (/../data/reentrancy/solidity_contract/17043.sol#5-16) is not in CapWords
Reference: https://github.com/trailofbits/slither/wiki/Detectors-Documentation#conformance-to-solidity-naming-conventions[0m
INFO:Slither:/../data/reentrancy/solidity_contract/17043.sol analyzed (1 contracts), 6 result(s) found