INFO:Slither:Compilation warnings/errors on /../data/reentrancy/solidity_contract/22247.sol:
/../data/reentrancy/solidity_contract/22247.sol:13:5: Warning: Defining constructors as functions with the same name as the contract is deprecated. Use "constructor(...) { ... }" instead.
    function PIGGY_BANK(address _log)
    ^ (Relevant source part starts here and spans across multiple lines).

INFO:Detectors:[91m
Reentrancy in PIGGY_BANK.Collect (/../data/reentrancy/solidity_contract/22247.sol#28-35):
	External calls:
	- msg.sender.call.value(_am)() (/../data/reentrancy/solidity_contract/22247.sol#30-33)
	State variables written after the call(s):
	- Accounts (/../data/reentrancy/solidity_contract/22247.sol#31)
Reference: https://github.com/trailofbits/slither/wiki/Detectors-Documentation#reentrancy-vulnerabilities[0m
INFO:Detectors:[92m
Reentrancy in PIGGY_BANK.Put (/../data/reentrancy/solidity_contract/22247.sol#19-26):
	External calls:
	- LogFile.AddMessage(msg.sender,msg.value,Put) (/../data/reentrancy/solidity_contract/22247.sol#24)
	State variables written after the call(s):
	- putBlock (/../data/reentrancy/solidity_contract/22247.sol#25)
Reference: https://github.com/trailofbits/slither/wiki/Detectors-Documentation#reentrancy-vulnerabilities-2[0m
INFO:Detectors:[92m
PIGGY_BANK.MinSum should be constant (/../data/reentrancy/solidity_contract/22247.sol#7)
Reference: https://github.com/trailofbits/slither/wiki/Detectors-Documentation#state-variables-that-could-be-declared-constant[0m
INFO:Detectors:[92m
PIGGY_BANK.Collect (/../data/reentrancy/solidity_contract/22247.sol#28-35) should be declared external
PIGGY_BANK.fallback (/../data/reentrancy/solidity_contract/22247.sol#37-42) should be declared external
Log.AddMessage (/../data/reentrancy/solidity_contract/22247.sol#60-68) should be declared external
Reference: https://github.com/trailofbits/slither/wiki/Detectors-Documentation#public-function-that-could-be-declared-as-external[0m
INFO:Detectors:[92m
Detected issues with version pragma in /../data/reentrancy/solidity_contract/22247.sol:
	- pragma solidity^0.4.19 (/../data/reentrancy/solidity_contract/22247.sol#1): it allows old versions
Reference: https://github.com/trailofbits/slither/wiki/Detectors-Documentation#incorrect-version-of-solidity[0m
INFO:Detectors:[92m
Low level call in PIGGY_BANK.Collect (/../data/reentrancy/solidity_contract/22247.sol#28-35):
	-msg.sender.call.value(_am)() /../data/reentrancy/solidity_contract/22247.sol#30-33
Reference: https://github.com/trailofbits/slither/wiki/Detectors-Documentation#low-level-calls[0m
INFO:Detectors:[92m
Contract 'PIGGY_BANK' (/../data/reentrancy/solidity_contract/22247.sol#3-44) is not in CapWords
Function 'PIGGY_BANK.PIGGY_BANK' (/../data/reentrancy/solidity_contract/22247.sol#13-17) is not in mixedCase
Parameter '_log' of PIGGY_BANK.PIGGY_BANK (/../data/reentrancy/solidity_contract/22247.sol#13) is not in mixedCase
Function 'PIGGY_BANK.Put' (/../data/reentrancy/solidity_contract/22247.sol#19-26) is not in mixedCase
Function 'PIGGY_BANK.Collect' (/../data/reentrancy/solidity_contract/22247.sol#28-35) is not in mixedCase
Parameter '_am' of PIGGY_BANK.Collect (/../data/reentrancy/solidity_contract/22247.sol#28) is not in mixedCase
Variable 'PIGGY_BANK.Accounts' (/../data/reentrancy/solidity_contract/22247.sol#5) is not in mixedCase
Variable 'PIGGY_BANK.MinSum' (/../data/reentrancy/solidity_contract/22247.sol#7) is not in mixedCase
Variable 'PIGGY_BANK.LogFile' (/../data/reentrancy/solidity_contract/22247.sol#9) is not in mixedCase
Function 'Log.AddMessage' (/../data/reentrancy/solidity_contract/22247.sol#60-68) is not in mixedCase
Parameter '_adr' of Log.AddMessage (/../data/reentrancy/solidity_contract/22247.sol#60) is not in mixedCase
Parameter '_val' of Log.AddMessage (/../data/reentrancy/solidity_contract/22247.sol#60) is not in mixedCase
Parameter '_data' of Log.AddMessage (/../data/reentrancy/solidity_contract/22247.sol#60) is not in mixedCase
Variable 'Log.History' (/../data/reentrancy/solidity_contract/22247.sol#56) is not in mixedCase
Variable 'Log.LastMsg' (/../data/reentrancy/solidity_contract/22247.sol#58) is not in mixedCase
Reference: https://github.com/trailofbits/slither/wiki/Detectors-Documentation#conformance-to-solidity-naming-conventions[0m
INFO:Slither:/../data/reentrancy/solidity_contract/22247.sol analyzed (2 contracts), 23 result(s) found