INFO:Slither:Compilation warnings/errors on /../data/reentrancy/solidity_contract/21886.sol:
/../data/reentrancy/solidity_contract/21886.sol:24:21: Warning: "throw" is deprecated in favour of "revert()", "require()" and "assert()".
    if (!assertion) throw;
                    ^---^
/../data/reentrancy/solidity_contract/21886.sol:151:5: Warning: Defining constructors as functions with the same name as the contract is deprecated. Use "constructor(...) { ... }" instead.
    function AutomobileCyberchainToken() {
    ^ (Relevant source part starts here and spans across multiple lines).
/../data/reentrancy/solidity_contract/21886.sol:172:31: Warning: "throw" is deprecated in favour of "revert()", "require()" and "assert()".
        if (value> msg.value) throw;
                              ^---^
/../data/reentrancy/solidity_contract/21886.sol:182:117: Warning: "throw" is deprecated in favour of "revert()", "require()" and "assert()".
        if (block.number<startBlock || block.number>endBlock || safeAdd(totalEtherRaised,value)>etherCap || halted) throw;
                                                                                                                    ^---^
/../data/reentrancy/solidity_contract/21886.sol:183:126: Warning: "throw" is deprecated in favour of "revert()", "require()" and "assert()".
        if (block.number>=startBlock && block.number<=startBlock+prePeriod && safeAdd(totalEtherRaised,value) > preEtherCap) throw;  
                                                                                                                             ^---^
/../data/reentrancy/solidity_contract/21886.sol:193:43: Warning: "throw" is deprecated in favour of "revert()", "require()" and "assert()".
        if (!founder.call.value(value)()) throw;  
                                          ^---^
/../data/reentrancy/solidity_contract/21886.sol:201:34: Warning: "throw" is deprecated in favour of "revert()", "require()" and "assert()".
        if (msg.sender!=founder) throw;
                                 ^---^
/../data/reentrancy/solidity_contract/21886.sol:206:34: Warning: "throw" is deprecated in favour of "revert()", "require()" and "assert()".
        if (msg.sender!=founder) throw;
                                 ^---^
/../data/reentrancy/solidity_contract/21886.sol:212:34: Warning: "throw" is deprecated in favour of "revert()", "require()" and "assert()".
        if (msg.sender!=founder) throw;
                                 ^---^
/../data/reentrancy/solidity_contract/21886.sol:23:3: Warning: This declaration shadows a builtin symbol.
  function assert(bool assertion) internal {
  ^ (Relevant source part starts here and spans across multiple lines).
/../data/reentrancy/solidity_contract/21886.sol:79:13: Warning: Invoking events without "emit" prefix is deprecated.
            Transfer(msg.sender, _to, _value);
            ^-------------------------------^
/../data/reentrancy/solidity_contract/21886.sol:91:13: Warning: Invoking events without "emit" prefix is deprecated.
            Transfer(_from, _to, _value);
            ^--------------------------^
/../data/reentrancy/solidity_contract/21886.sol:102:9: Warning: Invoking events without "emit" prefix is deprecated.
        Approval(msg.sender, _spender, _value);
        ^------------------------------------^
/../data/reentrancy/solidity_contract/21886.sol:154:9: Warning: Invoking events without "emit" prefix is deprecated.
        Transfer(address(0), founder, bountyAllocation);
        ^---------------------------------------------^
/../data/reentrancy/solidity_contract/21886.sol:192:9: Warning: Invoking events without "emit" prefix is deprecated.
        Transfer(address(0), recipient, tokens);  
        ^-------------------------------------^
/../data/reentrancy/solidity_contract/21886.sol:194:9: Warning: Invoking events without "emit" prefix is deprecated.
        Buy(recipient, value, tokens);  
        ^---------------------------^
/../data/reentrancy/solidity_contract/21886.sol:222:7: Warning: Invoking events without "emit" prefix is deprecated.
      Transfer(address(0), recipient, leftTokens);
      ^-----------------------------------------^
/../data/reentrancy/solidity_contract/21886.sol:32:5: Warning: No visibility specified. Defaulting to "public". 
    function totalSupply() constant returns (uint256 supply) {}
    ^---------------------------------------------------------^
/../data/reentrancy/solidity_contract/21886.sol:32:46: Warning: Unused function parameter. Remove or comment out the variable name to silence this warning.
    function totalSupply() constant returns (uint256 supply) {}
                                             ^------------^
/../data/reentrancy/solidity_contract/21886.sol:36:5: Warning: No visibility specified. Defaulting to "public". 
    function balanceOf(address _owner) constant returns (uint256 balance) {}
    ^----------------------------------------------------------------------^
/../data/reentrancy/solidity_contract/21886.sol:36:24: Warning: Unused function parameter. Remove or comment out the variable name to silence this warning.
    function balanceOf(address _owner) constant returns (uint256 balance) {}
                       ^------------^
/../data/reentrancy/solidity_contract/21886.sol:36:58: Warning: Unused function parameter. Remove or comment out the variable name to silence this warning.
    function balanceOf(address _owner) constant returns (uint256 balance) {}
                                                         ^-------------^
/../data/reentrancy/solidity_contract/21886.sol:42:5: Warning: No visibility specified. Defaulting to "public". 
    function transfer(address _to, uint256 _value) returns (bool success) {}
    ^----------------------------------------------------------------------^
/../data/reentrancy/solidity_contract/21886.sol:42:23: Warning: Unused function parameter. Remove or comment out the variable name to silence this warning.
    function transfer(address _to, uint256 _value) returns (bool success) {}
                      ^---------^
/../data/reentrancy/solidity_contract/21886.sol:42:36: Warning: Unused function parameter. Remove or comment out the variable name to silence this warning.
    function transfer(address _to, uint256 _value) returns (bool success) {}
                                   ^------------^
/../data/reentrancy/solidity_contract/21886.sol:42:61: Warning: Unused function parameter. Remove or comment out the variable name to silence this warning.
    function transfer(address _to, uint256 _value) returns (bool success) {}
                                                            ^----------^
/../data/reentrancy/solidity_contract/21886.sol:49:5: Warning: No visibility specified. Defaulting to "public". 
    function transferFrom(address _from, address _to, uint256 _value) returns (bool success) {}
    ^-----------------------------------------------------------------------------------------^
/../data/reentrancy/solidity_contract/21886.sol:49:27: Warning: Unused function parameter. Remove or comment out the variable name to silence this warning.
    function transferFrom(address _from, address _to, uint256 _value) returns (bool success) {}
                          ^-----------^
/../data/reentrancy/solidity_contract/21886.sol:49:42: Warning: Unused function parameter. Remove or comment out the variable name to silence this warning.
    function transferFrom(address _from, address _to, uint256 _value) returns (bool success) {}
                                         ^---------^
/../data/reentrancy/solidity_contract/21886.sol:49:55: Warning: Unused function parameter. Remove or comment out the variable name to silence this warning.
    function transferFrom(address _from, address _to, uint256 _value) returns (bool success) {}
                                                      ^------------^
/../data/reentrancy/solidity_contract/21886.sol:49:80: Warning: Unused function parameter. Remove or comment out the variable name to silence this warning.
    function transferFrom(address _from, address _to, uint256 _value) returns (bool success) {}
                                                                               ^----------^
/../data/reentrancy/solidity_contract/21886.sol:55:5: Warning: No visibility specified. Defaulting to "public". 
    function approve(address _spender, uint256 _value) returns (bool success) {}
    ^--------------------------------------------------------------------------^
/../data/reentrancy/solidity_contract/21886.sol:55:22: Warning: Unused function parameter. Remove or comment out the variable name to silence this warning.
    function approve(address _spender, uint256 _value) returns (bool success) {}
                     ^--------------^
/../data/reentrancy/solidity_contract/21886.sol:55:40: Warning: Unused function parameter. Remove or comment out the variable name to silence this warning.
    function approve(address _spender, uint256 _value) returns (bool success) {}
                                       ^------------^
/../data/reentrancy/solidity_contract/21886.sol:55:65: Warning: Unused function parameter. Remove or comment out the variable name to silence this warning.
    function approve(address _spender, uint256 _value) returns (bool success) {}
                                                                ^----------^
/../data/reentrancy/solidity_contract/21886.sol:60:5: Warning: No visibility specified. Defaulting to "public". 
    function allowance(address _owner, address _spender) constant returns (uint256 remaining) {}
    ^------------------------------------------------------------------------------------------^
/../data/reentrancy/solidity_contract/21886.sol:60:24: Warning: Unused function parameter. Remove or comment out the variable name to silence this warning.
    function allowance(address _owner, address _spender) constant returns (uint256 remaining) {}
                       ^------------^
/../data/reentrancy/solidity_contract/21886.sol:60:40: Warning: Unused function parameter. Remove or comment out the variable name to silence this warning.
    function allowance(address _owner, address _spender) constant returns (uint256 remaining) {}
                                       ^--------------^
/../data/reentrancy/solidity_contract/21886.sol:60:76: Warning: Unused function parameter. Remove or comment out the variable name to silence this warning.
    function allowance(address _owner, address _spender) constant returns (uint256 remaining) {}
                                                                           ^---------------^
/../data/reentrancy/solidity_contract/21886.sol:71:5: Warning: No visibility specified. Defaulting to "public". 
    function transfer(address _to, uint256 _value) returns (bool success) {
    ^ (Relevant source part starts here and spans across multiple lines).
/../data/reentrancy/solidity_contract/21886.sol:84:5: Warning: No visibility specified. Defaulting to "public". 
    function transferFrom(address _from, address _to, uint256 _value) returns (bool success) {
    ^ (Relevant source part starts here and spans across multiple lines).
/../data/reentrancy/solidity_contract/21886.sol:96:5: Warning: No visibility specified. Defaulting to "public". 
    function balanceOf(address _owner) constant returns (uint256 balance) {
    ^ (Relevant source part starts here and spans across multiple lines).
/../data/reentrancy/solidity_contract/21886.sol:100:5: Warning: No visibility specified. Defaulting to "public". 
    function approve(address _spender, uint256 _value) returns (bool success) {
    ^ (Relevant source part starts here and spans across multiple lines).
/../data/reentrancy/solidity_contract/21886.sol:106:5: Warning: No visibility specified. Defaulting to "public". 
    function allowance(address _owner, address _spender) constant returns (uint256 remaining) {
    ^ (Relevant source part starts here and spans across multiple lines).
/../data/reentrancy/solidity_contract/21886.sol:151:5: Warning: No visibility specified. Defaulting to "public". 
    function AutomobileCyberchainToken() {
    ^ (Relevant source part starts here and spans across multiple lines).
/../data/reentrancy/solidity_contract/21886.sol:158:5: Warning: No visibility specified. Defaulting to "public". 
    function price() constant returns(uint) {
    ^ (Relevant source part starts here and spans across multiple lines).
/../data/reentrancy/solidity_contract/21886.sol:200:5: Warning: No visibility specified. Defaulting to "public". 
    function halt() {
    ^ (Relevant source part starts here and spans across multiple lines).
/../data/reentrancy/solidity_contract/21886.sol:205:5: Warning: No visibility specified. Defaulting to "public". 
    function unhalt() {
    ^ (Relevant source part starts here and spans across multiple lines).
/../data/reentrancy/solidity_contract/21886.sol:211:5: Warning: No visibility specified. Defaulting to "public". 
    function changeFounder(address newFounder) {
    ^ (Relevant source part starts here and spans across multiple lines).
/../data/reentrancy/solidity_contract/21886.sol:23:3: Warning: Function state mutability can be restricted to pure
  function assert(bool assertion) internal {
  ^ (Relevant source part starts here and spans across multiple lines).
/../data/reentrancy/solidity_contract/21886.sol:32:5: Warning: Function state mutability can be restricted to pure
    function totalSupply() constant returns (uint256 supply) {}
    ^---------------------------------------------------------^
/../data/reentrancy/solidity_contract/21886.sol:36:5: Warning: Function state mutability can be restricted to pure
    function balanceOf(address _owner) constant returns (uint256 balance) {}
    ^----------------------------------------------------------------------^
/../data/reentrancy/solidity_contract/21886.sol:42:5: Warning: Function state mutability can be restricted to pure
    function transfer(address _to, uint256 _value) returns (bool success) {}
    ^----------------------------------------------------------------------^
/../data/reentrancy/solidity_contract/21886.sol:49:5: Warning: Function state mutability can be restricted to pure
    function transferFrom(address _from, address _to, uint256 _value) returns (bool success) {}
    ^-----------------------------------------------------------------------------------------^
/../data/reentrancy/solidity_contract/21886.sol:55:5: Warning: Function state mutability can be restricted to pure
    function approve(address _spender, uint256 _value) returns (bool success) {}
    ^--------------------------------------------------------------------------^
/../data/reentrancy/solidity_contract/21886.sol:60:5: Warning: Function state mutability can be restricted to pure
    function allowance(address _owner, address _spender) constant returns (uint256 remaining) {}
    ^------------------------------------------------------------------------------------------^

INFO:Detectors:[92m
SafeMath.assert (function @ /../data/reentrancy/solidity_contract/21886.sol#23-25) shadows built-in symbol "assert"
Reference: https://github.com/trailofbits/slither/wiki/Detectors-Documentation#builtin-symbol-shadowing[0m
INFO:Detectors:[92m
AutomobileCyberchainToken.bountyAllocation should be constant (/../data/reentrancy/solidity_contract/21886.sol#139)
AutomobileCyberchainToken.crowSalePrice should be constant (/../data/reentrancy/solidity_contract/21886.sol#126)
AutomobileCyberchainToken.decimals should be constant (/../data/reentrancy/solidity_contract/21886.sol#124)
AutomobileCyberchainToken.etherCap should be constant (/../data/reentrancy/solidity_contract/21886.sol#138)
AutomobileCyberchainToken.maxToken should be constant (/../data/reentrancy/solidity_contract/21886.sol#140)
AutomobileCyberchainToken.name should be constant (/../data/reentrancy/solidity_contract/21886.sol#122)
AutomobileCyberchainToken.preEtherCap should be constant (/../data/reentrancy/solidity_contract/21886.sol#137)
AutomobileCyberchainToken.prePeriod should be constant (/../data/reentrancy/solidity_contract/21886.sol#127)
AutomobileCyberchainToken.preSalePrice should be constant (/../data/reentrancy/solidity_contract/21886.sol#125)
AutomobileCyberchainToken.startBlock should be constant (/../data/reentrancy/solidity_contract/21886.sol#129)
AutomobileCyberchainToken.symbol should be constant (/../data/reentrancy/solidity_contract/21886.sol#123)
AutomobileCyberchainToken.totalPeriod should be constant (/../data/reentrancy/solidity_contract/21886.sol#128)
Reference: https://github.com/trailofbits/slither/wiki/Detectors-Documentation#state-variables-that-could-be-declared-constant[0m
INFO:Detectors:[92m
Deprecated standard detected @ /../data/reentrancy/solidity_contract/21886.sol#24:
	- Usage of "throw" should be replaced with "revert()"
Deprecated standard detected @ /../data/reentrancy/solidity_contract/21886.sol#172:
	- Usage of "throw" should be replaced with "revert()"
Deprecated standard detected @ /../data/reentrancy/solidity_contract/21886.sol#182:
	- Usage of "throw" should be replaced with "revert()"
Deprecated standard detected @ /../data/reentrancy/solidity_contract/21886.sol#183:
	- Usage of "throw" should be replaced with "revert()"
Deprecated standard detected @ /../data/reentrancy/solidity_contract/21886.sol#193:
	- Usage of "throw" should be replaced with "revert()"
Deprecated standard detected @ /../data/reentrancy/solidity_contract/21886.sol#201:
	- Usage of "throw" should be replaced with "revert()"
Deprecated standard detected @ /../data/reentrancy/solidity_contract/21886.sol#206:
	- Usage of "throw" should be replaced with "revert()"
Deprecated standard detected @ /../data/reentrancy/solidity_contract/21886.sol#212:
	- Usage of "throw" should be replaced with "revert()"
Reference: https://github.com/trailofbits/slither/wiki/Detectors-Documentation#deprecated-standards[0m
INFO:Detectors:[92m
Token.totalSupply (/../data/reentrancy/solidity_contract/21886.sol#32) should be declared external
StandardToken.balanceOf (/../data/reentrancy/solidity_contract/21886.sol#96-98) should be declared external
Token.balanceOf (/../data/reentrancy/solidity_contract/21886.sol#36) should be declared external
StandardToken.transfer (/../data/reentrancy/solidity_contract/21886.sol#71-82) should be declared external
Token.transfer (/../data/reentrancy/solidity_contract/21886.sol#42) should be declared external
Token.transferFrom (/../data/reentrancy/solidity_contract/21886.sol#49) should be declared external
StandardToken.transferFrom (/../data/reentrancy/solidity_contract/21886.sol#84-94) should be declared external
StandardToken.approve (/../data/reentrancy/solidity_contract/21886.sol#100-104) should be declared external
Token.approve (/../data/reentrancy/solidity_contract/21886.sol#55) should be declared external
StandardToken.allowance (/../data/reentrancy/solidity_contract/21886.sol#106-108) should be declared external
Token.allowance (/../data/reentrancy/solidity_contract/21886.sol#60) should be declared external
AutomobileCyberchainToken.fallback (/../data/reentrancy/solidity_contract/21886.sol#165-167) should be declared external
AutomobileCyberchainToken.buy (/../data/reentrancy/solidity_contract/21886.sol#171-178) should be declared external
AutomobileCyberchainToken.halt (/../data/reentrancy/solidity_contract/21886.sol#200-203) should be declared external
AutomobileCyberchainToken.unhalt (/../data/reentrancy/solidity_contract/21886.sol#205-208) should be declared external
AutomobileCyberchainToken.changeFounder (/../data/reentrancy/solidity_contract/21886.sol#211-214) should be declared external
AutomobileCyberchainToken.withdrawExtraToken (/../data/reentrancy/solidity_contract/21886.sol#216-223) should be declared external
Reference: https://github.com/trailofbits/slither/wiki/Detectors-Documentation#public-function-that-could-be-declared-as-external[0m
INFO:Detectors:[92m
Detected issues with version pragma in /../data/reentrancy/solidity_contract/21886.sol:
	- pragma solidity^0.4.18 (/../data/reentrancy/solidity_contract/21886.sol#1): it allows old versions
Reference: https://github.com/trailofbits/slither/wiki/Detectors-Documentation#incorrect-version-of-solidity[0m
INFO:Detectors:[92m
Low level call in AutomobileCyberchainToken.buy (/../data/reentrancy/solidity_contract/21886.sol#171-178):
	-require(bool)(msg.sender.call.value(msg.value - value)()) /../data/reentrancy/solidity_contract/21886.sol#175
Low level call in AutomobileCyberchainToken.buyToken (/../data/reentrancy/solidity_contract/21886.sol#181-196):
	-! founder.call.value(value)() /../data/reentrancy/solidity_contract/21886.sol#193
Reference: https://github.com/trailofbits/slither/wiki/Detectors-Documentation#low-level-calls[0m
INFO:Detectors:[92m
Parameter '_owner' of StandardToken.balanceOf (/../data/reentrancy/solidity_contract/21886.sol#96) is not in mixedCase
Parameter '_to' of StandardToken.transfer (/../data/reentrancy/solidity_contract/21886.sol#71) is not in mixedCase
Parameter '_value' of StandardToken.transfer (/../data/reentrancy/solidity_contract/21886.sol#71) is not in mixedCase
Parameter '_from' of StandardToken.transferFrom (/../data/reentrancy/solidity_contract/21886.sol#84) is not in mixedCase
Parameter '_to' of StandardToken.transferFrom (/../data/reentrancy/solidity_contract/21886.sol#84) is not in mixedCase
Parameter '_value' of StandardToken.transferFrom (/../data/reentrancy/solidity_contract/21886.sol#84) is not in mixedCase
Parameter '_spender' of StandardToken.approve (/../data/reentrancy/solidity_contract/21886.sol#100) is not in mixedCase
Parameter '_value' of StandardToken.approve (/../data/reentrancy/solidity_contract/21886.sol#100) is not in mixedCase
Parameter '_owner' of StandardToken.allowance (/../data/reentrancy/solidity_contract/21886.sol#106) is not in mixedCase
Parameter '_spender' of StandardToken.allowance (/../data/reentrancy/solidity_contract/21886.sol#106) is not in mixedCase
Function 'AutomobileCyberchainToken.AutomobileCyberchainToken' (/../data/reentrancy/solidity_contract/21886.sol#151-155) is not in mixedCase
Reference: https://github.com/trailofbits/slither/wiki/Detectors-Documentation#conformance-to-solidity-naming-conventions[0m
INFO:Detectors:[92m
AutomobileCyberchainToken.totalPeriod (/../data/reentrancy/solidity_contract/21886.sol#128) is never used in AutomobileCyberchainToken
Reference: https://github.com/trailofbits/slither/wiki/Detectors-Documentation#unused-state-variables[0m
INFO:Slither:/../data/reentrancy/solidity_contract/21886.sol analyzed (4 contracts), 42 result(s) found