INFO:root:Contract /../data/reentrancy/solidity_contract/22902.sol:BuildingStatus:
INFO:symExec:Running, please wait...
INFO:symExec:	============ Results ===========
INFO:symExec:	  EVM code coverage: 	 99.9%
INFO:symExec:	  Arithmetic bugs: 	 False
INFO:symExec:	  └> Overflow bugs: 	 False
INFO:symExec:	  └> Underflow bugs: 	 False
INFO:symExec:	  └> Division bugs: 	 False
INFO:symExec:	  └> Modulo bugs:   	 False
INFO:symExec:	  └> Truncation bugs: 	 False
INFO:symExec:	  └> Signedness bugs: 	 False
INFO:symExec:	  Callstack bug: 	 False
INFO:symExec:	  Concurrency bug: 	 False
INFO:symExec:	  Time dependency bug: 	 False
INFO:symExec:	  Reentrancy bug: 	 False
INFO:symExec:	 --- 4.19459605217 seconds ---
INFO:symExec:	====== Analysis Completed ======
INFO:root:Contract /../data/reentrancy/solidity_contract/22902.sol:ConvertQuote:
INFO:symExec:Running, please wait...
Traceback (most recent call last):
  File "/root/osiris/taintFlow.py", line 652, in perform_taint_analysis
    propagate_taint(taint, tainted_stack, tainted_memory, tainted_storage, instruction, current_stack, previous_block, current_block, next_blocks, arithmetic_errors, sha3_list, false_positives, strings)
  File "/root/osiris/taintFlow.py", line 421, in propagate_taint
    if arithmetic_error["instruction"].data_in[1] == 32 or arithmetic_error["instruction"].data_in[1] == 31:
  File "/root/osiris/z3/z3.py", line 302, in __nonzero__
    return self.__bool__()
  File "/root/osiris/z3/z3.py", line 305, in __bool__
    if is_true(self):
  File "/root/osiris/z3/z3.py", line 1367, in is_true
    return is_app_of(a, Z3_OP_TRUE)
  File "/root/osiris/z3/z3.py", line 1164, in is_app_of
    return is_app(a) and a.decl().kind() == k
  File "/root/osiris/z3/z3.py", line 1077, in is_app
    k = _ast_kind(a.ctx, a)
  File "/root/osiris/z3/z3.py", line 419, in _ast_kind
    return Z3_get_ast_kind(ctx.ref(), a)
  File "/root/osiris/symExec.py", line 2868, in handler
    raise Exception("timeout")
Exception: timeout
INFO:symExec:	============ Results ===========
INFO:symExec:	  EVM code coverage: 	 31.8%
INFO:symExec:	  Arithmetic bugs: 	 False
INFO:symExec:	  └> Overflow bugs: 	 False
INFO:symExec:	  └> Underflow bugs: 	 False
INFO:symExec:	  └> Division bugs: 	 False
INFO:symExec:	  └> Modulo bugs:   	 False
INFO:symExec:	  └> Truncation bugs: 	 False
INFO:symExec:	  └> Signedness bugs: 	 False
INFO:symExec:	  Callstack bug: 	 False
INFO:symExec:	  Concurrency bug: 	 False
INFO:symExec:	  Time dependency bug: 	 False
INFO:symExec:	  Reentrancy bug: 	 False
INFO:symExec:	 --- 51.1281080246 seconds ---
INFO:symExec:	====== Analysis Completed ======
INFO:root:Contract /../data/reentrancy/solidity_contract/22902.sol:Crowdsale:
INFO:symExec:Running, please wait...