INFO:Slither:Compilation warnings/errors on /../data/reentrancy/solidity_contract/27159.sol:
/../data/reentrancy/solidity_contract/27159.sol:36:3: Warning: Defining constructors as functions with the same name as the contract is deprecated. Use "constructor(...) { ... }" instead.
  function ERC223Token( uint256 initialSupply, string tokenName, uint8 decimalUnits,   string tokenSymbol ) public  {
  ^ (Relevant source part starts here and spans across multiple lines).
/../data/reentrancy/solidity_contract/27159.sol:5:3: Warning: Functions in interfaces should be declared external.
  function receiveApproval( address from, uint256 value, bytes data ) public;
  ^-------------------------------------------------------------------------^
/../data/reentrancy/solidity_contract/27159.sol:10:3: Warning: Functions in interfaces should be declared external.
  function tokenFallback( address from, uint value, bytes data ) public;
  ^--------------------------------------------------------------------^
/../data/reentrancy/solidity_contract/27159.sol:54:5: Warning: Invoking events without "emit" prefix is deprecated.
    Approval( msg.sender, spender, value );
    ^------------------------------------^
/../data/reentrancy/solidity_contract/27159.sol:96:5: Warning: Invoking events without "emit" prefix is deprecated.
    Burn( msg.sender, value );
    ^-----------------------^
/../data/reentrancy/solidity_contract/27159.sol:109:5: Warning: Invoking events without "emit" prefix is deprecated.
    Burn( from, value );
    ^-----------------^
/../data/reentrancy/solidity_contract/27159.sol:119:39: Warning: This function only accepts a single "bytes" argument. Please use "abi.encodePacked(...)" or a similar function to encode the data.
      require(rx.call.value(0)(bytes4(keccak256(custom_fallback)), msg.sender, value, data) );
                                      ^------------------------^
/../data/reentrancy/solidity_contract/27159.sol:119:39: Warning: The provided argument of type string memory is not implicitly convertible to expected type bytes memory.
      require(rx.call.value(0)(bytes4(keccak256(custom_fallback)), msg.sender, value, data) );
                                      ^------------------------^
/../data/reentrancy/solidity_contract/27159.sol:119:15: Warning: Using contract member "call" inherited from the address type is deprecated. Convert the contract to "address" type to access the member, for example use "address(contract).call" instead.
      require(rx.call.value(0)(bytes4(keccak256(custom_fallback)), msg.sender, value, data) );
              ^-----^
/../data/reentrancy/solidity_contract/27159.sol:163:5: Warning: Invoking events without "emit" prefix is deprecated.
    Transfer( from, to, value );  
    ^-------------------------^

INFO:Detectors:[93m
ERC223Token.isContract (/../data/reentrancy/solidity_contract/27159.sol#146-150) is declared view but contains assembly code
Reference: https://github.com/trailofbits/slither/wiki/Detectors-Documentation#constant-functions-changing-the-state[0m
INFO:Detectors:[93m
ERC223Token (/../data/reentrancy/solidity_contract/27159.sol#13-165) has incorrect ERC20 function interface(s):
	-transfer (/../data/reentrancy/solidity_contract/27159.sol#64-67)
Reference: https://github.com/trailofbits/slither/wiki/Detectors-Documentation#incorrect-erc20-interface[0m
INFO:Detectors:[93m
Contract locking ether found in /../data/reentrancy/solidity_contract/27159.sol:
	Contract ERC223Token has payable functions:
	 - fallback (/../data/reentrancy/solidity_contract/27159.sol#44)
	But does not have a function to withdraw the ether
Reference: https://github.com/trailofbits/slither/wiki/Detectors-Documentation#contracts-that-lock-ether[0m
INFO:Detectors:[93m
empty in ERC223Token.transfer (/../data/reentrancy/solidity_contract/27159.sol#65) is a local variable never initialiazed
empty in ERC223Token.transferFrom (/../data/reentrancy/solidity_contract/27159.sol#74) is a local variable never initialiazed
Reference: https://github.com/trailofbits/slither/wiki/Detectors-Documentation#uninitialized-local-variables[0m
INFO:Detectors:[92m
ERC223Token.isContract uses assembly (/../data/reentrancy/solidity_contract/27159.sol#146-150)
	- /../data/reentrancy/solidity_contract/27159.sol#148-149
Reference: https://github.com/trailofbits/slither/wiki/Detectors-Documentation#assembly-usage[0m
INFO:Detectors:[92m
tokenRecipient.receiveApproval (/../data/reentrancy/solidity_contract/27159.sol#5) should be declared external
ContractReceiver.tokenFallback (/../data/reentrancy/solidity_contract/27159.sol#10) should be declared external
ERC223Token.fallback (/../data/reentrancy/solidity_contract/27159.sol#44) should be declared external
ERC223Token.balanceOf (/../data/reentrancy/solidity_contract/27159.sol#47-49) should be declared external
ERC223Token.allowance (/../data/reentrancy/solidity_contract/27159.sol#59-61) should be declared external
ERC223Token.transfer (/../data/reentrancy/solidity_contract/27159.sol#64-67) should be declared external
ERC223Token.transferFrom (/../data/reentrancy/solidity_contract/27159.sol#70-78) should be declared external
ERC223Token.approveAndCall (/../data/reentrancy/solidity_contract/27159.sol#81-88) should be declared external
ERC223Token.burn (/../data/reentrancy/solidity_contract/27159.sol#91-98) should be declared external
ERC223Token.burnFrom (/../data/reentrancy/solidity_contract/27159.sol#101-111) should be declared external
ERC223Token.transfer (/../data/reentrancy/solidity_contract/27159.sol#114-123) should be declared external
ERC223Token.transfer (/../data/reentrancy/solidity_contract/27159.sol#126-133) should be declared external
Reference: https://github.com/trailofbits/slither/wiki/Detectors-Documentation#public-function-that-could-be-declared-as-external[0m
INFO:Detectors:[92m
Detected issues with version pragma in /../data/reentrancy/solidity_contract/27159.sol:
	- pragma solidity^0.4.19 (/../data/reentrancy/solidity_contract/27159.sol#1): it allows old versions
Reference: https://github.com/trailofbits/slither/wiki/Detectors-Documentation#incorrect-version-of-solidity[0m
INFO:Detectors:[92m
Low level call in ERC223Token.transfer (/../data/reentrancy/solidity_contract/27159.sol#114-123):
	-require(bool)(rx.call.value(0)(bytes4(keccak256()(custom_fallback)),msg.sender,value,data)) /../data/reentrancy/solidity_contract/27159.sol#119
Reference: https://github.com/trailofbits/slither/wiki/Detectors-Documentation#low-level-calls[0m
INFO:Detectors:[92m
Contract 'tokenRecipient' (/../data/reentrancy/solidity_contract/27159.sol#4-6) is not in CapWords
Function 'ERC223Token.ERC223Token' (/../data/reentrancy/solidity_contract/27159.sol#36-42) is not in mixedCase
Parameter 'custom_fallback' of ERC223Token.transfer (/../data/reentrancy/solidity_contract/27159.sol#114) is not in mixedCase
Function 'ERC223Token._transfer' (/../data/reentrancy/solidity_contract/27159.sol#152-164) is not in mixedCase
Reference: https://github.com/trailofbits/slither/wiki/Detectors-Documentation#conformance-to-solidity-naming-conventions[0m
INFO:Slither:/../data/reentrancy/solidity_contract/27159.sol analyzed (3 contracts), 24 result(s) found