INFO:root:Contract /../data/reentrancy/solidity_contract/33835.sol:Wallet:
INFO:symExec:Running, please wait...
INFO:symExec:	============ Results ===========
INFO:symExec:	  EVM code coverage: 	 28.3%
INFO:symExec:	  Arithmetic bugs: 	 True
INFO:symExec:	  └> Overflow bugs: 	 False
INFO:symExec:	  └> Underflow bugs: 	 True
/../data/reentrancy/solidity_contract/33835.sol:Wallet:114:26
m_numOwners - 1
^
INFO:symExec:	  └> Division bugs: 	 False
INFO:symExec:	  └> Modulo bugs:   	 False
INFO:symExec:	  └> Truncation bugs: 	 True
/../data/reentrancy/solidity_contract/33835.sol:Wallet:177:13
pending.ownersDone & ownerIndexBit
^
INFO:symExec:	  └> Signedness bugs: 	 False
INFO:symExec:	  Callstack bug: 	 True
/../data/reentrancy/solidity_contract/33835.sol:Wallet:307:20
m_txs[_h].to.call.value(m_txs[_h].value)(m_txs[_h].data)
^
INFO:symExec:	  Concurrency bug: 	 False
INFO:symExec:	  Time dependency bug: 	 False
INFO:symExec:	  Reentrancy bug: 	 False
INFO:symExec:	 --- 50.3270890713 seconds ---
INFO:symExec:	====== Analysis Completed ======
INFO:root:Contract /../data/reentrancy/solidity_contract/33835.sol:multiowned:
INFO:symExec:Running, please wait...
INFO:symExec:	============ Results ===========
INFO:symExec:	  EVM code coverage: 	 85.4%
INFO:symExec:	  Arithmetic bugs: 	 True
INFO:symExec:	  └> Overflow bugs: 	 True
/../data/reentrancy/solidity_contract/33835.sol:multiowned:133:33
ownerIndex + 1
^
/../data/reentrancy/solidity_contract/33835.sol:multiowned:78:13
pending.yetNeeded++
^
INFO:symExec:	  └> Underflow bugs: 	 True
/../data/reentrancy/solidity_contract/33835.sol:multiowned:114:26
m_numOwners - 1
^
/../data/reentrancy/solidity_contract/33835.sol:multiowned:79:13
pending.ownersDone -= ownerIndexBit
^
INFO:symExec:	  └> Division bugs: 	 False
INFO:symExec:	  └> Modulo bugs:   	 False
INFO:symExec:	  └> Truncation bugs: 	 True
/../data/reentrancy/solidity_contract/33835.sol:multiowned:77:13
pending.ownersDone & ownerIndexBit
^
/../data/reentrancy/solidity_contract/33835.sol:multiowned:177:13
pending.ownersDone & ownerIndexBit
^
/../data/reentrancy/solidity_contract/33835.sol:multiowned:149:18
pending.ownersDone & ownerIndexBit
^
INFO:symExec:	  └> Signedness bugs: 	 False
INFO:symExec:	  Callstack bug: 	 False
INFO:symExec:	  Concurrency bug: 	 False
INFO:symExec:	  Time dependency bug: 	 False
INFO:symExec:	  Reentrancy bug: 	 False
INFO:symExec:	 --- 39.4634749889 seconds ---
INFO:symExec:	====== Analysis Completed ======

  .oooooo.             o8o            o8o          
 d8P'  `Y8b            `"'            `"'          
888      888  .oooo.o oooo  oooo d8b oooo   .oooo.o
888      888 d88(  "8 `888  `888""8P `888  d88(  "8
888      888 `"Y88b.   888   888      888  `"Y88b. 
`88b    d88' o.  )88b  888   888      888  o.  )88b
 `Y8bood8P'  8""888P' o888o d888b    o888o 8""888P'


!!! SYMBOLIC EXECUTION TIMEOUT !!!