====================================================================================================
[1m[ ] Compiling Solidity contract from the file /../data/reentrancy/solidity_contract/21390.sol ... [0m/../data/reentrancy/solidity_contract/21390.sol:11:5: Error: No visibility specified. Did you intend to add "public"?
    function changeAdmin(address _new)
    ^ (Relevant source part starts here and spans across multiple lines).
/../data/reentrancy/solidity_contract/21390.sol:13:22: Error: "throw" is deprecated in favour of "revert()", "require()" and "assert()".
        if(_new==0x0)throw;
                     ^---^
/../data/reentrancy/solidity_contract/21390.sol:14:30: Error: "throw" is deprecated in favour of "revert()", "require()" and "assert()".
        if(msg.sender!=admin)throw;
                             ^---^
/../data/reentrancy/solidity_contract/21390.sol:18:5: Error: No visibility specified. Did you intend to add "public"?
    function FundTransfer(uint _am, bytes32 _operation, address _to, address _feeToAdr) payable  {
    ^ (Relevant source part starts here and spans across multiple lines).
/../data/reentrancy/solidity_contract/21390.sol:19:40: Error: "throw" is deprecated in favour of "revert()", "require()" and "assert()".
       if(msg.sender != address(this)) throw;

[91m[-] Cannot compile the contract [0m

====================================================================================================
[1m[ ] Compiling Solidity contract from the file /../data/reentrancy/solidity_contract/21390.sol ... [0m/../data/reentrancy/solidity_contract/21390.sol:11:5: Error: No visibility specified. Did you intend to add "public"?

[91m[-] Cannot compile the contract [0m

====================================================================================================
[1m[ ] Compiling Solidity contract from the file /../data/reentrancy/solidity_contract/21390.sol ... [0m/../data/reentrancy/solidity_contract/21390.sol:11:5: Error: No visibility specified. Did you intend to add "public"?
    function changeAdmin(address _new)
    ^ (Relevant source part starts here and spans across multiple lines).
/../data/reentrancy/solidity_contract/21390.sol:13:22: Error: "throw" is deprecated in favour of "revert()", "require()" and "assert()".
        if(_new==0x0)throw;
                     ^---^
/../data/reentrancy/solidity_contract/21390.sol:14:30: Error: "throw" is deprecated in favour of "revert()", "require()" and "assert()".
        if(msg.sender!=admin)throw;
                             ^---^
/../data/reentrancy/solidity_contract/21390.sol:18:5: Error: No visibility specified. Did you intend to add "public"?
    function FundTransfer(uint _am, bytes32 _operation, address _to, address _feeToAdr) payable  {
    ^ (Relevant source part starts here and spans across multiple lines).
/../data/reentrancy/solidity_contract/21390.sol:19:40: Error: "throw" is deprecated in favour of "revert()", "require()" and "assert()".
       if(msg.sender != address(this)) throw;
                                       ^---^
/../data/reentrancy/solidity_contract/21390.sol:31:45: Error: "throw" is deprecated in favour of "revert()", "require()" and "assert()".
           if(_to.call.value(_am)()==false) throw;
                                            ^---^
/../data/reentrancy/solidity_contract/21390.sol:37:5: Error: No visibility specified. Did you intend to add "external"?
    function() payable {
    ^ (Relevant source part starts here and spans across multiple lines).
/../data/reentrancy/solidity_contract/21390.sol:41:5: Error: No visibility specified. Did you intend to add "public"?
    function Out(uint amount) payable {
    ^ (Relevant source part starts here and spans across multiple lines).
/../data/reentrancy/solidity_contract/21390.sol:42:47: Error: "throw" is deprecated in favour of "revert()", "require()" and "assert()".
        if(investors[msg.sender]<targetAmount)throw;
                                              ^---^
/../data/reentrancy/solidity_contract/21390.sol:43:41: Error: "throw" is deprecated in favour of "revert()", "require()" and "assert()".
        if(investors[msg.sender]<amount)throw;
                                        ^---^
/../data/reentrancy/solidity_contract/21390.sol:47:5: Error: No visibility specified. Did you intend to add "public"?
    function In(address to) payable {
    ^ (Relevant source part starts here and spans across multiple lines).
/../data/reentrancy/solidity_contract/21390.sol:49:34: Error: "throw" is deprecated in favour of "revert()", "require()" and "assert()".
        if(msg.sender!=tx.origin)throw;
                                 ^---^
/../data/reentrancy/solidity_contract/21390.sol:1:1: Warning: Source file does not specify required compiler version! Consider adding "pragma solidity ^0.5.10;"
contract Accrual_account
^ (Relevant source part starts here and spans across multiple lines).
/../data/reentrancy/solidity_contract/21390.sol:37:5: Error: Fallback function must be defined as "external".
    function() payable {
    ^ (Relevant source part starts here and spans across multiple lines).
/../data/reentrancy/solidity_contract/21390.sol:13:12: Error: Operator == not compatible with types address and int_const 0
        if(_new==0x0)throw;
           ^-------^
/../data/reentrancy/solidity_contract/21390.sol:21:12: Error: Event invocations have to be prefixed by "emit".
           FundsMove(msg.value,"In",_to);
           ^---------------------------^
/../data/reentrancy/solidity_contract/21390.sol:31:15: Error: Wrong argument count for function call: 0 arguments given but expected 1. This function requires a single bytes argument. Use "" as argument to provide empty calldata.
           if(_to.call.value(_am)()==false) throw;
              ^-------------------^
/../data/reentrancy/solidity_contract/21390.sol:31:15: Error: Operator == not compatible with types tuple(bool,bytes memory) and bool
           if(_to.call.value(_am)()==false) throw;
              ^--------------------------^

[91m[-] Cannot compile the contract [0m