INFO:Slither:Compilation warnings/errors on /../data/reentrancy/solidity_contract/28869.sol:
/../data/reentrancy/solidity_contract/28869.sol:98:9: Warning: Defining constructors as functions with the same name as the contract is deprecated. Use "constructor(...) { ... }" instead.
        function MultiSigWallet(address[] _owners, uint _required)
        ^ (Relevant source part starts here and spans across multiple lines).
/../data/reentrancy/solidity_contract/28869.sol:91:17: Warning: Invoking events without "emit" prefix is deprecated.
                Deposit(msg.sender, msg.value);
                ^----------------------------^
/../data/reentrancy/solidity_contract/28869.sol:121:13: Warning: Invoking events without "emit" prefix is deprecated.
            OwnerAddition(owner);
            ^------------------^
/../data/reentrancy/solidity_contract/28869.sol:140:13: Warning: Invoking events without "emit" prefix is deprecated.
            OwnerRemoval(owner);
            ^-----------------^
/../data/reentrancy/solidity_contract/28869.sol:159:13: Warning: Invoking events without "emit" prefix is deprecated.
            OwnerRemoval(owner);
            ^-----------------^
/../data/reentrancy/solidity_contract/28869.sol:160:13: Warning: Invoking events without "emit" prefix is deprecated.
            OwnerAddition(newOwner);
            ^---------------------^
/../data/reentrancy/solidity_contract/28869.sol:171:13: Warning: Invoking events without "emit" prefix is deprecated.
            RequirementChange(_required);
            ^--------------------------^
/../data/reentrancy/solidity_contract/28869.sol:188:13: Warning: Invoking events without "emit" prefix is deprecated.
            Confirmation(msg.sender, transactionId);
            ^-------------------------------------^
/../data/reentrancy/solidity_contract/28869.sol:201:13: Warning: Invoking events without "emit" prefix is deprecated.
            Revocation(msg.sender, transactionId);
            ^-----------------------------------^
/../data/reentrancy/solidity_contract/28869.sol:209:21: Warning: Invoking events without "emit" prefix is deprecated.
                    Execution(transactionId);
                    ^----------------------^
/../data/reentrancy/solidity_contract/28869.sol:211:21: Warning: Invoking events without "emit" prefix is deprecated.
                    ExecutionFailure(transactionId);
                    ^-----------------------------^
/../data/reentrancy/solidity_contract/28869.sol:253:13: Warning: Invoking events without "emit" prefix is deprecated.
            Submission(transactionId);
            ^-----------------------^
/../data/reentrancy/solidity_contract/28869.sol:87:9: Warning: No visibility specified. Defaulting to "public". 
        function()
        ^ (Relevant source part starts here and spans across multiple lines).

INFO:Detectors:[92m
MultiSigWallet.fallback (/../data/reentrancy/solidity_contract/28869.sol#87-92) should be declared external
MultiSigWallet.addOwner (/../data/reentrancy/solidity_contract/28869.sol#112-122) should be declared external
MultiSigWallet.removeOwner (/../data/reentrancy/solidity_contract/28869.sol#126-141) should be declared external
MultiSigWallet.replaceOwner (/../data/reentrancy/solidity_contract/28869.sol#146-161) should be declared external
MultiSigWallet.submitTransaction (/../data/reentrancy/solidity_contract/28869.sol#179-182) should be declared external
MultiSigWallet.revokeConfirmation (/../data/reentrancy/solidity_contract/28869.sol#194-202) should be declared external
MultiSigWallet.getConfirmationCount (/../data/reentrancy/solidity_contract/28869.sol#260-268) should be declared external
MultiSigWallet.getTransactionCount (/../data/reentrancy/solidity_contract/28869.sol#274-283) should be declared external
MultiSigWallet.getOwners (/../data/reentrancy/solidity_contract/28869.sol#287-293) should be declared external
MultiSigWallet.getConfirmations (/../data/reentrancy/solidity_contract/28869.sol#298-314) should be declared external
MultiSigWallet.getTransactionIds (/../data/reentrancy/solidity_contract/28869.sol#322-340) should be declared external
Reference: https://github.com/trailofbits/slither/wiki/Detectors-Documentation#public-function-that-could-be-declared-as-external[0m
INFO:Detectors:[92m
Detected issues with version pragma in /../data/reentrancy/solidity_contract/28869.sol:
	- pragma solidity^0.4.15 (/../data/reentrancy/solidity_contract/28869.sol#1): it allows old versions
Reference: https://github.com/trailofbits/slither/wiki/Detectors-Documentation#incorrect-version-of-solidity[0m
INFO:Detectors:[92m
Low level call in MultiSigWallet.executeTransaction (/../data/reentrancy/solidity_contract/28869.sol#204-215):
	-txn.destination.call.value(txn.value)(txn.data) /../data/reentrancy/solidity_contract/28869.sol#208-213
Reference: https://github.com/trailofbits/slither/wiki/Detectors-Documentation#low-level-calls[0m
INFO:Detectors:[92m
Function 'MultiSigWallet.MultiSigWallet' (/../data/reentrancy/solidity_contract/28869.sol#98-108) is not in mixedCase
Parameter '_owners' of MultiSigWallet.MultiSigWallet (/../data/reentrancy/solidity_contract/28869.sol#98) is not in mixedCase
Parameter '_required' of MultiSigWallet.MultiSigWallet (/../data/reentrancy/solidity_contract/28869.sol#98) is not in mixedCase
Parameter '_required' of MultiSigWallet.changeRequirement (/../data/reentrancy/solidity_contract/28869.sol#165) is not in mixedCase
Reference: https://github.com/trailofbits/slither/wiki/Detectors-Documentation#conformance-to-solidity-naming-conventions[0m
INFO:Slither:/../data/reentrancy/solidity_contract/28869.sol analyzed (1 contracts), 17 result(s) found