INFO:root:Contract /../data/reentrancy/solidity_contract/39127.sol:ABCToken:
INFO:symExec:Running, please wait...
INFO:symExec:	============ Results ===========
INFO:symExec:	  EVM code coverage: 	 79.5%
INFO:symExec:	  Arithmetic bugs: 	 False
INFO:symExec:	  └> Overflow bugs: 	 False
INFO:symExec:	  └> Underflow bugs: 	 False
INFO:symExec:	  └> Division bugs: 	 False
INFO:symExec:	  └> Modulo bugs:   	 False
INFO:symExec:	  └> Truncation bugs: 	 False
INFO:symExec:	  └> Signedness bugs: 	 False
INFO:symExec:	  Callstack bug: 	 False
INFO:symExec:	  Concurrency bug: 	 False
INFO:symExec:	  Time dependency bug: 	 False
INFO:symExec:	  Reentrancy bug: 	 False
INFO:symExec:	 --- 54.8436121941 seconds ---
INFO:symExec:	====== Analysis Completed ======
INFO:root:Contract /../data/reentrancy/solidity_contract/39127.sol:DAS:
INFO:symExec:Running, please wait...
INFO:symExec:	============ Results ===========
INFO:symExec:	  EVM code coverage: 	 5.7%
INFO:symExec:	  Arithmetic bugs: 	 False
INFO:symExec:	  └> Overflow bugs: 	 False
INFO:symExec:	  └> Underflow bugs: 	 False
INFO:symExec:	  └> Division bugs: 	 False
INFO:symExec:	  └> Modulo bugs:   	 False
INFO:symExec:	  └> Truncation bugs: 	 False
INFO:symExec:	  └> Signedness bugs: 	 False
INFO:symExec:	  Callstack bug: 	 False
INFO:symExec:	  Concurrency bug: 	 False
INFO:symExec:	  Time dependency bug: 	 False
INFO:symExec:	  Reentrancy bug: 	 False
INFO:symExec:	 --- 63.3276369572 seconds ---
INFO:symExec:	====== Analysis Completed ======
INFO:root:Contract /../data/reentrancy/solidity_contract/39127.sol:DASToken:
INFO:symExec:Running, please wait...
Traceback (most recent call last):
  File "_ctypes/callbacks.c", line 315, in 'calling callback function'

  .oooooo.             o8o            o8o          
 d8P'  `Y8b            `"'            `"'          
888      888  .oooo.o oooo  oooo d8b oooo   .oooo.o
  File "/root/osiris/z3/z3.py", line 137, in z3_error_handler
888      888 d88(  "8 `888  `888""8P `888  d88(  "8
888      888 `"Y88b.   888   888      888  `"Y88b. 
`88b    d88' o.  )88b  888   888      888  o.  )88b
 `Y8bood8P'  8""888P' o888o d888b    o888o 8""888P'


!!! SYMBOLIC EXECUTION TIMEOUT !!!

!!! SYMBOLIC EXECUTION TIMEOUT !!!

!!! SYMBOLIC EXECUTION TIMEOUT !!!
    def z3_error_handler(c, e):
  File "/root/osiris/symExec.py", line 2868, in handler
    raise Exception("timeout")
Exception: timeout
INFO:symExec:	============ Results ===========
INFO:symExec:	  EVM code coverage: 	 89.5%
INFO:symExec:	  Arithmetic bugs: 	 False
INFO:symExec:	  └> Overflow bugs: 	 False
INFO:symExec:	  └> Underflow bugs: 	 False
INFO:symExec:	  └> Division bugs: 	 False
INFO:symExec:	  └> Modulo bugs:   	 False
INFO:symExec:	  └> Truncation bugs: 	 False
INFO:symExec:	  └> Signedness bugs: 	 False
INFO:symExec:	  Callstack bug: 	 False
INFO:symExec:	  Concurrency bug: 	 False
INFO:symExec:	  Time dependency bug: 	 False
INFO:symExec:	  Reentrancy bug: 	 False
INFO:symExec:	 --- 50.0316400528 seconds ---
INFO:symExec:	====== Analysis Completed ======
INFO:root:Contract /../data/reentrancy/solidity_contract/39127.sol:ERC223ContractInterface:
INFO:symExec:Running, please wait...
INFO:symExec:	============ Results ===========
INFO:symExec:	  EVM code coverage: 	 98.5%
INFO:symExec:	  Arithmetic bugs: 	 False
INFO:symExec:	  └> Overflow bugs: 	 False
INFO:symExec:	  └> Underflow bugs: 	 False
INFO:symExec:	  └> Division bugs: 	 False
INFO:symExec:	  └> Modulo bugs:   	 False
INFO:symExec:	  └> Truncation bugs: 	 False
INFO:symExec:	  └> Signedness bugs: 	 False
INFO:symExec:	  Callstack bug: 	 False
INFO:symExec:	  Concurrency bug: 	 False
INFO:symExec:	  Time dependency bug: 	 False
INFO:symExec:	  Reentrancy bug: 	 False
INFO:symExec:	 --- 0.345919847488 seconds ---
INFO:symExec:	====== Analysis Completed ======
INFO:root:Contract /../data/reentrancy/solidity_contract/39127.sol:ERC223Token:
INFO:symExec:Running, please wait...
INFO:symExec:	============ Results ===========
INFO:symExec:	  EVM code coverage: 	 94.4%
INFO:symExec:	  Arithmetic bugs: 	 False
INFO:symExec:	  └> Overflow bugs: 	 False
INFO:symExec:	  └> Underflow bugs: 	 False
INFO:symExec:	  └> Division bugs: 	 False
INFO:symExec:	  └> Modulo bugs:   	 False
INFO:symExec:	  └> Truncation bugs: 	 False
INFO:symExec:	  └> Signedness bugs: 	 False
INFO:symExec:	  Callstack bug: 	 False
INFO:symExec:	  Concurrency bug: 	 False
INFO:symExec:	  Time dependency bug: 	 False
INFO:symExec:	  Reentrancy bug: 	 False
INFO:symExec:	 --- 49.9818191528 seconds ---
INFO:symExec:	====== Analysis Completed ======
INFO:root:Contract /../data/reentrancy/solidity_contract/39127.sol:SafeMath:
INFO:symExec:Running, please wait...
INFO:symExec:	============ Results ===========
INFO:symExec:	  EVM code coverage: 	 98.3%
INFO:symExec:	  Arithmetic bugs: 	 False
INFO:symExec:	  └> Overflow bugs: 	 False
INFO:symExec:	  └> Underflow bugs: 	 False
INFO:symExec:	  └> Division bugs: 	 False
INFO:symExec:	  └> Modulo bugs:   	 False
INFO:symExec:	  └> Truncation bugs: 	 False
INFO:symExec:	  └> Signedness bugs: 	 False
INFO:symExec:	  Callstack bug: 	 False
INFO:symExec:	  Concurrency bug: 	 False
INFO:symExec:	  Time dependency bug: 	 False
INFO:symExec:	  Reentrancy bug: 	 False
INFO:symExec:	 --- 0.112313985825 seconds ---
INFO:symExec:	====== Analysis Completed ======
Exception z3.z3types.Z3Exception: Z3Exception() in <object repr() failed> ignored
Exception z3.z3types.Z3Exception: Z3Exception() in <object repr() failed> ignored
Exception z3.z3types.Z3Exception: Z3Exception() in <object repr() failed> ignored
Exception z3.z3types.Z3Exception: Z3Exception() in <object repr() failed> ignored
Exception z3.z3types.Z3Exception: Z3Exception() in <object repr() failed> ignored
Exception z3.z3types.Z3Exception: Z3Exception() in <object repr() failed> ignored
Exception z3.z3types.Z3Exception: Z3Exception() in <object repr() failed> ignored
Exception z3.z3types.Z3Exception: Z3Exception() in <object repr() failed> ignored
Exception z3.z3types.Z3Exception: Z3Exception() in <object repr() failed> ignored
Exception z3.z3types.Z3Exception: Z3Exception() in <object repr() failed> ignored
Exception z3.z3types.Z3Exception: Z3Exception() in <object repr() failed> ignored
Exception z3.z3types.Z3Exception: Z3Exception() in <object repr() failed> ignored
Exception z3.z3types.Z3Exception: Z3Exception() in <object repr() failed> ignored
Exception z3.z3types.Z3Exception: Z3Exception() in <object repr() failed> ignored
Exception z3.z3types.Z3Exception: Z3Exception() in <object repr() failed> ignored
Exception z3.z3types.Z3Exception: Z3Exception() in <object repr() failed> ignored
Exception z3.z3types.Z3Exception: Z3Exception() in <object repr() failed> ignored
Exception z3.z3types.Z3Exception: Z3Exception() in <object repr() failed> ignored
Exception z3.z3types.Z3Exception: Z3Exception() in <object repr() failed> ignored
Exception z3.z3types.Z3Exception: Z3Exception() in <object repr() failed> ignored
Exception z3.z3types.Z3Exception: Z3Exception() in <object repr() failed> ignored
Exception z3.z3types.Z3Exception: Z3Exception() in <object repr() failed> ignored
Exception z3.z3types.Z3Exception: Z3Exception() in <object repr() failed> ignored
Exception z3.z3types.Z3Exception: Z3Exception() in <object repr() failed> ignored
Exception z3.z3types.Z3Exception: Z3Exception() in <object repr() failed> ignored
Exception z3.z3types.Z3Exception: Z3Exception() in <object repr() failed> ignored
Exception z3.z3types.Z3Exception: Z3Exception() in <object repr() failed> ignored
Exception z3.z3types.Z3Exception: Z3Exception() in <object repr() failed> ignored
Exception z3.z3types.Z3Exception: Z3Exception() in <object repr() failed> ignored
Exception z3.z3types.Z3Exception: Z3Exception() in <object repr() failed> ignored
Exception z3.z3types.Z3Exception: Z3Exception() in <object repr() failed> ignored


!!! SYMBOLIC EXECUTION TIMEOUT !!!