INFO:Slither:Compilation warnings/errors on /../data/reentrancy/solidity_contract/cross-function-reentrancy.sol:
/../data/reentrancy/solidity_contract/cross-function-reentrancy.sol:16:13: Warning: "throw" is deprecated in favour of "revert()", "require()" and "assert()".
            throw;
            ^---^

INFO:Detectors:[91m
Owner.WithdrawReward (/../data/reentrancy/solidity_contract/cross-function-reentrancy.sol#7-11) sends eth to arbitrary user
	Dangerous calls:
	- require(bool)(recipient.call.value(amountToWithdraw)()) (/../data/reentrancy/solidity_contract/cross-function-reentrancy.sol#10)
Reference: https://github.com/trailofbits/slither/wiki/Detectors-Documentation#functions-that-send-ether-to-arbitrary-destinations[0m
INFO:Detectors:[91m
Reentrancy in Owner.GetFirstWithdrawalBonus (/../data/reentrancy/solidity_contract/cross-function-reentrancy.sol#13-21):
	External calls:
	- WithdrawReward(recipient) (/../data/reentrancy/solidity_contract/cross-function-reentrancy.sol#19)
	State variables written after the call(s):
	- claimedBonus (/../data/reentrancy/solidity_contract/cross-function-reentrancy.sol#20)
Reference: https://github.com/trailofbits/slither/wiki/Detectors-Documentation#reentrancy-vulnerabilities[0m
INFO:Detectors:[92m
Deprecated standard detected @ /../data/reentrancy/solidity_contract/cross-function-reentrancy.sol#16:
	- Usage of "throw" should be replaced with "revert()"
Reference: https://github.com/trailofbits/slither/wiki/Detectors-Documentation#deprecated-standards[0m
INFO:Detectors:[92m
Owner.GetFirstWithdrawalBonus (/../data/reentrancy/solidity_contract/cross-function-reentrancy.sol#13-21) should be declared external
Reference: https://github.com/trailofbits/slither/wiki/Detectors-Documentation#public-function-that-could-be-declared-as-external[0m
INFO:Detectors:[92m
Detected issues with version pragma in /../data/reentrancy/solidity_contract/cross-function-reentrancy.sol:
	- pragma solidity^0.4.18 (/../data/reentrancy/solidity_contract/cross-function-reentrancy.sol#1): it allows old versions
Reference: https://github.com/trailofbits/slither/wiki/Detectors-Documentation#incorrect-version-of-solidity[0m
INFO:Detectors:[92m
Low level call in Owner.WithdrawReward (/../data/reentrancy/solidity_contract/cross-function-reentrancy.sol#7-11):
	-require(bool)(recipient.call.value(amountToWithdraw)()) /../data/reentrancy/solidity_contract/cross-function-reentrancy.sol#10
Reference: https://github.com/trailofbits/slither/wiki/Detectors-Documentation#low-level-calls[0m
INFO:Detectors:[92m
Function 'Owner.WithdrawReward' (/../data/reentrancy/solidity_contract/cross-function-reentrancy.sol#7-11) is not in mixedCase
Function 'Owner.GetFirstWithdrawalBonus' (/../data/reentrancy/solidity_contract/cross-function-reentrancy.sol#13-21) is not in mixedCase
Reference: https://github.com/trailofbits/slither/wiki/Detectors-Documentation#conformance-to-solidity-naming-conventions[0m
INFO:Detectors:[92m
Owner.userBalances (/../data/reentrancy/solidity_contract/cross-function-reentrancy.sol#3) is never used in Owner
Reference: https://github.com/trailofbits/slither/wiki/Detectors-Documentation#unused-state-variables[0m
INFO:Slither:/../data/reentrancy/solidity_contract/cross-function-reentrancy.sol analyzed (1 contracts), 9 result(s) found