INFO:Slither:Compilation warnings/errors on /../data/reentrancy/solidity_contract/28687.sol:
/../data/reentrancy/solidity_contract/28687.sol:11:5: Warning: Defining constructors as functions with the same name as the contract is deprecated. Use "constructor(...) { ... }" instead.
    function PrivateBank(address _log)
    ^ (Relevant source part starts here and spans across multiple lines).
/../data/reentrancy/solidity_contract/28687.sol:11:5: Warning: No visibility specified. Defaulting to "public". 
    function PrivateBank(address _log)
    ^ (Relevant source part starts here and spans across multiple lines).
/../data/reentrancy/solidity_contract/28687.sol:27:5: Warning: No visibility specified. Defaulting to "public". 
    function CashOut(uint _am)  {
    ^ (Relevant source part starts here and spans across multiple lines).

INFO:Detectors:[91m
Reentrancy in PrivateBank.CashOut (/../data/reentrancy/solidity_contract/28687.sol#27-34):
	External calls:
	- msg.sender.call.value(_am)() (/../data/reentrancy/solidity_contract/28687.sol#29-32)
	State variables written after the call(s):
	- balances (/../data/reentrancy/solidity_contract/28687.sol#30)
Reference: https://github.com/trailofbits/slither/wiki/Detectors-Documentation#reentrancy-vulnerabilities[0m
INFO:Detectors:[92m
PrivateBank.MinDeposit should be constant (/../data/reentrancy/solidity_contract/28687.sol#7)
Reference: https://github.com/trailofbits/slither/wiki/Detectors-Documentation#state-variables-that-could-be-declared-constant[0m
INFO:Detectors:[92m
PrivateBank.Deposit (/../data/reentrancy/solidity_contract/28687.sol#16-25) should be declared external
PrivateBank.CashOut (/../data/reentrancy/solidity_contract/28687.sol#27-34) should be declared external
PrivateBank.fallback (/../data/reentrancy/solidity_contract/28687.sol#36) should be declared external
Log.AddMessage (/../data/reentrancy/solidity_contract/28687.sol#55-63) should be declared external
Reference: https://github.com/trailofbits/slither/wiki/Detectors-Documentation#public-function-that-could-be-declared-as-external[0m
INFO:Detectors:[92m
Detected issues with version pragma in /../data/reentrancy/solidity_contract/28687.sol:
	- pragma solidity^0.4.19 (/../data/reentrancy/solidity_contract/28687.sol#1): it allows old versions
Reference: https://github.com/trailofbits/slither/wiki/Detectors-Documentation#incorrect-version-of-solidity[0m
INFO:Detectors:[92m
Low level call in PrivateBank.CashOut (/../data/reentrancy/solidity_contract/28687.sol#27-34):
	-msg.sender.call.value(_am)() /../data/reentrancy/solidity_contract/28687.sol#29-32
Reference: https://github.com/trailofbits/slither/wiki/Detectors-Documentation#low-level-calls[0m
INFO:Detectors:[92m
Function 'PrivateBank.PrivateBank' (/../data/reentrancy/solidity_contract/28687.sol#11-14) is not in mixedCase
Parameter '_log' of PrivateBank.PrivateBank (/../data/reentrancy/solidity_contract/28687.sol#11) is not in mixedCase
Function 'PrivateBank.Deposit' (/../data/reentrancy/solidity_contract/28687.sol#16-25) is not in mixedCase
Function 'PrivateBank.CashOut' (/../data/reentrancy/solidity_contract/28687.sol#27-34) is not in mixedCase
Parameter '_am' of PrivateBank.CashOut (/../data/reentrancy/solidity_contract/28687.sol#27) is not in mixedCase
Variable 'PrivateBank.MinDeposit' (/../data/reentrancy/solidity_contract/28687.sol#7) is not in mixedCase
Variable 'PrivateBank.TransferLog' (/../data/reentrancy/solidity_contract/28687.sol#9) is not in mixedCase
Function 'Log.AddMessage' (/../data/reentrancy/solidity_contract/28687.sol#55-63) is not in mixedCase
Parameter '_adr' of Log.AddMessage (/../data/reentrancy/solidity_contract/28687.sol#55) is not in mixedCase
Parameter '_val' of Log.AddMessage (/../data/reentrancy/solidity_contract/28687.sol#55) is not in mixedCase
Parameter '_data' of Log.AddMessage (/../data/reentrancy/solidity_contract/28687.sol#55) is not in mixedCase
Variable 'Log.History' (/../data/reentrancy/solidity_contract/28687.sol#51) is not in mixedCase
Variable 'Log.LastMsg' (/../data/reentrancy/solidity_contract/28687.sol#53) is not in mixedCase
Reference: https://github.com/trailofbits/slither/wiki/Detectors-Documentation#conformance-to-solidity-naming-conventions[0m
INFO:Slither:/../data/reentrancy/solidity_contract/28687.sol analyzed (2 contracts), 21 result(s) found