INFO:Slither:Compilation warnings/errors on /../data/reentrancy/solidity_contract/14353.sol:
/../data/reentrancy/solidity_contract/14353.sol:31:26: Warning: Using contract member "balance" inherited from the address type is deprecated. Convert the contract to "address" type to access the member, for example use "address(contract).balance" instead.
      developer.transfer(this.balance);
                         ^----------^
/../data/reentrancy/solidity_contract/14353.sol:37:29: Warning: Using contract member "balance" inherited from the address type is deprecated. Convert the contract to "address" type to access the member, for example use "address(contract).balance" instead.
    require(sale.call.value(this.balance)());
                            ^----------^
/../data/reentrancy/solidity_contract/14353.sol:7:3: Warning: No visibility specified. Defaulting to "public". 
  function transfer(address _to, uint256 _value) returns (bool success);
  ^--------------------------------------------------------------------^
/../data/reentrancy/solidity_contract/14353.sol:8:3: Warning: No visibility specified. Defaulting to "public". 
  function balanceOf(address _owner) constant returns (uint256 balance);
  ^--------------------------------------------------------------------^
/../data/reentrancy/solidity_contract/14353.sol:21:3: Warning: No visibility specified. Defaulting to "public". 
  function set_addresses(address _sale, address _token) {
  ^ (Relevant source part starts here and spans across multiple lines).
/../data/reentrancy/solidity_contract/14353.sol:30:3: Warning: No visibility specified. Defaulting to "public". 
  function withdraw(){
  ^ (Relevant source part starts here and spans across multiple lines).
/../data/reentrancy/solidity_contract/14353.sol:35:3: Warning: No visibility specified. Defaulting to "public". 
  function buy(){
  ^ (Relevant source part starts here and spans across multiple lines).
/../data/reentrancy/solidity_contract/14353.sol:42:3: Warning: No visibility specified. Defaulting to "public". 
  function () payable {
  ^ (Relevant source part starts here and spans across multiple lines).

INFO:Detectors:[91m
ICOBuyer.buy (/../data/reentrancy/solidity_contract/14353.sol#35-39) sends eth to arbitrary user
	Dangerous calls:
	- require(bool)(sale.call.value(this.balance)()) (/../data/reentrancy/solidity_contract/14353.sol#37)
Reference: https://github.com/trailofbits/slither/wiki/Detectors-Documentation#functions-that-send-ether-to-arbitrary-destinations[0m
INFO:Detectors:[92m
ICOBuyer.developer should be constant (/../data/reentrancy/solidity_contract/14353.sol#14)
Reference: https://github.com/trailofbits/slither/wiki/Detectors-Documentation#state-variables-that-could-be-declared-constant[0m
INFO:Detectors:[92m
ERC20.transfer (/../data/reentrancy/solidity_contract/14353.sol#7) should be declared external
ERC20.balanceOf (/../data/reentrancy/solidity_contract/14353.sol#8) should be declared external
ICOBuyer.set_addresses (/../data/reentrancy/solidity_contract/14353.sol#21-28) should be declared external
ICOBuyer.withdraw (/../data/reentrancy/solidity_contract/14353.sol#30-33) should be declared external
ICOBuyer.buy (/../data/reentrancy/solidity_contract/14353.sol#35-39) should be declared external
ICOBuyer.fallback (/../data/reentrancy/solidity_contract/14353.sol#42-44) should be declared external
Reference: https://github.com/trailofbits/slither/wiki/Detectors-Documentation#public-function-that-could-be-declared-as-external[0m
INFO:Detectors:[92m
Detected issues with version pragma in /../data/reentrancy/solidity_contract/14353.sol:
	- pragma solidity^0.4.13 (/../data/reentrancy/solidity_contract/14353.sol#1): it allows old versions
Reference: https://github.com/trailofbits/slither/wiki/Detectors-Documentation#incorrect-version-of-solidity[0m
INFO:Detectors:[92m
Low level call in ICOBuyer.buy (/../data/reentrancy/solidity_contract/14353.sol#35-39):
	-require(bool)(sale.call.value(this.balance)()) /../data/reentrancy/solidity_contract/14353.sol#37
Reference: https://github.com/trailofbits/slither/wiki/Detectors-Documentation#low-level-calls[0m
INFO:Detectors:[92m
Function 'ICOBuyer.set_addresses' (/../data/reentrancy/solidity_contract/14353.sol#21-28) is not in mixedCase
Parameter '_sale' of ICOBuyer.set_addresses (/../data/reentrancy/solidity_contract/14353.sol#21) is not in mixedCase
Parameter '_token' of ICOBuyer.set_addresses (/../data/reentrancy/solidity_contract/14353.sol#21) is not in mixedCase
Reference: https://github.com/trailofbits/slither/wiki/Detectors-Documentation#conformance-to-solidity-naming-conventions[0m
INFO:Slither:/../data/reentrancy/solidity_contract/14353.sol analyzed (2 contracts), 13 result(s) found