INFO:Slither:Compilation warnings/errors on /../data/reentrancy/solidity_contract/36732.sol:
/../data/reentrancy/solidity_contract/36732.sol:71:40: Warning: "sha3" has been deprecated in favour of "keccak256"
    require(msg.sender == developer || sha3(password) == password_hash);
                                       ^------------^
/../data/reentrancy/solidity_contract/36732.sol:71:40: Warning: This function only accepts a single "bytes" argument. Please use "abi.encodePacked(...)" or a similar function to encode the data.
    require(msg.sender == developer || sha3(password) == password_hash);
                                       ^------------^
/../data/reentrancy/solidity_contract/36732.sol:71:40: Warning: The provided argument of type string memory is not implicitly convertible to expected type bytes memory.
    require(msg.sender == developer || sha3(password) == password_hash);
                                       ^------------^
/../data/reentrancy/solidity_contract/36732.sol:154:9: Warning: Using contract member "balance" inherited from the address type is deprecated. Convert the contract to "address" type to access the member, for example use "address(contract).balance" instead.
    if (this.balance < eth_minimum) return;
        ^----------^
/../data/reentrancy/solidity_contract/36732.sol:162:26: Warning: Using contract member "balance" inherited from the address type is deprecated. Convert the contract to "address" type to access the member, for example use "address(contract).balance" instead.
    contract_eth_value = this.balance - (claimed_bounty + withdraw_bounty);
                         ^----------^
/../data/reentrancy/solidity_contract/36732.sol:174:13: Warning: Using contract member "balance" inherited from the address type is deprecated. Convert the contract to "address" type to access the member, for example use "address(contract).balance" instead.
    require(this.balance < eth_cap);
            ^----------^
/../data/reentrancy/solidity_contract/36732.sol:7:3: Warning: No visibility specified. Defaulting to "public". 
  function transfer(address _to, uint256 _value) returns (bool success);
  ^--------------------------------------------------------------------^
/../data/reentrancy/solidity_contract/36732.sol:8:3: Warning: No visibility specified. Defaulting to "public". 
  function balanceOf(address _owner) constant returns (uint256 balance);
  ^--------------------------------------------------------------------^
/../data/reentrancy/solidity_contract/36732.sol:44:3: Warning: No visibility specified. Defaulting to "public". 
  function set_sale_address(address _sale) {
  ^ (Relevant source part starts here and spans across multiple lines).
/../data/reentrancy/solidity_contract/36732.sol:69:3: Warning: No visibility specified. Defaulting to "public". 
  function activate_kill_switch(string password) {
  ^ (Relevant source part starts here and spans across multiple lines).
/../data/reentrancy/solidity_contract/36732.sol:83:3: Warning: No visibility specified. Defaulting to "public". 
  function withdraw(address user, address _token){
  ^ (Relevant source part starts here and spans across multiple lines).
/../data/reentrancy/solidity_contract/36732.sol:137:3: Warning: No visibility specified. Defaulting to "public". 
  function add_to_buy_bounty() payable {
  ^ (Relevant source part starts here and spans across multiple lines).
/../data/reentrancy/solidity_contract/36732.sol:145:3: Warning: No visibility specified. Defaulting to "public". 
  function add_to_withdraw_bounty() payable {
  ^ (Relevant source part starts here and spans across multiple lines).
/../data/reentrancy/solidity_contract/36732.sol:153:3: Warning: No visibility specified. Defaulting to "public". 
  function claim_bounty(){
  ^ (Relevant source part starts here and spans across multiple lines).
/../data/reentrancy/solidity_contract/36732.sol:168:3: Warning: No visibility specified. Defaulting to "public". 
  function () payable {
  ^ (Relevant source part starts here and spans across multiple lines).

INFO:Detectors:[93m
Reentrancy in EnjinBuyer.withdraw (/../data/reentrancy/solidity_contract/36732.sol#83-134):
	External calls:
	- contract_token_balance = token.balanceOf(address(this)) (/../data/reentrancy/solidity_contract/36732.sol#112)
	State variables written after the call(s):
	- balances (/../data/reentrancy/solidity_contract/36732.sol#120)
Reference: https://github.com/trailofbits/slither/wiki/Detectors-Documentation#reentrancy-vulnerabilities-1[0m
INFO:Detectors:[92m
Reentrancy in EnjinBuyer.withdraw (/../data/reentrancy/solidity_contract/36732.sol#83-134):
	External calls:
	- contract_token_balance = token.balanceOf(address(this)) (/../data/reentrancy/solidity_contract/36732.sol#112)
	State variables written after the call(s):
	- contract_eth_value (/../data/reentrancy/solidity_contract/36732.sol#118)
Reentrancy in EnjinBuyer.withdraw (/../data/reentrancy/solidity_contract/36732.sol#83-134):
	External calls:
	- contract_token_balance = token.balanceOf(address(this)) (/../data/reentrancy/solidity_contract/36732.sol#112)
	- require(bool)(token.transfer(user,tokens_to_withdraw)) (/../data/reentrancy/solidity_contract/36732.sol#126)
	External calls sending eth:
	- user.transfer(eth_to_withdraw) (/../data/reentrancy/solidity_contract/36732.sol#101)
	State variables written after the call(s):
	- withdraw_bounty (/../data/reentrancy/solidity_contract/36732.sol#131)
Reference: https://github.com/trailofbits/slither/wiki/Detectors-Documentation#reentrancy-vulnerabilities-2[0m
INFO:Detectors:[92m
EnjinBuyer.developer should be constant (/../data/reentrancy/solidity_contract/36732.sol#37)
EnjinBuyer.earliest_buy_time should be constant (/../data/reentrancy/solidity_contract/36732.sol#33)
EnjinBuyer.eth_cap should be constant (/../data/reentrancy/solidity_contract/36732.sol#35)
EnjinBuyer.eth_minimum should be constant (/../data/reentrancy/solidity_contract/36732.sol#14)
EnjinBuyer.password_hash should be constant (/../data/reentrancy/solidity_contract/36732.sol#30)
Reference: https://github.com/trailofbits/slither/wiki/Detectors-Documentation#state-variables-that-could-be-declared-constant[0m
INFO:Detectors:[92m
Deprecated standard detected @ /../data/reentrancy/solidity_contract/36732.sol#71:
	- Usage of "sha3()" should be replaced with "keccak256()"
Reference: https://github.com/trailofbits/slither/wiki/Detectors-Documentation#deprecated-standards[0m
INFO:Detectors:[92m
ERC20.transfer (/../data/reentrancy/solidity_contract/36732.sol#7) should be declared external
ERC20.balanceOf (/../data/reentrancy/solidity_contract/36732.sol#8) should be declared external
EnjinBuyer.set_sale_address (/../data/reentrancy/solidity_contract/36732.sol#44-51) should be declared external
EnjinBuyer.activate_kill_switch (/../data/reentrancy/solidity_contract/36732.sol#69-80) should be declared external
EnjinBuyer.withdraw (/../data/reentrancy/solidity_contract/36732.sol#83-134) should be declared external
EnjinBuyer.add_to_buy_bounty (/../data/reentrancy/solidity_contract/36732.sol#137-142) should be declared external
EnjinBuyer.add_to_withdraw_bounty (/../data/reentrancy/solidity_contract/36732.sol#145-150) should be declared external
EnjinBuyer.claim_bounty (/../data/reentrancy/solidity_contract/36732.sol#153-165) should be declared external
EnjinBuyer.fallback (/../data/reentrancy/solidity_contract/36732.sol#168-177) should be declared external
Reference: https://github.com/trailofbits/slither/wiki/Detectors-Documentation#public-function-that-could-be-declared-as-external[0m
INFO:Detectors:[92m
Detected issues with version pragma in /../data/reentrancy/solidity_contract/36732.sol:
	- pragma solidity^0.4.16 (/../data/reentrancy/solidity_contract/36732.sol#1): it allows old versions
Reference: https://github.com/trailofbits/slither/wiki/Detectors-Documentation#incorrect-version-of-solidity[0m
INFO:Detectors:[92m
Low level call in EnjinBuyer.claim_bounty (/../data/reentrancy/solidity_contract/36732.sol#153-165):
	-require(bool)(sale.call.value(contract_eth_value)()) /../data/reentrancy/solidity_contract/36732.sol#163
Reference: https://github.com/trailofbits/slither/wiki/Detectors-Documentation#low-level-calls[0m
INFO:Detectors:[92m
Function 'EnjinBuyer.set_sale_address' (/../data/reentrancy/solidity_contract/36732.sol#44-51) is not in mixedCase
Parameter '_sale' of EnjinBuyer.set_sale_address (/../data/reentrancy/solidity_contract/36732.sol#44) is not in mixedCase
Function 'EnjinBuyer.activate_kill_switch' (/../data/reentrancy/solidity_contract/36732.sol#69-80) is not in mixedCase
Parameter '_token' of EnjinBuyer.withdraw (/../data/reentrancy/solidity_contract/36732.sol#83) is not in mixedCase
Function 'EnjinBuyer.add_to_buy_bounty' (/../data/reentrancy/solidity_contract/36732.sol#137-142) is not in mixedCase
Function 'EnjinBuyer.add_to_withdraw_bounty' (/../data/reentrancy/solidity_contract/36732.sol#145-150) is not in mixedCase
Function 'EnjinBuyer.claim_bounty' (/../data/reentrancy/solidity_contract/36732.sol#153-165) is not in mixedCase
Variable 'EnjinBuyer.eth_minimum' (/../data/reentrancy/solidity_contract/36732.sol#14) is not in mixedCase
Variable 'EnjinBuyer.buy_bounty' (/../data/reentrancy/solidity_contract/36732.sol#19) is not in mixedCase
Variable 'EnjinBuyer.withdraw_bounty' (/../data/reentrancy/solidity_contract/36732.sol#21) is not in mixedCase
Variable 'EnjinBuyer.bought_tokens' (/../data/reentrancy/solidity_contract/36732.sol#23) is not in mixedCase
Variable 'EnjinBuyer.contract_eth_value' (/../data/reentrancy/solidity_contract/36732.sol#25) is not in mixedCase
Variable 'EnjinBuyer.kill_switch' (/../data/reentrancy/solidity_contract/36732.sol#27) is not in mixedCase
Variable 'EnjinBuyer.password_hash' (/../data/reentrancy/solidity_contract/36732.sol#30) is not in mixedCase
Variable 'EnjinBuyer.earliest_buy_time' (/../data/reentrancy/solidity_contract/36732.sol#33) is not in mixedCase
Variable 'EnjinBuyer.eth_cap' (/../data/reentrancy/solidity_contract/36732.sol#35) is not in mixedCase
Reference: https://github.com/trailofbits/slither/wiki/Detectors-Documentation#conformance-to-solidity-naming-conventions[0m
INFO:Slither:/../data/reentrancy/solidity_contract/36732.sol analyzed (2 contracts), 32 result(s) found