====================================================================================================
[1m[ ] Compiling Solidity contract from the file /../data/reentrancy/solidity_contract/dumbDAO.sol ... [0m/../data/reentrancy/solidity_contract/dumbDAO.sol:11:3: Error: No visibility specified. Did you intend to add "public"?
  function buyTokens(){
  ^ (Relevant source part starts here and spans across multiple lines).
/../data/reentrancy/solidity_contract/dumbDAO.sol:16:3: Error: No visibility specified. Did you intend to add "public"?
  function transferTokens(address _to, uint _amount){
  ^ (Relevant source part starts here and spans across multiple lines).
/../data/reentrancy/solidity_contract/dumbDAO.sol:18:7: Error: "throw" is deprecated in favour of "revert()", "require()" and "assert()".
      throw;
      ^---^
/../data/reentrancy/solidity_contract/dumbDAO.sol:24:3: Error: No visibility specified. Did you intend to add "public"?
  function withdraw(address _recipient) returns (bool) {
  ^ (Relevant source part starts here and spans across multiple lines).
/../data/reentrancy/solidity_contract/dumbDAO.sol:27:9: Error: "throw" is deprecated in favour of "revert()", "require()" and "assert()".
        throw;
        ^---^
/../data/reentrancy/solidity_contract/dumbDAO.sol:1:1: Warning: Source file does not specify required compiler version! Consider adding "pragma solidity ^0.5.10;"

[91m[-] Cannot compile the contract [0m

====================================================================================================
[1m[ ] Compiling Solidity contract from the file /../data/reentrancy/solidity_contract/dumbDAO.sol ... [0m/../data/reentrancy/solidity_contract/dumbDAO.sol:11:3: Error: No visibility specified. Did you intend to add "public"?
  function buyTokens(){
  ^ (Relevant source part starts here and spans across multiple lines).
/../data/reentrancy/solidity_contract/dumbDAO.sol:16:3: Error: No visibility specified. Did you intend to add "public"?
  function transferTokens(address _to, uint _amount){
  ^ (Relevant source part starts here and spans across multiple lines).
/../data/reentrancy/solidity_contract/dumbDAO.sol:18:7: Error: "throw" is deprecated in favour of "revert()", "require()" and "assert()".
      throw;
      ^---^
/../data/reentrancy/solidity_contract/dumbDAO.sol:24:3: Error: No visibility specified. Did you intend to add "public"?
  function withdraw(address _recipient) returns (bool) {
  ^ (Relevant source part starts here and spans across multiple lines).
/../data/reentrancy/solidity_contract/dumbDAO.sol:27:9: Error: "throw" is deprecated in favour of "revert()", "require()" and "assert()".
        throw;
        ^---^
/../data/reentrancy/solidity_contract/dumbDAO.sol:1:1: Warning: Source file does not specify required compiler version! Consider adding "pragma solidity ^0.5.10;"

[91m[-] Cannot compile the contract [0m

====================================================================================================
[1m[ ] Compiling Solidity contract from the file /../data/reentrancy/solidity_contract/dumbDAO.sol ... [0m/../data/reentrancy/solidity_contract/dumbDAO.sol:11:3: Error: No visibility specified. Did you intend to add "public"?

[91m[-] Cannot compile the contract [0m