INFO:Slither:Compilation warnings/errors on /../data/reentrancy/solidity_contract/19128.sol:
/../data/reentrancy/solidity_contract/19128.sol:56:5: Warning: Defining constructors as functions with the same name as the contract is deprecated. Use "constructor(...) { ... }" instead.
    function HODLWallet(address[] addrs, uint256[] _balances) public payable {
    ^ (Relevant source part starts here and spans across multiple lines).
/../data/reentrancy/solidity_contract/19128.sol:75:9: Warning: Return value of low-level calls not used.
        to.call.value(amount)();
        ^---------------------^

INFO:Detectors:[91m
Reentrancy in HODLWallet.doWithdraw (/../data/reentrancy/solidity_contract/19128.sol#67-78):
	External calls:
	- to.call.value(amount)() (/../data/reentrancy/solidity_contract/19128.sol#75)
	State variables written after the call(s):
	- withdrawalCount (/../data/reentrancy/solidity_contract/19128.sol#77)
Reference: https://github.com/trailofbits/slither/wiki/Detectors-Documentation#reentrancy-vulnerabilities[0m
INFO:Detectors:[92m
HODLWallet.fallback (/../data/reentrancy/solidity_contract/19128.sol#80-82) should be declared external
HODLWallet.depositTo (/../data/reentrancy/solidity_contract/19128.sol#95-98) should be declared external
HODLWallet.withdraw (/../data/reentrancy/solidity_contract/19128.sol#100-102) should be declared external
HODLWallet.withdrawTo (/../data/reentrancy/solidity_contract/19128.sol#104-106) should be declared external
HODLWallet.withdrawFor (/../data/reentrancy/solidity_contract/19128.sol#108-111) should be declared external
HODLWallet.withdrawForTo (/../data/reentrancy/solidity_contract/19128.sol#113-116) should be declared external
HODLWallet.destroy (/../data/reentrancy/solidity_contract/19128.sol#118-123) should be declared external
HODLWallet.getBalance (/../data/reentrancy/solidity_contract/19128.sol#125-127) should be declared external
HODLWallet.addBalances (/../data/reentrancy/solidity_contract/19128.sol#129-137) should be declared external
HODLWallet.approve (/../data/reentrancy/solidity_contract/19128.sol#139-145) should be declared external
HODLWallet.unapprove (/../data/reentrancy/solidity_contract/19128.sol#147-153) should be declared external
Reference: https://github.com/trailofbits/slither/wiki/Detectors-Documentation#public-function-that-could-be-declared-as-external[0m
INFO:Detectors:[92m
Detected issues with version pragma in /../data/reentrancy/solidity_contract/19128.sol:
	- pragma solidity^0.4.15 (/../data/reentrancy/solidity_contract/19128.sol#1): it allows old versions
Reference: https://github.com/trailofbits/slither/wiki/Detectors-Documentation#incorrect-version-of-solidity[0m
INFO:Detectors:[92m
Low level call in HODLWallet.doWithdraw (/../data/reentrancy/solidity_contract/19128.sol#67-78):
	-to.call.value(amount)() /../data/reentrancy/solidity_contract/19128.sol#75
Reference: https://github.com/trailofbits/slither/wiki/Detectors-Documentation#low-level-calls[0m
INFO:Detectors:[92m
Function 'HODLWallet.HODLWallet' (/../data/reentrancy/solidity_contract/19128.sol#56-65) is not in mixedCase
Parameter '_balances' of HODLWallet.HODLWallet (/../data/reentrancy/solidity_contract/19128.sol#56) is not in mixedCase
Parameter '_balances' of HODLWallet.addBalances (/../data/reentrancy/solidity_contract/19128.sol#129) is not in mixedCase
Reference: https://github.com/trailofbits/slither/wiki/Detectors-Documentation#conformance-to-solidity-naming-conventions[0m
INFO:Slither:/../data/reentrancy/solidity_contract/19128.sol analyzed (2 contracts), 17 result(s) found