INFO:Slither:Compilation warnings/errors on /../data/reentrancy/solidity_contract/9221.sol:
/../data/reentrancy/solidity_contract/9221.sol:11:5: Warning: "throw" is deprecated in favour of "revert()", "require()" and "assert()".
				throw;
				^---^
/../data/reentrancy/solidity_contract/9221.sol:36:5: Warning: "throw" is deprecated in favour of "revert()", "require()" and "assert()".
				throw;
				^---^
/../data/reentrancy/solidity_contract/9221.sol:42:27: Warning: This function only accepts a single "bytes" argument. Please use "abi.encodePacked(...)" or a similar function to encode the data.
	    return uint8(uint256(keccak256(block.timestamp, block.difficulty))%256);
	                         ^------------------------------------------^
/../data/reentrancy/solidity_contract/9221.sol:8:2: Warning: No visibility specified. Defaulting to "public". 
	function bet() payable {
 ^ (Relevant source part starts here and spans across multiple lines).
/../data/reentrancy/solidity_contract/9221.sol:15:2: Warning: No visibility specified. Defaulting to "public". 
	function lock() {
 ^ (Relevant source part starts here and spans across multiple lines).
/../data/reentrancy/solidity_contract/9221.sol:21:2: Warning: No visibility specified. Defaulting to "public". 
	function unlock()  {
 ^ (Relevant source part starts here and spans across multiple lines).
/../data/reentrancy/solidity_contract/9221.sol:27:2: Warning: No visibility specified. Defaulting to "public". 
	function own(address owner) {
 ^ (Relevant source part starts here and spans across multiple lines).
/../data/reentrancy/solidity_contract/9221.sol:33:2: Warning: No visibility specified. Defaulting to "public". 
	function releaseFunds(uint amount) {
 ^ (Relevant source part starts here and spans across multiple lines).
/../data/reentrancy/solidity_contract/9221.sol:41:2: Warning: No visibility specified. Defaulting to "public". 
	function random() view returns (uint8) {
 ^ (Relevant source part starts here and spans across multiple lines).

INFO:Detectors:[91m
EtherBet.bet (/../data/reentrancy/solidity_contract/9221.sol#8-13) sends eth to arbitrary user
	Dangerous calls:
	- ! msg.sender.call.value(2000000000000000000)() (/../data/reentrancy/solidity_contract/9221.sol#10-11)
Reference: https://github.com/trailofbits/slither/wiki/Detectors-Documentation#functions-that-send-ether-to-arbitrary-destinations[0m
INFO:Detectors:[92m
Deprecated standard detected @ /../data/reentrancy/solidity_contract/9221.sol#11:
	- Usage of "throw" should be replaced with "revert()"
Deprecated standard detected @ /../data/reentrancy/solidity_contract/9221.sol#36:
	- Usage of "throw" should be replaced with "revert()"
Reference: https://github.com/trailofbits/slither/wiki/Detectors-Documentation#deprecated-standards[0m
INFO:Detectors:[92m
EtherBet.lock (/../data/reentrancy/solidity_contract/9221.sol#15-19) should be declared external
EtherBet.unlock (/../data/reentrancy/solidity_contract/9221.sol#21-25) should be declared external
EtherBet.own (/../data/reentrancy/solidity_contract/9221.sol#27-31) should be declared external
EtherBet.releaseFunds (/../data/reentrancy/solidity_contract/9221.sol#33-38) should be declared external
EtherBet.fallback (/../data/reentrancy/solidity_contract/9221.sol#45-47) should be declared external
Reference: https://github.com/trailofbits/slither/wiki/Detectors-Documentation#public-function-that-could-be-declared-as-external[0m
INFO:Detectors:[92m
Low level call in EtherBet.bet (/../data/reentrancy/solidity_contract/9221.sol#8-13):
	-! msg.sender.call.value(2000000000000000000)() /../data/reentrancy/solidity_contract/9221.sol#10-11
Low level call in EtherBet.releaseFunds (/../data/reentrancy/solidity_contract/9221.sol#33-38):
	-! msg.sender.call.value(amount * (1000000000000000000))() /../data/reentrancy/solidity_contract/9221.sol#35-36
Reference: https://github.com/trailofbits/slither/wiki/Detectors-Documentation#low-level-calls[0m
INFO:Slither:/../data/reentrancy/solidity_contract/9221.sol analyzed (1 contracts), 10 result(s) found