INFO:Slither:Compilation warnings/errors on /../data/reentrancy/solidity_contract/39662.sol:
/../data/reentrancy/solidity_contract/39662.sol:38:9: Warning: Defining constructors as functions with the same name as the contract is deprecated. Use "constructor(...) { ... }" instead.
        function ElectricQueue(address proxy){
        ^ (Relevant source part starts here and spans across multiple lines).
/../data/reentrancy/solidity_contract/39662.sol:71:11: Warning: Use of the "var" keyword is deprecated.
          var investmentId = getInvestment(_from,_charger);
          ^--------------^
/../data/reentrancy/solidity_contract/39662.sol:95:11: Warning: Use of the "var" keyword is deprecated.
          var _investment = createInvestment(_address,_charger);
          ^-------------^
/../data/reentrancy/solidity_contract/39662.sol:128:18: Warning: Use of the "var" keyword is deprecated.
                 var _amountForCharger = getAmountForCharger(id);
                 ^-------------------^
/../data/reentrancy/solidity_contract/39662.sol:135:76: Warning: "throw" is deprecated in favour of "revert()", "require()" and "assert()".
                 if(!Chargers[id].Address.call.value(_priceOfCharger)())   throw;
                                                                           ^---^
/../data/reentrancy/solidity_contract/39662.sol:135:22: Warning: Using contract member "call" inherited from the address type is deprecated. Convert the contract to "address" type to access the member, for example use "address(contract).call" instead.
                 if(!Chargers[id].Address.call.value(_priceOfCharger)())   throw;
                     ^-----------------------^
/../data/reentrancy/solidity_contract/39662.sol:6:5: Warning: No visibility specified. Defaulting to "public". 
    function setInvestors(uint[] ids,address[] addresses,uint[] balances,uint investmentsCount);
    ^------------------------------------------------------------------------------------------^
/../data/reentrancy/solidity_contract/39662.sol:38:9: Warning: No visibility specified. Defaulting to "public". 
        function ElectricQueue(address proxy){
        ^ (Relevant source part starts here and spans across multiple lines).
/../data/reentrancy/solidity_contract/39662.sol:70:7: Warning: No visibility specified. Defaulting to "public". 
      function  investInQueue(address _from , uint _charger) payable returns(bool success) {
      ^ (Relevant source part starts here and spans across multiple lines).
/../data/reentrancy/solidity_contract/39662.sol:121:7: Warning: No visibility specified. Defaulting to "public". 
      function setChargerAddress(uint id , address chargerAddress) {
      ^ (Relevant source part starts here and spans across multiple lines).
/../data/reentrancy/solidity_contract/39662.sol:126:7: Warning: No visibility specified. Defaulting to "public". 
      function sendToCharger(uint id){
      ^ (Relevant source part starts here and spans across multiple lines).
/../data/reentrancy/solidity_contract/39662.sol:192:8: Warning: No visibility specified. Defaulting to "public". 
       function  returnMoney(address _to) payable returns(bool success) {
       ^ (Relevant source part starts here and spans across multiple lines).

INFO:Detectors:[93m
Reentrancy in ElectricQueue.sendToCharger (/../data/reentrancy/solidity_contract/39662.sol#126-136):
	External calls:
	- _amountForCharger = getAmountForCharger(id) (/../data/reentrancy/solidity_contract/39662.sol#128)
	- _priceOfCharger = Chargers[id].Address.getPrice() (/../data/reentrancy/solidity_contract/39662.sol#130)
	- calculateCountOfInvestmetnsInQueue(difference,id) (/../data/reentrancy/solidity_contract/39662.sol#133)
	State variables written after the call(s):
	- Investments (/../data/reentrancy/solidity_contract/39662.sol#133)
Reference: https://github.com/trailofbits/slither/wiki/Detectors-Documentation#reentrancy-vulnerabilities-1[0m
INFO:Detectors:[93m
_newInvestment in ElectricQueue.createInvestment (/../data/reentrancy/solidity_contract/39662.sol#62) is a local variable never initialiazed
Reference: https://github.com/trailofbits/slither/wiki/Detectors-Documentation#uninitialized-local-variables[0m
INFO:Detectors:[92m
ElectricQueue.returnMoney has external calls inside a loop:
	- ! _to.send(Investments[i].Balance) (/../data/reentrancy/solidity_contract/39662.sol#196-198)
Reference: https://github.com/trailofbits/slither/wiki/Detectors-Documentation/_edit#calls-inside-a-loop[0m
INFO:Detectors:[92m
Deprecated standard detected @ /../data/reentrancy/solidity_contract/39662.sol#135:
	- Usage of "throw" should be replaced with "revert()"
Reference: https://github.com/trailofbits/slither/wiki/Detectors-Documentation#deprecated-standards[0m
INFO:Detectors:[92m
IElectricCharger.setInvestors (/../data/reentrancy/solidity_contract/39662.sol#6) should be declared external
ElectricQueue.investInQueue (/../data/reentrancy/solidity_contract/39662.sol#70-79) should be declared external
ElectricQueue.setChargerAddress (/../data/reentrancy/solidity_contract/39662.sol#121-124) should be declared external
ElectricQueue.sendToCharger (/../data/reentrancy/solidity_contract/39662.sol#126-136) should be declared external
ElectricQueue.returnMoney (/../data/reentrancy/solidity_contract/39662.sol#192-206) should be declared external
Reference: https://github.com/trailofbits/slither/wiki/Detectors-Documentation#public-function-that-could-be-declared-as-external[0m
INFO:Detectors:[92m
Detected issues with version pragma in /../data/reentrancy/solidity_contract/39662.sol:
	- pragma solidity^0.4.8 (/../data/reentrancy/solidity_contract/39662.sol#1): it allows old versions
Reference: https://github.com/trailofbits/slither/wiki/Detectors-Documentation#incorrect-version-of-solidity[0m
INFO:Detectors:[92m
Low level call in ElectricQueue.sendToCharger (/../data/reentrancy/solidity_contract/39662.sol#126-136):
	-! Chargers[id].Address.call.value(_priceOfCharger)() /../data/reentrancy/solidity_contract/39662.sol#135
Reference: https://github.com/trailofbits/slither/wiki/Detectors-Documentation#low-level-calls[0m
INFO:Detectors:[92m
Function 'ElectricQueue.ElectricQueue' (/../data/reentrancy/solidity_contract/39662.sol#38-42) is not in mixedCase
Parameter '_address' of ElectricQueue.createInvestment (/../data/reentrancy/solidity_contract/39662.sol#59) is not in mixedCase
Parameter '_chargerId' of ElectricQueue.createInvestment (/../data/reentrancy/solidity_contract/39662.sol#59) is not in mixedCase
Parameter '_from' of ElectricQueue.investInQueue (/../data/reentrancy/solidity_contract/39662.sol#70) is not in mixedCase
Parameter '_charger' of ElectricQueue.investInQueue (/../data/reentrancy/solidity_contract/39662.sol#70) is not in mixedCase
Parameter '_chargerId' of ElectricQueue.checkCharger (/../data/reentrancy/solidity_contract/39662.sol#81) is not in mixedCase
Parameter '_address' of ElectricQueue.getInvestment (/../data/reentrancy/solidity_contract/39662.sol#89) is not in mixedCase
Parameter '_charger' of ElectricQueue.getInvestment (/../data/reentrancy/solidity_contract/39662.sol#89) is not in mixedCase
Parameter '_to' of ElectricQueue.returnMoney (/../data/reentrancy/solidity_contract/39662.sol#192) is not in mixedCase
Variable 'ElectricQueue.Owner' (/../data/reentrancy/solidity_contract/39662.sol#12) is not in mixedCase
Variable 'ElectricQueue.InvestmentsCount' (/../data/reentrancy/solidity_contract/39662.sol#14) is not in mixedCase
Variable 'ElectricQueue.ChargersCount' (/../data/reentrancy/solidity_contract/39662.sol#15) is not in mixedCase
Variable 'ElectricQueue.Investments' (/../data/reentrancy/solidity_contract/39662.sol#16) is not in mixedCase
Variable 'ElectricQueue.ChargersIds' (/../data/reentrancy/solidity_contract/39662.sol#17) is not in mixedCase
Variable 'ElectricQueue.Chargers' (/../data/reentrancy/solidity_contract/39662.sol#18) is not in mixedCase
Variable 'ElectricQueue.Proxy' (/../data/reentrancy/solidity_contract/39662.sol#19) is not in mixedCase
Variable 'ElectricQueue.Manager' (/../data/reentrancy/solidity_contract/39662.sol#20) is not in mixedCase
Reference: https://github.com/trailofbits/slither/wiki/Detectors-Documentation#conformance-to-solidity-naming-conventions[0m
INFO:Slither:/../data/reentrancy/solidity_contract/39662.sol analyzed (2 contracts), 28 result(s) found