INFO:Slither:Compilation warnings/errors on /../data/reentrancy/solidity_contract/18145.sol:
/../data/reentrancy/solidity_contract/18145.sol:21:5: Warning: Defining constructors as functions with the same name as the contract is deprecated. Use "constructor(...) { ... }" instead.
    function CrowdsaleProxy(address _target) public {
    ^ (Relevant source part starts here and spans across multiple lines).

INFO:Detectors:[93m
CrowdsaleProxy.___proxyOwner (/../data/reentrancy/solidity_contract/18145.sol#55-60) is declared view but contains assembly code
CrowdsaleProxy.___proxyTarget (/../data/reentrancy/solidity_contract/18145.sol#69-74) is declared view but contains assembly code
Reference: https://github.com/trailofbits/slither/wiki/Detectors-Documentation#constant-functions-changing-the-state[0m
INFO:Detectors:[92m
CrowdsaleProxy.CrowdsaleProxy uses assembly (/../data/reentrancy/solidity_contract/18145.sol#21-26)
	- /../data/reentrancy/solidity_contract/18145.sol#24-25
CrowdsaleProxy.fallback uses assembly (/../data/reentrancy/solidity_contract/18145.sol#32-45)
	- /../data/reentrancy/solidity_contract/18145.sol#34-45
CrowdsaleProxy.___proxyOwner uses assembly (/../data/reentrancy/solidity_contract/18145.sol#55-60)
	- /../data/reentrancy/solidity_contract/18145.sol#57-60
CrowdsaleProxy.___setProxyOwner uses assembly (/../data/reentrancy/solidity_contract/18145.sol#62-67)
	- /../data/reentrancy/solidity_contract/18145.sol#64-67
CrowdsaleProxy.___proxyTarget uses assembly (/../data/reentrancy/solidity_contract/18145.sol#69-74)
	- /../data/reentrancy/solidity_contract/18145.sol#71-74
CrowdsaleProxy.___setTarget uses assembly (/../data/reentrancy/solidity_contract/18145.sol#76-81)
	- /../data/reentrancy/solidity_contract/18145.sol#78-81
Reference: https://github.com/trailofbits/slither/wiki/Detectors-Documentation#assembly-usage[0m
INFO:Detectors:[92m
CrowdsaleProxyTarget.token should be constant (/../data/reentrancy/solidity_contract/18145.sol#6)
Reference: https://github.com/trailofbits/slither/wiki/Detectors-Documentation#state-variables-that-could-be-declared-constant[0m
INFO:Detectors:[92m
CrowdsaleProxyTarget.isActive (/../data/reentrancy/solidity_contract/18145.sol#4) should be declared external
CrowdsaleProxyTarget.initialize (/../data/reentrancy/solidity_contract/18145.sol#5) should be declared external
CrowdsaleProxy.___initialize (/../data/reentrancy/solidity_contract/18145.sol#28-30) should be declared external
CrowdsaleProxy.fallback (/../data/reentrancy/solidity_contract/18145.sol#32-45) should be declared external
CrowdsaleProxy.___setProxyOwner (/../data/reentrancy/solidity_contract/18145.sol#62-67) should be declared external
CrowdsaleProxy.___upgradeToAndCall (/../data/reentrancy/solidity_contract/18145.sol#90-93) should be declared external
Reference: https://github.com/trailofbits/slither/wiki/Detectors-Documentation#public-function-that-could-be-declared-as-external[0m
INFO:Detectors:[92m
Detected issues with version pragma in /../data/reentrancy/solidity_contract/18145.sol:
	- pragma solidity^0.4.21 (/../data/reentrancy/solidity_contract/18145.sol#1): it allows old versions
Reference: https://github.com/trailofbits/slither/wiki/Detectors-Documentation#incorrect-version-of-solidity[0m
INFO:Detectors:[92m
Low level call in CrowdsaleProxy.___upgradeToAndCall (/../data/reentrancy/solidity_contract/18145.sol#90-93):
	-require(bool)(address(this).call.value(msg.value)(data)) /../data/reentrancy/solidity_contract/18145.sol#92
Reference: https://github.com/trailofbits/slither/wiki/Detectors-Documentation#low-level-calls[0m
INFO:Detectors:[92m
Function 'CrowdsaleProxy.CrowdsaleProxy' (/../data/reentrancy/solidity_contract/18145.sol#21-26) is not in mixedCase
Parameter '_target' of CrowdsaleProxy.CrowdsaleProxy (/../data/reentrancy/solidity_contract/18145.sol#21) is not in mixedCase
Function 'CrowdsaleProxy.___initialize' (/../data/reentrancy/solidity_contract/18145.sol#28-30) is not in mixedCase
Parameter '_token' of CrowdsaleProxy.___initialize (/../data/reentrancy/solidity_contract/18145.sol#28) is not in mixedCase
Parameter '_familyOwner' of CrowdsaleProxy.___initialize (/../data/reentrancy/solidity_contract/18145.sol#28) is not in mixedCase
Parameter '_personalOwner' of CrowdsaleProxy.___initialize (/../data/reentrancy/solidity_contract/18145.sol#28) is not in mixedCase
Function 'CrowdsaleProxy.___coinAddress' (/../data/reentrancy/solidity_contract/18145.sol#47-49) is not in mixedCase
Function 'CrowdsaleProxy.___isActive' (/../data/reentrancy/solidity_contract/18145.sol#51-53) is not in mixedCase
Function 'CrowdsaleProxy.___proxyOwner' (/../data/reentrancy/solidity_contract/18145.sol#55-60) is not in mixedCase
Function 'CrowdsaleProxy.___setProxyOwner' (/../data/reentrancy/solidity_contract/18145.sol#62-67) is not in mixedCase
Function 'CrowdsaleProxy.___proxyTarget' (/../data/reentrancy/solidity_contract/18145.sol#69-74) is not in mixedCase
Function 'CrowdsaleProxy.___setTarget' (/../data/reentrancy/solidity_contract/18145.sol#76-81) is not in mixedCase
Function 'CrowdsaleProxy.___upgradeTo' (/../data/reentrancy/solidity_contract/18145.sol#83-88) is not in mixedCase
Function 'CrowdsaleProxy.___upgradeToAndCall' (/../data/reentrancy/solidity_contract/18145.sol#90-93) is not in mixedCase
Modifier 'CrowdsaleProxy._onlyProxyOwner' (/../data/reentrancy/solidity_contract/18145.sol#16-19) is not in mixedCase
Reference: https://github.com/trailofbits/slither/wiki/Detectors-Documentation#conformance-to-solidity-naming-conventions[0m
INFO:Slither:/../data/reentrancy/solidity_contract/18145.sol analyzed (2 contracts), 32 result(s) found