====================================================================================================
[1m[ ] Compiling Solidity contract from the file /../data/reentrancy/solidity_contract/EtherStore.sol ... [0m/../data/reentrancy/solidity_contract/EtherStore.sol:1:1: Warning: Source file does not specify required compiler version! Consider adding "pragma solidity ^0.5.10;"
contract EtherStore {
^ (Relevant source part starts here and spans across multiple lines).
/../data/reentrancy/solidity_contract/EtherStore.sol:15:17: Error: Wrong argument count for function call: 0 arguments given but expected 1. This function requires a single bytes argument. Use "" as argument to provide empty calldata.
        require(msg.sender.call.value(_weiToWithdraw)());
                ^-------------------------------------^
/../data/reentrancy/solidity_contract/EtherStore.sol:15:9: Error: No matching declaration found after argument-dependent lookup.
        require(msg.sender.call.value(_weiToWithdraw)());
        ^-----^

[91m[-] Cannot compile the contract [0m

====================================================================================================
[1m[ ] Compiling Solidity contract from the file /../data/reentrancy/solidity_contract/EtherStore.sol ... [0m/../data/reentrancy/solidity_contract/EtherStore.sol:1:1: Warning: Source file does not specify required compiler version! Consider adding "pragma solidity ^0.5.10;"
contract EtherStore {
^ (Relevant source part starts here and spans across multiple lines).
/../data/reentrancy/solidity_contract/EtherStore.sol:15:17: Error: Wrong argument count for function call: 0 arguments given but expected 1. This function requires a single bytes argument. Use "" as argument to provide empty calldata.
        require(msg.sender.call.value(_weiToWithdraw)());
                ^-------------------------------------^
/../data/reentrancy/solidity_contract/EtherStore.sol:15:9: Error: No matching declaration found after argument-dependent lookup.
        require(msg.sender.call.value(_weiToWithdraw)());
        ^-----^

[91m[-] Cannot compile the contract [0m

====================================================================================================
[1m[ ] Compiling Solidity contract from the file /../data/reentrancy/solidity_contract/EtherStore.sol ... [0m/../data/reentrancy/solidity_contract/EtherStore.sol:1:1: Warning: Source file does not specify required compiler version! Consider adding "pragma solidity ^0.5.10;"
contract EtherStore {
^ (Relevant source part starts here and spans across multiple lines).
/../data/reentrancy/solidity_contract/EtherStore.sol:15:17: Error: Wrong argument count for function call: 0 arguments given but expected 1. This function requires a single bytes argument. Use "" as argument to provide empty calldata.
        require(msg.sender.call.value(_weiToWithdraw)());
                ^-------------------------------------^

[91m[-] Cannot compile the contract [0m