INFO:Slither:Compilation warnings/errors on /../data/reentrancy/solidity_contract/21755.sol:
/../data/reentrancy/solidity_contract/21755.sol:22:24: Warning: "throw" is deprecated in favour of "revert()", "require()" and "assert()".
        if(intitalized)throw;
                       ^---^
/../data/reentrancy/solidity_contract/21755.sol:29:24: Warning: "throw" is deprecated in favour of "revert()", "require()" and "assert()".
        if(intitalized)throw;
                       ^---^
/../data/reentrancy/solidity_contract/21755.sol:43:9: Warning: Use of the "var" keyword is deprecated.
        var acc = Acc[msg.sender];
        ^-----^
/../data/reentrancy/solidity_contract/21755.sol:50:9: Warning: Use of the "var" keyword is deprecated.
        var acc = Acc[msg.sender];
        ^-----^

INFO:Detectors:[91m
Reentrancy in COIN_BOX.Collect (/../data/reentrancy/solidity_contract/21755.sol#49-57):
	External calls:
	- msg.sender.call.value(_am)() (/../data/reentrancy/solidity_contract/21755.sol#52-55)
	State variables written after the call(s):
	- Acc (/../data/reentrancy/solidity_contract/21755.sol#53)
Reference: https://github.com/trailofbits/slither/wiki/Detectors-Documentation#reentrancy-vulnerabilities[0m
INFO:Detectors:[92m
Deprecated standard detected @ /../data/reentrancy/solidity_contract/21755.sol#22:
	- Usage of "throw" should be replaced with "revert()"
Deprecated standard detected @ /../data/reentrancy/solidity_contract/21755.sol#29:
	- Usage of "throw" should be replaced with "revert()"
Reference: https://github.com/trailofbits/slither/wiki/Detectors-Documentation#deprecated-standards[0m
INFO:Detectors:[92m
COIN_BOX.SetMinSum (/../data/reentrancy/solidity_contract/21755.sol#19-24) should be declared external
COIN_BOX.SetLogFile (/../data/reentrancy/solidity_contract/21755.sol#26-31) should be declared external
COIN_BOX.Initialized (/../data/reentrancy/solidity_contract/21755.sol#33-37) should be declared external
COIN_BOX.Collect (/../data/reentrancy/solidity_contract/21755.sol#49-57) should be declared external
COIN_BOX.fallback (/../data/reentrancy/solidity_contract/21755.sol#59-61) should be declared external
Log.AddMessage (/../data/reentrancy/solidity_contract/21755.sol#80-86) should be declared external
Reference: https://github.com/trailofbits/slither/wiki/Detectors-Documentation#public-function-that-could-be-declared-as-external[0m
INFO:Detectors:[92m
Detected issues with version pragma in /../data/reentrancy/solidity_contract/21755.sol:
	- pragma solidity^0.4.19 (/../data/reentrancy/solidity_contract/21755.sol#1): it allows old versions
Reference: https://github.com/trailofbits/slither/wiki/Detectors-Documentation#incorrect-version-of-solidity[0m
INFO:Detectors:[92m
Low level call in COIN_BOX.Collect (/../data/reentrancy/solidity_contract/21755.sol#49-57):
	-msg.sender.call.value(_am)() /../data/reentrancy/solidity_contract/21755.sol#52-55
Reference: https://github.com/trailofbits/slither/wiki/Detectors-Documentation#low-level-calls[0m
INFO:Detectors:[92m
Contract 'COIN_BOX' (/../data/reentrancy/solidity_contract/21755.sol#3-63) is not in CapWords
Function 'COIN_BOX.SetMinSum' (/../data/reentrancy/solidity_contract/21755.sol#19-24) is not in mixedCase
Parameter '_val' of COIN_BOX.SetMinSum (/../data/reentrancy/solidity_contract/21755.sol#19) is not in mixedCase
Function 'COIN_BOX.SetLogFile' (/../data/reentrancy/solidity_contract/21755.sol#26-31) is not in mixedCase
Parameter '_log' of COIN_BOX.SetLogFile (/../data/reentrancy/solidity_contract/21755.sol#26) is not in mixedCase
Function 'COIN_BOX.Initialized' (/../data/reentrancy/solidity_contract/21755.sol#33-37) is not in mixedCase
Function 'COIN_BOX.Put' (/../data/reentrancy/solidity_contract/21755.sol#39-47) is not in mixedCase
Parameter '_lockTime' of COIN_BOX.Put (/../data/reentrancy/solidity_contract/21755.sol#39) is not in mixedCase
Function 'COIN_BOX.Collect' (/../data/reentrancy/solidity_contract/21755.sol#49-57) is not in mixedCase
Parameter '_am' of COIN_BOX.Collect (/../data/reentrancy/solidity_contract/21755.sol#49) is not in mixedCase
Variable 'COIN_BOX.Acc' (/../data/reentrancy/solidity_contract/21755.sol#11) is not in mixedCase
Variable 'COIN_BOX.MinSum' (/../data/reentrancy/solidity_contract/21755.sol#13) is not in mixedCase
Variable 'COIN_BOX.LogFile' (/../data/reentrancy/solidity_contract/21755.sol#15) is not in mixedCase
Function 'Log.AddMessage' (/../data/reentrancy/solidity_contract/21755.sol#80-86) is not in mixedCase
Parameter '_adr' of Log.AddMessage (/../data/reentrancy/solidity_contract/21755.sol#80) is not in mixedCase
Parameter '_val' of Log.AddMessage (/../data/reentrancy/solidity_contract/21755.sol#80) is not in mixedCase
Parameter '_data' of Log.AddMessage (/../data/reentrancy/solidity_contract/21755.sol#80) is not in mixedCase
Variable 'Log.History' (/../data/reentrancy/solidity_contract/21755.sol#76) is not in mixedCase
Variable 'Log.LastMsg' (/../data/reentrancy/solidity_contract/21755.sol#78) is not in mixedCase
Reference: https://github.com/trailofbits/slither/wiki/Detectors-Documentation#conformance-to-solidity-naming-conventions[0m
INFO:Slither:/../data/reentrancy/solidity_contract/21755.sol analyzed (2 contracts), 30 result(s) found