INFO:root:Contract /../data/reentrancy/solidity_contract/24007.sol:GetSomeEther:
INFO:symExec:Running, please wait...
INFO:symExec:	============ Results ===========
INFO:symExec:	  EVM code coverage: 	 99.3%
INFO:symExec:	  Arithmetic bugs: 	 True
INFO:symExec:	  └> Overflow bugs: 	 True
/../data/reentrancy/solidity_contract/24007.sol:GetSomeEther:31:39
LastExtractTime + 2 days
^
INFO:symExec:	  └> Underflow bugs: 	 False
INFO:symExec:	  └> Division bugs: 	 False
INFO:symExec:	  └> Modulo bugs:   	 False
INFO:symExec:	  └> Truncation bugs: 	 False
INFO:symExec:	  └> Signedness bugs: 	 False
INFO:symExec:	  Callstack bug: 	 True
/../data/reentrancy/solidity_contract/24007.sol:GetSomeEther:20:13
msg.sender.call.value(0.3 ether)()
^
INFO:symExec:	  Concurrency bug: 	 True
Flow 1:
/../data/reentrancy/solidity_contract/24007.sol:GetSomeEther:20:13
msg.sender.call.value(0.3 ether)()
^
Flow 2:
INFO:symExec:	  Time dependency bug: 	 True
/../data/reentrancy/solidity_contract/24007.sol:GetSomeEther:31:9
if(msg.sender==creator && now>LastExtractTime + 2 days) {
^
INFO:symExec:	  Reentrancy bug: 	 True
/../data/reentrancy/solidity_contract/24007.sol:GetSomeEther:20:13
msg.sender.call.value(0.3 ether)()
^
INFO:symExec:	 --- 0.884319782257 seconds ---
INFO:symExec:	====== Analysis Completed ======

  .oooooo.             o8o            o8o          
 d8P'  `Y8b            `"'            `"'          
888      888  .oooo.o oooo  oooo d8b oooo   .oooo.o
888      888 d88(  "8 `888  `888""8P `888  d88(  "8
888      888 `"Y88b.   888   888      888  `"Y88b. 
`88b    d88' o.  )88b  888   888      888  o.  )88b
 `Y8bood8P'  8""888P' o888o d888b    o888o 8""888P'