====================================================================================================
[1m[ ] Compiling Solidity contract from the file /../data/reentrancy/solidity_contract/2021.sol ... [0m/../data/reentrancy/solidity_contract/2021.sol:3:48: Error: The state mutability modifier "constant" was removed in version 0.5.0. Use "view" or "pure" instead.
    function getNodeAddress(bytes32 _nodeName) constant returns(address);
                                               ^------^
/../data/reentrancy/solidity_contract/2021.sol:4:77: Error: The state mutability modifier "constant" was removed in version 0.5.0. Use "view" or "pure" instead.
    function hasRelation(bytes32 _nodeName, bytes32 _relation, address _to) constant returns(bool);
                                                                            ^------^
/../data/reentrancy/solidity_contract/2021.sol:5:63: Error: The state mutability modifier "constant" was removed in version 0.5.0. Use "view" or "pure" instead.
    function addNode(bytes32 _nodeName, address _nodeAddress) constant returns(bool);
                                                              ^------^
/../data/reentrancy/solidity_contract/2021.sol:19:40: Error: The state mutability modifier "constant" was removed in version 0.5.0. Use "view" or "pure" instead.
    function getAddress(bytes32 _name) constant returns (address) {
                                       ^------^
/../data/reentrancy/solidity_contract/2021.sol:58:47: Error: The state mutability modifier "constant" was removed in version 0.5.0. Use "view" or "pure" instead.
    function checkDepth(address self, uint n) constant returns(bool) {
                                              ^------^
/../data/reentrancy/solidity_contract/2021.sol:63:28: Error: The state mutability modifier "constant" was removed in version 0.5.0. Use "view" or "pure" instead.
    function __dig(uint n) constant {
                           ^------^
/../data/reentrancy/solidity_contract/2021.sol:93:14: Error: Expected identifier but got reserved keyword 'immutable'
    modifier immutable(address _address) {
             ^-------^

[91m[-] Cannot compile the contract [0m

====================================================================================================
[1m[ ] Compiling Solidity contract from the file /../data/reentrancy/solidity_contract/2021.sol ... [0m/../data/reentrancy/solidity_contract/2021.sol:3:48: Error: The state mutability modifier "constant" was removed in version 0.5.0. Use "view" or "pure" instead.
    function getNodeAddress(bytes32 _nodeName) constant returns(address);
                                               ^------^
/../data/reentrancy/solidity_contract/2021.sol:4:77: Error: The state mutability modifier "constant" was removed in version 0.5.0. Use "view" or "pure" instead.
    function hasRelation(bytes32 _nodeName, bytes32 _relation, address _to) constant returns(bool);
                                                                            ^------^
/../data/reentrancy/solidity_contract/2021.sol:5:63: Error: The state mutability modifier "constant" was removed in version 0.5.0. Use "view" or "pure" instead.
    function addNode(bytes32 _nodeName, address _nodeAddress) constant returns(bool);
                                                              ^------^
/../data/reentrancy/solidity_contract/2021.sol:19:40: Error: The state mutability modifier "constant" was removed in version 0.5.0. Use "view" or "pure" instead.
    function getAddress(bytes32 _name) constant returns (address) {
                                       ^------^
/../data/reentrancy/solidity_contract/2021.sol:58:47: Error: The state mutability modifier "constant" was removed in version 0.5.0. Use "view" or "pure" instead.
    function checkDepth(address self, uint n) constant returns(bool) {
                                              ^------^
/../data/reentrancy/solidity_contract/2021.sol:63:28: Error: The state mutability modifier "constant" was removed in version 0.5.0. Use "view" or "pure" instead.
    function __dig(uint n) constant {
                           ^------^
/../data/reentrancy/solidity_contract/2021.sol:93:14: Error: Expected identifier but got reserved keyword 'immutable'

[91m[-] Cannot compile the contract [0m

====================================================================================================
[1m[ ] Compiling Solidity contract from the file /../data/reentrancy/solidity_contract/2021.sol ... [0m/../data/reentrancy/solidity_contract/2021.sol:3:48: Error: The state mutability modifier "constant" was removed in version 0.5.0. Use "view" or "pure" instead.
    function getNodeAddress(bytes32 _nodeName) constant returns(address);
                                               ^------^
/../data/reentrancy/solidity_contract/2021.sol:4:77: Error: The state mutability modifier "constant" was removed in version 0.5.0. Use "view" or "pure" instead.
    function hasRelation(bytes32 _nodeName, bytes32 _relation, address _to) constant returns(bool);
                                                                            ^------^
/../data/reentrancy/solidity_contract/2021.sol:5:63: Error: The state mutability modifier "constant" was removed in version 0.5.0. Use "view" or "pure" instead.
    function addNode(bytes32 _nodeName, address _nodeAddress) constant returns(bool);
                                                              ^------^

[91m[-] Cannot compile the contract [0m

====================================================================================================
[1m[ ] Compiling Solidity contract from the file /../data/reentrancy/solidity_contract/2021.sol ... [0m/../data/reentrancy/solidity_contract/2021.sol:3:48: Error: The state mutability modifier "constant" was removed in version 0.5.0. Use "view" or "pure" instead.
    function getNodeAddress(bytes32 _nodeName) constant returns(address);
                                               ^------^
/../data/reentrancy/solidity_contract/2021.sol:4:77: Error: The state mutability modifier "constant" was removed in version 0.5.0. Use "view" or "pure" instead.
    function hasRelation(bytes32 _nodeName, bytes32 _relation, address _to) constant returns(bool);
                                                                            ^------^
/../data/reentrancy/solidity_contract/2021.sol:5:63: Error: The state mutability modifier "constant" was removed in version 0.5.0. Use "view" or "pure" instead.
    function addNode(bytes32 _nodeName, address _nodeAddress) constant returns(bool);
                                                              ^------^
/../data/reentrancy/solidity_contract/2021.sol:19:40: Error: The state mutability modifier "constant" was removed in version 0.5.0. Use "view" or "pure" instead.
    function getAddress(bytes32 _name) constant returns (address) {
                                       ^------^
/../data/reentrancy/solidity_contract/2021.sol:58:47: Error: The state mutability modifier "constant" was removed in version 0.5.0. Use "view" or "pure" instead.
    function checkDepth(address self, uint n) constant returns(bool) {
                                              ^------^

[91m[-] Cannot compile the contract [0m

====================================================================================================
[1m[ ] Compiling Solidity contract from the file /../data/reentrancy/solidity_contract/2021.sol ... [0m/../data/reentrancy/solidity_contract/2021.sol:3:48: Error: The state mutability modifier "constant" was removed in version 0.5.0. Use "view" or "pure" instead.
    function getNodeAddress(bytes32 _nodeName) constant returns(address);
                                               ^------^
/../data/reentrancy/solidity_contract/2021.sol:4:77: Error: The state mutability modifier "constant" was removed in version 0.5.0. Use "view" or "pure" instead.
    function hasRelation(bytes32 _nodeName, bytes32 _relation, address _to) constant returns(bool);
                                                                            ^------^
/../data/reentrancy/solidity_contract/2021.sol:5:63: Error: The state mutability modifier "constant" was removed in version 0.5.0. Use "view" or "pure" instead.
    function addNode(bytes32 _nodeName, address _nodeAddress) constant returns(bool);
                                                              ^------^
/../data/reentrancy/solidity_contract/2021.sol:19:40: Error: The state mutability modifier "constant" was removed in version 0.5.0. Use "view" or "pure" instead.
    function getAddress(bytes32 _name) constant returns (address) {
                                       ^------^
/../data/reentrancy/solidity_contract/2021.sol:58:47: Error: The state mutability modifier "constant" was removed in version 0.5.0. Use "view" or "pure" instead.
    function checkDepth(address self, uint n) constant returns(bool) {
                                              ^------^
/../data/reentrancy/solidity_contract/2021.sol:63:28: Error: The state mutability modifier "constant" was removed in version 0.5.0. Use "view" or "pure" instead.
    function __dig(uint n) constant {
                           ^------^
/../data/reentrancy/solidity_contract/2021.sol:93:14: Error: Expected identifier but got reserved keyword 'immutable'
    modifier immutable(address _address) {
             ^-------^

[91m[-] Cannot compile the contract [0m

====================================================================================================
[1m[ ] Compiling Solidity contract from the file /../data/reentrancy/solidity_contract/2021.sol ... [0m/../data/reentrancy/solidity_contract/2021.sol:3:48: Error: The state mutability modifier "constant" was removed in version 0.5.0. Use "view" or "pure" instead.
    function getNodeAddress(bytes32 _nodeName) constant returns(address);
                                               ^------^
/../data/reentrancy/solidity_contract/2021.sol:4:77: Error: The state mutability modifier "constant" was removed in version 0.5.0. Use "view" or "pure" instead.
    function hasRelation(bytes32 _nodeName, bytes32 _relation, address _to) constant returns(bool);
                                                                            ^------^
/../data/reentrancy/solidity_contract/2021.sol:5:63: Error: The state mutability modifier "constant" was removed in version 0.5.0. Use "view" or "pure" instead.
    function addNode(bytes32 _nodeName, address _nodeAddress) constant returns(bool);
                                                              ^------^
/../data/reentrancy/solidity_contract/2021.sol:19:40: Error: The state mutability modifier "constant" was removed in version 0.5.0. Use "view" or "pure" instead.
    function getAddress(bytes32 _name) constant returns (address) {
                                       ^------^
/../data/reentrancy/solidity_contract/2021.sol:58:47: Error: The state mutability modifier "constant" was removed in version 0.5.0. Use "view" or "pure" instead.
    function checkDepth(address self, uint n) constant returns(bool) {
                                              ^------^
/../data/reentrancy/solidity_contract/2021.sol:63:28: Error: The state mutability modifier "constant" was removed in version 0.5.0. Use "view" or "pure" instead.
    function __dig(uint n) constant {
                           ^------^
/../data/reentrancy/solidity_contract/2021.sol:93:14: Error: Expected identifier but got reserved keyword 'immutable'
    modifier immutable(address _address) {
             ^-------^

[91m[-] Cannot compile the contract [0m

====================================================================================================
[1m[ ] Compiling Solidity contract from the file /../data/reentrancy/solidity_contract/2021.sol ... [0m/../data/reentrancy/solidity_contract/2021.sol:3:48: Error: The state mutability modifier "constant" was removed in version 0.5.0. Use "view" or "pure" instead.

[91m[-] Cannot compile the contract [0m

====================================================================================================
[1m[ ] Compiling Solidity contract from the file /../data/reentrancy/solidity_contract/2021.sol ... [0m/../data/reentrancy/solidity_contract/2021.sol:3:48: Error: The state mutability modifier "constant" was removed in version 0.5.0. Use "view" or "pure" instead.
    function getNodeAddress(bytes32 _nodeName) constant returns(address);
                                               ^------^
/../data/reentrancy/solidity_contract/2021.sol:4:77: Error: The state mutability modifier "constant" was removed in version 0.5.0. Use "view" or "pure" instead.
    function hasRelation(bytes32 _nodeName, bytes32 _relation, address _to) constant returns(bool);
                                                                            ^------^
/../data/reentrancy/solidity_contract/2021.sol:5:63: Error: The state mutability modifier "constant" was removed in version 0.5.0. Use "view" or "pure" instead.
    function addNode(bytes32 _nodeName, address _nodeAddress) constant returns(bool);
                                                              ^------^
/../data/reentrancy/solidity_contract/2021.sol:19:40: Error: The state mutability modifier "constant" was removed in version 0.5.0. Use "view" or "pure" instead.
    function getAddress(bytes32 _name) constant returns (address) {
                                       ^------^
/../data/reentrancy/solidity_contract/2021.sol:58:47: Error: The state mutability modifier "constant" was removed in version 0.5.0. Use "view" or "pure" instead.
    function checkDepth(address self, uint n) constant returns(bool) {
                                              ^------^

[91m[-] Cannot compile the contract [0m

====================================================================================================
[1m[ ] Compiling Solidity contract from the file /../data/reentrancy/solidity_contract/2021.sol ... [0m/../data/reentrancy/solidity_contract/2021.sol:3:48: Error: The state mutability modifier "constant" was removed in version 0.5.0. Use "view" or "pure" instead.
    function getNodeAddress(bytes32 _nodeName) constant returns(address);
                                               ^------^
/../data/reentrancy/solidity_contract/2021.sol:4:77: Error: The state mutability modifier "constant" was removed in version 0.5.0. Use "view" or "pure" instead.
    function hasRelation(bytes32 _nodeName, bytes32 _relation, address _to) constant returns(bool);
                                                                            ^------^
/../data/reentrancy/solidity_contract/2021.sol:5:63: Error: The state mutability modifier "constant" was removed in version 0.5.0. Use "view" or "pure" instead.
    function addNode(bytes32 _nodeName, address _nodeAddress) constant returns(bool);
                                                              ^------^
/../data/reentrancy/solidity_contract/2021.sol:19:40: Error: The state mutability modifier "constant" was removed in version 0.5.0. Use "view" or "pure" instead.
    function getAddress(bytes32 _name) constant returns (address) {
                                       ^------^
/../data/reentrancy/solidity_contract/2021.sol:58:47: Error: The state mutability modifier "constant" was removed in version 0.5.0. Use "view" or "pure" instead.
    function checkDepth(address self, uint n) constant returns(bool) {
                                              ^------^
/../data/reentrancy/solidity_contract/2021.sol:63:28: Error: The state mutability modifier "constant" was removed in version 0.5.0. Use "view" or "pure" instead.
    function __dig(uint n) constant {
                           ^------^
/../data/reentrancy/solidity_contract/2021.sol:93:14: Error: Expected identifier but got reserved keyword 'immutable'
    modifier immutable(address _address) {
             ^-------^

[91m[-] Cannot compile the contract [0m

====================================================================================================
[1m[ ] Compiling Solidity contract from the file /../data/reentrancy/solidity_contract/2021.sol ... [0m/../data/reentrancy/solidity_contract/2021.sol:3:48: Error: The state mutability modifier "constant" was removed in version 0.5.0. Use "view" or "pure" instead.
    function getNodeAddress(bytes32 _nodeName) constant returns(address);
                                               ^------^
/../data/reentrancy/solidity_contract/2021.sol:4:77: Error: The state mutability modifier "constant" was removed in version 0.5.0. Use "view" or "pure" instead.
    function hasRelation(bytes32 _nodeName, bytes32 _relation, address _to) constant returns(bool);
                                                                            ^------^
/../data/reentrancy/solidity_contract/2021.sol:5:63: Error: The state mutability modifier "constant" was removed in version 0.5.0. Use "view" or "pure" instead.
    function addNode(bytes32 _nodeName, address _nodeAddress) constant returns(bool);
                                                              ^------^
/../data/reentrancy/solidity_contract/2021.sol:19:40: Error: The state mutability modifier "constant" was removed in version 0.5.0. Use "view" or "pure" instead.
    function getAddress(bytes32 _name) constant returns (address) {
                                       ^------^
/../data/reentrancy/solidity_contract/2021.sol:58:47: Error: The state mutability modifier "constant" was removed in version 0.5.0. Use "view" or "pure" instead.
    function checkDepth(address self, uint n) constant returns(bool) {
                                              ^------^

[91m[-] Cannot compile the contract [0m

====================================================================================================
[1m[ ] Compiling Solidity contract from the file /../data/reentrancy/solidity_contract/2021.sol ... [0m/../data/reentrancy/solidity_contract/2021.sol:3:48: Error: The state mutability modifier "constant" was removed in version 0.5.0. Use "view" or "pure" instead.

[91m[-] Cannot compile the contract [0m

====================================================================================================
[1m[ ] Compiling Solidity contract from the file /../data/reentrancy/solidity_contract/2021.sol ... [0m/../data/reentrancy/solidity_contract/2021.sol:3:48: Error: The state mutability modifier "constant" was removed in version 0.5.0. Use "view" or "pure" instead.
    function getNodeAddress(bytes32 _nodeName) constant returns(address);
                                               ^------^
/../data/reentrancy/solidity_contract/2021.sol:4:77: Error: The state mutability modifier "constant" was removed in version 0.5.0. Use "view" or "pure" instead.
    function hasRelation(bytes32 _nodeName, bytes32 _relation, address _to) constant returns(bool);
                                                                            ^------^
/../data/reentrancy/solidity_contract/2021.sol:5:63: Error: The state mutability modifier "constant" was removed in version 0.5.0. Use "view" or "pure" instead.
    function addNode(bytes32 _nodeName, address _nodeAddress) constant returns(bool);
                                                              ^------^
/../data/reentrancy/solidity_contract/2021.sol:19:40: Error: The state mutability modifier "constant" was removed in version 0.5.0. Use "view" or "pure" instead.
    function getAddress(bytes32 _name) constant returns (address) {
                                       ^------^
/../data/reentrancy/solidity_contract/2021.sol:58:47: Error: The state mutability modifier "constant" was removed in version 0.5.0. Use "view" or "pure" instead.
    function checkDepth(address self, uint n) constant returns(bool) {
                                              ^------^

[91m[-] Cannot compile the contract [0m

====================================================================================================
[1m[ ] Compiling Solidity contract from the file /../data/reentrancy/solidity_contract/2021.sol ... [0m/../data/reentrancy/solidity_contract/2021.sol:3:48: Error: The state mutability modifier "constant" was removed in version 0.5.0. Use "view" or "pure" instead.
    function getNodeAddress(bytes32 _nodeName) constant returns(address);
                                               ^------^
/../data/reentrancy/solidity_contract/2021.sol:4:77: Error: The state mutability modifier "constant" was removed in version 0.5.0. Use "view" or "pure" instead.
    function hasRelation(bytes32 _nodeName, bytes32 _relation, address _to) constant returns(bool);
                                                                            ^------^
/../data/reentrancy/solidity_contract/2021.sol:5:63: Error: The state mutability modifier "constant" was removed in version 0.5.0. Use "view" or "pure" instead.
    function addNode(bytes32 _nodeName, address _nodeAddress) constant returns(bool);
                                                              ^------^
/../data/reentrancy/solidity_contract/2021.sol:19:40: Error: The state mutability modifier "constant" was removed in version 0.5.0. Use "view" or "pure" instead.
    function getAddress(bytes32 _name) constant returns (address) {
                                       ^------^
/../data/reentrancy/solidity_contract/2021.sol:58:47: Error: The state mutability modifier "constant" was removed in version 0.5.0. Use "view" or "pure" instead.
    function checkDepth(address self, uint n) constant returns(bool) {

[91m[-] Cannot compile the contract [0m

====================================================================================================
[1m[ ] Compiling Solidity contract from the file /../data/reentrancy/solidity_contract/2021.sol ... [0m/../data/reentrancy/solidity_contract/2021.sol:3:48: Error: The state mutability modifier "constant" was removed in version 0.5.0. Use "view" or "pure" instead.
    function getNodeAddress(bytes32 _nodeName) constant returns(address);
                                               ^------^
/../data/reentrancy/solidity_contract/2021.sol:4:77: Error: The state mutability modifier "constant" was removed in version 0.5.0. Use "view" or "pure" instead.
    function hasRelation(bytes32 _nodeName, bytes32 _relation, address _to) constant returns(bool);
                                                                            ^------^
/../data/reentrancy/solidity_contract/2021.sol:5:63: Error: The state mutability modifier "constant" was removed in version 0.5.0. Use "view" or "pure" instead.
    function addNode(bytes32 _nodeName, address _nodeAddress) constant returns(bool);
                                                              ^------^
/../data/reentrancy/solidity_contract/2021.sol:19:40: Error: The state mutability modifier "constant" was removed in version 0.5.0. Use "view" or "pure" instead.
    function getAddress(bytes32 _name) constant returns (address) {
                                       ^------^
/../data/reentrancy/solidity_contract/2021.sol:58:47: Error: The state mutability modifier "constant" was removed in version 0.5.0. Use "view" or "pure" instead.
    function checkDepth(address self, uint n) constant returns(bool) {
                                              ^------^

[91m[-] Cannot compile the contract [0m

====================================================================================================
[1m[ ] Compiling Solidity contract from the file /../data/reentrancy/solidity_contract/2021.sol ... [0m/../data/reentrancy/solidity_contract/2021.sol:3:48: Error: The state mutability modifier "constant" was removed in version 0.5.0. Use "view" or "pure" instead.
    function getNodeAddress(bytes32 _nodeName) constant returns(address);
                                               ^------^
/../data/reentrancy/solidity_contract/2021.sol:4:77: Error: The state mutability modifier "constant" was removed in version 0.5.0. Use "view" or "pure" instead.
    function hasRelation(bytes32 _nodeName, bytes32 _relation, address _to) constant returns(bool);
                                                                            ^------^
/../data/reentrancy/solidity_contract/2021.sol:5:63: Error: The state mutability modifier "constant" was removed in version 0.5.0. Use "view" or "pure" instead.
    function addNode(bytes32 _nodeName, address _nodeAddress) constant returns(bool);
                                                              ^------^
/../data/reentrancy/solidity_contract/2021.sol:19:40: Error: The state mutability modifier "constant" was removed in version 0.5.0. Use "view" or "pure" instead.
    function getAddress(bytes32 _name) constant returns (address) {
                                       ^------^
/../data/reentrancy/solidity_contract/2021.sol:58:47: Error: The state mutability modifier "constant" was removed in version 0.5.0. Use "view" or "pure" instead.
    function checkDepth(address self, uint n) constant returns(bool) {
                                              ^------^
/../data/reentrancy/solidity_contract/2021.sol:63:28: Error: The state mutability modifier "constant" was removed in version 0.5.0. Use "view" or "pure" instead.
    function __dig(uint n) constant {
                           ^------^
/../data/reentrancy/solidity_contract/2021.sol:93:14: Error: Expected identifier but got reserved keyword 'immutable'

[91m[-] Cannot compile the contract [0m