INFO:Slither:Compilation warnings/errors on /../data/reentrancy/solidity_contract/35617.sol:
/../data/reentrancy/solidity_contract/35617.sol:167:5: Warning: Defining constructors as functions with the same name as the contract is deprecated. Use "constructor(...) { ... }" instead.
    function MoldCoin(uint startDatetimeInSeconds, address founderWallet) {
    ^ (Relevant source part starts here and spans across multiple lines).
/../data/reentrancy/solidity_contract/35617.sol:301:5: Warning: Defining constructors as functions with the same name as the contract is deprecated. Use "constructor(...) { ... }" instead.
    function MoldCoinBonus(MoldCoin _fundAddress, uint _rate) {
    ^ (Relevant source part starts here and spans across multiple lines).
/../data/reentrancy/solidity_contract/35617.sol:83:13: Warning: Invoking events without "emit" prefix is deprecated.
            Transfer(msg.sender, _to, _value);
            ^-------------------------------^
/../data/reentrancy/solidity_contract/35617.sol:95:13: Warning: Invoking events without "emit" prefix is deprecated.
            Transfer(_from, _to, _value);
            ^--------------------------^
/../data/reentrancy/solidity_contract/35617.sol:106:9: Warning: Invoking events without "emit" prefix is deprecated.
        Approval(msg.sender, _spender, _value);
        ^------------------------------------^
/../data/reentrancy/solidity_contract/35617.sol:211:9: Warning: Invoking events without "emit" prefix is deprecated.
        Buy(recipient, msg.value, tokens);
        ^-------------------------------^
/../data/reentrancy/solidity_contract/35617.sol:223:9: Warning: Invoking events without "emit" prefix is deprecated.
        AllocateFounderTokens(msg.sender, founderAllocation);
        ^--------------------------------------------------^
/../data/reentrancy/solidity_contract/35617.sol:235:9: Warning: Invoking events without "emit" prefix is deprecated.
        AllocateAngelTokens(msg.sender, angel, tokens);
        ^--------------------------------------------^
/../data/reentrancy/solidity_contract/35617.sol:262:9: Warning: Invoking events without "emit" prefix is deprecated.
        AllocateUnsoldTokens(msg.sender, holder, tokens);
        ^----------------------------------------------^
/../data/reentrancy/solidity_contract/35617.sol:322:9: Warning: Invoking events without "emit" prefix is deprecated.
        BuyWithBonus(msg.sender, inviter, msg.value, tokens, bonus);
        ^---------------------------------------------------------^
/../data/reentrancy/solidity_contract/35617.sol:43:5: Warning: No visibility specified. Defaulting to "public". 
    function balanceOf(address _owner) constant returns (uint256 balance);
    ^--------------------------------------------------------------------^
/../data/reentrancy/solidity_contract/35617.sol:49:5: Warning: No visibility specified. Defaulting to "public". 
    function transfer(address _to, uint256 _value) returns (bool success);
    ^--------------------------------------------------------------------^
/../data/reentrancy/solidity_contract/35617.sol:56:5: Warning: No visibility specified. Defaulting to "public". 
    function transferFrom(address _from, address _to, uint256 _value) returns (bool success);
    ^---------------------------------------------------------------------------------------^
/../data/reentrancy/solidity_contract/35617.sol:62:5: Warning: No visibility specified. Defaulting to "public". 
    function approve(address _spender, uint256 _value) returns (bool success);
    ^------------------------------------------------------------------------^
/../data/reentrancy/solidity_contract/35617.sol:67:5: Warning: No visibility specified. Defaulting to "public". 
    function allowance(address _owner, address _spender) constant returns (uint256 remaining);
    ^----------------------------------------------------------------------------------------^
/../data/reentrancy/solidity_contract/35617.sol:75:5: Warning: No visibility specified. Defaulting to "public". 
    function transfer(address _to, uint256 _value) returns (bool success) {
    ^ (Relevant source part starts here and spans across multiple lines).
/../data/reentrancy/solidity_contract/35617.sol:88:5: Warning: No visibility specified. Defaulting to "public". 
    function transferFrom(address _from, address _to, uint256 _value) returns (bool success) {
    ^ (Relevant source part starts here and spans across multiple lines).
/../data/reentrancy/solidity_contract/35617.sol:100:5: Warning: No visibility specified. Defaulting to "public". 
    function balanceOf(address _owner) constant returns (uint256 balance) {
    ^ (Relevant source part starts here and spans across multiple lines).
/../data/reentrancy/solidity_contract/35617.sol:104:5: Warning: No visibility specified. Defaulting to "public". 
    function approve(address _spender, uint256 _value) returns (bool success) {
    ^ (Relevant source part starts here and spans across multiple lines).
/../data/reentrancy/solidity_contract/35617.sol:110:5: Warning: No visibility specified. Defaulting to "public". 
    function allowance(address _owner, address _spender) constant returns (uint256 remaining) {
    ^ (Relevant source part starts here and spans across multiple lines).
/../data/reentrancy/solidity_contract/35617.sol:167:5: Warning: No visibility specified. Defaulting to "public". 
    function MoldCoin(uint startDatetimeInSeconds, address founderWallet) {
    ^ (Relevant source part starts here and spans across multiple lines).
/../data/reentrancy/solidity_contract/35617.sol:179:5: Warning: No visibility specified. Defaulting to "public". 
    function price(uint timeInSeconds) constant returns(uint) {
    ^ (Relevant source part starts here and spans across multiple lines).
/../data/reentrancy/solidity_contract/35617.sol:188:5: Warning: No visibility specified. Defaulting to "public". 
    function buy() payable {
    ^ (Relevant source part starts here and spans across multiple lines).
/../data/reentrancy/solidity_contract/35617.sol:192:5: Warning: No visibility specified. Defaulting to "public". 
    function() payable {
    ^ (Relevant source part starts here and spans across multiple lines).
/../data/reentrancy/solidity_contract/35617.sol:197:5: Warning: No visibility specified. Defaulting to "public". 
    function buyRecipient(address recipient) duringCrowdSale payable {
    ^ (Relevant source part starts here and spans across multiple lines).
/../data/reentrancy/solidity_contract/35617.sol:215:5: Warning: No visibility specified. Defaulting to "public". 
    function allocateFounderTokens() onlyAdmin {
    ^ (Relevant source part starts here and spans across multiple lines).
/../data/reentrancy/solidity_contract/35617.sol:227:5: Warning: No visibility specified. Defaulting to "public". 
    function allocateAngelTokens(address angel, uint tokens) onlyAdmin {
    ^ (Relevant source part starts here and spans across multiple lines).
/../data/reentrancy/solidity_contract/35617.sol:239:5: Warning: No visibility specified. Defaulting to "public". 
    function halt() onlyAdmin {
    ^ (Relevant source part starts here and spans across multiple lines).
/../data/reentrancy/solidity_contract/35617.sol:243:5: Warning: No visibility specified. Defaulting to "public". 
    function unhalt() onlyAdmin {
    ^ (Relevant source part starts here and spans across multiple lines).
/../data/reentrancy/solidity_contract/35617.sol:248:5: Warning: No visibility specified. Defaulting to "public". 
    function changeAdmin(address newAdmin) onlyAdmin  {
    ^ (Relevant source part starts here and spans across multiple lines).
/../data/reentrancy/solidity_contract/35617.sol:253:5: Warning: No visibility specified. Defaulting to "public". 
    function arrangeUnsoldTokens(address holder, uint256 tokens) onlyAdmin {
    ^ (Relevant source part starts here and spans across multiple lines).
/../data/reentrancy/solidity_contract/35617.sol:271:5: Warning: No visibility specified. Defaulting to "public". 
    function bonusBalanceOf(address _owner) constant returns (uint256 balance) {
    ^ (Relevant source part starts here and spans across multiple lines).
/../data/reentrancy/solidity_contract/35617.sol:301:5: Warning: No visibility specified. Defaulting to "public". 
    function MoldCoinBonus(MoldCoin _fundAddress, uint _rate) {
    ^ (Relevant source part starts here and spans across multiple lines).
/../data/reentrancy/solidity_contract/35617.sol:309:5: Warning: No visibility specified. Defaulting to "public". 
    function buyWithBonus(address inviter) validSale payable {
    ^ (Relevant source part starts here and spans across multiple lines).
/../data/reentrancy/solidity_contract/35617.sol:328:5: Warning: No visibility specified. Defaulting to "public". 
    function halt() onlyAdmin {
    ^ (Relevant source part starts here and spans across multiple lines).
/../data/reentrancy/solidity_contract/35617.sol:332:5: Warning: No visibility specified. Defaulting to "public". 
    function unhalt() onlyAdmin {
    ^ (Relevant source part starts here and spans across multiple lines).
/../data/reentrancy/solidity_contract/35617.sol:337:5: Warning: No visibility specified. Defaulting to "public". 
    function changeAdmin(address newAdmin) onlyAdmin  {
    ^ (Relevant source part starts here and spans across multiple lines).
/../data/reentrancy/solidity_contract/35617.sol:341:5: Warning: No visibility specified. Defaulting to "public". 
    function changeRate(uint _rate) onlyAdmin  {
    ^ (Relevant source part starts here and spans across multiple lines).
/../data/reentrancy/solidity_contract/35617.sol:8:3: Warning: Function state mutability can be restricted to pure
  function safeMul(uint a, uint b) internal returns (uint) {
  ^ (Relevant source part starts here and spans across multiple lines).
/../data/reentrancy/solidity_contract/35617.sol:14:3: Warning: Function state mutability can be restricted to pure
  function safeSub(uint a, uint b) internal returns (uint) {
  ^ (Relevant source part starts here and spans across multiple lines).
/../data/reentrancy/solidity_contract/35617.sol:19:3: Warning: Function state mutability can be restricted to pure
  function safeAdd(uint a, uint b) internal returns (uint) {
  ^ (Relevant source part starts here and spans across multiple lines).
/../data/reentrancy/solidity_contract/35617.sol:25:3: Warning: Function state mutability can be restricted to pure
  function safeDiv(uint a, uint b) internal returns (uint) {
  ^ (Relevant source part starts here and spans across multiple lines).

INFO:Detectors:[92m
Reentrancy in MoldCoinBonus.buyWithBonus (/../data/reentrancy/solidity_contract/35617.sol#309-324):
	External calls:
	- tokens = safeMul(msg.value,fundAddress.price(block.timestamp)) (/../data/reentrancy/solidity_contract/35617.sol#313)
	- fundAddress.buyRecipient.value(msg.value)(msg.sender) (/../data/reentrancy/solidity_contract/35617.sol#316)
	External calls sending eth:
	- fundAddress.buyRecipient.value(msg.value)(msg.sender) (/../data/reentrancy/solidity_contract/35617.sol#316)
	State variables written after the call(s):
	- bonusBalances (/../data/reentrancy/solidity_contract/35617.sol#320)
	- bonusBalances (/../data/reentrancy/solidity_contract/35617.sol#321)
	- totalSupply (/../data/reentrancy/solidity_contract/35617.sol#318)
Reference: https://github.com/trailofbits/slither/wiki/Detectors-Documentation#reentrancy-vulnerabilities-2[0m
INFO:Detectors:[92m
MoldCoin.price (/../data/reentrancy/solidity_contract/35617.sol#179-185) uses timestamp for comparisons
	Dangerous comparisons:
	- timeInSeconds <= secondStageDatetime (/../data/reentrancy/solidity_contract/35617.sol#182)
	- timeInSeconds <= endDatetime (/../data/reentrancy/solidity_contract/35617.sol#183)
	- timeInSeconds < startDatetime (/../data/reentrancy/solidity_contract/35617.sol#180)
	- timeInSeconds <= firstStageDatetime (/../data/reentrancy/solidity_contract/35617.sol#181)
MoldCoin.buyRecipient (/../data/reentrancy/solidity_contract/35617.sol#197-212) uses timestamp for comparisons
	Dangerous comparisons:
	- require(bool)(safeAdd(saleTokenSupply,tokens) <= coinAllocation) (/../data/reentrancy/solidity_contract/35617.sol#201)
MoldCoin.allocateFounderTokens (/../data/reentrancy/solidity_contract/35617.sol#215-224) uses timestamp for comparisons
	Dangerous comparisons:
	- require(bool)(block.timestamp > endDatetime) (/../data/reentrancy/solidity_contract/35617.sol#216)
MoldCoin.arrangeUnsoldTokens (/../data/reentrancy/solidity_contract/35617.sol#253-264) uses timestamp for comparisons
	Dangerous comparisons:
	- require(bool)(balances[holder] > 0) (/../data/reentrancy/solidity_contract/35617.sol#256)
	- require(bool)(safeAdd(saleTokenSupply,tokens) <= coinAllocation) (/../data/reentrancy/solidity_contract/35617.sol#255)
	- require(bool)(block.timestamp > endDatetime) (/../data/reentrancy/solidity_contract/35617.sol#254)
Reference: https://github.com/trailofbits/slither/wiki/Detectors-Documentation#block-timestamp[0m
INFO:Detectors:[92m
MoldCoin.decimals should be constant (/../data/reentrancy/solidity_contract/35617.sol#124)
MoldCoin.name should be constant (/../data/reentrancy/solidity_contract/35617.sol#122)
MoldCoin.symbol should be constant (/../data/reentrancy/solidity_contract/35617.sol#123)
Reference: https://github.com/trailofbits/slither/wiki/Detectors-Documentation#state-variables-that-could-be-declared-constant[0m
INFO:Detectors:[92m
Token.balanceOf (/../data/reentrancy/solidity_contract/35617.sol#43) should be declared external
StandardToken.balanceOf (/../data/reentrancy/solidity_contract/35617.sol#100-102) should be declared external
Token.transfer (/../data/reentrancy/solidity_contract/35617.sol#49) should be declared external
StandardToken.transfer (/../data/reentrancy/solidity_contract/35617.sol#75-86) should be declared external
Token.transferFrom (/../data/reentrancy/solidity_contract/35617.sol#56) should be declared external
StandardToken.transferFrom (/../data/reentrancy/solidity_contract/35617.sol#88-98) should be declared external
Token.approve (/../data/reentrancy/solidity_contract/35617.sol#62) should be declared external
StandardToken.approve (/../data/reentrancy/solidity_contract/35617.sol#104-108) should be declared external
StandardToken.allowance (/../data/reentrancy/solidity_contract/35617.sol#110-112) should be declared external
Token.allowance (/../data/reentrancy/solidity_contract/35617.sol#67) should be declared external
MoldCoin.buy (/../data/reentrancy/solidity_contract/35617.sol#188-190) should be declared external
MoldCoin.fallback (/../data/reentrancy/solidity_contract/35617.sol#192-194) should be declared external
MoldCoin.allocateFounderTokens (/../data/reentrancy/solidity_contract/35617.sol#215-224) should be declared external
MoldCoin.allocateAngelTokens (/../data/reentrancy/solidity_contract/35617.sol#227-236) should be declared external
MoldCoin.halt (/../data/reentrancy/solidity_contract/35617.sol#239-241) should be declared external
MoldCoin.unhalt (/../data/reentrancy/solidity_contract/35617.sol#243-245) should be declared external
MoldCoin.changeAdmin (/../data/reentrancy/solidity_contract/35617.sol#248-250) should be declared external
MoldCoin.arrangeUnsoldTokens (/../data/reentrancy/solidity_contract/35617.sol#253-264) should be declared external
MoldCoinBonus.bonusBalanceOf (/../data/reentrancy/solidity_contract/35617.sol#271-273) should be declared external
MoldCoinBonus.buyWithBonus (/../data/reentrancy/solidity_contract/35617.sol#309-324) should be declared external
MoldCoinBonus.halt (/../data/reentrancy/solidity_contract/35617.sol#328-330) should be declared external
MoldCoinBonus.unhalt (/../data/reentrancy/solidity_contract/35617.sol#332-334) should be declared external
MoldCoinBonus.changeAdmin (/../data/reentrancy/solidity_contract/35617.sol#337-339) should be declared external
MoldCoinBonus.changeRate (/../data/reentrancy/solidity_contract/35617.sol#341-343) should be declared external
Reference: https://github.com/trailofbits/slither/wiki/Detectors-Documentation#public-function-that-could-be-declared-as-external[0m
INFO:Detectors:[92m
Detected issues with version pragma in /../data/reentrancy/solidity_contract/35617.sol:
	- pragma solidity^0.4.11 (/../data/reentrancy/solidity_contract/35617.sol#1): it allows old versions
Reference: https://github.com/trailofbits/slither/wiki/Detectors-Documentation#incorrect-version-of-solidity[0m
INFO:Detectors:[92m
Low level call in MoldCoin.buyRecipient (/../data/reentrancy/solidity_contract/35617.sol#197-212):
	-! founder.call.value(msg.value)() /../data/reentrancy/solidity_contract/35617.sol#209
Reference: https://github.com/trailofbits/slither/wiki/Detectors-Documentation#low-level-calls[0m
INFO:Detectors:[92m
Parameter '_owner' of StandardToken.balanceOf (/../data/reentrancy/solidity_contract/35617.sol#100) is not in mixedCase
Parameter '_to' of StandardToken.transfer (/../data/reentrancy/solidity_contract/35617.sol#75) is not in mixedCase
Parameter '_value' of StandardToken.transfer (/../data/reentrancy/solidity_contract/35617.sol#75) is not in mixedCase
Parameter '_from' of StandardToken.transferFrom (/../data/reentrancy/solidity_contract/35617.sol#88) is not in mixedCase
Parameter '_to' of StandardToken.transferFrom (/../data/reentrancy/solidity_contract/35617.sol#88) is not in mixedCase
Parameter '_value' of StandardToken.transferFrom (/../data/reentrancy/solidity_contract/35617.sol#88) is not in mixedCase
Parameter '_spender' of StandardToken.approve (/../data/reentrancy/solidity_contract/35617.sol#104) is not in mixedCase
Parameter '_value' of StandardToken.approve (/../data/reentrancy/solidity_contract/35617.sol#104) is not in mixedCase
Parameter '_owner' of StandardToken.allowance (/../data/reentrancy/solidity_contract/35617.sol#110) is not in mixedCase
Parameter '_spender' of StandardToken.allowance (/../data/reentrancy/solidity_contract/35617.sol#110) is not in mixedCase
Function 'MoldCoin.MoldCoin' (/../data/reentrancy/solidity_contract/35617.sol#167-176) is not in mixedCase
Parameter '_owner' of MoldCoinBonus.bonusBalanceOf (/../data/reentrancy/solidity_contract/35617.sol#271) is not in mixedCase
Function 'MoldCoinBonus.MoldCoinBonus' (/../data/reentrancy/solidity_contract/35617.sol#301-307) is not in mixedCase
Parameter '_fundAddress' of MoldCoinBonus.MoldCoinBonus (/../data/reentrancy/solidity_contract/35617.sol#301) is not in mixedCase
Parameter '_rate' of MoldCoinBonus.MoldCoinBonus (/../data/reentrancy/solidity_contract/35617.sol#301) is not in mixedCase
Parameter '_rate' of MoldCoinBonus.changeRate (/../data/reentrancy/solidity_contract/35617.sol#341) is not in mixedCase
Reference: https://github.com/trailofbits/slither/wiki/Detectors-Documentation#conformance-to-solidity-naming-conventions[0m
INFO:Slither:/../data/reentrancy/solidity_contract/35617.sol analyzed (5 contracts), 48 result(s) found