INFO:Slither:Compilation warnings/errors on /../data/reentrancy/solidity_contract/16643.sol:
/../data/reentrancy/solidity_contract/16643.sol:42:38: Warning: This declaration shadows an existing declaration.
	function newPuppet() public returns(address newPuppet){
	                                    ^---------------^
/../data/reentrancy/solidity_contract/16643.sol:42:2: The shadowed declaration is here:
	function newPuppet() public returns(address newPuppet){
 ^ (Relevant source part starts here and spans across multiple lines).

/../data/reentrancy/solidity_contract/16643.sol:62:9: Warning: Return value of low-level calls not used.
        extra[0].call.value(_share).gas(800000)();
        ^---------------------------------------^
/../data/reentrancy/solidity_contract/16643.sol:63:9: Warning: Return value of low-level calls not used.
        extra[1].call.value(_share).gas(800000)();
        ^---------------------------------------^
/../data/reentrancy/solidity_contract/16643.sol:64:9: Warning: Return value of low-level calls not used.
        extra[2].call.value(_share).gas(800000)();
        ^---------------------------------------^
/../data/reentrancy/solidity_contract/16643.sol:65:9: Warning: Return value of low-level calls not used.
        extra[3].call.value(_share).gas(800000)();
        ^---------------------------------------^
/../data/reentrancy/solidity_contract/16643.sol:91:4: Warning: Return value of low-level calls not used.
			target[0].call.value(msg.value).gas(600000)();
			^-------------------------------------------^

INFO:Detectors:[92m
Splitter.newPuppet.newPuppet (local variable @ /../data/reentrancy/solidity_contract/16643.sol#42) shadows:
	- Splitter.newPuppet (function @ /../data/reentrancy/solidity_contract/16643.sol#42-47)
Reference: https://github.com/trailofbits/slither/wiki/Detectors-Documentation#local-variable-shadowing[0m
INFO:Detectors:[92m
Splitter._addy should be constant (/../data/reentrancy/solidity_contract/16643.sol#8)
Splitter._count should be constant (/../data/reentrancy/solidity_contract/16643.sol#10)
Reference: https://github.com/trailofbits/slither/wiki/Detectors-Documentation#state-variables-that-could-be-declared-constant[0m
INFO:Detectors:[92m
Splitter.withdraw (/../data/reentrancy/solidity_contract/16643.sol#29-32) should be declared external
Splitter.getPuppetCount (/../data/reentrancy/solidity_contract/16643.sol#36-38) should be declared external
Splitter.setExtra (/../data/reentrancy/solidity_contract/16643.sol#51-54) should be declared external
Splitter.fundPuppets (/../data/reentrancy/solidity_contract/16643.sol#59-66) should be declared external
Splitter.fallback (/../data/reentrancy/solidity_contract/16643.sol#70-71) should be declared external
Puppet.fallback (/../data/reentrancy/solidity_contract/16643.sol#89-93) should be declared external
Puppet.withdraw (/../data/reentrancy/solidity_contract/16643.sol#96-99) should be declared external
Reference: https://github.com/trailofbits/slither/wiki/Detectors-Documentation#public-function-that-could-be-declared-as-external[0m
INFO:Detectors:[92m
Detected issues with version pragma in /../data/reentrancy/solidity_contract/16643.sol:
	- pragma solidity^0.4.23 (/../data/reentrancy/solidity_contract/16643.sol#1): it allows old versions
Reference: https://github.com/trailofbits/slither/wiki/Detectors-Documentation#incorrect-version-of-solidity[0m
INFO:Detectors:[92m
Low level call in Splitter.fundPuppets (/../data/reentrancy/solidity_contract/16643.sol#59-66):
	-extra[0].call.value(_share).gas(800000)() /../data/reentrancy/solidity_contract/16643.sol#62
	-extra[1].call.value(_share).gas(800000)() /../data/reentrancy/solidity_contract/16643.sol#63
	-extra[2].call.value(_share).gas(800000)() /../data/reentrancy/solidity_contract/16643.sol#64
	-extra[3].call.value(_share).gas(800000)() /../data/reentrancy/solidity_contract/16643.sol#65
Low level call in Puppet.fallback (/../data/reentrancy/solidity_contract/16643.sol#89-93):
	-target[0].call.value(msg.value).gas(600000)() /../data/reentrancy/solidity_contract/16643.sol#91
Reference: https://github.com/trailofbits/slither/wiki/Detectors-Documentation#low-level-calls[0m
INFO:Detectors:[92m
Parameter '_id' of Splitter.setExtra (/../data/reentrancy/solidity_contract/16643.sol#51) is not in mixedCase
Parameter '_newExtra' of Splitter.setExtra (/../data/reentrancy/solidity_contract/16643.sol#51) is not in mixedCase
Reference: https://github.com/trailofbits/slither/wiki/Detectors-Documentation#conformance-to-solidity-naming-conventions[0m
INFO:Detectors:[92m
Splitter._addy (/../data/reentrancy/solidity_contract/16643.sol#8) is never used in Splitter
Splitter._count (/../data/reentrancy/solidity_contract/16643.sol#10) is never used in Splitter
Reference: https://github.com/trailofbits/slither/wiki/Detectors-Documentation#unused-state-variables[0m
INFO:Slither:/../data/reentrancy/solidity_contract/16643.sol analyzed (3 contracts), 15 result(s) found