====================================================================================================
[1m[ ] Compiling Solidity contract from the file /../data/reentrancy/solidity_contract/40241.sol ... [0m/../data/reentrancy/solidity_contract/40241.sol:57:29: Error: The state mutability modifier "constant" was removed in version 0.5.0. Use "view" or "pure" instead.
	function getOwnerAddress() constant returns (address ownerAddress) {
	                           ^------^
/../data/reentrancy/solidity_contract/40241.sol:61:29: Error: The state mutability modifier "constant" was removed in version 0.5.0. Use "view" or "pure" instead.
	function getTokenBalance() constant returns (uint256 tokens) {
	                           ^------^
/../data/reentrancy/solidity_contract/40241.sol:188:30: Error: The state mutability modifier "constant" was removed in version 0.5.0. Use "view" or "pure" instead.
	function getTokenBalance () constant noEther returns (uint256 tokens) {
	                            ^------^

[91m[-] Cannot compile the contract [0m

====================================================================================================
[1m[ ] Compiling Solidity contract from the file /../data/reentrancy/solidity_contract/40241.sol ... [0m/../data/reentrancy/solidity_contract/40241.sol:57:29: Error: The state mutability modifier "constant" was removed in version 0.5.0. Use "view" or "pure" instead.
	function getOwnerAddress() constant returns (address ownerAddress) {
	                           ^------^
/../data/reentrancy/solidity_contract/40241.sol:61:29: Error: The state mutability modifier "constant" was removed in version 0.5.0. Use "view" or "pure" instead.
	function getTokenBalance() constant returns (uint256 tokens) {
	                           ^------^
/../data/reentrancy/solidity_contract/40241.sol:188:30: Error: The state mutability modifier "constant" was removed in version 0.5.0. Use "view" or "pure" instead.
	function getTokenBalance () constant noEther returns (uint256 tokens) {
	                            ^------^

[91m[-] Cannot compile the contract [0m

====================================================================================================
[1m[ ] Compiling Solidity contract from the file /../data/reentrancy/solidity_contract/40241.sol ... [0m/../data/reentrancy/solidity_contract/40241.sol:57:29: Error: The state mutability modifier "constant" was removed in version 0.5.0. Use "view" or "pure" instead.
	function getOwnerAddress() constant returns (address ownerAddress) {
	                           ^------^
/../data/reentrancy/solidity_contract/40241.sol:61:29: Error: The state mutability modifier "constant" was removed in version 0.5.0. Use "view" or "pure" instead.
	function getTokenBalance() constant returns (uint256 tokens) {
	                           ^------^
/../data/reentrancy/solidity_contract/40241.sol:188:30: Error: The state mutability modifier "constant" was removed in version 0.5.0. Use "view" or "pure" instead.
	function getTokenBalance () constant noEther returns (uint256 tokens) {
	                            ^------^

[91m[-] Cannot compile the contract [0m

====================================================================================================
[1m[ ] Compiling Solidity contract from the file /../data/reentrancy/solidity_contract/40241.sol ... [0m/../data/reentrancy/solidity_contract/40241.sol:57:29: Error: The state mutability modifier "constant" was removed in version 0.5.0. Use "view" or "pure" instead.
	function getOwnerAddress() constant returns (address ownerAddress) {
	                           ^------^
/../data/reentrancy/solidity_contract/40241.sol:61:29: Error: The state mutability modifier "constant" was removed in version 0.5.0. Use "view" or "pure" instead.
	function getTokenBalance() constant returns (uint256 tokens) {
	                           ^------^
/../data/reentrancy/solidity_contract/40241.sol:188:30: Error: The state mutability modifier "constant" was removed in version 0.5.0. Use "view" or "pure" instead.
	function getTokenBalance () constant noEther returns (uint256 tokens) {
	                            ^------^

[91m[-] Cannot compile the contract [0m

====================================================================================================
[1m[ ] Compiling Solidity contract from the file /../data/reentrancy/solidity_contract/40241.sol ... [0m/../data/reentrancy/solidity_contract/40241.sol:57:29: Error: The state mutability modifier "constant" was removed in version 0.5.0. Use "view" or "pure" instead.
	function getOwnerAddress() constant returns (address ownerAddress) {
	                           ^------^

[91m[-] Cannot compile the contract [0m

====================================================================================================
[1m[ ] Compiling Solidity contract from the file /../data/reentrancy/solidity_contract/40241.sol ... [0m/../data/reentrancy/solidity_contract/40241.sol:57:29: Error: The state mutability modifier "constant" was removed in version 0.5.0. Use "view" or "pure" instead.
	function getOwnerAddress() constant returns (address ownerAddress) {
	                           ^------^
/../data/reentrancy/solidity_contract/40241.sol:61:29: Error: The state mutability modifier "constant" was removed in version 0.5.0. Use "view" or "pure" instead.
	function getTokenBalance() constant returns (uint256 tokens) {
	                           ^------^
/../data/reentrancy/solidity_contract/40241.sol:188:30: Error: The state mutability modifier "constant" was removed in version 0.5.0. Use "view" or "pure" instead.
	function getTokenBalance () constant noEther returns (uint256 tokens) {
	                            ^------^

[91m[-] Cannot compile the contract [0m

====================================================================================================
[1m[ ] Compiling Solidity contract from the file /../data/reentrancy/solidity_contract/40241.sol ... [0m/../data/reentrancy/solidity_contract/40241.sol:57:29: Error: The state mutability modifier "constant" was removed in version 0.5.0. Use "view" or "pure" instead.
	function getOwnerAddress() constant returns (address ownerAddress) {
	                           ^------^
/../data/reentrancy/solidity_contract/40241.sol:61:29: Error: The state mutability modifier "constant" was removed in version 0.5.0. Use "view" or "pure" instead.
	function getTokenBalance() constant returns (uint256 tokens) {
	                           ^------^
/../data/reentrancy/solidity_contract/40241.sol:188:30: Error: The state mutability modifier "constant" was removed in version 0.5.0. Use "view" or "pure" instead.
	function getTokenBalance () constant noEther returns (uint256 tokens) {
	                            ^------^

[91m[-] Cannot compile the contract [0m

====================================================================================================
[1m[ ] Compiling Solidity contract from the file /../data/reentrancy/solidity_contract/40241.sol ... [0m/../data/reentrancy/solidity_contract/40241.sol:57:29: Error: The state mutability modifier "constant" was removed in version 0.5.0. Use "view" or "pure" instead.
	function getOwnerAddress() constant returns (address ownerAddress) {
	                           ^------^
/../data/reentrancy/solidity_contract/40241.sol:61:29: Error: The state mutability modifier "constant" was removed in version 0.5.0. Use "view" or "pure" instead.
	function getTokenBalance() constant returns (uint256 tokens) {
	                           ^------^
/../data/reentrancy/solidity_contract/40241.sol:188:30: Error: The state mutability modifier "constant" was removed in version 0.5.0. Use "view" or "pure" instead.
	function getTokenBalance () constant noEther returns (uint256 tokens) {
	                            ^------^

[91m[-] Cannot compile the contract [0m

====================================================================================================
[1m[ ] Compiling Solidity contract from the file /../data/reentrancy/solidity_contract/40241.sol ... [0m/../data/reentrancy/solidity_contract/40241.sol:57:29: Error: The state mutability modifier "constant" was removed in version 0.5.0. Use "view" or "pure" instead.
	function getOwnerAddress() constant returns (address ownerAddress) {
	                           ^------^
/../data/reentrancy/solidity_contract/40241.sol:61:29: Error: The state mutability modifier "constant" was removed in version 0.5.0. Use "view" or "pure" instead.
	function getTokenBalance() constant returns (uint256 tokens) {
	                           ^------^
/../data/reentrancy/solidity_contract/40241.sol:188:30: Error: The state mutability modifier "constant" was removed in version 0.5.0. Use "view" or "pure" instead.
	function getTokenBalance () constant noEther returns (uint256 tokens) {
	                            ^------^

[91m[-] Cannot compile the contract [0m