INFO:Slither:Compilation warnings/errors on /../data/reentrancy/solidity_contract/35637.sol:
/../data/reentrancy/solidity_contract/35637.sol:79:3: Warning: Defining constructors as functions with the same name as the contract is deprecated. Use "constructor(...) { ... }" instead.
  function ERC223Token()
  ^ (Relevant source part starts here and spans across multiple lines).
/../data/reentrancy/solidity_contract/35637.sol:354:39: Warning: "sha3" has been deprecated in favour of "keccak256"
        receiver.call.value(0)(bytes4(sha3(_custom_fallback)), msg.sender, _value, _data);
                                      ^--------------------^
/../data/reentrancy/solidity_contract/35637.sol:354:39: Warning: This function only accepts a single "bytes" argument. Please use "abi.encodePacked(...)" or a similar function to encode the data.
        receiver.call.value(0)(bytes4(sha3(_custom_fallback)), msg.sender, _value, _data);
                                      ^--------------------^
/../data/reentrancy/solidity_contract/35637.sol:354:39: Warning: The provided argument of type string memory is not implicitly convertible to expected type bytes memory.
        receiver.call.value(0)(bytes4(sha3(_custom_fallback)), msg.sender, _value, _data);
                                      ^--------------------^
/../data/reentrancy/solidity_contract/35637.sol:354:9: Warning: Using contract member "call" inherited from the address type is deprecated. Convert the contract to "address" type to access the member, for example use "address(contract).call" instead.
        receiver.call.value(0)(bytes4(sha3(_custom_fallback)), msg.sender, _value, _data);
        ^-----------^
/../data/reentrancy/solidity_contract/35637.sol:354:9: Warning: Return value of low-level calls not used.
        receiver.call.value(0)(bytes4(sha3(_custom_fallback)), msg.sender, _value, _data);
        ^-------------------------------------------------------------------------------^
/../data/reentrancy/solidity_contract/35637.sol:355:9: Warning: Invoking events without "emit" prefix is deprecated.
        Transfer(msg.sender, _to, _value, _data);
        ^--------------------------------------^
/../data/reentrancy/solidity_contract/35637.sol:400:5: Warning: Invoking events without "emit" prefix is deprecated.
    Transfer(msg.sender, _to, _value, _data);
    ^--------------------------------------^
/../data/reentrancy/solidity_contract/35637.sol:411:5: Warning: Invoking events without "emit" prefix is deprecated.
    Transfer(msg.sender, _to, _value, _data);
    ^--------------------------------------^
/../data/reentrancy/solidity_contract/35637.sol:7:3: Warning: No visibility specified. Defaulting to "public". 
  function balanceOf(address who) constant returns (uint48);
  ^--------------------------------------------------------^
/../data/reentrancy/solidity_contract/35637.sol:9:3: Warning: No visibility specified. Defaulting to "public". 
  function name() constant returns (string _name);
  ^----------------------------------------------^
/../data/reentrancy/solidity_contract/35637.sol:10:3: Warning: No visibility specified. Defaulting to "public". 
  function symbol() constant returns (string _symbol);
  ^--------------------------------------------------^
/../data/reentrancy/solidity_contract/35637.sol:11:3: Warning: No visibility specified. Defaulting to "public". 
  function decimals() constant returns (uint8 _decimals);
  ^-----------------------------------------------------^
/../data/reentrancy/solidity_contract/35637.sol:12:3: Warning: No visibility specified. Defaulting to "public". 
  function totalSupply() constant returns (uint48 _supply);
  ^-------------------------------------------------------^
/../data/reentrancy/solidity_contract/35637.sol:14:3: Warning: No visibility specified. Defaulting to "public". 
  function transfer(address to, uint48 value) returns (bool ok);
  ^------------------------------------------------------------^
/../data/reentrancy/solidity_contract/35637.sol:15:3: Warning: No visibility specified. Defaulting to "public". 
  function transfer(address to, uint48 value, bytes data) returns (bool ok);
  ^------------------------------------------------------------------------^
/../data/reentrancy/solidity_contract/35637.sol:16:3: Warning: No visibility specified. Defaulting to "public". 
  function transfer(address to, uint48 value, bytes data, string custom_fallback) returns (bool ok);
  ^------------------------------------------------------------------------------------------------^
/../data/reentrancy/solidity_contract/35637.sol:33:5: Warning: No visibility specified. Defaulting to "public". 
    function tokenFallback(address _from, uint48 _value, bytes _data){
    ^ (Relevant source part starts here and spans across multiple lines).
/../data/reentrancy/solidity_contract/35637.sol:329:3: Warning: No visibility specified. Defaulting to "public". 
  function name() constant returns (string _name) {
  ^ (Relevant source part starts here and spans across multiple lines).
/../data/reentrancy/solidity_contract/35637.sol:333:3: Warning: No visibility specified. Defaulting to "public". 
  function symbol() constant returns (string _symbol) {
  ^ (Relevant source part starts here and spans across multiple lines).
/../data/reentrancy/solidity_contract/35637.sol:337:3: Warning: No visibility specified. Defaulting to "public". 
  function decimals() constant returns (uint8 _decimals) {
  ^ (Relevant source part starts here and spans across multiple lines).
/../data/reentrancy/solidity_contract/35637.sol:341:3: Warning: No visibility specified. Defaulting to "public". 
  function totalSupply() constant returns (uint48 _totalSupply) {
  ^ (Relevant source part starts here and spans across multiple lines).
/../data/reentrancy/solidity_contract/35637.sol:347:3: Warning: No visibility specified. Defaulting to "public". 
  function transfer(address _to, uint48 _value, bytes _data, string _custom_fallback) returns (bool success) {
  ^ (Relevant source part starts here and spans across multiple lines).
/../data/reentrancy/solidity_contract/35637.sol:364:3: Warning: No visibility specified. Defaulting to "public". 
  function transfer(address _to, uint48 _value, bytes _data) returns (bool success) {
  ^ (Relevant source part starts here and spans across multiple lines).
/../data/reentrancy/solidity_contract/35637.sol:375:3: Warning: No visibility specified. Defaulting to "public". 
  function transfer(address _to, uint48 _value) returns (bool success) {
  ^ (Relevant source part starts here and spans across multiple lines).
/../data/reentrancy/solidity_contract/35637.sol:416:3: Warning: No visibility specified. Defaulting to "public". 
  function balanceOf(address _owner) constant returns (uint48 balance) {
  ^ (Relevant source part starts here and spans across multiple lines).
/../data/reentrancy/solidity_contract/35637.sol:33:5: Warning: Function state mutability can be restricted to pure
    function tokenFallback(address _from, uint48 _value, bytes _data){
    ^ (Relevant source part starts here and spans across multiple lines).
/../data/reentrancy/solidity_contract/35637.sol:51:5: Warning: Function state mutability can be restricted to pure
    function safeAdd(uint48 x, uint48 y) constant internal returns (uint48 z) {
    ^ (Relevant source part starts here and spans across multiple lines).
/../data/reentrancy/solidity_contract/35637.sol:56:5: Warning: Function state mutability can be restricted to pure
    function safeSub(uint48 x, uint48 y) constant internal returns (uint48 z) {
    ^ (Relevant source part starts here and spans across multiple lines).
/../data/reentrancy/solidity_contract/35637.sol:61:5: Warning: Function state mutability can be restricted to pure
    function safeMul(uint48 x, uint48 y) constant internal returns (uint48 z) {
    ^ (Relevant source part starts here and spans across multiple lines).
/../data/reentrancy/solidity_contract/35637.sol:386:3: Warning: Function state mutability can be restricted to view
  function isContract(address _addr) private returns (bool is_contract) {
  ^ (Relevant source part starts here and spans across multiple lines).

INFO:Detectors:[93m
ERC223Token.totalSupply (/../data/reentrancy/solidity_contract/35637.sol#77) shadows:
	- ERC223.totalSupply (/../data/reentrancy/solidity_contract/35637.sol#6)
Reference: https://github.com/trailofbits/slither/wiki/Detectors-Documentation#state-variable-shadowing-from-abstract-contracts[0m
INFO:Detectors:[93m
empty in ERC223Token.transfer (/../data/reentrancy/solidity_contract/35637.sol#377) is a local variable never initialiazed
tkn in ContractReceiver.tokenFallback (/../data/reentrancy/solidity_contract/35637.sol#34) is a local variable never initialiazed
Reference: https://github.com/trailofbits/slither/wiki/Detectors-Documentation#uninitialized-local-variables[0m
INFO:Detectors:[92m
ERC223Token.isContract uses assembly (/../data/reentrancy/solidity_contract/35637.sol#386-393)
	- /../data/reentrancy/solidity_contract/35637.sol#388-392
Reference: https://github.com/trailofbits/slither/wiki/Detectors-Documentation#assembly-usage[0m
INFO:Detectors:[92m
ERC223.totalSupply should be constant (/../data/reentrancy/solidity_contract/35637.sol#6)
Reference: https://github.com/trailofbits/slither/wiki/Detectors-Documentation#state-variables-that-could-be-declared-constant[0m
INFO:Detectors:[92m
Deprecated standard detected @ /../data/reentrancy/solidity_contract/35637.sol#354:
	- Usage of "sha3()" should be replaced with "keccak256()"
Reference: https://github.com/trailofbits/slither/wiki/Detectors-Documentation#deprecated-standards[0m
INFO:Detectors:[92m
ERC223.name (/../data/reentrancy/solidity_contract/35637.sol#9) should be declared external
ERC223Token.name (/../data/reentrancy/solidity_contract/35637.sol#329-331) should be declared external
ERC223.symbol (/../data/reentrancy/solidity_contract/35637.sol#10) should be declared external
ERC223Token.symbol (/../data/reentrancy/solidity_contract/35637.sol#333-335) should be declared external
ERC223Token.decimals (/../data/reentrancy/solidity_contract/35637.sol#337-339) should be declared external
ERC223.decimals (/../data/reentrancy/solidity_contract/35637.sol#11) should be declared external
ERC223.totalSupply (/../data/reentrancy/solidity_contract/35637.sol#12) should be declared external
ERC223Token.totalSupply (/../data/reentrancy/solidity_contract/35637.sol#341-343) should be declared external
ERC223.transfer (/../data/reentrancy/solidity_contract/35637.sol#14) should be declared external
ERC223Token.transfer (/../data/reentrancy/solidity_contract/35637.sol#375-383) should be declared external
ERC223.transfer (/../data/reentrancy/solidity_contract/35637.sol#15) should be declared external
ERC223Token.transfer (/../data/reentrancy/solidity_contract/35637.sol#364-371) should be declared external
ERC223Token.transfer (/../data/reentrancy/solidity_contract/35637.sol#347-360) should be declared external
ERC223.transfer (/../data/reentrancy/solidity_contract/35637.sol#16) should be declared external
ContractReceiver.tokenFallback (/../data/reentrancy/solidity_contract/35637.sol#33-42) should be declared external
Reference: https://github.com/trailofbits/slither/wiki/Detectors-Documentation#public-function-that-could-be-declared-as-external[0m
INFO:Detectors:[92m
Detected issues with version pragma in /../data/reentrancy/solidity_contract/35637.sol:
	- pragma solidity^0.4.17 (/../data/reentrancy/solidity_contract/35637.sol#1): it allows old versions
Reference: https://github.com/trailofbits/slither/wiki/Detectors-Documentation#incorrect-version-of-solidity[0m
INFO:Detectors:[92m
Low level call in ERC223Token.transfer (/../data/reentrancy/solidity_contract/35637.sol#347-360):
	-receiver.call.value(0)(bytes4(sha3()(_custom_fallback)),msg.sender,_value,_data) /../data/reentrancy/solidity_contract/35637.sol#354
Reference: https://github.com/trailofbits/slither/wiki/Detectors-Documentation#low-level-calls[0m
INFO:Detectors:[92m
Parameter 'custom_fallback' of ERC223.transfer (/../data/reentrancy/solidity_contract/35637.sol#16) is not in mixedCase
Parameter '_from' of ContractReceiver.tokenFallback (/../data/reentrancy/solidity_contract/35637.sol#33) is not in mixedCase
Parameter '_value' of ContractReceiver.tokenFallback (/../data/reentrancy/solidity_contract/35637.sol#33) is not in mixedCase
Parameter '_data' of ContractReceiver.tokenFallback (/../data/reentrancy/solidity_contract/35637.sol#33) is not in mixedCase
Parameter '_owner' of ERC223Token.balanceOf (/../data/reentrancy/solidity_contract/35637.sol#416) is not in mixedCase
Parameter '_to' of ERC223Token.transfer (/../data/reentrancy/solidity_contract/35637.sol#375) is not in mixedCase
Parameter '_value' of ERC223Token.transfer (/../data/reentrancy/solidity_contract/35637.sol#375) is not in mixedCase
Parameter '_to' of ERC223Token.transfer (/../data/reentrancy/solidity_contract/35637.sol#364) is not in mixedCase
Parameter '_value' of ERC223Token.transfer (/../data/reentrancy/solidity_contract/35637.sol#364) is not in mixedCase
Parameter '_data' of ERC223Token.transfer (/../data/reentrancy/solidity_contract/35637.sol#364) is not in mixedCase
Parameter '_to' of ERC223Token.transfer (/../data/reentrancy/solidity_contract/35637.sol#347) is not in mixedCase
Parameter '_value' of ERC223Token.transfer (/../data/reentrancy/solidity_contract/35637.sol#347) is not in mixedCase
Parameter '_data' of ERC223Token.transfer (/../data/reentrancy/solidity_contract/35637.sol#347) is not in mixedCase
Parameter '_custom_fallback' of ERC223Token.transfer (/../data/reentrancy/solidity_contract/35637.sol#347) is not in mixedCase
Function 'ERC223Token.ERC223Token' (/../data/reentrancy/solidity_contract/35637.sol#79-325) is not in mixedCase
Parameter '_to' of ERC223Token.transferToAddress (/../data/reentrancy/solidity_contract/35637.sol#396) is not in mixedCase
Parameter '_value' of ERC223Token.transferToAddress (/../data/reentrancy/solidity_contract/35637.sol#396) is not in mixedCase
Parameter '_data' of ERC223Token.transferToAddress (/../data/reentrancy/solidity_contract/35637.sol#396) is not in mixedCase
Parameter '_to' of ERC223Token.transferToContract (/../data/reentrancy/solidity_contract/35637.sol#405) is not in mixedCase
Parameter '_value' of ERC223Token.transferToContract (/../data/reentrancy/solidity_contract/35637.sol#405) is not in mixedCase
Parameter '_data' of ERC223Token.transferToContract (/../data/reentrancy/solidity_contract/35637.sol#405) is not in mixedCase
Reference: https://github.com/trailofbits/slither/wiki/Detectors-Documentation#conformance-to-solidity-naming-conventions[0m
INFO:Slither:/../data/reentrancy/solidity_contract/35637.sol analyzed (4 contracts), 44 result(s) found