INFO:Slither:Compilation warnings/errors on /../data/reentrancy/solidity_contract/38888.sol:
/../data/reentrancy/solidity_contract/38888.sol:12:5: Warning: Defining constructors as functions with the same name as the contract is deprecated. Use "constructor(...) { ... }" instead.
    function Owned() {
    ^ (Relevant source part starts here and spans across multiple lines).
/../data/reentrancy/solidity_contract/38888.sol:17:34: Warning: "throw" is deprecated in favour of "revert()", "require()" and "assert()".
        if (msg.sender != owner) throw;
                                 ^---^
/../data/reentrancy/solidity_contract/38888.sol:57:5: Warning: Defining constructors as functions with the same name as the contract is deprecated. Use "constructor(...) { ... }" instead.
    function FunFairSale() {}
    ^-----------------------^
/../data/reentrancy/solidity_contract/38888.sol:61:27: Warning: "throw" is deprecated in favour of "revert()", "require()" and "assert()".
        if (t > deadline) throw;
                          ^---^
/../data/reentrancy/solidity_contract/38888.sol:67:39: Warning: "throw" is deprecated in favour of "revert()", "require()" and "assert()".
    	if (tx.gasprice > MAX_GAS_PRICE) throw;
    	                                 ^---^
/../data/reentrancy/solidity_contract/38888.sol:68:73: Warning: "throw" is deprecated in favour of "revert()", "require()" and "assert()".
        if (block.timestamp < startTime || block.timestamp >= deadline) throw;
                                                                        ^---^
/../data/reentrancy/solidity_contract/38888.sol:69:40: Warning: "throw" is deprecated in favour of "revert()", "require()" and "assert()".
        if (this.balance >= capAmount) throw;
                                       ^---^
/../data/reentrancy/solidity_contract/38888.sol:76:48: Warning: "throw" is deprecated in favour of "revert()", "require()" and "assert()".
        if (!owner.call.value(this.balance)()) throw;
                                               ^---^
/../data/reentrancy/solidity_contract/38888.sol:84:43: Warning: "throw" is deprecated in favour of "revert()", "require()" and "assert()".
        if (block.timestamp >= startTime) throw;
                                          ^---^
/../data/reentrancy/solidity_contract/38888.sol:41:13: Warning: Invoking events without "emit" prefix is deprecated.
            logTokenTransfer(_token, _to, balance);
            ^------------------------------------^
/../data/reentrancy/solidity_contract/38888.sol:69:13: Warning: Using contract member "balance" inherited from the address type is deprecated. Convert the contract to "address" type to access the member, for example use "address(contract).balance" instead.
        if (this.balance >= capAmount) throw;
            ^----------^
/../data/reentrancy/solidity_contract/38888.sol:70:13: Warning: Using contract member "balance" inherited from the address type is deprecated. Convert the contract to "address" type to access the member, for example use "address(contract).balance" instead.
        if (this.balance + msg.value >= capAmount) {
            ^----------^
/../data/reentrancy/solidity_contract/38888.sol:76:31: Warning: Using contract member "balance" inherited from the address type is deprecated. Convert the contract to "address" type to access the member, for example use "address(contract).balance" instead.
        if (!owner.call.value(this.balance)()) throw;
                              ^----------^
/../data/reentrancy/solidity_contract/38888.sol:4:5: Warning: No visibility specified. Defaulting to "public". 
    function transfer(address _to, uint _value) returns (bool);
    ^---------------------------------------------------------^
/../data/reentrancy/solidity_contract/38888.sol:5:5: Warning: No visibility specified. Defaulting to "public". 
    function balanceOf(address owner) returns(uint);
    ^----------------------------------------------^
/../data/reentrancy/solidity_contract/38888.sol:12:5: Warning: No visibility specified. Defaulting to "public". 
    function Owned() {
    ^ (Relevant source part starts here and spans across multiple lines).
/../data/reentrancy/solidity_contract/38888.sol:23:5: Warning: No visibility specified. Defaulting to "public". 
    function changeOwner(address _newOwner) onlyOwner {
    ^ (Relevant source part starts here and spans across multiple lines).
/../data/reentrancy/solidity_contract/38888.sol:27:5: Warning: No visibility specified. Defaulting to "public". 
    function acceptOwnership() {
    ^ (Relevant source part starts here and spans across multiple lines).
/../data/reentrancy/solidity_contract/38888.sol:37:5: Warning: No visibility specified. Defaulting to "public". 
    function claimTokens(address _token, address _to) onlyOwner returns (bool) {
    ^ (Relevant source part starts here and spans across multiple lines).
/../data/reentrancy/solidity_contract/38888.sol:57:5: Warning: No visibility specified. Defaulting to "public". 
    function FunFairSale() {}
    ^-----------------------^
/../data/reentrancy/solidity_contract/38888.sol:59:5: Warning: No visibility specified. Defaulting to "public". 
    function shortenDeadline(uint t) onlyOwner {
    ^ (Relevant source part starts here and spans across multiple lines).
/../data/reentrancy/solidity_contract/38888.sol:65:5: Warning: No visibility specified. Defaulting to "public". 
    function () payable {
    ^ (Relevant source part starts here and spans across multiple lines).
/../data/reentrancy/solidity_contract/38888.sol:75:5: Warning: No visibility specified. Defaulting to "public". 
    function withdraw() onlyOwner {
    ^ (Relevant source part starts here and spans across multiple lines).
/../data/reentrancy/solidity_contract/38888.sol:79:5: Warning: No visibility specified. Defaulting to "public". 
    function setCap(uint _cap) onlyOwner {
    ^ (Relevant source part starts here and spans across multiple lines).
/../data/reentrancy/solidity_contract/38888.sol:83:5: Warning: No visibility specified. Defaulting to "public". 
    function setStartTime(uint _startTime, uint _deadline) onlyOwner {
    ^ (Relevant source part starts here and spans across multiple lines).

INFO:Detectors:[92m
FunFairSale.shortenDeadline (/../data/reentrancy/solidity_contract/38888.sol#59-63) uses timestamp for comparisons
	Dangerous comparisons:
	- t > deadline (/../data/reentrancy/solidity_contract/38888.sol#61)
FunFairSale.fallback (/../data/reentrancy/solidity_contract/38888.sol#65-73) uses timestamp for comparisons
	Dangerous comparisons:
	- block.timestamp < startTime || block.timestamp >= deadline (/../data/reentrancy/solidity_contract/38888.sol#68)
FunFairSale.setStartTime (/../data/reentrancy/solidity_contract/38888.sol#83-87) uses timestamp for comparisons
	Dangerous comparisons:
	- block.timestamp >= startTime (/../data/reentrancy/solidity_contract/38888.sol#84)
Reference: https://github.com/trailofbits/slither/wiki/Detectors-Documentation#block-timestamp[0m
INFO:Detectors:[92m
Deprecated standard detected @ /../data/reentrancy/solidity_contract/38888.sol#17:
	- Usage of "throw" should be replaced with "revert()"
Deprecated standard detected @ /../data/reentrancy/solidity_contract/38888.sol#61:
	- Usage of "throw" should be replaced with "revert()"
Deprecated standard detected @ /../data/reentrancy/solidity_contract/38888.sol#67:
	- Usage of "throw" should be replaced with "revert()"
Deprecated standard detected @ /../data/reentrancy/solidity_contract/38888.sol#68:
	- Usage of "throw" should be replaced with "revert()"
Deprecated standard detected @ /../data/reentrancy/solidity_contract/38888.sol#69:
	- Usage of "throw" should be replaced with "revert()"
Deprecated standard detected @ /../data/reentrancy/solidity_contract/38888.sol#76:
	- Usage of "throw" should be replaced with "revert()"
Deprecated standard detected @ /../data/reentrancy/solidity_contract/38888.sol#84:
	- Usage of "throw" should be replaced with "revert()"
Reference: https://github.com/trailofbits/slither/wiki/Detectors-Documentation#deprecated-standards[0m
INFO:Detectors:[92m
Token.transfer (/../data/reentrancy/solidity_contract/38888.sol#4) should be declared external
Token.balanceOf (/../data/reentrancy/solidity_contract/38888.sol#5) should be declared external
Owned.changeOwner (/../data/reentrancy/solidity_contract/38888.sol#23-25) should be declared external
Owned.acceptOwnership (/../data/reentrancy/solidity_contract/38888.sol#27-31) should be declared external
TokenReceivable.claimTokens (/../data/reentrancy/solidity_contract/38888.sol#37-45) should be declared external
FunFairSale.shortenDeadline (/../data/reentrancy/solidity_contract/38888.sol#59-63) should be declared external
FunFairSale.fallback (/../data/reentrancy/solidity_contract/38888.sol#65-73) should be declared external
FunFairSale.withdraw (/../data/reentrancy/solidity_contract/38888.sol#75-77) should be declared external
FunFairSale.setCap (/../data/reentrancy/solidity_contract/38888.sol#79-81) should be declared external
FunFairSale.setStartTime (/../data/reentrancy/solidity_contract/38888.sol#83-87) should be declared external
Reference: https://github.com/trailofbits/slither/wiki/Detectors-Documentation#public-function-that-could-be-declared-as-external[0m
INFO:Detectors:[92m
Detected issues with version pragma in /../data/reentrancy/solidity_contract/38888.sol:
	- pragma solidity^0.4.4 (/../data/reentrancy/solidity_contract/38888.sol#1): it allows old versions
Reference: https://github.com/trailofbits/slither/wiki/Detectors-Documentation#incorrect-version-of-solidity[0m
INFO:Detectors:[92m
Low level call in FunFairSale.withdraw (/../data/reentrancy/solidity_contract/38888.sol#75-77):
	-! owner.call.value(this.balance)() /../data/reentrancy/solidity_contract/38888.sol#76
Reference: https://github.com/trailofbits/slither/wiki/Detectors-Documentation#low-level-calls[0m
INFO:Detectors:[92m
Function 'Owned.Owned' (/../data/reentrancy/solidity_contract/38888.sol#12-14) is not in mixedCase
Parameter '_newOwner' of Owned.changeOwner (/../data/reentrancy/solidity_contract/38888.sol#23) is not in mixedCase
Event 'TokenReceivable.logTokenTransfer' (/../data/reentrancy/solidity_contract/38888.sol#35) is not in CapWords
Parameter '_token' of TokenReceivable.claimTokens (/../data/reentrancy/solidity_contract/38888.sol#37) is not in mixedCase
Parameter '_to' of TokenReceivable.claimTokens (/../data/reentrancy/solidity_contract/38888.sol#37) is not in mixedCase
Function 'FunFairSale.FunFairSale' (/../data/reentrancy/solidity_contract/38888.sol#57) is not in mixedCase
Parameter '_cap' of FunFairSale.setCap (/../data/reentrancy/solidity_contract/38888.sol#79) is not in mixedCase
Parameter '_startTime' of FunFairSale.setStartTime (/../data/reentrancy/solidity_contract/38888.sol#83) is not in mixedCase
Parameter '_deadline' of FunFairSale.setStartTime (/../data/reentrancy/solidity_contract/38888.sol#83) is not in mixedCase
Reference: https://github.com/trailofbits/slither/wiki/Detectors-Documentation#conformance-to-solidity-naming-conventions[0m
INFO:Slither:/../data/reentrancy/solidity_contract/38888.sol analyzed (4 contracts), 31 result(s) found