INFO:Slither:Compilation warnings/errors on /../data/reentrancy/solidity_contract/21697.sol:
/../data/reentrancy/solidity_contract/21697.sol:11:35: Warning: Using contract member "balance" inherited from the address type is deprecated. Convert the contract to "address" type to access the member, for example use "address(contract).balance" instead.
            msg.sender.call.value(this.balance)();
                                  ^----------^
/../data/reentrancy/solidity_contract/21697.sol:11:13: Warning: Return value of low-level calls not used.
            msg.sender.call.value(this.balance)();
            ^-----------------------------------^

INFO:Detectors:[91m
SPRING_BOARD_1_ETH.Jump (/../data/reentrancy/solidity_contract/21697.sol#9-13) sends eth to arbitrary user
	Dangerous calls:
	- msg.sender.call.value(this.balance)() (/../data/reentrancy/solidity_contract/21697.sol#11)
Reference: https://github.com/trailofbits/slither/wiki/Detectors-Documentation#functions-that-send-ether-to-arbitrary-destinations[0m
INFO:Detectors:[92m
SPRING_BOARD_1_ETH.fallback (/../data/reentrancy/solidity_contract/21697.sol#7) should be declared external
SPRING_BOARD_1_ETH.Jump (/../data/reentrancy/solidity_contract/21697.sol#9-13) should be declared external
SPRING_BOARD_1_ETH.Kill (/../data/reentrancy/solidity_contract/21697.sol#15-19) should be declared external
Reference: https://github.com/trailofbits/slither/wiki/Detectors-Documentation#public-function-that-could-be-declared-as-external[0m
INFO:Detectors:[92m
Detected issues with version pragma in /../data/reentrancy/solidity_contract/21697.sol:
	- pragma solidity^0.4.19 (/../data/reentrancy/solidity_contract/21697.sol#1): it allows old versions
Reference: https://github.com/trailofbits/slither/wiki/Detectors-Documentation#incorrect-version-of-solidity[0m
INFO:Detectors:[92m
Low level call in SPRING_BOARD_1_ETH.Jump (/../data/reentrancy/solidity_contract/21697.sol#9-13):
	-msg.sender.call.value(this.balance)() /../data/reentrancy/solidity_contract/21697.sol#11
Reference: https://github.com/trailofbits/slither/wiki/Detectors-Documentation#low-level-calls[0m
INFO:Detectors:[92m
Contract 'SPRING_BOARD_1_ETH' (/../data/reentrancy/solidity_contract/21697.sol#3-20) is not in CapWords
Function 'SPRING_BOARD_1_ETH.Jump' (/../data/reentrancy/solidity_contract/21697.sol#9-13) is not in mixedCase
Function 'SPRING_BOARD_1_ETH.Kill' (/../data/reentrancy/solidity_contract/21697.sol#15-19) is not in mixedCase
Reference: https://github.com/trailofbits/slither/wiki/Detectors-Documentation#conformance-to-solidity-naming-conventions[0m
INFO:Slither:/../data/reentrancy/solidity_contract/21697.sol analyzed (1 contracts), 9 result(s) found