INFO:Slither:Compilation warnings/errors on /../data/reentrancy/solidity_contract/37676.sol:
/../data/reentrancy/solidity_contract/37676.sol:22:2: Warning: Defining constructors as functions with the same name as the contract is deprecated. Use "constructor(...) { ... }" instead.
	function DeadMansSwitch(address _owner, address _backup, uint _reclaimPeriod) {
 ^ (Relevant source part starts here and spans across multiple lines).
/../data/reentrancy/solidity_contract/37676.sol:51:39: Warning: "throw" is deprecated in favour of "revert()", "require()" and "assert()".
		if (!_to.call.value(_value)(_data)) throw;
		                                    ^---^
/../data/reentrancy/solidity_contract/37676.sol:84:49: Warning: "throw" is deprecated in favour of "revert()", "require()" and "assert()".
	modifier only_owner { if (msg.sender != owner) throw; _; }
	                                               ^---^
/../data/reentrancy/solidity_contract/37676.sol:85:51: Warning: "throw" is deprecated in favour of "revert()", "require()" and "assert()".
	modifier only_backup { if (msg.sender != backup) throw; _; }
	                                                 ^---^
/../data/reentrancy/solidity_contract/37676.sol:86:83: Warning: "throw" is deprecated in favour of "revert()", "require()" and "assert()".
	modifier only_owner_or_backup { if (msg.sender != backup && msg.sender != owner) throw; _; }
	                                                                                 ^---^
/../data/reentrancy/solidity_contract/37676.sol:87:49: Warning: "throw" is deprecated in favour of "revert()", "require()" and "assert()".
	modifier only_when_timeout { if (timeout == 0) throw; _; }
	                                               ^---^
/../data/reentrancy/solidity_contract/37676.sol:28:23: Warning: Invoking events without "emit" prefix is deprecated.
	function() payable { Received(msg.sender, msg.value, msg.data); }
	                     ^---------------------------------------^
/../data/reentrancy/solidity_contract/37676.sol:34:3: Warning: Invoking events without "emit" prefix is deprecated.
		ReclaimBegun();
		^------------^
/../data/reentrancy/solidity_contract/37676.sol:40:3: Warning: Invoking events without "emit" prefix is deprecated.
		Reclaimed();
		^---------^
/../data/reentrancy/solidity_contract/37676.sol:45:3: Warning: Invoking events without "emit" prefix is deprecated.
		Reset();
		^-----^
/../data/reentrancy/solidity_contract/37676.sol:52:3: Warning: Invoking events without "emit" prefix is deprecated.
		Sent(_to, _value, _data);
		^----------------------^
/../data/reentrancy/solidity_contract/37676.sol:56:3: Warning: Invoking events without "emit" prefix is deprecated.
		OwnerChanged(owner, _owner);
		^-------------------------^
/../data/reentrancy/solidity_contract/37676.sol:61:3: Warning: Invoking events without "emit" prefix is deprecated.
		BackupChanged(backup, _backup);
		^----------------------------^
/../data/reentrancy/solidity_contract/37676.sol:66:3: Warning: Invoking events without "emit" prefix is deprecated.
		ReclaimPeriodChanged(reclaimPeriod, _period);
		^------------------------------------------^
/../data/reentrancy/solidity_contract/37676.sol:22:2: Warning: No visibility specified. Defaulting to "public". 
	function DeadMansSwitch(address _owner, address _backup, uint _reclaimPeriod) {
 ^ (Relevant source part starts here and spans across multiple lines).
/../data/reentrancy/solidity_contract/37676.sol:28:2: Warning: No visibility specified. Defaulting to "public". 
	function() payable { Received(msg.sender, msg.value, msg.data); }
	^---------------------------------------------------------------^
/../data/reentrancy/solidity_contract/37676.sol:32:2: Warning: No visibility specified. Defaulting to "public". 
	function beginReclaim() only_backup when_no_timeout {
 ^ (Relevant source part starts here and spans across multiple lines).
/../data/reentrancy/solidity_contract/37676.sol:37:2: Warning: No visibility specified. Defaulting to "public". 
	function finalizeReclaim() only_backup when_timed_out {
 ^ (Relevant source part starts here and spans across multiple lines).
/../data/reentrancy/solidity_contract/37676.sol:43:2: Warning: No visibility specified. Defaulting to "public". 
	function reset() only_owner_or_backup {
 ^ (Relevant source part starts here and spans across multiple lines).
/../data/reentrancy/solidity_contract/37676.sol:50:2: Warning: No visibility specified. Defaulting to "public". 
	function send(address _to, uint _value, bytes _data) only_owner {
 ^ (Relevant source part starts here and spans across multiple lines).
/../data/reentrancy/solidity_contract/37676.sol:55:2: Warning: No visibility specified. Defaulting to "public". 
	function setOwner(address _owner) only_owner {
 ^ (Relevant source part starts here and spans across multiple lines).
/../data/reentrancy/solidity_contract/37676.sol:60:2: Warning: No visibility specified. Defaulting to "public". 
	function setBackup(address _backup) only_owner {
 ^ (Relevant source part starts here and spans across multiple lines).
/../data/reentrancy/solidity_contract/37676.sol:65:2: Warning: No visibility specified. Defaulting to "public". 
	function setReclaimPeriod(uint _period) only_owner {
 ^ (Relevant source part starts here and spans across multiple lines).
/../data/reentrancy/solidity_contract/37676.sol:72:2: Warning: No visibility specified. Defaulting to "public". 
	function reclaimStarted() constant returns (bool) {
 ^ (Relevant source part starts here and spans across multiple lines).
/../data/reentrancy/solidity_contract/37676.sol:76:2: Warning: No visibility specified. Defaulting to "public". 
	function canFinalize() constant returns (bool) {
 ^ (Relevant source part starts here and spans across multiple lines).
/../data/reentrancy/solidity_contract/37676.sol:80:2: Warning: No visibility specified. Defaulting to "public". 
	function timeLeft() constant only_when_timeout returns (uint) {
 ^ (Relevant source part starts here and spans across multiple lines).

INFO:Detectors:[93m
DeadMansSwitch.only_when_timeout (/../data/reentrancy/solidity_contract/37676.sol#87) uses a dangerous strict equality:
	- timeout == 0
	- timeout == 0
DeadMansSwitch.only_when_timeout (/../data/reentrancy/solidity_contract/37676.sol#87) uses a dangerous strict equality:
	- timeout == 0
	- timeout == 0
DeadMansSwitch.when_no_timeout (/../data/reentrancy/solidity_contract/37676.sol#88) uses a dangerous strict equality:
	- timeout == 0
	- timeout == 0
Reference: https://github.com/trailofbits/slither/wiki/Detectors-Documentation#dangerous-strict-equalities[0m
INFO:Detectors:[92m
Deprecated standard detected @ /../data/reentrancy/solidity_contract/37676.sol#51:
	- Usage of "throw" should be replaced with "revert()"
Deprecated standard detected @ /../data/reentrancy/solidity_contract/37676.sol#84:
	- Usage of "throw" should be replaced with "revert()"
Deprecated standard detected @ /../data/reentrancy/solidity_contract/37676.sol#85:
	- Usage of "throw" should be replaced with "revert()"
Deprecated standard detected @ /../data/reentrancy/solidity_contract/37676.sol#86:
	- Usage of "throw" should be replaced with "revert()"
Deprecated standard detected @ /../data/reentrancy/solidity_contract/37676.sol#87:
	- Usage of "throw" should be replaced with "revert()"
Reference: https://github.com/trailofbits/slither/wiki/Detectors-Documentation#deprecated-standards[0m
INFO:Detectors:[92m
DeadMansSwitch.fallback (/../data/reentrancy/solidity_contract/37676.sol#28) should be declared external
DeadMansSwitch.beginReclaim (/../data/reentrancy/solidity_contract/37676.sol#32-35) should be declared external
DeadMansSwitch.finalizeReclaim (/../data/reentrancy/solidity_contract/37676.sol#37-41) should be declared external
DeadMansSwitch.reset (/../data/reentrancy/solidity_contract/37676.sol#43-46) should be declared external
DeadMansSwitch.send (/../data/reentrancy/solidity_contract/37676.sol#50-53) should be declared external
DeadMansSwitch.setOwner (/../data/reentrancy/solidity_contract/37676.sol#55-58) should be declared external
DeadMansSwitch.setBackup (/../data/reentrancy/solidity_contract/37676.sol#60-63) should be declared external
DeadMansSwitch.setReclaimPeriod (/../data/reentrancy/solidity_contract/37676.sol#65-68) should be declared external
DeadMansSwitch.reclaimStarted (/../data/reentrancy/solidity_contract/37676.sol#72-74) should be declared external
DeadMansSwitch.canFinalize (/../data/reentrancy/solidity_contract/37676.sol#76-78) should be declared external
DeadMansSwitch.timeLeft (/../data/reentrancy/solidity_contract/37676.sol#80-82) should be declared external
Reference: https://github.com/trailofbits/slither/wiki/Detectors-Documentation#public-function-that-could-be-declared-as-external[0m
INFO:Detectors:[92m
Detected issues with version pragma in /../data/reentrancy/solidity_contract/37676.sol:
	- pragma solidity^0.4 (/../data/reentrancy/solidity_contract/37676.sol#6): is has a complex pragma
Reference: https://github.com/trailofbits/slither/wiki/Detectors-Documentation#incorrect-version-of-solidity[0m
INFO:Detectors:[92m
Low level call in DeadMansSwitch.send (/../data/reentrancy/solidity_contract/37676.sol#50-53):
	-! _to.call.value(_value)(_data) /../data/reentrancy/solidity_contract/37676.sol#51
Reference: https://github.com/trailofbits/slither/wiki/Detectors-Documentation#low-level-calls[0m
INFO:Detectors:[92m
Function 'DeadMansSwitch.DeadMansSwitch' (/../data/reentrancy/solidity_contract/37676.sol#22-26) is not in mixedCase
Parameter '_owner' of DeadMansSwitch.DeadMansSwitch (/../data/reentrancy/solidity_contract/37676.sol#22) is not in mixedCase
Parameter '_backup' of DeadMansSwitch.DeadMansSwitch (/../data/reentrancy/solidity_contract/37676.sol#22) is not in mixedCase
Parameter '_reclaimPeriod' of DeadMansSwitch.DeadMansSwitch (/../data/reentrancy/solidity_contract/37676.sol#22) is not in mixedCase
Parameter '_to' of DeadMansSwitch.send (/../data/reentrancy/solidity_contract/37676.sol#50) is not in mixedCase
Parameter '_value' of DeadMansSwitch.send (/../data/reentrancy/solidity_contract/37676.sol#50) is not in mixedCase
Parameter '_data' of DeadMansSwitch.send (/../data/reentrancy/solidity_contract/37676.sol#50) is not in mixedCase
Parameter '_owner' of DeadMansSwitch.setOwner (/../data/reentrancy/solidity_contract/37676.sol#55) is not in mixedCase
Parameter '_backup' of DeadMansSwitch.setBackup (/../data/reentrancy/solidity_contract/37676.sol#60) is not in mixedCase
Parameter '_period' of DeadMansSwitch.setReclaimPeriod (/../data/reentrancy/solidity_contract/37676.sol#65) is not in mixedCase
Modifier 'DeadMansSwitch.only_owner' (/../data/reentrancy/solidity_contract/37676.sol#84) is not in mixedCase
Modifier 'DeadMansSwitch.only_backup' (/../data/reentrancy/solidity_contract/37676.sol#85) is not in mixedCase
Modifier 'DeadMansSwitch.only_owner_or_backup' (/../data/reentrancy/solidity_contract/37676.sol#86) is not in mixedCase
Modifier 'DeadMansSwitch.only_when_timeout' (/../data/reentrancy/solidity_contract/37676.sol#87) is not in mixedCase
Modifier 'DeadMansSwitch.when_no_timeout' (/../data/reentrancy/solidity_contract/37676.sol#88) is not in mixedCase
Modifier 'DeadMansSwitch.when_timed_out' (/../data/reentrancy/solidity_contract/37676.sol#89) is not in mixedCase
Reference: https://github.com/trailofbits/slither/wiki/Detectors-Documentation#conformance-to-solidity-naming-conventions[0m
INFO:Slither:/../data/reentrancy/solidity_contract/37676.sol analyzed (1 contracts), 36 result(s) found