INFO:Slither:Compilation warnings/errors on /../data/reentrancy/solidity_contract/36334.sol:
/../data/reentrancy/solidity_contract/36334.sol:29:3: Warning: Defining constructors as functions with the same name as the contract is deprecated. Use "constructor(...) { ... }" instead.
  function RequestSale() {
  ^ (Relevant source part starts here and spans across multiple lines).
/../data/reentrancy/solidity_contract/36334.sol:68:13: Warning: Using contract member "balance" inherited from the address type is deprecated. Convert the contract to "address" type to access the member, for example use "address(contract).balance" instead.
    require(this.balance >= min_required_amount);
            ^----------^
/../data/reentrancy/solidity_contract/36334.sol:70:26: Warning: Using contract member "balance" inherited from the address type is deprecated. Convert the contract to "address" type to access the member, for example use "address(contract).balance" instead.
    contract_eth_value = this.balance;
                         ^----------^
/../data/reentrancy/solidity_contract/36334.sol:87:13: Warning: Using contract member "balance" inherited from the address type is deprecated. Convert the contract to "address" type to access the member, for example use "address(contract).balance" instead.
    require(this.balance + msg.value < eth_cap);
            ^----------^
/../data/reentrancy/solidity_contract/36334.sol:8:3: Warning: No visibility specified. Defaulting to "public". 
  function transfer(address _to, uint256 _value) returns (bool success);
  ^--------------------------------------------------------------------^
/../data/reentrancy/solidity_contract/36334.sol:9:3: Warning: No visibility specified. Defaulting to "public". 
  function balanceOf(address _owner) constant returns (uint256 balance);
  ^--------------------------------------------------------------------^
/../data/reentrancy/solidity_contract/36334.sol:29:3: Warning: No visibility specified. Defaulting to "public". 
  function RequestSale() {
  ^ (Relevant source part starts here and spans across multiple lines).
/../data/reentrancy/solidity_contract/36334.sol:35:3: Warning: No visibility specified. Defaulting to "public". 
  function perform_withdrawal(address tokenAddress) {
  ^ (Relevant source part starts here and spans across multiple lines).
/../data/reentrancy/solidity_contract/36334.sol:54:3: Warning: No visibility specified. Defaulting to "public". 
  function refund_me() {
  ^ (Relevant source part starts here and spans across multiple lines).
/../data/reentrancy/solidity_contract/36334.sol:64:3: Warning: No visibility specified. Defaulting to "public". 
  function buy_the_tokens() {
  ^ (Relevant source part starts here and spans across multiple lines).
/../data/reentrancy/solidity_contract/36334.sol:74:3: Warning: No visibility specified. Defaulting to "public". 
  function upgrade_cap() {
  ^ (Relevant source part starts here and spans across multiple lines).
/../data/reentrancy/solidity_contract/36334.sol:83:3: Warning: No visibility specified. Defaulting to "public". 
  function () payable {
  ^ (Relevant source part starts here and spans across multiple lines).

INFO:Detectors:[92m
Reentrancy in RequestSale.perform_withdrawal (/../data/reentrancy/solidity_contract/36334.sol#35-51):
	External calls:
	- contract_token_balance = token.balanceOf(address(this)) (/../data/reentrancy/solidity_contract/36334.sol#40)
	State variables written after the call(s):
	- balances (/../data/reentrancy/solidity_contract/36334.sol#48)
	- contract_eth_value (/../data/reentrancy/solidity_contract/36334.sol#46)
Reference: https://github.com/trailofbits/slither/wiki/Detectors-Documentation#reentrancy-vulnerabilities-2[0m
INFO:Detectors:[92m
RequestSale.sale should be constant (/../data/reentrancy/solidity_contract/36334.sol#26)
Reference: https://github.com/trailofbits/slither/wiki/Detectors-Documentation#state-variables-that-could-be-declared-constant[0m
INFO:Detectors:[92m
ERC20.transfer (/../data/reentrancy/solidity_contract/36334.sol#8) should be declared external
ERC20.balanceOf (/../data/reentrancy/solidity_contract/36334.sol#9) should be declared external
RequestSale.perform_withdrawal (/../data/reentrancy/solidity_contract/36334.sol#35-51) should be declared external
RequestSale.refund_me (/../data/reentrancy/solidity_contract/36334.sol#54-61) should be declared external
RequestSale.buy_the_tokens (/../data/reentrancy/solidity_contract/36334.sol#64-72) should be declared external
RequestSale.upgrade_cap (/../data/reentrancy/solidity_contract/36334.sol#74-80) should be declared external
RequestSale.fallback (/../data/reentrancy/solidity_contract/36334.sol#83-90) should be declared external
Reference: https://github.com/trailofbits/slither/wiki/Detectors-Documentation#public-function-that-could-be-declared-as-external[0m
INFO:Detectors:[92m
Detected issues with version pragma in /../data/reentrancy/solidity_contract/36334.sol:
	- pragma solidity^0.4.16 (/../data/reentrancy/solidity_contract/36334.sol#1): it allows old versions
Reference: https://github.com/trailofbits/slither/wiki/Detectors-Documentation#incorrect-version-of-solidity[0m
INFO:Detectors:[92m
Low level call in RequestSale.buy_the_tokens (/../data/reentrancy/solidity_contract/36334.sol#64-72):
	-require(bool)(sale.call.value(contract_eth_value)()) /../data/reentrancy/solidity_contract/36334.sol#71
Reference: https://github.com/trailofbits/slither/wiki/Detectors-Documentation#low-level-calls[0m
INFO:Detectors:[92m
Function 'RequestSale.RequestSale' (/../data/reentrancy/solidity_contract/36334.sol#29-31) is not in mixedCase
Function 'RequestSale.perform_withdrawal' (/../data/reentrancy/solidity_contract/36334.sol#35-51) is not in mixedCase
Function 'RequestSale.refund_me' (/../data/reentrancy/solidity_contract/36334.sol#54-61) is not in mixedCase
Function 'RequestSale.buy_the_tokens' (/../data/reentrancy/solidity_contract/36334.sol#64-72) is not in mixedCase
Function 'RequestSale.upgrade_cap' (/../data/reentrancy/solidity_contract/36334.sol#74-80) is not in mixedCase
Variable 'RequestSale.bought_tokens' (/../data/reentrancy/solidity_contract/36334.sol#16) is not in mixedCase
Variable 'RequestSale.contract_eth_value' (/../data/reentrancy/solidity_contract/36334.sol#18) is not in mixedCase
Variable 'RequestSale.eth_cap' (/../data/reentrancy/solidity_contract/36334.sol#20) is not in mixedCase
Constant 'RequestSale.min_required_amount' (/../data/reentrancy/solidity_contract/36334.sol#22) is not in UPPER_CASE_WITH_UNDERSCORES
Reference: https://github.com/trailofbits/slither/wiki/Detectors-Documentation#conformance-to-solidity-naming-conventions[0m
INFO:Slither:/../data/reentrancy/solidity_contract/36334.sol analyzed (2 contracts), 20 result(s) found