INFO:Slither:Compilation warnings/errors on /../data/reentrancy/solidity_contract/39269.sol:
/../data/reentrancy/solidity_contract/39269.sol:62:5: Warning: Defining constructors as functions with the same name as the contract is deprecated. Use "constructor(...) { ... }" instead.
    function RegBase(address _creator, bytes32 _regName, address _owner)
    ^ (Relevant source part starts here and spans across multiple lines).
/../data/reentrancy/solidity_contract/39269.sol:158:5: Warning: Defining constructors as functions with the same name as the contract is deprecated. Use "constructor(...) { ... }" instead.
    function Factory(address _creator, bytes32 _regName, address _owner)
    ^ (Relevant source part starts here and spans across multiple lines).
/../data/reentrancy/solidity_contract/39269.sol:514:5: Warning: Defining constructors as functions with the same name as the contract is deprecated. Use "constructor(...) { ... }" instead.
    function Bakt(address _creator, bytes32 _regName, address _trustee)
    ^ (Relevant source part starts here and spans across multiple lines).
/../data/reentrancy/solidity_contract/39269.sol:1164:5: Warning: Defining constructors as functions with the same name as the contract is deprecated. Use "constructor(...) { ... }" instead.
    function BaktFactory(address _creator, bytes32 _regName, address _owner)
    ^ (Relevant source part starts here and spans across multiple lines).
/../data/reentrancy/solidity_contract/39269.sol:721:9: Warning: This declaration shadows a builtin symbol.
        TX memory tx = TX({
        ^----------^
/../data/reentrancy/solidity_contract/39269.sol:739:9: Warning: This declaration shadows a builtin symbol.
        TX memory tx = pendingTxs[ptxTail];
        ^----------^
/../data/reentrancy/solidity_contract/39269.sol:611:9: Warning: Variable is declared as a storage pointer. Use an explicit "storage" keyword to silence this warning.
        Holder from = holders[msg.sender];
        ^---------^
/../data/reentrancy/solidity_contract/39269.sol:612:9: Warning: Variable is declared as a storage pointer. Use an explicit "storage" keyword to silence this warning.
        Holder to = holders[_to];
        ^-------^
/../data/reentrancy/solidity_contract/39269.sol:627:9: Warning: Variable is declared as a storage pointer. Use an explicit "storage" keyword to silence this warning.
        Holder from = holders[_from];
        ^---------^
/../data/reentrancy/solidity_contract/39269.sol:628:9: Warning: Variable is declared as a storage pointer. Use an explicit "storage" keyword to silence this warning.
        Holder to = holders[_to];
        ^-------^
/../data/reentrancy/solidity_contract/39269.sol:845:9: Warning: Variable is declared as a storage pointer. Use an explicit "storage" keyword to silence this warning.
        Holder holder = holders[_addr];
        ^-----------^
/../data/reentrancy/solidity_contract/39269.sol:876:9: Warning: Variable is declared as a storage pointer. Use an explicit "storage" keyword to silence this warning.
        Holder holder = holders[_addr];
        ^-----------^
/../data/reentrancy/solidity_contract/39269.sol:890:9: Warning: Variable is declared as a storage pointer. Use an explicit "storage" keyword to silence this warning.
        Holder holder = holders[_addr];
        ^-----------^
/../data/reentrancy/solidity_contract/39269.sol:915:9: Warning: Variable is declared as a storage pointer. Use an explicit "storage" keyword to silence this warning.
        Holder holder = holders[_addr];
        ^-----------^
/../data/reentrancy/solidity_contract/39269.sol:925:9: Warning: Variable is declared as a storage pointer. Use an explicit "storage" keyword to silence this warning.
        Holder holder = holders[msg.sender];
        ^-----------^
/../data/reentrancy/solidity_contract/39269.sol:940:9: Warning: Variable is declared as a storage pointer. Use an explicit "storage" keyword to silence this warning.
        Holder holder = holders[_addr];
        ^-----------^
/../data/reentrancy/solidity_contract/39269.sol:965:9: Warning: Variable is declared as a storage pointer. Use an explicit "storage" keyword to silence this warning.
        Holder holder = holders[msg.sender];
        ^-----------^
/../data/reentrancy/solidity_contract/39269.sol:1000:9: Warning: Variable is declared as a storage pointer. Use an explicit "storage" keyword to silence this warning.
        Holder holder = holders[msg.sender];
        ^-----------^
/../data/reentrancy/solidity_contract/39269.sol:1063:9: Warning: Variable is declared as a storage pointer. Use an explicit "storage" keyword to silence this warning.
        Holder holder = holders[msg.sender];
        ^-----------^
/../data/reentrancy/solidity_contract/39269.sol:84:9: Warning: Invoking events without "emit" prefix is deprecated.
        ChangedOwner(owner, _owner);
        ^-------------------------^
/../data/reentrancy/solidity_contract/39269.sol:97:9: Warning: Invoking events without "emit" prefix is deprecated.
        ChangedResource(_resource);
        ^------------------------^
/../data/reentrancy/solidity_contract/39269.sol:179:24: Warning: Using contract member "balance" inherited from the address type is deprecated. Convert the contract to "address" type to access the member, for example use "address(contract).balance" instead.
        owner.transfer(this.balance);
                       ^----------^
/../data/reentrancy/solidity_contract/39269.sol:528:25: Warning: Using contract member "balance" inherited from the address type is deprecated. Convert the contract to "address" type to access the member, for example use "address(contract).balance" instead.
            msg.value + this.balance < MAXETHER &&
                        ^----------^
/../data/reentrancy/solidity_contract/39269.sol:530:9: Warning: Invoking events without "emit" prefix is deprecated.
        Deposit(msg.value);
        ^----------------^
/../data/reentrancy/solidity_contract/39269.sol:567:16: Warning: Using contract member "balance" inherited from the address type is deprecated. Convert the contract to "address" type to access the member, for example use "address(contract).balance" instead.
        return this.balance - committedEther;
               ^----------^
/../data/reentrancy/solidity_contract/39269.sol:614:9: Warning: Invoking events without "emit" prefix is deprecated.
        Transfer(msg.sender, _to, _amount);
        ^--------------------------------^
/../data/reentrancy/solidity_contract/39269.sol:631:9: Warning: Invoking events without "emit" prefix is deprecated.
        Transfer(_from, _to, _amount);
        ^---------------------------^
/../data/reentrancy/solidity_contract/39269.sol:642:9: Warning: Invoking events without "emit" prefix is deprecated.
        Approval(msg.sender, _spender, _amount);
        ^-------------------------------------^
/../data/reentrancy/solidity_contract/39269.sol:696:9: Warning: Invoking events without "emit" prefix is deprecated.
        Panicked(msg.sender);
        ^------------------^
/../data/reentrancy/solidity_contract/39269.sol:709:9: Warning: Invoking events without "emit" prefix is deprecated.
        Calm();
        ^----^
/../data/reentrancy/solidity_contract/39269.sol:729:9: Warning: Invoking events without "emit" prefix is deprecated.
        TransactionPending(ptxHead, _from, _to, _value, now + TXDELAY);
        ^------------------------------------------------------------^
/../data/reentrancy/solidity_contract/39269.sol:749:17: Warning: Invoking events without "emit" prefix is deprecated.
                Withdrawal(tx.from, tx.to, tx.value);
                ^----------------------------------^
/../data/reentrancy/solidity_contract/39269.sol:762:9: Warning: Invoking events without "emit" prefix is deprecated.
        TransactionFailed(tx.from, tx.to, tx.value);
        ^-----------------------------------------^
/../data/reentrancy/solidity_contract/39269.sol:781:9: Warning: Invoking events without "emit" prefix is deprecated.
        TransactionBlocked(msg.sender, _txIdx);
        ^------------------------------------^
/../data/reentrancy/solidity_contract/39269.sol:850:9: Warning: Invoking events without "emit" prefix is deprecated.
        NewHolder(_addr);
        ^--------------^
/../data/reentrancy/solidity_contract/39269.sol:879:9: Warning: Invoking events without "emit" prefix is deprecated.
        IssueOffer(_addr);
        ^---------------^
/../data/reentrancy/solidity_contract/39269.sol:979:9: Warning: Invoking events without "emit" prefix is deprecated.
        TokensCreated(msg.sender, holder.offerAmount);
        ^-------------------------------------------^
/../data/reentrancy/solidity_contract/39269.sol:1022:9: Warning: Invoking events without "emit" prefix is deprecated.
        TokensDestroyed(msg.sender, _amount);
        ^----------------------------------^
/../data/reentrancy/solidity_contract/39269.sol:1096:9: Warning: Invoking events without "emit" prefix is deprecated.
        Trustee(trustee);
        ^--------------^
/../data/reentrancy/solidity_contract/39269.sol:1179:9: Warning: Invoking events without "emit" prefix is deprecated.
        Created(msg.sender, _regName, kAddr_);
        ^-----------------------------------^
/../data/reentrancy/solidity_contract/39269.sol:62:5: Warning: No visibility specified. Defaulting to "public". 
    function RegBase(address _creator, bytes32 _regName, address _owner)
    ^ (Relevant source part starts here and spans across multiple lines).
/../data/reentrancy/solidity_contract/39269.sol:158:5: Warning: No visibility specified. Defaulting to "public". 
    function Factory(address _creator, bytes32 _regName, address _owner)
    ^ (Relevant source part starts here and spans across multiple lines).
/../data/reentrancy/solidity_contract/39269.sol:166:5: Warning: No visibility specified. Defaulting to "public". 
    function set(uint _fee) 
    ^ (Relevant source part starts here and spans across multiple lines).
/../data/reentrancy/solidity_contract/39269.sol:189:5: Warning: No visibility specified. Defaulting to "public". 
    function createNew(bytes32 _regName, address _owner) 
    ^ (Relevant source part starts here and spans across multiple lines).
/../data/reentrancy/solidity_contract/39269.sol:364:5: Warning: No visibility specified. Defaulting to "public". 
    function() payable;
    ^-----------------^
/../data/reentrancy/solidity_contract/39269.sol:370:5: Warning: No visibility specified. Defaulting to "public". 
    function _init(uint40 _panicDelayInSeconds, uint40 _pendingDelayInSeconds)
    ^ (Relevant source part starts here and spans across multiple lines).
/../data/reentrancy/solidity_contract/39269.sol:374:5: Warning: No visibility specified. Defaulting to "public". 
    function fundBalance() constant returns (uint);
    ^---------------------------------------------^
/../data/reentrancy/solidity_contract/39269.sol:377:5: Warning: No visibility specified. Defaulting to "public". 
    function tokenPrice() constant returns (uint);
    ^--------------------------------------------^
/../data/reentrancy/solidity_contract/39269.sol:385:5: Warning: No visibility specified. Defaulting to "public". 
    function balanceOf(address _addr) constant returns (uint);
    ^--------------------------------------------------------^
/../data/reentrancy/solidity_contract/39269.sol:392:5: Warning: No visibility specified. Defaulting to "public". 
    function transfer(address _to, uint _amount) returns (bool);
    ^----------------------------------------------------------^
/../data/reentrancy/solidity_contract/39269.sol:400:5: Warning: No visibility specified. Defaulting to "public". 
    function transferFrom(address _from, address _to, uint256 _amount)
    ^ (Relevant source part starts here and spans across multiple lines).
/../data/reentrancy/solidity_contract/39269.sol:407:5: Warning: No visibility specified. Defaulting to "public". 
    function approve(address _spender, uint256 _amount) returns (bool);
    ^-----------------------------------------------------------------^
/../data/reentrancy/solidity_contract/39269.sol:412:5: Warning: No visibility specified. Defaulting to "public". 
    function allowance(address _owner, address _spender)
    ^ (Relevant source part starts here and spans across multiple lines).
/../data/reentrancy/solidity_contract/39269.sol:422:5: Warning: No visibility specified. Defaulting to "public". 
    function PANIC() returns (bool);
    ^------------------------------^
/../data/reentrancy/solidity_contract/39269.sol:426:5: Warning: No visibility specified. Defaulting to "public". 
    function calm() returns (bool);
    ^-----------------------------^
/../data/reentrancy/solidity_contract/39269.sol:430:5: Warning: No visibility specified. Defaulting to "public". 
    function sendPending() returns (bool);
    ^------------------------------------^
/../data/reentrancy/solidity_contract/39269.sol:438:5: Warning: No visibility specified. Defaulting to "public". 
    function blockPendingTx(uint _txIdx) returns (bool);
    ^--------------------------------------------------^
/../data/reentrancy/solidity_contract/39269.sol:451:5: Warning: No visibility specified. Defaulting to "public". 
    function execute(address _to, uint _value, bytes _data) returns (uint8);
    ^----------------------------------------------------------------------^
/../data/reentrancy/solidity_contract/39269.sol:456:5: Warning: No visibility specified. Defaulting to "public". 
    function payDividends(uint _value) returns (bool);
    ^------------------------------------------------^
/../data/reentrancy/solidity_contract/39269.sol:463:5: Warning: No visibility specified. Defaulting to "public". 
    function getHolders() constant returns(address[256]);
    ^---------------------------------------------------^
/../data/reentrancy/solidity_contract/39269.sol:467:5: Warning: No visibility specified. Defaulting to "public". 
    function etherBalanceOf(address _addr) constant returns (uint);
    ^-------------------------------------------------------------^
/../data/reentrancy/solidity_contract/39269.sol:471:5: Warning: No visibility specified. Defaulting to "public". 
    function withdraw() returns(uint8);
    ^---------------------------------^
/../data/reentrancy/solidity_contract/39269.sol:475:5: Warning: No visibility specified. Defaulting to "public". 
    function vacate(address _addr) returns (bool);
    ^--------------------------------------------^
/../data/reentrancy/solidity_contract/39269.sol:487:5: Warning: No visibility specified. Defaulting to "public". 
    function purchase() payable returns (bool);
    ^-----------------------------------------^
/../data/reentrancy/solidity_contract/39269.sol:493:5: Warning: No visibility specified. Defaulting to "public". 
    function redeem(uint _amount) returns (bool);
    ^-------------------------------------------^
/../data/reentrancy/solidity_contract/39269.sol:502:5: Warning: No visibility specified. Defaulting to "public". 
    function vote(address _candidate) returns (bool);
    ^-----------------------------------------------^
/../data/reentrancy/solidity_contract/39269.sol:514:5: Warning: No visibility specified. Defaulting to "public". 
    function Bakt(address _creator, bytes32 _regName, address _trustee)
    ^ (Relevant source part starts here and spans across multiple lines).
/../data/reentrancy/solidity_contract/39269.sol:524:5: Warning: No visibility specified. Defaulting to "public". 
    function()
    ^ (Relevant source part starts here and spans across multiple lines).
/../data/reentrancy/solidity_contract/39269.sol:549:5: Warning: No visibility specified. Defaulting to "public". 
    function _init(uint40 _panicPeriodInSeconds, uint40 _pendingPeriodInSeconds)
    ^ (Relevant source part starts here and spans across multiple lines).
/../data/reentrancy/solidity_contract/39269.sol:647:5: Warning: No visibility specified. Defaulting to "public". 
    function allowance(address _owner, address _spender)
    ^ (Relevant source part starts here and spans across multiple lines).
/../data/reentrancy/solidity_contract/39269.sol:960:5: Warning: No visibility specified. Defaulting to "public". 
    function purchase()
    ^ (Relevant source part starts here and spans across multiple lines).
/../data/reentrancy/solidity_contract/39269.sol:1164:5: Warning: No visibility specified. Defaulting to "public". 
    function BaktFactory(address _creator, bytes32 _regName, address _owner)
    ^ (Relevant source part starts here and spans across multiple lines).
/../data/reentrancy/solidity_contract/39269.sol:1172:5: Warning: No visibility specified. Defaulting to "public". 
    function createNew(bytes32 _regName, address _owner)
    ^ (Relevant source part starts here and spans across multiple lines).
/../data/reentrancy/solidity_contract/39269.sol:1172:42: Warning: Unused function parameter. Remove or comment out the variable name to silence this warning.
    function createNew(bytes32 _regName, address _owner)
                                         ^------------^

INFO:Detectors:[91m
Factory.withdraw (/../data/reentrancy/solidity_contract/39269.sol#175-181) sends eth to arbitrary user
	Dangerous calls:
	- owner.transfer(this.balance) (/../data/reentrancy/solidity_contract/39269.sol#179)
Reference: https://github.com/trailofbits/slither/wiki/Detectors-Documentation#functions-that-send-ether-to-arbitrary-destinations[0m
INFO:Detectors:[91m
BaktFactory.VERSION (/../data/reentrancy/solidity_contract/39269.sol#1160) shadows:
	- RegBase.VERSION (/../data/reentrancy/solidity_contract/39269.sol#11)
BaktFactory.regName (/../data/reentrancy/solidity_contract/39269.sol#1159) shadows:
	- RegBase.regName (/../data/reentrancy/solidity_contract/39269.sol#20)
Reference: https://github.com/trailofbits/slither/wiki/Detectors-Documentation#state-variable-shadowing[0m
INFO:Detectors:[93m
Bakt.blockPendingTx (/../data/reentrancy/solidity_contract/39269.sol#767-783) uses a dangerous strict equality:
	- require(bool)(holders[msg.sender].tokenBalance >= totalSupply / BLOCKPCNT || msg.sender == pendingTxs[ptxTail].from || msg.sender == trustee)
Bakt.blockPendingTx (/../data/reentrancy/solidity_contract/39269.sol#767-783) uses a dangerous strict equality:
	- require(bool)(holders[msg.sender].tokenBalance >= totalSupply / BLOCKPCNT || msg.sender == pendingTxs[ptxTail].from || msg.sender == trustee)
Bakt.destroy (/../data/reentrancy/solidity_contract/39269.sol#536-545) uses a dangerous strict equality:
	- require(bool)(totalSupply == 0 && committedEther == 0)
Bakt.blockPendingTx (/../data/reentrancy/solidity_contract/39269.sol#767-783) uses a dangerous strict equality:
	- require(bool)(holders[msg.sender].tokenBalance >= totalSupply / BLOCKPCNT || msg.sender == pendingTxs[ptxTail].from || msg.sender == trustee)
Bakt.destroy (/../data/reentrancy/solidity_contract/39269.sol#536-545) uses a dangerous strict equality:
	- require(bool)(totalSupply == 0 && committedEther == 0)
Bakt.sendPending (/../data/reentrancy/solidity_contract/39269.sol#736-764) uses a dangerous strict equality:
	- tx.from == address(this)
Reference: https://github.com/trailofbits/slither/wiki/Detectors-Documentation#dangerous-strict-equalities[0m
INFO:Detectors:[93m
winner in Bakt.election (/../data/reentrancy/solidity_contract/39269.sol#1077) is a local variable never initialiazed
i in Bakt.election (/../data/reentrancy/solidity_contract/39269.sol#1079) is a local variable never initialiazed
max in Bakt.election (/../data/reentrancy/solidity_contract/39269.sol#1076) is a local variable never initialiazed
id in Bakt.join (/../data/reentrancy/solidity_contract/39269.sol#838) is a local variable never initialiazed
Reference: https://github.com/trailofbits/slither/wiki/Detectors-Documentation#uninitialized-local-variables[0m
INFO:Detectors:[92m
Bakt.sendPending.tx (local variable @ /../data/reentrancy/solidity_contract/39269.sol#739) shadows built-in symbol "tx"
Bakt.timeLockSend.tx (local variable @ /../data/reentrancy/solidity_contract/39269.sol#721-728) shadows built-in symbol "tx"
Reference: https://github.com/trailofbits/slither/wiki/Detectors-Documentation#builtin-symbol-shadowing[0m
INFO:Detectors:[92m
Reentrancy in Bakt.sendPending (/../data/reentrancy/solidity_contract/39269.sol#736-764):
	External calls:
	- tx.to.call.value(tx.value)(tx.data) (/../data/reentrancy/solidity_contract/39269.sol#745-751)
	State variables written after the call(s):
	- committedEther (/../data/reentrancy/solidity_contract/39269.sol#747)
Reference: https://github.com/trailofbits/slither/wiki/Detectors-Documentation#reentrancy-vulnerabilities-2[0m
INFO:Detectors:[92m
RegBase.destroy (/../data/reentrancy/solidity_contract/39269.sol#70-75) should be declared external
RegBase.changeOwner (/../data/reentrancy/solidity_contract/39269.sol#79-87) should be declared external
RegBase.changeResource (/../data/reentrancy/solidity_contract/39269.sol#91-99) should be declared external
Factory.set (/../data/reentrancy/solidity_contract/39269.sol#166-172) should be declared external
Factory.withdraw (/../data/reentrancy/solidity_contract/39269.sol#175-181) should be declared external
Factory.createNew (/../data/reentrancy/solidity_contract/39269.sol#189-190) should be declared external
BaktFactory.createNew (/../data/reentrancy/solidity_contract/39269.sol#1172-1180) should be declared external
Bakt.fallback (/../data/reentrancy/solidity_contract/39269.sol#524-531) should be declared external
BaktInterface.fallback (/../data/reentrancy/solidity_contract/39269.sol#364) should be declared external
BaktInterface._init (/../data/reentrancy/solidity_contract/39269.sol#370-371) should be declared external
Bakt._init (/../data/reentrancy/solidity_contract/39269.sol#549-559) should be declared external
BaktInterface.tokenPrice (/../data/reentrancy/solidity_contract/39269.sol#377) should be declared external
Bakt.tokenPrice (/../data/reentrancy/solidity_contract/39269.sol#571-577) should be declared external
BaktInterface.balanceOf (/../data/reentrancy/solidity_contract/39269.sol#385) should be declared external
Bakt.balanceOf (/../data/reentrancy/solidity_contract/39269.sol#596-602) should be declared external
BaktInterface.transfer (/../data/reentrancy/solidity_contract/39269.sol#392) should be declared external
Bakt.transfer (/../data/reentrancy/solidity_contract/39269.sol#605-616) should be declared external
BaktInterface.transferFrom (/../data/reentrancy/solidity_contract/39269.sol#400-401) should be declared external
Bakt.transferFrom (/../data/reentrancy/solidity_contract/39269.sol#619-633) should be declared external
Bakt.approve (/../data/reentrancy/solidity_contract/39269.sol#636-644) should be declared external
BaktInterface.approve (/../data/reentrancy/solidity_contract/39269.sol#407) should be declared external
BaktInterface.allowance (/../data/reentrancy/solidity_contract/39269.sol#412-413) should be declared external
Bakt.allowance (/../data/reentrancy/solidity_contract/39269.sol#647-652) should be declared external
Bakt.PANIC (/../data/reentrancy/solidity_contract/39269.sol#686-698) should be declared external
BaktInterface.PANIC (/../data/reentrancy/solidity_contract/39269.sol#422) should be declared external
BaktInterface.calm (/../data/reentrancy/solidity_contract/39269.sol#426) should be declared external
Bakt.calm (/../data/reentrancy/solidity_contract/39269.sol#701-711) should be declared external
Bakt.sendPending (/../data/reentrancy/solidity_contract/39269.sol#736-764) should be declared external
BaktInterface.sendPending (/../data/reentrancy/solidity_contract/39269.sol#430) should be declared external
BaktInterface.blockPendingTx (/../data/reentrancy/solidity_contract/39269.sol#438) should be declared external
Bakt.blockPendingTx (/../data/reentrancy/solidity_contract/39269.sol#767-783) should be declared external
Bakt.execute (/../data/reentrancy/solidity_contract/39269.sol#791-801) should be declared external
BaktInterface.execute (/../data/reentrancy/solidity_contract/39269.sol#451) should be declared external
Bakt.payDividends (/../data/reentrancy/solidity_contract/39269.sol#804-817) should be declared external
BaktInterface.payDividends (/../data/reentrancy/solidity_contract/39269.sol#456) should be declared external
BaktInterface.getHolders (/../data/reentrancy/solidity_contract/39269.sol#463) should be declared external
Bakt.getHolders (/../data/reentrancy/solidity_contract/39269.sol#901-907) should be declared external
Bakt.etherBalanceOf (/../data/reentrancy/solidity_contract/39269.sol#910-917) should be declared external
BaktInterface.etherBalanceOf (/../data/reentrancy/solidity_contract/39269.sol#467) should be declared external
BaktInterface.withdraw (/../data/reentrancy/solidity_contract/39269.sol#471) should be declared external
Bakt.withdraw (/../data/reentrancy/solidity_contract/39269.sol#920-930) should be declared external
BaktInterface.vacate (/../data/reentrancy/solidity_contract/39269.sol#475) should be declared external
Bakt.vacate (/../data/reentrancy/solidity_contract/39269.sol#933-953) should be declared external
BaktInterface.purchase (/../data/reentrancy/solidity_contract/39269.sol#487) should be declared external
Bakt.purchase (/../data/reentrancy/solidity_contract/39269.sol#960-987) should be declared external
BaktInterface.redeem (/../data/reentrancy/solidity_contract/39269.sol#493) should be declared external
Bakt.redeem (/../data/reentrancy/solidity_contract/39269.sol#991-1026) should be declared external
BaktInterface.vote (/../data/reentrancy/solidity_contract/39269.sol#502) should be declared external
Bakt.vote (/../data/reentrancy/solidity_contract/39269.sol#1054-1069) should be declared external
Bakt.destroy (/../data/reentrancy/solidity_contract/39269.sol#536-545) should be declared external
Bakt.changeResource (/../data/reentrancy/solidity_contract/39269.sol#581-589) should be declared external
Bakt.addHolder (/../data/reentrancy/solidity_contract/39269.sol#820-827) should be declared external
Bakt.acceptPayments (/../data/reentrancy/solidity_contract/39269.sol#855-863) should be declared external
Bakt.issue (/../data/reentrancy/solidity_contract/39269.sol#866-881) should be declared external
Bakt.revokeOffer (/../data/reentrancy/solidity_contract/39269.sol#884-894) should be declared external
Reference: https://github.com/trailofbits/slither/wiki/Detectors-Documentation#public-function-that-could-be-declared-as-external[0m
INFO:Detectors:[92m
Detected issues with version pragma in /../data/reentrancy/solidity_contract/39269.sol:
	- pragma solidity^0.4.10 (/../data/reentrancy/solidity_contract/39269.sol#3): it allows old versions
	- pragma solidity^0.4.10 (/../data/reentrancy/solidity_contract/39269.sol#104): it allows old versions
	- pragma solidity^0.4.10 (/../data/reentrancy/solidity_contract/39269.sol#199): it allows old versions
Reference: https://github.com/trailofbits/slither/wiki/Detectors-Documentation#incorrect-version-of-solidity[0m
INFO:Detectors:[92m
Low level call in Bakt.sendPending (/../data/reentrancy/solidity_contract/39269.sol#736-764):
	-tx.to.call.value(tx.value)(tx.data) /../data/reentrancy/solidity_contract/39269.sol#745-751
Reference: https://github.com/trailofbits/slither/wiki/Detectors-Documentation#low-level-calls[0m
INFO:Detectors:[92m
Function 'RegBase.RegBase' (/../data/reentrancy/solidity_contract/39269.sol#62-67) is not in mixedCase
Parameter '_creator' of RegBase.RegBase (/../data/reentrancy/solidity_contract/39269.sol#62) is not in mixedCase
Parameter '_regName' of RegBase.RegBase (/../data/reentrancy/solidity_contract/39269.sol#62) is not in mixedCase
Parameter '_owner' of RegBase.RegBase (/../data/reentrancy/solidity_contract/39269.sol#62) is not in mixedCase
Parameter '_owner' of RegBase.changeOwner (/../data/reentrancy/solidity_contract/39269.sol#79) is not in mixedCase
Parameter '_resource' of RegBase.changeResource (/../data/reentrancy/solidity_contract/39269.sol#91) is not in mixedCase
Function 'Factory.Factory' (/../data/reentrancy/solidity_contract/39269.sol#158-162) is not in mixedCase
Parameter '_fee' of Factory.set (/../data/reentrancy/solidity_contract/39269.sol#166) is not in mixedCase
Function 'BaktInterface._init' (/../data/reentrancy/solidity_contract/39269.sol#370-371) is not in mixedCase
Function 'BaktInterface.PANIC' (/../data/reentrancy/solidity_contract/39269.sol#422) is not in mixedCase
Constant 'BaktInterface.decimalPlaces' (/../data/reentrancy/solidity_contract/39269.sol#237) is not in UPPER_CASE_WITH_UNDERSCORES
Variable 'BaktInterface.__reMutex' (/../data/reentrancy/solidity_contract/39269.sol#242) is not in mixedCase
Variable 'BaktInterface.__initFuse' (/../data/reentrancy/solidity_contract/39269.sol#245) is not in mixedCase
Variable 'BaktInterface.PANICPERIOD' (/../data/reentrancy/solidity_contract/39269.sol#251) is not in mixedCase
Variable 'BaktInterface.TXDELAY' (/../data/reentrancy/solidity_contract/39269.sol#254) is not in mixedCase
Function 'Bakt._init' (/../data/reentrancy/solidity_contract/39269.sol#549-559) is not in mixedCase
Parameter '_panicPeriodInSeconds' of Bakt._init (/../data/reentrancy/solidity_contract/39269.sol#549) is not in mixedCase
Parameter '_pendingPeriodInSeconds' of Bakt._init (/../data/reentrancy/solidity_contract/39269.sol#549) is not in mixedCase
Parameter '_addr' of Bakt.balanceOf (/../data/reentrancy/solidity_contract/39269.sol#596) is not in mixedCase
Parameter '_to' of Bakt.transfer (/../data/reentrancy/solidity_contract/39269.sol#605) is not in mixedCase
Parameter '_amount' of Bakt.transfer (/../data/reentrancy/solidity_contract/39269.sol#605) is not in mixedCase
Parameter '_from' of Bakt.transferFrom (/../data/reentrancy/solidity_contract/39269.sol#619) is not in mixedCase
Parameter '_to' of Bakt.transferFrom (/../data/reentrancy/solidity_contract/39269.sol#619) is not in mixedCase
Parameter '_amount' of Bakt.transferFrom (/../data/reentrancy/solidity_contract/39269.sol#619) is not in mixedCase
Parameter '_spender' of Bakt.approve (/../data/reentrancy/solidity_contract/39269.sol#636) is not in mixedCase
Parameter '_amount' of Bakt.approve (/../data/reentrancy/solidity_contract/39269.sol#636) is not in mixedCase
Parameter '_owner' of Bakt.allowance (/../data/reentrancy/solidity_contract/39269.sol#647) is not in mixedCase
Parameter '_spender' of Bakt.allowance (/../data/reentrancy/solidity_contract/39269.sol#647) is not in mixedCase
Function 'Bakt.PANIC' (/../data/reentrancy/solidity_contract/39269.sol#686-698) is not in mixedCase
Parameter '_txIdx' of Bakt.blockPendingTx (/../data/reentrancy/solidity_contract/39269.sol#767) is not in mixedCase
Parameter '_to' of Bakt.execute (/../data/reentrancy/solidity_contract/39269.sol#791) is not in mixedCase
Parameter '_value' of Bakt.execute (/../data/reentrancy/solidity_contract/39269.sol#791) is not in mixedCase
Parameter '_data' of Bakt.execute (/../data/reentrancy/solidity_contract/39269.sol#791) is not in mixedCase
Parameter '_value' of Bakt.payDividends (/../data/reentrancy/solidity_contract/39269.sol#804) is not in mixedCase
Parameter '_addr' of Bakt.etherBalanceOf (/../data/reentrancy/solidity_contract/39269.sol#910) is not in mixedCase
Parameter '_addr' of Bakt.vacate (/../data/reentrancy/solidity_contract/39269.sol#933) is not in mixedCase
Parameter '_amount' of Bakt.redeem (/../data/reentrancy/solidity_contract/39269.sol#991) is not in mixedCase
Parameter '_candidate' of Bakt.vote (/../data/reentrancy/solidity_contract/39269.sol#1054) is not in mixedCase
Function 'Bakt.Bakt' (/../data/reentrancy/solidity_contract/39269.sol#514-520) is not in mixedCase
Parameter '_creator' of Bakt.Bakt (/../data/reentrancy/solidity_contract/39269.sol#514) is not in mixedCase
Parameter '_regName' of Bakt.Bakt (/../data/reentrancy/solidity_contract/39269.sol#514) is not in mixedCase
Parameter '_trustee' of Bakt.Bakt (/../data/reentrancy/solidity_contract/39269.sol#514) is not in mixedCase
Parameter '_resource' of Bakt.changeResource (/../data/reentrancy/solidity_contract/39269.sol#581) is not in mixedCase
Parameter '_from' of Bakt.xfer (/../data/reentrancy/solidity_contract/39269.sol#655) is not in mixedCase
Parameter '_to' of Bakt.xfer (/../data/reentrancy/solidity_contract/39269.sol#655) is not in mixedCase
Parameter '_amount' of Bakt.xfer (/../data/reentrancy/solidity_contract/39269.sol#655) is not in mixedCase
Parameter '_from' of Bakt.timeLockSend (/../data/reentrancy/solidity_contract/39269.sol#714) is not in mixedCase
Parameter '_to' of Bakt.timeLockSend (/../data/reentrancy/solidity_contract/39269.sol#714) is not in mixedCase
Parameter '_value' of Bakt.timeLockSend (/../data/reentrancy/solidity_contract/39269.sol#714) is not in mixedCase
Parameter '_data' of Bakt.timeLockSend (/../data/reentrancy/solidity_contract/39269.sol#714) is not in mixedCase
Parameter '_addr' of Bakt.addHolder (/../data/reentrancy/solidity_contract/39269.sol#820) is not in mixedCase
Parameter '_addr' of Bakt.join (/../data/reentrancy/solidity_contract/39269.sol#830) is not in mixedCase
Parameter '_accepting' of Bakt.acceptPayments (/../data/reentrancy/solidity_contract/39269.sol#855) is not in mixedCase
Parameter '_addr' of Bakt.issue (/../data/reentrancy/solidity_contract/39269.sol#866) is not in mixedCase
Parameter '_amount' of Bakt.issue (/../data/reentrancy/solidity_contract/39269.sol#866) is not in mixedCase
Parameter '_addr' of Bakt.revokeOffer (/../data/reentrancy/solidity_contract/39269.sol#884) is not in mixedCase
Parameter '_holder' of Bakt.dividendsOwing (/../data/reentrancy/solidity_contract/39269.sol#1032) is not in mixedCase
Parameter '_holder' of Bakt.updateDividendsFor (/../data/reentrancy/solidity_contract/39269.sol#1042) is not in mixedCase
Parameter '_holder' of Bakt.revoke (/../data/reentrancy/solidity_contract/39269.sol#1101) is not in mixedCase
Parameter '_holder' of Bakt.revote (/../data/reentrancy/solidity_contract/39269.sol#1109) is not in mixedCase
Parameter '_regName' of BaktFactory.createNew (/../data/reentrancy/solidity_contract/39269.sol#1172) is not in mixedCase
Function 'BaktFactory.BaktFactory' (/../data/reentrancy/solidity_contract/39269.sol#1164-1168) is not in mixedCase
Constant 'BaktFactory.regName' (/../data/reentrancy/solidity_contract/39269.sol#1159) is not in UPPER_CASE_WITH_UNDERSCORES
Reference: https://github.com/trailofbits/slither/wiki/Detectors-Documentation#conformance-to-solidity-naming-conventions[0m
INFO:Slither:/../data/reentrancy/solidity_contract/39269.sol analyzed (5 contracts), 133 result(s) found