INFO:Slither:Compilation warnings/errors on /../data/reentrancy/solidity_contract/39817.sol:
/../data/reentrancy/solidity_contract/39817.sol:22:21: Warning: "throw" is deprecated in favour of "revert()", "require()" and "assert()".
    if (!assertion) throw;
                    ^---^
/../data/reentrancy/solidity_contract/39817.sol:234:5: Warning: Defining constructors as functions with the same name as the contract is deprecated. Use "constructor(...) { ... }" instead.
    function ValueTrader(){
    ^ (Relevant source part starts here and spans across multiple lines).
/../data/reentrancy/solidity_contract/39817.sol:354:9: Warning: "throw" is deprecated in favour of "revert()", "require()" and "assert()".
        throw;
        ^---^
/../data/reentrancy/solidity_contract/39817.sol:357:5: Warning: Defining constructors as functions with the same name as the contract is deprecated. Use "constructor(...) { ... }" instead.
    function ShopKeeper(address other){
    ^ (Relevant source part starts here and spans across multiple lines).
/../data/reentrancy/solidity_contract/39817.sol:459:5: Warning: Defining constructors as functions with the same name as the contract is deprecated. Use "constructor(...) { ... }" instead.
    function ProfitContainerAdapter(address sL, address sKL, address pCL){
    ^ (Relevant source part starts here and spans across multiple lines).
/../data/reentrancy/solidity_contract/39817.sol:21:3: Warning: This declaration shadows a builtin symbol.
  function assert(bool assertion) internal {
  ^ (Relevant source part starts here and spans across multiple lines).
/../data/reentrancy/solidity_contract/39817.sol:74:46: Warning: This declaration shadows an existing declaration.
    function totalSupply() constant returns (uint256 totalSupply){
                                             ^-----------------^
/../data/reentrancy/solidity_contract/39817.sol:74:5: The shadowed declaration is here:
    function totalSupply() constant returns (uint256 totalSupply){
    ^ (Relevant source part starts here and spans across multiple lines).

/../data/reentrancy/solidity_contract/39817.sol:86:13: Warning: Invoking events without "emit" prefix is deprecated.
            Transfer(msg.sender, _to, _value);
            ^-------------------------------^
/../data/reentrancy/solidity_contract/39817.sol:97:13: Warning: Invoking events without "emit" prefix is deprecated.
            Transfer(_from, _to, _value);
            ^--------------------------^
/../data/reentrancy/solidity_contract/39817.sol:105:9: Warning: Invoking events without "emit" prefix is deprecated.
        Approval(msg.sender, _spender, _value);
        ^------------------------------------^
/../data/reentrancy/solidity_contract/39817.sol:117:9: Warning: Invoking events without "emit" prefix is deprecated.
        Mint(_owner, _value);
        ^------------------^
/../data/reentrancy/solidity_contract/39817.sol:123:9: Warning: Invoking events without "emit" prefix is deprecated.
        Burn(_owner, _value);
        ^------------------^
/../data/reentrancy/solidity_contract/39817.sol:260:32: Warning: Using contract member "balance" inherited from the address type is deprecated. Convert the contract to "address" type to access the member, for example use "address(contract).balance" instead.
            currentLiquidity = this.balance;
                               ^----------^
/../data/reentrancy/solidity_contract/39817.sol:285:9: Warning: Invoking events without "emit" prefix is deprecated.
        Sell(token, msg.sender, amount, balances[msg.sender]);
        ^---------------------------------------------------^
/../data/reentrancy/solidity_contract/39817.sol:292:9: Warning: Invoking events without "emit" prefix is deprecated.
        Buy(token, msg.sender, amount, balances[msg.sender]);
        ^--------------------------------------------------^
/../data/reentrancy/solidity_contract/39817.sol:297:9: Warning: Invoking events without "emit" prefix is deprecated.
        Sell(etherContract, msg.sender, msg.value, balances[msg.sender]);
        ^--------------------------------------------------------------^
/../data/reentrancy/solidity_contract/39817.sol:304:9: Warning: Invoking events without "emit" prefix is deprecated.
        Buy(etherContract, msg.sender, amount, balances[msg.sender]);
        ^----------------------------------------------------------^
/../data/reentrancy/solidity_contract/39817.sol:319:9: Warning: Invoking events without "emit" prefix is deprecated.
        Trade(tokenFrom, tokenTo, msg.sender, inValue);
        ^--------------------------------------------^
/../data/reentrancy/solidity_contract/39817.sol:470:51: Warning: Using contract member "balance" inherited from the address type is deprecated. Convert the contract to "address" type to access the member, for example use "address(contract).balance" instead.
        assert(profitContainerLocation.call.value(this.balance)());
                                                  ^----------^
/../data/reentrancy/solidity_contract/39817.sol:28:3: Warning: No visibility specified. Defaulting to "public". 
  function totalSupply() constant returns (uint256 supply) {}
  ^---------------------------------------------------------^
/../data/reentrancy/solidity_contract/39817.sol:28:44: Warning: Unused function parameter. Remove or comment out the variable name to silence this warning.
  function totalSupply() constant returns (uint256 supply) {}
                                           ^------------^
/../data/reentrancy/solidity_contract/39817.sol:32:3: Warning: No visibility specified. Defaulting to "public". 
  function balanceOf(address _owner) constant returns (uint256 balance) {}
  ^----------------------------------------------------------------------^
/../data/reentrancy/solidity_contract/39817.sol:32:22: Warning: Unused function parameter. Remove or comment out the variable name to silence this warning.
  function balanceOf(address _owner) constant returns (uint256 balance) {}
                     ^------------^
/../data/reentrancy/solidity_contract/39817.sol:32:56: Warning: Unused function parameter. Remove or comment out the variable name to silence this warning.
  function balanceOf(address _owner) constant returns (uint256 balance) {}
                                                       ^-------------^
/../data/reentrancy/solidity_contract/39817.sol:38:3: Warning: No visibility specified. Defaulting to "public". 
  function transfer(address _to, uint256 _value) returns (bool success) {}
  ^----------------------------------------------------------------------^
/../data/reentrancy/solidity_contract/39817.sol:38:21: Warning: Unused function parameter. Remove or comment out the variable name to silence this warning.
  function transfer(address _to, uint256 _value) returns (bool success) {}
                    ^---------^
/../data/reentrancy/solidity_contract/39817.sol:38:34: Warning: Unused function parameter. Remove or comment out the variable name to silence this warning.
  function transfer(address _to, uint256 _value) returns (bool success) {}
                                 ^------------^
/../data/reentrancy/solidity_contract/39817.sol:38:59: Warning: Unused function parameter. Remove or comment out the variable name to silence this warning.
  function transfer(address _to, uint256 _value) returns (bool success) {}
                                                          ^----------^
/../data/reentrancy/solidity_contract/39817.sol:45:3: Warning: No visibility specified. Defaulting to "public". 
  function transferFrom(address _from, address _to, uint256 _value) returns (bool success) {}
  ^-----------------------------------------------------------------------------------------^
/../data/reentrancy/solidity_contract/39817.sol:45:25: Warning: Unused function parameter. Remove or comment out the variable name to silence this warning.
  function transferFrom(address _from, address _to, uint256 _value) returns (bool success) {}
                        ^-----------^
/../data/reentrancy/solidity_contract/39817.sol:45:40: Warning: Unused function parameter. Remove or comment out the variable name to silence this warning.
  function transferFrom(address _from, address _to, uint256 _value) returns (bool success) {}
                                       ^---------^
/../data/reentrancy/solidity_contract/39817.sol:45:53: Warning: Unused function parameter. Remove or comment out the variable name to silence this warning.
  function transferFrom(address _from, address _to, uint256 _value) returns (bool success) {}
                                                    ^------------^
/../data/reentrancy/solidity_contract/39817.sol:45:78: Warning: Unused function parameter. Remove or comment out the variable name to silence this warning.
  function transferFrom(address _from, address _to, uint256 _value) returns (bool success) {}
                                                                             ^----------^
/../data/reentrancy/solidity_contract/39817.sol:51:3: Warning: No visibility specified. Defaulting to "public". 
  function approve(address _spender, uint256 _value) returns (bool success) {}
  ^--------------------------------------------------------------------------^
/../data/reentrancy/solidity_contract/39817.sol:51:20: Warning: Unused function parameter. Remove or comment out the variable name to silence this warning.
  function approve(address _spender, uint256 _value) returns (bool success) {}
                   ^--------------^
/../data/reentrancy/solidity_contract/39817.sol:51:38: Warning: Unused function parameter. Remove or comment out the variable name to silence this warning.
  function approve(address _spender, uint256 _value) returns (bool success) {}
                                     ^------------^
/../data/reentrancy/solidity_contract/39817.sol:51:63: Warning: Unused function parameter. Remove or comment out the variable name to silence this warning.
  function approve(address _spender, uint256 _value) returns (bool success) {}
                                                              ^----------^
/../data/reentrancy/solidity_contract/39817.sol:56:3: Warning: No visibility specified. Defaulting to "public". 
  function allowance(address _owner, address _spender) constant returns (uint256 remaining) {}
  ^------------------------------------------------------------------------------------------^
/../data/reentrancy/solidity_contract/39817.sol:56:22: Warning: Unused function parameter. Remove or comment out the variable name to silence this warning.
  function allowance(address _owner, address _spender) constant returns (uint256 remaining) {}
                     ^------------^
/../data/reentrancy/solidity_contract/39817.sol:56:38: Warning: Unused function parameter. Remove or comment out the variable name to silence this warning.
  function allowance(address _owner, address _spender) constant returns (uint256 remaining) {}
                                     ^--------------^
/../data/reentrancy/solidity_contract/39817.sol:56:74: Warning: Unused function parameter. Remove or comment out the variable name to silence this warning.
  function allowance(address _owner, address _spender) constant returns (uint256 remaining) {}
                                                                         ^---------------^
/../data/reentrancy/solidity_contract/39817.sol:74:5: Warning: No visibility specified. Defaulting to "public". 
    function totalSupply() constant returns (uint256 totalSupply){
    ^ (Relevant source part starts here and spans across multiple lines).
/../data/reentrancy/solidity_contract/39817.sol:78:5: Warning: No visibility specified. Defaulting to "public". 
    function balanceOf(address _owner) constant returns (uint256 balance){
    ^ (Relevant source part starts here and spans across multiple lines).
/../data/reentrancy/solidity_contract/39817.sol:82:5: Warning: No visibility specified. Defaulting to "public". 
    function transfer(address _to, uint256 _value) returns (bool success){
    ^ (Relevant source part starts here and spans across multiple lines).
/../data/reentrancy/solidity_contract/39817.sol:92:5: Warning: No visibility specified. Defaulting to "public". 
    function transferFrom(address _from, address _to, uint256 _value) returns (bool success){
    ^ (Relevant source part starts here and spans across multiple lines).
/../data/reentrancy/solidity_contract/39817.sol:102:5: Warning: No visibility specified. Defaulting to "public". 
    function approve(address _spender, uint256 _value) returns (bool success){
    ^ (Relevant source part starts here and spans across multiple lines).
/../data/reentrancy/solidity_contract/39817.sol:110:5: Warning: No visibility specified. Defaulting to "public". 
    function allowance(address _owner, address _spender) constant returns (uint256 remaining){
    ^ (Relevant source part starts here and spans across multiple lines).
/../data/reentrancy/solidity_contract/39817.sol:114:76: Warning: Unused function parameter. Remove or comment out the variable name to silence this warning.
    function createValue(address _owner, uint256 _value) internal returns (bool success){
                                                                           ^----------^
/../data/reentrancy/solidity_contract/39817.sol:120:77: Warning: Unused function parameter. Remove or comment out the variable name to silence this warning.
    function destroyValue(address _owner, uint256 _value) internal returns (bool success){
                                                                            ^----------^
/../data/reentrancy/solidity_contract/39817.sol:135:5: Warning: No visibility specified. Defaulting to "public". 
    function () payable {
    ^ (Relevant source part starts here and spans across multiple lines).
/../data/reentrancy/solidity_contract/39817.sol:174:5: Warning: No visibility specified. Defaulting to "public". 
    function toggleDrain() burnBlock owned {
    ^ (Relevant source part starts here and spans across multiple lines).
/../data/reentrancy/solidity_contract/39817.sol:178:5: Warning: No visibility specified. Defaulting to "public". 
    function toggleBurn() owned {
    ^ (Relevant source part starts here and spans across multiple lines).
/../data/reentrancy/solidity_contract/39817.sol:184:5: Warning: No visibility specified. Defaulting to "public". 
    function die() owned burnBlock{
    ^ (Relevant source part starts here and spans across multiple lines).
/../data/reentrancy/solidity_contract/39817.sol:189:5: Warning: No visibility specified. Defaulting to "public". 
    function validateToken(address token_, uint256 bP_, uint256 bL_, uint256 pF_) owned {
    ^ (Relevant source part starts here and spans across multiple lines).
/../data/reentrancy/solidity_contract/39817.sol:198:5: Warning: No visibility specified. Defaulting to "public". 
    function configureTokenDividend(address token_, bool hD_, address dA_, bytes dD_) owned {
    ^ (Relevant source part starts here and spans across multiple lines).
/../data/reentrancy/solidity_contract/39817.sol:205:5: Warning: No visibility specified. Defaulting to "public". 
    function callDividend(address token_) owned {
    ^ (Relevant source part starts here and spans across multiple lines).
/../data/reentrancy/solidity_contract/39817.sol:214:5: Warning: No visibility specified. Defaulting to "public". 
    function invalidateToken(address token_) owned {
    ^ (Relevant source part starts here and spans across multiple lines).
/../data/reentrancy/solidity_contract/39817.sol:218:5: Warning: No visibility specified. Defaulting to "public". 
    function changeOwner(address owner_) owned {
    ^ (Relevant source part starts here and spans across multiple lines).
/../data/reentrancy/solidity_contract/39817.sol:222:5: Warning: No visibility specified. Defaulting to "public". 
    function changeFee(uint256 tradeFee) owned {
    ^ (Relevant source part starts here and spans across multiple lines).
/../data/reentrancy/solidity_contract/39817.sol:226:5: Warning: No visibility specified. Defaulting to "public". 
    function changeEtherContract(address eC) owned {
    ^ (Relevant source part starts here and spans across multiple lines).
/../data/reentrancy/solidity_contract/39817.sol:234:5: Warning: No visibility specified. Defaulting to "public". 
    function ValueTrader(){
    ^ (Relevant source part starts here and spans across multiple lines).
/../data/reentrancy/solidity_contract/39817.sol:250:5: Warning: No visibility specified. Defaulting to "public". 
    function currentPrice(address token) constant returns (uint256 price){
    ^ (Relevant source part starts here and spans across multiple lines).
/../data/reentrancy/solidity_contract/39817.sol:268:5: Warning: No visibility specified. Defaulting to "public". 
    function currentLiquidity(address token) constant returns (uint256 liquidity){
    ^ (Relevant source part starts here and spans across multiple lines).
/../data/reentrancy/solidity_contract/39817.sol:281:5: Warning: No visibility specified. Defaulting to "public". 
    function sellToken(address token, uint256 amount) drainBlock {
    ^ (Relevant source part starts here and spans across multiple lines).
/../data/reentrancy/solidity_contract/39817.sol:288:5: Warning: No visibility specified. Defaulting to "public". 
    function buyToken(address token, uint256 amount) {
    ^ (Relevant source part starts here and spans across multiple lines).
/../data/reentrancy/solidity_contract/39817.sol:295:5: Warning: No visibility specified. Defaulting to "public". 
    function sellEther() payable drainBlock {
    ^ (Relevant source part starts here and spans across multiple lines).
/../data/reentrancy/solidity_contract/39817.sol:300:5: Warning: No visibility specified. Defaulting to "public". 
    function buyEther(uint256 amount) {
    ^ (Relevant source part starts here and spans across multiple lines).
/../data/reentrancy/solidity_contract/39817.sol:308:5: Warning: No visibility specified. Defaulting to "public". 
    function quickTrade(address tokenFrom, address tokenTo, uint256 input) payable drainBlock {
    ^ (Relevant source part starts here and spans across multiple lines).
/../data/reentrancy/solidity_contract/39817.sol:352:5: Warning: No visibility specified. Defaulting to "public". 
    function(){
    ^ (Relevant source part starts here and spans across multiple lines).
/../data/reentrancy/solidity_contract/39817.sol:357:5: Warning: No visibility specified. Defaulting to "public". 
    function ShopKeeper(address other){
    ^ (Relevant source part starts here and spans across multiple lines).
/../data/reentrancy/solidity_contract/39817.sol:363:5: Warning: No visibility specified. Defaulting to "public". 
    function giveAwayOwnership(address newHolder) onlyHolders {
    ^ (Relevant source part starts here and spans across multiple lines).
/../data/reentrancy/solidity_contract/39817.sol:371:5: Warning: No visibility specified. Defaulting to "public". 
    function splitProfits(){
    ^ (Relevant source part starts here and spans across multiple lines).
/../data/reentrancy/solidity_contract/39817.sol:380:5: Warning: No visibility specified. Defaulting to "public". 
    function toggleDrain() onlyA {
    ^ (Relevant source part starts here and spans across multiple lines).
/../data/reentrancy/solidity_contract/39817.sol:384:5: Warning: No visibility specified. Defaulting to "public". 
    function toggleBurn() onlyA {
    ^ (Relevant source part starts here and spans across multiple lines).
/../data/reentrancy/solidity_contract/39817.sol:388:5: Warning: No visibility specified. Defaulting to "public". 
    function die() onlyA {
    ^ (Relevant source part starts here and spans across multiple lines).
/../data/reentrancy/solidity_contract/39817.sol:392:5: Warning: No visibility specified. Defaulting to "public". 
    function validateToken(address token_, uint256 bP_, uint256 bL_, uint256 pF_) onlyHolders {
    ^ (Relevant source part starts here and spans across multiple lines).
/../data/reentrancy/solidity_contract/39817.sol:396:5: Warning: No visibility specified. Defaulting to "public". 
    function configureTokenDividend(address token_, bool hD_, address dA_, bytes dD_) onlyA {
    ^ (Relevant source part starts here and spans across multiple lines).
/../data/reentrancy/solidity_contract/39817.sol:400:5: Warning: No visibility specified. Defaulting to "public". 
    function callDividend(address token_) onlyA {
    ^ (Relevant source part starts here and spans across multiple lines).
/../data/reentrancy/solidity_contract/39817.sol:404:5: Warning: No visibility specified. Defaulting to "public". 
    function invalidateToken(address token_) onlyHolders {
    ^ (Relevant source part starts here and spans across multiple lines).
/../data/reentrancy/solidity_contract/39817.sol:408:5: Warning: No visibility specified. Defaulting to "public". 
    function changeOwner(address owner_) onlyA {
    ^ (Relevant source part starts here and spans across multiple lines).
/../data/reentrancy/solidity_contract/39817.sol:416:5: Warning: No visibility specified. Defaulting to "public". 
    function changeShop(address newShop) onlyA {
    ^ (Relevant source part starts here and spans across multiple lines).
/../data/reentrancy/solidity_contract/39817.sol:423:5: Warning: No visibility specified. Defaulting to "public". 
    function changeFee(uint256 tradeFee) onlyHolders {
    ^ (Relevant source part starts here and spans across multiple lines).
/../data/reentrancy/solidity_contract/39817.sol:427:5: Warning: No visibility specified. Defaulting to "public". 
    function changeEtherContract(address eC) onlyHolders {
    ^ (Relevant source part starts here and spans across multiple lines).
/../data/reentrancy/solidity_contract/39817.sol:445:5: Warning: No visibility specified. Defaulting to "public". 
    function changeShop(address newShop) owned {
    ^ (Relevant source part starts here and spans across multiple lines).
/../data/reentrancy/solidity_contract/39817.sol:450:5: Warning: No visibility specified. Defaulting to "public". 
    function changeKeeper(address newKeeper) owned {
    ^ (Relevant source part starts here and spans across multiple lines).
/../data/reentrancy/solidity_contract/39817.sol:455:5: Warning: No visibility specified. Defaulting to "public". 
    function changeContainer(address newContainer) owned {
    ^ (Relevant source part starts here and spans across multiple lines).
/../data/reentrancy/solidity_contract/39817.sol:459:5: Warning: No visibility specified. Defaulting to "public". 
    function ProfitContainerAdapter(address sL, address sKL, address pCL){
    ^ (Relevant source part starts here and spans across multiple lines).
/../data/reentrancy/solidity_contract/39817.sol:466:5: Warning: No visibility specified. Defaulting to "public". 
    function takeEtherProfits(){
    ^ (Relevant source part starts here and spans across multiple lines).
/../data/reentrancy/solidity_contract/39817.sol:474:5: Warning: No visibility specified. Defaulting to "public". 
    function takeTokenProfits(address token){
    ^ (Relevant source part starts here and spans across multiple lines).
/../data/reentrancy/solidity_contract/39817.sol:481:5: Warning: No visibility specified. Defaulting to "public". 
    function giveAwayHoldership(address holderB) owned {
    ^ (Relevant source part starts here and spans across multiple lines).
/../data/reentrancy/solidity_contract/39817.sol:485:5: Warning: No visibility specified. Defaulting to "public". 
    function giveAwayOwnership(address newOwner) owned {
    ^ (Relevant source part starts here and spans across multiple lines).
/../data/reentrancy/solidity_contract/39817.sol:28:3: Warning: Function state mutability can be restricted to pure
  function totalSupply() constant returns (uint256 supply) {}
  ^---------------------------------------------------------^
/../data/reentrancy/solidity_contract/39817.sol:32:3: Warning: Function state mutability can be restricted to pure
  function balanceOf(address _owner) constant returns (uint256 balance) {}
  ^----------------------------------------------------------------------^
/../data/reentrancy/solidity_contract/39817.sol:38:3: Warning: Function state mutability can be restricted to pure
  function transfer(address _to, uint256 _value) returns (bool success) {}
  ^----------------------------------------------------------------------^
/../data/reentrancy/solidity_contract/39817.sol:45:3: Warning: Function state mutability can be restricted to pure
  function transferFrom(address _from, address _to, uint256 _value) returns (bool success) {}
  ^-----------------------------------------------------------------------------------------^
/../data/reentrancy/solidity_contract/39817.sol:51:3: Warning: Function state mutability can be restricted to pure
  function approve(address _spender, uint256 _value) returns (bool success) {}
  ^--------------------------------------------------------------------------^
/../data/reentrancy/solidity_contract/39817.sol:56:3: Warning: Function state mutability can be restricted to pure
  function allowance(address _owner, address _spender) constant returns (uint256 remaining) {}
  ^------------------------------------------------------------------------------------------^
/../data/reentrancy/solidity_contract/39817.sol:21:3: Warning: Function state mutability can be restricted to pure
  function assert(bool assertion) internal {
  ^ (Relevant source part starts here and spans across multiple lines).
/../data/reentrancy/solidity_contract/39817.sol:254:9: Warning: Function declared as view, but this expression (potentially) modifies the state and thus requires non-payable (the default) or payable.
        assert(tokenManage[token].isValid);
        ^--------------------------------^
/../data/reentrancy/solidity_contract/39817.sol:264:35: Warning: Function declared as view, but this expression (potentially) modifies the state and thus requires non-payable (the default) or payable.
        price = safeAdd(basePrice,safeMul(priceScaleFactor,baseLiquidity/currentLiquidity));
                                  ^------------------------------------------------------^
/../data/reentrancy/solidity_contract/39817.sol:264:17: Warning: Function declared as view, but this expression (potentially) modifies the state and thus requires non-payable (the default) or payable.
        price = safeAdd(basePrice,safeMul(priceScaleFactor,baseLiquidity/currentLiquidity));
                ^-------------------------------------------------------------------------^
/../data/reentrancy/solidity_contract/39817.sol:274:9: Warning: Function declared as view, but this expression (potentially) modifies the state and thus requires non-payable (the default) or payable.
        assert(value != 0);
        ^----------------^
/../data/reentrancy/solidity_contract/39817.sol:278:17: Warning: Function declared as view, but this expression (potentially) modifies the state and thus requires non-payable (the default) or payable.
        value = safeMul(amount,currentPrice(token));
                ^---------------------------------^

INFO:Detectors:[91m
ProfitContainerAdapter.takeEtherProfits (/../data/reentrancy/solidity_contract/39817.sol#466-471) sends eth to arbitrary user
	Dangerous calls:
	- assert(profitContainerLocation.call.value(this.balance)()) (/../data/reentrancy/solidity_contract/39817.sol#470)
Reference: https://github.com/trailofbits/slither/wiki/Detectors-Documentation#functions-that-send-ether-to-arbitrary-destinations[0m
INFO:Detectors:[91m
ValueToken.decimals (/../data/reentrancy/solidity_contract/39817.sol#68) shadows:
	- Token.decimals (/../data/reentrancy/solidity_contract/39817.sol#61)
ValueToken.name (/../data/reentrancy/solidity_contract/39817.sol#67) shadows:
	- Token.name (/../data/reentrancy/solidity_contract/39817.sol#62)
Reference: https://github.com/trailofbits/slither/wiki/Detectors-Documentation#state-variable-shadowing[0m
INFO:Detectors:[91m
ValueTrader.die (/../data/reentrancy/solidity_contract/39817.sol#184-187) allows anyone to destruct the contract
Reference: https://github.com/trailofbits/slither/wiki/Detectors-Documentation#suicidal[0m
INFO:Detectors:[93m
ValueTrader.verifiedTransferFrom (/../data/reentrancy/solidity_contract/39817.sol#322-327) uses a dangerous strict equality:
	- assert((safeSub(balanceAfter,balanceBefore) == amount))
Reference: https://github.com/trailofbits/slither/wiki/Detectors-Documentation#dangerous-strict-equalities[0m
INFO:Detectors:[93m
Reentrancy in ValueTrader.buyEther (/../data/reentrancy/solidity_contract/39817.sol#300-305):
	External calls:
	- assert(valueToToken(etherContract,balances[msg.sender]) >= amount) (/../data/reentrancy/solidity_contract/39817.sol#301)
	- assert(destroyValue(msg.sender,tokenToValue(etherContract,amount))) (/../data/reentrancy/solidity_contract/39817.sol#302)
	State variables written after the call(s):
	- balances (/../data/reentrancy/solidity_contract/39817.sol#302)
Reentrancy in ValueTrader.buyToken (/../data/reentrancy/solidity_contract/39817.sol#288-293):
	External calls:
	- assert(! (valueToToken(token,balances[msg.sender]) < amount)) (/../data/reentrancy/solidity_contract/39817.sol#289)
	- assert(destroyValue(msg.sender,tokenToValue(token,amount))) (/../data/reentrancy/solidity_contract/39817.sol#290)
	State variables written after the call(s):
	- balances (/../data/reentrancy/solidity_contract/39817.sol#290)
Reentrancy in ShopKeeper.changeOwner (/../data/reentrancy/solidity_contract/39817.sol#408-414):
	External calls:
	- shop.changeOwner(owner_) (/../data/reentrancy/solidity_contract/39817.sol#411)
	State variables written after the call(s):
	- holderA (/../data/reentrancy/solidity_contract/39817.sol#413)
Reference: https://github.com/trailofbits/slither/wiki/Detectors-Documentation#reentrancy-vulnerabilities-1[0m
INFO:Detectors:[92m
SafeMath.assert (function @ /../data/reentrancy/solidity_contract/39817.sol#21-23) shadows built-in symbol "assert"
Reference: https://github.com/trailofbits/slither/wiki/Detectors-Documentation#builtin-symbol-shadowing[0m
INFO:Detectors:[92m
ValueToken.totalSupply.totalSupply (local variable @ /../data/reentrancy/solidity_contract/39817.sol#74) shadows:
	- ValueToken.totalSupply (function @ /../data/reentrancy/solidity_contract/39817.sol#74-76)
	- Token.totalSupply (function @ /../data/reentrancy/solidity_contract/39817.sol#28)
ValueTrader.currentPrice.currentLiquidity (local variable @ /../data/reentrancy/solidity_contract/39817.sol#258) shadows:
	- ValueTrader.currentLiquidity (function @ /../data/reentrancy/solidity_contract/39817.sol#268-270)
Reference: https://github.com/trailofbits/slither/wiki/Detectors-Documentation#local-variable-shadowing[0m
INFO:Detectors:[92m
Reentrancy in ValueTrader.quickTrade (/../data/reentrancy/solidity_contract/39817.sol#308-320):
	External calls:
	- tempInValue = safeAdd(tokenToValue(etherContract,msg.value),tokenToValue(tokenFrom,input)) (/../data/reentrancy/solidity_contract/39817.sol#311-312)
	State variables written after the call(s):
	- balances (/../data/reentrancy/solidity_contract/39817.sol#313)
	- supplyNow (/../data/reentrancy/solidity_contract/39817.sol#313)
Reference: https://github.com/trailofbits/slither/wiki/Detectors-Documentation#reentrancy-vulnerabilities-2[0m
INFO:Detectors:[92m
Token.decimals should be constant (/../data/reentrancy/solidity_contract/39817.sol#61)
Token.name should be constant (/../data/reentrancy/solidity_contract/39817.sol#62)
ValueToken.decimals should be constant (/../data/reentrancy/solidity_contract/39817.sol#68)
ValueToken.name should be constant (/../data/reentrancy/solidity_contract/39817.sol#67)
Reference: https://github.com/trailofbits/slither/wiki/Detectors-Documentation#state-variables-that-could-be-declared-constant[0m
INFO:Detectors:[92m
Deprecated standard detected @ /../data/reentrancy/solidity_contract/39817.sol#22:
	- Usage of "throw" should be replaced with "revert()"
Deprecated standard detected @ /../data/reentrancy/solidity_contract/39817.sol#354:
	- Usage of "throw" should be replaced with "revert()"
Reference: https://github.com/trailofbits/slither/wiki/Detectors-Documentation#deprecated-standards[0m
INFO:Detectors:[92m
Token.totalSupply (/../data/reentrancy/solidity_contract/39817.sol#28) should be declared external
ValueToken.totalSupply (/../data/reentrancy/solidity_contract/39817.sol#74-76) should be declared external
ValueToken.transfer (/../data/reentrancy/solidity_contract/39817.sol#82-90) should be declared external
Token.transfer (/../data/reentrancy/solidity_contract/39817.sol#38) should be declared external
ValueToken.transferFrom (/../data/reentrancy/solidity_contract/39817.sol#92-100) should be declared external
Token.transferFrom (/../data/reentrancy/solidity_contract/39817.sol#45) should be declared external
ValueToken.approve (/../data/reentrancy/solidity_contract/39817.sol#102-108) should be declared external
Token.approve (/../data/reentrancy/solidity_contract/39817.sol#51) should be declared external
Token.allowance (/../data/reentrancy/solidity_contract/39817.sol#56) should be declared external
ValueToken.allowance (/../data/reentrancy/solidity_contract/39817.sol#110-112) should be declared external
ValueTrader.fallback (/../data/reentrancy/solidity_contract/39817.sol#135-138) should be declared external
ValueTrader.toggleDrain (/../data/reentrancy/solidity_contract/39817.sol#174-176) should be declared external
ValueTrader.toggleBurn (/../data/reentrancy/solidity_contract/39817.sol#178-182) should be declared external
ValueTrader.die (/../data/reentrancy/solidity_contract/39817.sol#184-187) should be declared external
ValueTrader.validateToken (/../data/reentrancy/solidity_contract/39817.sol#189-196) should be declared external
ValueTrader.configureTokenDividend (/../data/reentrancy/solidity_contract/39817.sol#198-203) should be declared external
ValueTrader.callDividend (/../data/reentrancy/solidity_contract/39817.sol#205-212) should be declared external
ValueTrader.invalidateToken (/../data/reentrancy/solidity_contract/39817.sol#214-216) should be declared external
ValueTrader.changeOwner (/../data/reentrancy/solidity_contract/39817.sol#218-220) should be declared external
ValueTrader.changeFee (/../data/reentrancy/solidity_contract/39817.sol#222-224) should be declared external
ValueTrader.changeEtherContract (/../data/reentrancy/solidity_contract/39817.sol#226-228) should be declared external
ValueTrader.currentLiquidity (/../data/reentrancy/solidity_contract/39817.sol#268-270) should be declared external
ValueTrader.sellToken (/../data/reentrancy/solidity_contract/39817.sol#281-286) should be declared external
ValueTrader.buyToken (/../data/reentrancy/solidity_contract/39817.sol#288-293) should be declared external
ValueTrader.sellEther (/../data/reentrancy/solidity_contract/39817.sol#295-298) should be declared external
ValueTrader.buyEther (/../data/reentrancy/solidity_contract/39817.sol#300-305) should be declared external
ValueTrader.quickTrade (/../data/reentrancy/solidity_contract/39817.sol#308-320) should be declared external
ShopKeeper.fallback (/../data/reentrancy/solidity_contract/39817.sol#352-355) should be declared external
ShopKeeper.giveAwayOwnership (/../data/reentrancy/solidity_contract/39817.sol#363-369) should be declared external
ShopKeeper.splitProfits (/../data/reentrancy/solidity_contract/39817.sol#371-376) should be declared external
ShopKeeper.toggleDrain (/../data/reentrancy/solidity_contract/39817.sol#380-382) should be declared external
ShopKeeper.toggleBurn (/../data/reentrancy/solidity_contract/39817.sol#384-386) should be declared external
ShopKeeper.die (/../data/reentrancy/solidity_contract/39817.sol#388-390) should be declared external
ShopKeeper.validateToken (/../data/reentrancy/solidity_contract/39817.sol#392-394) should be declared external
ShopKeeper.configureTokenDividend (/../data/reentrancy/solidity_contract/39817.sol#396-398) should be declared external
ShopKeeper.callDividend (/../data/reentrancy/solidity_contract/39817.sol#400-402) should be declared external
ShopKeeper.invalidateToken (/../data/reentrancy/solidity_contract/39817.sol#404-406) should be declared external
ShopKeeper.changeOwner (/../data/reentrancy/solidity_contract/39817.sol#408-414) should be declared external
ShopKeeper.changeShop (/../data/reentrancy/solidity_contract/39817.sol#416-421) should be declared external
ShopKeeper.changeFee (/../data/reentrancy/solidity_contract/39817.sol#423-425) should be declared external
ShopKeeper.changeEtherContract (/../data/reentrancy/solidity_contract/39817.sol#427-429) should be declared external
ProfitContainerAdapter.changeShop (/../data/reentrancy/solidity_contract/39817.sol#445-447) should be declared external
ProfitContainerAdapter.changeKeeper (/../data/reentrancy/solidity_contract/39817.sol#450-452) should be declared external
ProfitContainerAdapter.changeContainer (/../data/reentrancy/solidity_contract/39817.sol#455-457) should be declared external
ProfitContainerAdapter.takeEtherProfits (/../data/reentrancy/solidity_contract/39817.sol#466-471) should be declared external
ProfitContainerAdapter.takeTokenProfits (/../data/reentrancy/solidity_contract/39817.sol#474-479) should be declared external
ProfitContainerAdapter.giveAwayHoldership (/../data/reentrancy/solidity_contract/39817.sol#481-483) should be declared external
ProfitContainerAdapter.giveAwayOwnership (/../data/reentrancy/solidity_contract/39817.sol#485-487) should be declared external
Reference: https://github.com/trailofbits/slither/wiki/Detectors-Documentation#public-function-that-could-be-declared-as-external[0m
INFO:Detectors:[92m
Detected issues with version pragma in /../data/reentrancy/solidity_contract/39817.sol:
	- pragma solidity^0.4.0 (/../data/reentrancy/solidity_contract/39817.sol#1): it allows old versions
Reference: https://github.com/trailofbits/slither/wiki/Detectors-Documentation#incorrect-version-of-solidity[0m
INFO:Detectors:[92m
Low level call in ValueTrader.callDividend (/../data/reentrancy/solidity_contract/39817.sol#205-212):
	-assert(tokenManage[token_].divContractAddress.call.value(0)(tokenManage[token_].divData)) /../data/reentrancy/solidity_contract/39817.sol#211
Low level call in ValueTrader.buyEther (/../data/reentrancy/solidity_contract/39817.sol#300-305):
	-assert(msg.sender.call.value(amount)()) /../data/reentrancy/solidity_contract/39817.sol#303
Low level call in ValueTrader.quickTrade (/../data/reentrancy/solidity_contract/39817.sol#308-320):
	-assert(msg.sender.call.value(outValue)()) /../data/reentrancy/solidity_contract/39817.sol#317
Low level call in ProfitContainerAdapter.takeEtherProfits (/../data/reentrancy/solidity_contract/39817.sol#466-471):
	-assert(profitContainerLocation.call.value(this.balance)()) /../data/reentrancy/solidity_contract/39817.sol#470
Reference: https://github.com/trailofbits/slither/wiki/Detectors-Documentation#low-level-calls[0m
INFO:Detectors:[92m
Parameter '_owner' of ValueToken.balanceOf (/../data/reentrancy/solidity_contract/39817.sol#78) is not in mixedCase
Parameter '_to' of ValueToken.transfer (/../data/reentrancy/solidity_contract/39817.sol#82) is not in mixedCase
Parameter '_value' of ValueToken.transfer (/../data/reentrancy/solidity_contract/39817.sol#82) is not in mixedCase
Parameter '_from' of ValueToken.transferFrom (/../data/reentrancy/solidity_contract/39817.sol#92) is not in mixedCase
Parameter '_to' of ValueToken.transferFrom (/../data/reentrancy/solidity_contract/39817.sol#92) is not in mixedCase
Parameter '_value' of ValueToken.transferFrom (/../data/reentrancy/solidity_contract/39817.sol#92) is not in mixedCase
Parameter '_spender' of ValueToken.approve (/../data/reentrancy/solidity_contract/39817.sol#102) is not in mixedCase
Parameter '_value' of ValueToken.approve (/../data/reentrancy/solidity_contract/39817.sol#102) is not in mixedCase
Parameter '_owner' of ValueToken.allowance (/../data/reentrancy/solidity_contract/39817.sol#110) is not in mixedCase
Parameter '_spender' of ValueToken.allowance (/../data/reentrancy/solidity_contract/39817.sol#110) is not in mixedCase
Parameter '_owner' of ValueToken.createValue (/../data/reentrancy/solidity_contract/39817.sol#114) is not in mixedCase
Parameter '_value' of ValueToken.createValue (/../data/reentrancy/solidity_contract/39817.sol#114) is not in mixedCase
Parameter '_owner' of ValueToken.destroyValue (/../data/reentrancy/solidity_contract/39817.sol#120) is not in mixedCase
Parameter '_value' of ValueToken.destroyValue (/../data/reentrancy/solidity_contract/39817.sol#120) is not in mixedCase
Function 'ValueTrader.ValueTrader' (/../data/reentrancy/solidity_contract/39817.sol#234-238) is not in mixedCase
Function 'ShopKeeper.ShopKeeper' (/../data/reentrancy/solidity_contract/39817.sol#357-361) is not in mixedCase
Function 'ProfitContainerAdapter.ProfitContainerAdapter' (/../data/reentrancy/solidity_contract/39817.sol#459-464) is not in mixedCase
Reference: https://github.com/trailofbits/slither/wiki/Detectors-Documentation#conformance-to-solidity-naming-conventions[0m
INFO:Detectors:[92m
ValueToken.decimals (/../data/reentrancy/solidity_contract/39817.sol#68) is never used in ValueTrader
ValueToken.name (/../data/reentrancy/solidity_contract/39817.sol#67) is never used in ValueTrader
Reference: https://github.com/trailofbits/slither/wiki/Detectors-Documentation#unused-state-variables[0m
INFO:Slither:/../data/reentrancy/solidity_contract/39817.sol analyzed (6 contracts), 86 result(s) found