INFO:Slither:Compilation warnings/errors on /../data/reentrancy/solidity_contract/38724.sol:
/../data/reentrancy/solidity_contract/38724.sol:11:3: Warning: Defining constructors as functions with the same name as the contract is deprecated. Use "constructor(...) { ... }" instead.
  function Ownable() {
  ^ (Relevant source part starts here and spans across multiple lines).
/../data/reentrancy/solidity_contract/38724.sol:19:7: Warning: "throw" is deprecated in favour of "revert()", "require()" and "assert()".
      throw;
      ^---^
/../data/reentrancy/solidity_contract/38724.sol:143:51: Warning: "throw" is deprecated in favour of "revert()", "require()" and "assert()".
        if(!owner.send(msg.value - issuedTokens)) throw;
                                                  ^---^
/../data/reentrancy/solidity_contract/38724.sol:145:78: Warning: "throw" is deprecated in favour of "revert()", "require()" and "assert()".
        if(!fundraiserAddress.call.value(issuedTokens)(fundraiserCallData))  throw;
                                                                             ^---^
/../data/reentrancy/solidity_contract/38724.sol:179:17: Warning: "throw" is deprecated in favour of "revert()", "require()" and "assert()".
                throw;
                ^---^
/../data/reentrancy/solidity_contract/38724.sol:215:17: Warning: "throw" is deprecated in favour of "revert()", "require()" and "assert()".
                throw;
                ^---^
/../data/reentrancy/solidity_contract/38724.sol:87:13: Warning: Invoking events without "emit" prefix is deprecated.
            Transfer(msg.sender, _to, _value);
            ^-------------------------------^
/../data/reentrancy/solidity_contract/38724.sol:99:13: Warning: Invoking events without "emit" prefix is deprecated.
            Transfer(_from, _to, _value);
            ^--------------------------^
/../data/reentrancy/solidity_contract/38724.sol:110:9: Warning: Invoking events without "emit" prefix is deprecated.
        Approval(msg.sender, _spender, _value);
        ^------------------------------------^
/../data/reentrancy/solidity_contract/38724.sol:163:9: Warning: Invoking events without "emit" prefix is deprecated.
        requestedRedeem(msg.sender, _amount);
        ^----------------------------------^
/../data/reentrancy/solidity_contract/38724.sol:168:9: Warning: Invoking events without "emit" prefix is deprecated.
        redeemed(msg.sender, _amount);
        ^---------------------------^
/../data/reentrancy/solidity_contract/38724.sol:11:3: Warning: No visibility specified. Defaulting to "public". 
  function Ownable() {
  ^ (Relevant source part starts here and spans across multiple lines).
/../data/reentrancy/solidity_contract/38724.sol:26:3: Warning: No visibility specified. Defaulting to "public". 
  function transferOwnership(address newOwner) onlyOwner {
  ^ (Relevant source part starts here and spans across multiple lines).
/../data/reentrancy/solidity_contract/38724.sol:44:5: Warning: No visibility specified. Defaulting to "public". 
    function balanceOf(address _owner) constant returns (uint256 balance);
    ^--------------------------------------------------------------------^
/../data/reentrancy/solidity_contract/38724.sol:50:5: Warning: No visibility specified. Defaulting to "public". 
    function transfer(address _to, uint256 _value) returns (bool success);
    ^--------------------------------------------------------------------^
/../data/reentrancy/solidity_contract/38724.sol:57:5: Warning: No visibility specified. Defaulting to "public". 
    function transferFrom(address _from, address _to, uint256 _value) returns (bool success);
    ^---------------------------------------------------------------------------------------^
/../data/reentrancy/solidity_contract/38724.sol:63:5: Warning: No visibility specified. Defaulting to "public". 
    function approve(address _spender, uint256 _value) returns (bool success);
    ^------------------------------------------------------------------------^
/../data/reentrancy/solidity_contract/38724.sol:68:5: Warning: No visibility specified. Defaulting to "public". 
    function allowance(address _owner, address _spender) constant returns (uint256 remaining);
    ^----------------------------------------------------------------------------------------^
/../data/reentrancy/solidity_contract/38724.sol:79:5: Warning: No visibility specified. Defaulting to "public". 
    function transfer(address _to, uint256 _value) returns (bool success) {
    ^ (Relevant source part starts here and spans across multiple lines).
/../data/reentrancy/solidity_contract/38724.sol:92:5: Warning: No visibility specified. Defaulting to "public". 
    function transferFrom(address _from, address _to, uint256 _value) returns (bool success) {
    ^ (Relevant source part starts here and spans across multiple lines).
/../data/reentrancy/solidity_contract/38724.sol:104:5: Warning: No visibility specified. Defaulting to "public". 
    function balanceOf(address _owner) constant returns (uint256 balance) {
    ^ (Relevant source part starts here and spans across multiple lines).
/../data/reentrancy/solidity_contract/38724.sol:108:5: Warning: No visibility specified. Defaulting to "public". 
    function approve(address _spender, uint256 _value) returns (bool success) {
    ^ (Relevant source part starts here and spans across multiple lines).
/../data/reentrancy/solidity_contract/38724.sol:114:5: Warning: No visibility specified. Defaulting to "public". 
    function allowance(address _owner, address _spender) constant returns (uint256 remaining) {
    ^ (Relevant source part starts here and spans across multiple lines).
/../data/reentrancy/solidity_contract/38724.sol:140:5: Warning: No visibility specified. Defaulting to "public". 
    function() payable {
    ^ (Relevant source part starts here and spans across multiple lines).
/../data/reentrancy/solidity_contract/38724.sol:152:5: Warning: No visibility specified. Defaulting to "public". 
    function setFundraiserAddress(address _fundraiserAddress) onlyOwner {
    ^ (Relevant source part starts here and spans across multiple lines).
/../data/reentrancy/solidity_contract/38724.sol:157:5: Warning: No visibility specified. Defaulting to "public". 
    function setFundraiserCallData(string _fundraiserCallData) onlyOwner {
    ^ (Relevant source part starts here and spans across multiple lines).
/../data/reentrancy/solidity_contract/38724.sol:162:5: Warning: No visibility specified. Defaulting to "public". 
    function requestRedeem(uint _amount) {
    ^ (Relevant source part starts here and spans across multiple lines).
/../data/reentrancy/solidity_contract/38724.sol:167:5: Warning: No visibility specified. Defaulting to "public". 
    function redeem(uint _amount) onlyOwner{
    ^ (Relevant source part starts here and spans across multiple lines).
/../data/reentrancy/solidity_contract/38724.sol:173:5: Warning: No visibility specified. Defaulting to "public". 
    function hexStrToBytes(string _hexString) constant returns (bytes) {
    ^ (Relevant source part starts here and spans across multiple lines).
/../data/reentrancy/solidity_contract/38724.sol:173:5: Warning: Function state mutability can be restricted to pure
    function hexStrToBytes(string _hexString) constant returns (bytes) {
    ^ (Relevant source part starts here and spans across multiple lines).

INFO:Detectors:[92m
Reentrancy in ERC20nator.fallback (/../data/reentrancy/solidity_contract/38724.sol#140-149):
	External calls:
	- ! fundraiserAddress.call.value(issuedTokens)(fundraiserCallData) (/../data/reentrancy/solidity_contract/38724.sol#145)
	External calls sending eth:
	- ! owner.send(msg.value - issuedTokens) (/../data/reentrancy/solidity_contract/38724.sol#143)
	- ! fundraiserAddress.call.value(issuedTokens)(fundraiserCallData) (/../data/reentrancy/solidity_contract/38724.sol#145)
	State variables written after the call(s):
	- balances (/../data/reentrancy/solidity_contract/38724.sol#148)
	- totalSupply (/../data/reentrancy/solidity_contract/38724.sol#147)
Reference: https://github.com/trailofbits/slither/wiki/Detectors-Documentation#reentrancy-vulnerabilities-2[0m
INFO:Detectors:[92m
Deprecated standard detected @ /../data/reentrancy/solidity_contract/38724.sol#19:
	- Usage of "throw" should be replaced with "revert()"
Deprecated standard detected @ /../data/reentrancy/solidity_contract/38724.sol#143:
	- Usage of "throw" should be replaced with "revert()"
Deprecated standard detected @ /../data/reentrancy/solidity_contract/38724.sol#145:
	- Usage of "throw" should be replaced with "revert()"
Deprecated standard detected @ /../data/reentrancy/solidity_contract/38724.sol#179:
	- Usage of "throw" should be replaced with "revert()"
Deprecated standard detected @ /../data/reentrancy/solidity_contract/38724.sol#215:
	- Usage of "throw" should be replaced with "revert()"
Reference: https://github.com/trailofbits/slither/wiki/Detectors-Documentation#deprecated-standards[0m
INFO:Detectors:[92m
Ownable.transferOwnership (/../data/reentrancy/solidity_contract/38724.sol#26-30) should be declared external
Token.balanceOf (/../data/reentrancy/solidity_contract/38724.sol#44) should be declared external
StandardToken.balanceOf (/../data/reentrancy/solidity_contract/38724.sol#104-106) should be declared external
StandardToken.transfer (/../data/reentrancy/solidity_contract/38724.sol#79-90) should be declared external
Token.transfer (/../data/reentrancy/solidity_contract/38724.sol#50) should be declared external
Token.transferFrom (/../data/reentrancy/solidity_contract/38724.sol#57) should be declared external
StandardToken.transferFrom (/../data/reentrancy/solidity_contract/38724.sol#92-102) should be declared external
Token.approve (/../data/reentrancy/solidity_contract/38724.sol#63) should be declared external
StandardToken.approve (/../data/reentrancy/solidity_contract/38724.sol#108-112) should be declared external
Token.allowance (/../data/reentrancy/solidity_contract/38724.sol#68) should be declared external
StandardToken.allowance (/../data/reentrancy/solidity_contract/38724.sol#114-116) should be declared external
ERC20nator.fallback (/../data/reentrancy/solidity_contract/38724.sol#140-149) should be declared external
ERC20nator.setFundraiserAddress (/../data/reentrancy/solidity_contract/38724.sol#152-154) should be declared external
ERC20nator.setFundraiserCallData (/../data/reentrancy/solidity_contract/38724.sol#157-159) should be declared external
ERC20nator.requestRedeem (/../data/reentrancy/solidity_contract/38724.sol#162-164) should be declared external
ERC20nator.redeem (/../data/reentrancy/solidity_contract/38724.sol#167-169) should be declared external
Reference: https://github.com/trailofbits/slither/wiki/Detectors-Documentation#public-function-that-could-be-declared-as-external[0m
INFO:Detectors:[92m
Detected issues with version pragma in /../data/reentrancy/solidity_contract/38724.sol:
	- pragma solidity^0.4.11 (/../data/reentrancy/solidity_contract/38724.sol#1): it allows old versions
Reference: https://github.com/trailofbits/slither/wiki/Detectors-Documentation#incorrect-version-of-solidity[0m
INFO:Detectors:[92m
Low level call in ERC20nator.fallback (/../data/reentrancy/solidity_contract/38724.sol#140-149):
	-! fundraiserAddress.call.value(issuedTokens)(fundraiserCallData) /../data/reentrancy/solidity_contract/38724.sol#145
Reference: https://github.com/trailofbits/slither/wiki/Detectors-Documentation#low-level-calls[0m
INFO:Detectors:[92m
Function 'Ownable.Ownable' (/../data/reentrancy/solidity_contract/38724.sol#11-13) is not in mixedCase
Parameter '_owner' of StandardToken.balanceOf (/../data/reentrancy/solidity_contract/38724.sol#104) is not in mixedCase
Parameter '_to' of StandardToken.transfer (/../data/reentrancy/solidity_contract/38724.sol#79) is not in mixedCase
Parameter '_value' of StandardToken.transfer (/../data/reentrancy/solidity_contract/38724.sol#79) is not in mixedCase
Parameter '_from' of StandardToken.transferFrom (/../data/reentrancy/solidity_contract/38724.sol#92) is not in mixedCase
Parameter '_to' of StandardToken.transferFrom (/../data/reentrancy/solidity_contract/38724.sol#92) is not in mixedCase
Parameter '_value' of StandardToken.transferFrom (/../data/reentrancy/solidity_contract/38724.sol#92) is not in mixedCase
Parameter '_spender' of StandardToken.approve (/../data/reentrancy/solidity_contract/38724.sol#108) is not in mixedCase
Parameter '_value' of StandardToken.approve (/../data/reentrancy/solidity_contract/38724.sol#108) is not in mixedCase
Parameter '_owner' of StandardToken.allowance (/../data/reentrancy/solidity_contract/38724.sol#114) is not in mixedCase
Parameter '_spender' of StandardToken.allowance (/../data/reentrancy/solidity_contract/38724.sol#114) is not in mixedCase
Event 'ERC20nator.requestedRedeem' (/../data/reentrancy/solidity_contract/38724.sol#133) is not in CapWords
Event 'ERC20nator.redeemed' (/../data/reentrancy/solidity_contract/38724.sol#135) is not in CapWords
Parameter '_fundraiserAddress' of ERC20nator.setFundraiserAddress (/../data/reentrancy/solidity_contract/38724.sol#152) is not in mixedCase
Parameter '_fundraiserCallData' of ERC20nator.setFundraiserCallData (/../data/reentrancy/solidity_contract/38724.sol#157) is not in mixedCase
Parameter '_amount' of ERC20nator.requestRedeem (/../data/reentrancy/solidity_contract/38724.sol#162) is not in mixedCase
Parameter '_amount' of ERC20nator.redeem (/../data/reentrancy/solidity_contract/38724.sol#167) is not in mixedCase
Parameter '_hexString' of ERC20nator.hexStrToBytes (/../data/reentrancy/solidity_contract/38724.sol#173) is not in mixedCase
Constant 'ERC20nator.issueFeePercent' (/../data/reentrancy/solidity_contract/38724.sol#131) is not in UPPER_CASE_WITH_UNDERSCORES
Reference: https://github.com/trailofbits/slither/wiki/Detectors-Documentation#conformance-to-solidity-naming-conventions[0m
INFO:Slither:/../data/reentrancy/solidity_contract/38724.sol analyzed (4 contracts), 43 result(s) found