INFO:Slither:Compilation warnings/errors on /../data/reentrancy/solidity_contract/14741.sol:
/../data/reentrancy/solidity_contract/14741.sol:66:2: Warning: Defining constructors as functions with the same name as the contract is deprecated. Use "constructor(...) { ... }" instead.
	function Ownable()public {
 ^ (Relevant source part starts here and spans across multiple lines).
/../data/reentrancy/solidity_contract/14741.sol:106:2: Warning: Defining constructors as functions with the same name as the contract is deprecated. Use "constructor(...) { ... }" instead.
	function RefundVault(address _wallet) public {
 ^ (Relevant source part starts here and spans across multiple lines).
/../data/reentrancy/solidity_contract/14741.sol:167:5: Warning: Defining constructors as functions with the same name as the contract is deprecated. Use "constructor(...) { ... }" instead.
    function BonusScheme() public {
    ^ (Relevant source part starts here and spans across multiple lines).
/../data/reentrancy/solidity_contract/14741.sol:228:2: Warning: Defining constructors as functions with the same name as the contract is deprecated. Use "constructor(...) { ... }" instead.
	function StandardToken() public {
 ^ (Relevant source part starts here and spans across multiple lines).
/../data/reentrancy/solidity_contract/14741.sol:37:3: Warning: Functions in interfaces should be declared external.
  function balanceOf(address who) view returns (uint256);
  ^-----------------------------------------------------^
/../data/reentrancy/solidity_contract/14741.sol:38:3: Warning: Functions in interfaces should be declared external.
  function transfer(address to, uint256 value) returns (bool);
  ^----------------------------------------------------------^
/../data/reentrancy/solidity_contract/14741.sol:39:3: Warning: Functions in interfaces should be declared external.
  function allowance(address owner, address spender) view returns (uint256);
  ^------------------------------------------------------------------------^
/../data/reentrancy/solidity_contract/14741.sol:40:3: Warning: Functions in interfaces should be declared external.
  function transferFrom(address from, address to, uint256 value) returns (bool);
  ^----------------------------------------------------------------------------^
/../data/reentrancy/solidity_contract/14741.sol:41:3: Warning: Functions in interfaces should be declared external.
  function approve(address spender, uint256 value) returns (bool);
  ^--------------------------------------------------------------^
/../data/reentrancy/solidity_contract/14741.sol:48:5: Warning: Functions in interfaces should be declared external.
    function transfer(address to, uint value, bytes data) returns (bool);
    ^-------------------------------------------------------------------^
/../data/reentrancy/solidity_contract/14741.sol:490:35: Warning: This function only accepts a single "bytes" argument. Please use "abi.encodePacked(...)" or a similar function to encode the data.
		assert(_to.call.value(0)(bytes4(keccak256(_custom_fallback)), msg.sender, _value, _data));
		                                ^-------------------------^
/../data/reentrancy/solidity_contract/14741.sol:490:35: Warning: The provided argument of type string memory is not implicitly convertible to expected type bytes memory.
		assert(_to.call.value(0)(bytes4(keccak256(_custom_fallback)), msg.sender, _value, _data));
		                                ^-------------------------^
/../data/reentrancy/solidity_contract/14741.sol:37:3: Warning: No visibility specified. Defaulting to "public". In interfaces it defaults to external.
  function balanceOf(address who) view returns (uint256);
  ^-----------------------------------------------------^
/../data/reentrancy/solidity_contract/14741.sol:38:3: Warning: No visibility specified. Defaulting to "public". In interfaces it defaults to external.
  function transfer(address to, uint256 value) returns (bool);
  ^----------------------------------------------------------^
/../data/reentrancy/solidity_contract/14741.sol:39:3: Warning: No visibility specified. Defaulting to "public". In interfaces it defaults to external.
  function allowance(address owner, address spender) view returns (uint256);
  ^------------------------------------------------------------------------^
/../data/reentrancy/solidity_contract/14741.sol:40:3: Warning: No visibility specified. Defaulting to "public". In interfaces it defaults to external.
  function transferFrom(address from, address to, uint256 value) returns (bool);
  ^----------------------------------------------------------------------------^
/../data/reentrancy/solidity_contract/14741.sol:41:3: Warning: No visibility specified. Defaulting to "public". In interfaces it defaults to external.
  function approve(address spender, uint256 value) returns (bool);
  ^--------------------------------------------------------------^
/../data/reentrancy/solidity_contract/14741.sol:48:5: Warning: No visibility specified. Defaulting to "public". In interfaces it defaults to external.
    function transfer(address to, uint value, bytes data) returns (bool);
    ^-------------------------------------------------------------------^
/../data/reentrancy/solidity_contract/14741.sol:326:33: Warning: Unused function parameter. Remove or comment out the variable name to silence this warning.
	function _postValidatePurchase(address _beneficiary, uint256 _weiAmount) internal pure {
	                               ^------------------^
/../data/reentrancy/solidity_contract/14741.sol:326:55: Warning: Unused function parameter. Remove or comment out the variable name to silence this warning.
	function _postValidatePurchase(address _beneficiary, uint256 _weiAmount) internal pure {
	                                                     ^----------------^
/../data/reentrancy/solidity_contract/14741.sol:356:34: Warning: Unused function parameter. Remove or comment out the variable name to silence this warning.
	function _updatePurchasingState(address _beneficiary, uint256 _weiAmount) internal {
	                                ^------------------^
/../data/reentrancy/solidity_contract/14741.sol:356:56: Warning: Unused function parameter. Remove or comment out the variable name to silence this warning.
	function _updatePurchasingState(address _beneficiary, uint256 _weiAmount) internal {
	                                                      ^----------------^
/../data/reentrancy/solidity_contract/14741.sol:356:2: Warning: Function state mutability can be restricted to pure
	function _updatePurchasingState(address _beneficiary, uint256 _weiAmount) internal {
 ^ (Relevant source part starts here and spans across multiple lines).

INFO:Detectors:[93m
StandardToken.isContract (/../data/reentrancy/solidity_contract/14741.sol#456-463) is declared view but contains assembly code
Reference: https://github.com/trailofbits/slither/wiki/Detectors-Documentation#constant-functions-changing-the-state[0m
INFO:Detectors:[93m
Reentrancy in StandardToken.buyTokens (/../data/reentrancy/solidity_contract/14741.sol#292-312):
	External calls:
	- _processPurchase(_beneficiary,tokens) (/../data/reentrancy/solidity_contract/14741.sol#301)
	- _processBonus(_beneficiary,tokens) (/../data/reentrancy/solidity_contract/14741.sol#303)
	State variables written after the call(s):
	- balances (/../data/reentrancy/solidity_contract/14741.sol#303)
	- tokensSold (/../data/reentrancy/solidity_contract/14741.sol#303)
Reentrancy in StandardToken.finalize (/../data/reentrancy/solidity_contract/14741.sol#560-568):
	External calls:
	- finalization() (/../data/reentrancy/solidity_contract/14741.sol#563)
	- withdrawTokens() (/../data/reentrancy/solidity_contract/14741.sol#565)
	State variables written after the call(s):
	- crowdsaleClosed (/../data/reentrancy/solidity_contract/14741.sol#567)
Reentrancy in StandardToken.withdrawTokens (/../data/reentrancy/solidity_contract/14741.sol#521-530):
	External calls:
	- require(bool)(this.transfer(owner,balances[this])) (/../data/reentrancy/solidity_contract/14741.sol#522)
	State variables written after the call(s):
	- balances (/../data/reentrancy/solidity_contract/14741.sol#524)
	- balances (/../data/reentrancy/solidity_contract/14741.sol#526)
Reference: https://github.com/trailofbits/slither/wiki/Detectors-Documentation#reentrancy-vulnerabilities-1[0m
INFO:Detectors:[93m
StandardToken._deliverTokens (/../data/reentrancy/solidity_contract/14741.sol#331-333) does not use the value returned by external calls:
	-this.transfer(_beneficiary,_tokenAmount) (/../data/reentrancy/solidity_contract/14741.sol#332)
Reference: https://github.com/trailofbits/slither/wiki/Detectors-Documentation#unused-return[0m
INFO:Detectors:[92m
Reentrancy in StandardToken._processBonus (/../data/reentrancy/solidity_contract/14741.sol#341-353):
	External calls:
	- bonusTokens = bonusScheme.getBonusTokens(_tokenAmount) (/../data/reentrancy/solidity_contract/14741.sol#342)
	State variables written after the call(s):
	- balances (/../data/reentrancy/solidity_contract/14741.sol#347)
	- balances (/../data/reentrancy/solidity_contract/14741.sol#348)
	- tokensSold (/../data/reentrancy/solidity_contract/14741.sol#351)
Reference: https://github.com/trailofbits/slither/wiki/Detectors-Documentation#reentrancy-vulnerabilities-2[0m
INFO:Detectors:[92m
BonusScheme.getBonusTokens (/../data/reentrancy/solidity_contract/14741.sol#172-186) uses timestamp for comparisons
	Dangerous comparisons:
	- block.timestamp >= startOfFirstBonus && block.timestamp <= endOfFirstBonus (/../data/reentrancy/solidity_contract/14741.sol#173-183)
	- block.timestamp >= startOfSecondBonus && block.timestamp <= endOfSecondBonus (/../data/reentrancy/solidity_contract/14741.sol#175-183)
	- block.timestamp >= startOfThirdBonus && block.timestamp <= endOfThirdBonus (/../data/reentrancy/solidity_contract/14741.sol#177-183)
	- block.timestamp >= startOfFourthBonus && block.timestamp <= endOfFourthBonus (/../data/reentrancy/solidity_contract/14741.sol#179-183)
	- block.timestamp >= startOfFifthBonus && block.timestamp <= endOfFifthBonus (/../data/reentrancy/solidity_contract/14741.sol#181-183)
StandardToken._preValidatePurchase (/../data/reentrancy/solidity_contract/14741.sol#319-323) uses timestamp for comparisons
	Dangerous comparisons:
	- require(bool)(! crowdsaleClosed && block.timestamp >= start && block.timestamp <= end) (/../data/reentrancy/solidity_contract/14741.sol#322)
Reference: https://github.com/trailofbits/slither/wiki/Detectors-Documentation#block-timestamp[0m
INFO:Detectors:[92m
StandardToken.isContract uses assembly (/../data/reentrancy/solidity_contract/14741.sol#456-463)
	- /../data/reentrancy/solidity_contract/14741.sol#458-462
Reference: https://github.com/trailofbits/slither/wiki/Detectors-Documentation#assembly-usage[0m
INFO:Detectors:[92m
BonusScheme.fifthBonus should be constant (/../data/reentrancy/solidity_contract/14741.sol#163)
BonusScheme.firstBonus should be constant (/../data/reentrancy/solidity_contract/14741.sol#159)
BonusScheme.fourthBonus should be constant (/../data/reentrancy/solidity_contract/14741.sol#162)
BonusScheme.secondBonus should be constant (/../data/reentrancy/solidity_contract/14741.sol#160)
BonusScheme.startOfFirstBonus should be constant (/../data/reentrancy/solidity_contract/14741.sol#147)
BonusScheme.thirdBonus should be constant (/../data/reentrancy/solidity_contract/14741.sol#161)
Reference: https://github.com/trailofbits/slither/wiki/Detectors-Documentation#state-variables-that-could-be-declared-constant[0m
INFO:Detectors:[92m
Different versions of Solidity is used in /../data/reentrancy/solidity_contract/14741.sol:
	- Version used: ['^0.4.10', '^0.4.21']
	- /../data/reentrancy/solidity_contract/14741.sol#1 declares pragma solidity^0.4.21
	- /../data/reentrancy/solidity_contract/14741.sol#3 declares pragma solidity^0.4.10
	- /../data/reentrancy/solidity_contract/14741.sol#34 declares pragma solidity^0.4.10
	- /../data/reentrancy/solidity_contract/14741.sol#45 declares pragma solidity^0.4.10
	- /../data/reentrancy/solidity_contract/14741.sol#51 declares pragma solidity^0.4.10
	- /../data/reentrancy/solidity_contract/14741.sol#57 declares pragma solidity^0.4.21
	- /../data/reentrancy/solidity_contract/14741.sol#85 declares pragma solidity^0.4.21
	- /../data/reentrancy/solidity_contract/14741.sol#140 declares pragma solidity^0.4.21
Reference: https://github.com/trailofbits/slither/wiki/Detectors-Documentation#different-pragma-directives-are-used[0m
INFO:Detectors:[92m
StandardToken.transfer (/../data/reentrancy/solidity_contract/14741.sol#374-384) should be declared external
ERC20.transfer (/../data/reentrancy/solidity_contract/14741.sol#38) should be declared external
StandardToken.allowance (/../data/reentrancy/solidity_contract/14741.sol#412-414) should be declared external
ERC20.allowance (/../data/reentrancy/solidity_contract/14741.sol#39) should be declared external
StandardToken.transferFrom (/../data/reentrancy/solidity_contract/14741.sol#392-404) should be declared external
ERC20.transferFrom (/../data/reentrancy/solidity_contract/14741.sol#40) should be declared external
ERC20.approve (/../data/reentrancy/solidity_contract/14741.sol#41) should be declared external
StandardToken.approve (/../data/reentrancy/solidity_contract/14741.sol#406-410) should be declared external
ERC223.transfer (/../data/reentrancy/solidity_contract/14741.sol#48) should be declared external
StandardToken.transfer (/../data/reentrancy/solidity_contract/14741.sol#445-454) should be declared external
ERC223ReceivingContract.tokenFallback (/../data/reentrancy/solidity_contract/14741.sol#54) should be declared external
Ownable.transferOwnership (/../data/reentrancy/solidity_contract/14741.sol#77-81) should be declared external
RefundVault.deposit (/../data/reentrancy/solidity_contract/14741.sol#113-116) should be declared external
RefundVault.close (/../data/reentrancy/solidity_contract/14741.sol#118-123) should be declared external
RefundVault.enableRefunds (/../data/reentrancy/solidity_contract/14741.sol#125-129) should be declared external
RefundVault.refund (/../data/reentrancy/solidity_contract/14741.sol#132-138) should be declared external
BonusScheme.getBonusTokens (/../data/reentrancy/solidity_contract/14741.sol#172-186) should be declared external
StandardToken.name (/../data/reentrancy/solidity_contract/14741.sol#264-266) should be declared external
StandardToken.symbol (/../data/reentrancy/solidity_contract/14741.sol#268-270) should be declared external
StandardToken.decimals (/../data/reentrancy/solidity_contract/14741.sol#272-274) should be declared external
StandardToken.totalSupply (/../data/reentrancy/solidity_contract/14741.sol#276-278) should be declared external
StandardToken.increaseApproval (/../data/reentrancy/solidity_contract/14741.sol#416-420) should be declared external
StandardToken.decreaseApproval (/../data/reentrancy/solidity_contract/14741.sol#422-431) should be declared external
StandardToken.transfer (/../data/reentrancy/solidity_contract/14741.sol#434-442) should be declared external
StandardToken.setPreICOSoldAmount (/../data/reentrancy/solidity_contract/14741.sol#495-498) should be declared external
StandardToken.freezeAccount (/../data/reentrancy/solidity_contract/14741.sol#503-506) should be declared external
StandardToken.burn (/../data/reentrancy/solidity_contract/14741.sol#509-516) should be declared external
StandardToken.transferAnyERC20Token (/../data/reentrancy/solidity_contract/14741.sol#533-535) should be declared external
StandardToken.claimRefund (/../data/reentrancy/solidity_contract/14741.sol#538-543) should be declared external
StandardToken.finalize (/../data/reentrancy/solidity_contract/14741.sol#560-568) should be declared external
Reference: https://github.com/trailofbits/slither/wiki/Detectors-Documentation#public-function-that-could-be-declared-as-external[0m
INFO:Detectors:[92m
Detected issues with version pragma in /../data/reentrancy/solidity_contract/14741.sol:
	- pragma solidity^0.4.21 (/../data/reentrancy/solidity_contract/14741.sol#1): it allows old versions
	- pragma solidity^0.4.10 (/../data/reentrancy/solidity_contract/14741.sol#3): it allows old versions
	- pragma solidity^0.4.10 (/../data/reentrancy/solidity_contract/14741.sol#34): it allows old versions
	- pragma solidity^0.4.10 (/../data/reentrancy/solidity_contract/14741.sol#45): it allows old versions
	- pragma solidity^0.4.10 (/../data/reentrancy/solidity_contract/14741.sol#51): it allows old versions
	- pragma solidity^0.4.21 (/../data/reentrancy/solidity_contract/14741.sol#57): it allows old versions
	- pragma solidity^0.4.21 (/../data/reentrancy/solidity_contract/14741.sol#85): it allows old versions
	- pragma solidity^0.4.21 (/../data/reentrancy/solidity_contract/14741.sol#140): it allows old versions
Reference: https://github.com/trailofbits/slither/wiki/Detectors-Documentation#incorrect-version-of-solidity[0m
INFO:Detectors:[92m
Low level call in StandardToken.transferToContractWithCustomFallback (/../data/reentrancy/solidity_contract/14741.sol#486-493):
	-assert(bool)(_to.call.value(0)(bytes4(keccak256()(_custom_fallback)),msg.sender,_value,_data)) /../data/reentrancy/solidity_contract/14741.sol#490
Reference: https://github.com/trailofbits/slither/wiki/Detectors-Documentation#low-level-calls[0m
INFO:Detectors:[92m
Function 'Ownable.Ownable' (/../data/reentrancy/solidity_contract/14741.sol#66-68) is not in mixedCase
Function 'RefundVault.RefundVault' (/../data/reentrancy/solidity_contract/14741.sol#106-110) is not in mixedCase
Parameter '_wallet' of RefundVault.RefundVault (/../data/reentrancy/solidity_contract/14741.sol#106) is not in mixedCase
Function 'BonusScheme.BonusScheme' (/../data/reentrancy/solidity_contract/14741.sol#167-169) is not in mixedCase
Parameter '_tokenAmount' of BonusScheme.getBonusTokens (/../data/reentrancy/solidity_contract/14741.sol#172) is not in mixedCase
Parameter '_owner' of StandardToken.balanceOf (/../data/reentrancy/solidity_contract/14741.sol#386) is not in mixedCase
Parameter '_to' of StandardToken.transfer (/../data/reentrancy/solidity_contract/14741.sol#374) is not in mixedCase
Parameter '_value' of StandardToken.transfer (/../data/reentrancy/solidity_contract/14741.sol#374) is not in mixedCase
Parameter '_owner' of StandardToken.allowance (/../data/reentrancy/solidity_contract/14741.sol#412) is not in mixedCase
Parameter '_spender' of StandardToken.allowance (/../data/reentrancy/solidity_contract/14741.sol#412) is not in mixedCase
Parameter '_from' of StandardToken.transferFrom (/../data/reentrancy/solidity_contract/14741.sol#392) is not in mixedCase
Parameter '_to' of StandardToken.transferFrom (/../data/reentrancy/solidity_contract/14741.sol#392) is not in mixedCase
Parameter '_value' of StandardToken.transferFrom (/../data/reentrancy/solidity_contract/14741.sol#392) is not in mixedCase
Parameter '_spender' of StandardToken.approve (/../data/reentrancy/solidity_contract/14741.sol#406) is not in mixedCase
Parameter '_value' of StandardToken.approve (/../data/reentrancy/solidity_contract/14741.sol#406) is not in mixedCase
Parameter '_to' of StandardToken.transfer (/../data/reentrancy/solidity_contract/14741.sol#445) is not in mixedCase
Parameter '_value' of StandardToken.transfer (/../data/reentrancy/solidity_contract/14741.sol#445) is not in mixedCase
Parameter '_data' of StandardToken.transfer (/../data/reentrancy/solidity_contract/14741.sol#445) is not in mixedCase
Function 'StandardToken.StandardToken' (/../data/reentrancy/solidity_contract/14741.sol#228-252) is not in mixedCase
Parameter '_beneficiary' of StandardToken.buyTokens (/../data/reentrancy/solidity_contract/14741.sol#292) is not in mixedCase
Function 'StandardToken._preValidatePurchase' (/../data/reentrancy/solidity_contract/14741.sol#319-323) is not in mixedCase
Parameter '_beneficiary' of StandardToken._preValidatePurchase (/../data/reentrancy/solidity_contract/14741.sol#319) is not in mixedCase
Parameter '_weiAmount' of StandardToken._preValidatePurchase (/../data/reentrancy/solidity_contract/14741.sol#319) is not in mixedCase
Function 'StandardToken._postValidatePurchase' (/../data/reentrancy/solidity_contract/14741.sol#326-328) is not in mixedCase
Function 'StandardToken._deliverTokens' (/../data/reentrancy/solidity_contract/14741.sol#331-333) is not in mixedCase
Parameter '_beneficiary' of StandardToken._deliverTokens (/../data/reentrancy/solidity_contract/14741.sol#331) is not in mixedCase
Parameter '_tokenAmount' of StandardToken._deliverTokens (/../data/reentrancy/solidity_contract/14741.sol#331) is not in mixedCase
Function 'StandardToken._processPurchase' (/../data/reentrancy/solidity_contract/14741.sol#336-338) is not in mixedCase
Parameter '_beneficiary' of StandardToken._processPurchase (/../data/reentrancy/solidity_contract/14741.sol#336) is not in mixedCase
Parameter '_tokenAmount' of StandardToken._processPurchase (/../data/reentrancy/solidity_contract/14741.sol#336) is not in mixedCase
Function 'StandardToken._processBonus' (/../data/reentrancy/solidity_contract/14741.sol#341-353) is not in mixedCase
Parameter '_beneficiary' of StandardToken._processBonus (/../data/reentrancy/solidity_contract/14741.sol#341) is not in mixedCase
Parameter '_tokenAmount' of StandardToken._processBonus (/../data/reentrancy/solidity_contract/14741.sol#341) is not in mixedCase
Function 'StandardToken._updatePurchasingState' (/../data/reentrancy/solidity_contract/14741.sol#356-358) is not in mixedCase
Function 'StandardToken._getTokenAmount' (/../data/reentrancy/solidity_contract/14741.sol#361-364) is not in mixedCase
Parameter '_weiAmount' of StandardToken._getTokenAmount (/../data/reentrancy/solidity_contract/14741.sol#361) is not in mixedCase
Function 'StandardToken._forwardFunds' (/../data/reentrancy/solidity_contract/14741.sol#367-369) is not in mixedCase
Parameter '_spender' of StandardToken.increaseApproval (/../data/reentrancy/solidity_contract/14741.sol#416) is not in mixedCase
Parameter '_addedValue' of StandardToken.increaseApproval (/../data/reentrancy/solidity_contract/14741.sol#416) is not in mixedCase
Parameter '_spender' of StandardToken.decreaseApproval (/../data/reentrancy/solidity_contract/14741.sol#422) is not in mixedCase
Parameter '_subtractedValue' of StandardToken.decreaseApproval (/../data/reentrancy/solidity_contract/14741.sol#422) is not in mixedCase
Parameter '_to' of StandardToken.transfer (/../data/reentrancy/solidity_contract/14741.sol#434) is not in mixedCase
Parameter '_value' of StandardToken.transfer (/../data/reentrancy/solidity_contract/14741.sol#434) is not in mixedCase
Parameter '_data' of StandardToken.transfer (/../data/reentrancy/solidity_contract/14741.sol#434) is not in mixedCase
Parameter '_custom_fallback' of StandardToken.transfer (/../data/reentrancy/solidity_contract/14741.sol#434) is not in mixedCase
Parameter '_to' of StandardToken.transferToAddress (/../data/reentrancy/solidity_contract/14741.sol#466) is not in mixedCase
Parameter '_value' of StandardToken.transferToAddress (/../data/reentrancy/solidity_contract/14741.sol#466) is not in mixedCase
Parameter '_data' of StandardToken.transferToAddress (/../data/reentrancy/solidity_contract/14741.sol#466) is not in mixedCase
Parameter '_to' of StandardToken.transferToContract (/../data/reentrancy/solidity_contract/14741.sol#475) is not in mixedCase
Parameter '_value' of StandardToken.transferToContract (/../data/reentrancy/solidity_contract/14741.sol#475) is not in mixedCase
Parameter '_data' of StandardToken.transferToContract (/../data/reentrancy/solidity_contract/14741.sol#475) is not in mixedCase
Parameter '_to' of StandardToken.transferToContractWithCustomFallback (/../data/reentrancy/solidity_contract/14741.sol#486) is not in mixedCase
Parameter '_value' of StandardToken.transferToContractWithCustomFallback (/../data/reentrancy/solidity_contract/14741.sol#486) is not in mixedCase
Parameter '_data' of StandardToken.transferToContractWithCustomFallback (/../data/reentrancy/solidity_contract/14741.sol#486) is not in mixedCase
Parameter '_custom_fallback' of StandardToken.transferToContractWithCustomFallback (/../data/reentrancy/solidity_contract/14741.sol#486) is not in mixedCase
Parameter '_soldTokens' of StandardToken.setPreICOSoldAmount (/../data/reentrancy/solidity_contract/14741.sol#495) is not in mixedCase
Parameter '_raisedWei' of StandardToken.setPreICOSoldAmount (/../data/reentrancy/solidity_contract/14741.sol#495) is not in mixedCase
Parameter '_value' of StandardToken.burn (/../data/reentrancy/solidity_contract/14741.sol#509) is not in mixedCase
Parameter '_tokenAddress' of StandardToken.transferAnyERC20Token (/../data/reentrancy/solidity_contract/14741.sol#533) is not in mixedCase
Parameter '_amount' of StandardToken.transferAnyERC20Token (/../data/reentrancy/solidity_contract/14741.sol#533) is not in mixedCase
Variable 'StandardToken._name' (/../data/reentrancy/solidity_contract/14741.sol#192) is not in mixedCase
Variable 'StandardToken._symbol' (/../data/reentrancy/solidity_contract/14741.sol#193) is not in mixedCase
Variable 'StandardToken._decimals' (/../data/reentrancy/solidity_contract/14741.sol#194) is not in mixedCase
Variable 'StandardToken._totalSupply' (/../data/reentrancy/solidity_contract/14741.sol#195) is not in mixedCase
Variable 'StandardToken._bonusSupply' (/../data/reentrancy/solidity_contract/14741.sol#196) is not in mixedCase
Variable 'StandardToken.min_contribution' (/../data/reentrancy/solidity_contract/14741.sol#199) is not in mixedCase
Reference: https://github.com/trailofbits/slither/wiki/Detectors-Documentation#conformance-to-solidity-naming-conventions[0m
INFO:Slither:/../data/reentrancy/solidity_contract/14741.sol analyzed (8 contracts), 109 result(s) found