INFO:Slither:Compilation warnings/errors on /../data/reentrancy/solidity_contract/38651.sol:
/../data/reentrancy/solidity_contract/38651.sol:22:21: Warning: "throw" is deprecated in favour of "revert()", "require()" and "assert()".
    if (!assertion) throw;
                    ^---^
/../data/reentrancy/solidity_contract/38651.sol:54:3: Warning: Defining constructors as functions with the same name as the contract is deprecated. Use "constructor(...) { ... }" instead.
  function Ethex(address admin_, address feeAccount_, uint buyFee_, uint sellFee_) {
  ^ (Relevant source part starts here and spans across multiple lines).
/../data/reentrancy/solidity_contract/38651.sol:62:5: Warning: "throw" is deprecated in favour of "revert()", "require()" and "assert()".
    throw;
    ^---^
/../data/reentrancy/solidity_contract/38651.sol:66:30: Warning: "throw" is deprecated in favour of "revert()", "require()" and "assert()".
    if (msg.sender != admin) throw;
                             ^---^
/../data/reentrancy/solidity_contract/38651.sol:71:30: Warning: "throw" is deprecated in favour of "revert()", "require()" and "assert()".
    if (msg.sender != admin) throw;
                             ^---^
/../data/reentrancy/solidity_contract/38651.sol:76:30: Warning: "throw" is deprecated in favour of "revert()", "require()" and "assert()".
    if (msg.sender != admin) throw;
                             ^---^
/../data/reentrancy/solidity_contract/38651.sol:77:27: Warning: "throw" is deprecated in favour of "revert()", "require()" and "assert()".
    if (buyFee_ > buyFee) throw;
                          ^---^
/../data/reentrancy/solidity_contract/38651.sol:82:30: Warning: "throw" is deprecated in favour of "revert()", "require()" and "assert()".
    if (msg.sender != admin) throw;
                             ^---^
/../data/reentrancy/solidity_contract/38651.sol:96:32: Warning: "throw" is deprecated in favour of "revert()", "require()" and "assert()".
    if (totalCost < msg.value) throw;
                               ^---^
/../data/reentrancy/solidity_contract/38651.sol:111:43: Warning: "throw" is deprecated in favour of "revert()", "require()" and "assert()".
    if (!msg.sender.call.value(remain)()) throw;
                                          ^---^
/../data/reentrancy/solidity_contract/38651.sol:127:32: Warning: "throw" is deprecated in favour of "revert()", "require()" and "assert()".
    if (buyOrders[h] < amount) throw;
                               ^---^
/../data/reentrancy/solidity_contract/38651.sol:128:33: Warning: "throw" is deprecated in favour of "revert()", "require()" and "assert()".
    if (totalPrice > msg.value) throw;
                                ^---^
/../data/reentrancy/solidity_contract/38651.sol:129:59: Warning: "throw" is deprecated in favour of "revert()", "require()" and "assert()".
    if (Token(token).allowance(msg.sender,this) < amount) throw;
                                                          ^---^
/../data/reentrancy/solidity_contract/38651.sol:130:61: Warning: "throw" is deprecated in favour of "revert()", "require()" and "assert()".
    if (Token(token).transferFrom(msg.sender,buyer,amount)) throw;
                                                            ^---^
/../data/reentrancy/solidity_contract/38651.sol:132:37: Warning: "throw" is deprecated in favour of "revert()", "require()" and "assert()".
    if (!feeAccount.send(totalFee)) throw;
                                    ^---^
/../data/reentrancy/solidity_contract/38651.sol:135:39: Warning: "throw" is deprecated in favour of "revert()", "require()" and "assert()".
      if (!msg.sender.send(leftOver)) throw;
                                      ^---^
/../data/reentrancy/solidity_contract/38651.sol:151:33: Warning: "throw" is deprecated in favour of "revert()", "require()" and "assert()".
    if (sellOrders[h] < amount) throw;
                                ^---^
/../data/reentrancy/solidity_contract/38651.sol:152:55: Warning: "throw" is deprecated in favour of "revert()", "require()" and "assert()".
    if (Token(token).allowance(seller,this) < amount) throw;
                                                      ^---^
/../data/reentrancy/solidity_contract/38651.sol:153:63: Warning: "throw" is deprecated in favour of "revert()", "require()" and "assert()".
    if (!Token(token).transferFrom(seller,msg.sender,amount)) throw;
                                                              ^---^
/../data/reentrancy/solidity_contract/38651.sol:155:35: Warning: "throw" is deprecated in favour of "revert()", "require()" and "assert()".
    if (!seller.send(totalPrice)) throw;
                                  ^---^
/../data/reentrancy/solidity_contract/38651.sol:156:37: Warning: "throw" is deprecated in favour of "revert()", "require()" and "assert()".
    if (!feeAccount.send(totalFee)) throw;
                                    ^---^
/../data/reentrancy/solidity_contract/38651.sol:21:3: Warning: This declaration shadows a builtin symbol.
  function assert(bool assertion) internal {
  ^ (Relevant source part starts here and spans across multiple lines).
/../data/reentrancy/solidity_contract/38651.sol:27:46: Warning: This declaration shadows an existing declaration.
    function name() public constant returns (string name) { name; }
                                             ^---------^
/../data/reentrancy/solidity_contract/38651.sol:27:5: The shadowed declaration is here:
    function name() public constant returns (string name) { name; }
    ^-------------------------------------------------------------^

/../data/reentrancy/solidity_contract/38651.sol:28:48: Warning: This declaration shadows an existing declaration.
    function symbol() public constant returns (string symbol) { symbol; }
                                               ^-----------^
/../data/reentrancy/solidity_contract/38651.sol:28:5: The shadowed declaration is here:
    function symbol() public constant returns (string symbol) { symbol; }
    ^-------------------------------------------------------------------^

/../data/reentrancy/solidity_contract/38651.sol:29:50: Warning: This declaration shadows an existing declaration.
    function decimals() public constant returns (uint8 decimals) { decimals; }
                                                 ^------------^
/../data/reentrancy/solidity_contract/38651.sol:29:5: The shadowed declaration is here:
    function decimals() public constant returns (uint8 decimals) { decimals; }
    ^------------------------------------------------------------------------^

/../data/reentrancy/solidity_contract/38651.sol:30:53: Warning: This declaration shadows an existing declaration.
    function totalSupply() public constant returns (uint256 totalSupply) { totalSupply; }
                                                    ^-----------------^
/../data/reentrancy/solidity_contract/38651.sol:30:5: The shadowed declaration is here:
    function totalSupply() public constant returns (uint256 totalSupply) { totalSupply; }
    ^-----------------------------------------------------------------------------------^

/../data/reentrancy/solidity_contract/38651.sol:88:17: Warning: This function only accepts a single "bytes" argument. Please use "abi.encodePacked(...)" or a similar function to encode the data.
    bytes32 h = sha256(token, price, msg.sender);
                ^------------------------------^
/../data/reentrancy/solidity_contract/38651.sol:90:5: Warning: Invoking events without "emit" prefix is deprecated.
    SellOrder(h, token, tokenAmount, price, msg.sender);
    ^-------------------------------------------------^
/../data/reentrancy/solidity_contract/38651.sol:94:17: Warning: This function only accepts a single "bytes" argument. Please use "abi.encodePacked(...)" or a similar function to encode the data.
    bytes32 h = sha256(token, price,  msg.sender);
                ^-------------------------------^
/../data/reentrancy/solidity_contract/38651.sol:98:5: Warning: Invoking events without "emit" prefix is deprecated.
    BuyOrder(h, token, tokenAmount, price, msg.sender);
    ^------------------------------------------------^
/../data/reentrancy/solidity_contract/38651.sol:102:17: Warning: This function only accepts a single "bytes" argument. Please use "abi.encodePacked(...)" or a similar function to encode the data.
    bytes32 h = sha256(token, price, msg.sender);
                ^------------------------------^
/../data/reentrancy/solidity_contract/38651.sol:104:5: Warning: Invoking events without "emit" prefix is deprecated.
    CancelSellOrder(h,token,price,msg.sender);
    ^---------------------------------------^
/../data/reentrancy/solidity_contract/38651.sol:108:17: Warning: This function only accepts a single "bytes" argument. Please use "abi.encodePacked(...)" or a similar function to encode the data.
    bytes32 h = sha256(token, price, msg.sender);
                ^------------------------------^
/../data/reentrancy/solidity_contract/38651.sol:112:5: Warning: Invoking events without "emit" prefix is deprecated.
    CancelBuyOrder(h,token,price,msg.sender);
    ^--------------------------------------^
/../data/reentrancy/solidity_contract/38651.sol:123:17: Warning: This function only accepts a single "bytes" argument. Please use "abi.encodePacked(...)" or a similar function to encode the data.
    bytes32 h = sha256(token, price, buyer);
                ^-------------------------^
/../data/reentrancy/solidity_contract/38651.sol:136:5: Warning: Invoking events without "emit" prefix is deprecated.
    Buy(h, token, amount, totalPrice, buyer, msg.sender);
    ^--------------------------------------------------^
/../data/reentrancy/solidity_contract/38651.sol:147:17: Warning: This function only accepts a single "bytes" argument. Please use "abi.encodePacked(...)" or a similar function to encode the data.
    bytes32 h = sha256(token, price, seller);
                ^--------------------------^
/../data/reentrancy/solidity_contract/38651.sol:157:5: Warning: Invoking events without "emit" prefix is deprecated.
    Sell(h, token, amount, totalPrice, msg.sender, seller);
    ^----------------------------------------------------^
/../data/reentrancy/solidity_contract/38651.sol:54:3: Warning: No visibility specified. Defaulting to "public". 
  function Ethex(address admin_, address feeAccount_, uint buyFee_, uint sellFee_) {
  ^ (Relevant source part starts here and spans across multiple lines).
/../data/reentrancy/solidity_contract/38651.sol:61:3: Warning: No visibility specified. Defaulting to "public". 
  function() {
  ^ (Relevant source part starts here and spans across multiple lines).
/../data/reentrancy/solidity_contract/38651.sol:65:3: Warning: No visibility specified. Defaulting to "public". 
  function changeAdmin(address admin_) {
  ^ (Relevant source part starts here and spans across multiple lines).
/../data/reentrancy/solidity_contract/38651.sol:70:3: Warning: No visibility specified. Defaulting to "public". 
  function changeFeeAccount(address feeAccount_) {
  ^ (Relevant source part starts here and spans across multiple lines).
/../data/reentrancy/solidity_contract/38651.sol:75:3: Warning: No visibility specified. Defaulting to "public". 
  function changeBuyFee(uint buyFee_) {
  ^ (Relevant source part starts here and spans across multiple lines).
/../data/reentrancy/solidity_contract/38651.sol:81:3: Warning: No visibility specified. Defaulting to "public". 
  function changeSellFee(uint sellFee_) {
  ^ (Relevant source part starts here and spans across multiple lines).
/../data/reentrancy/solidity_contract/38651.sol:87:3: Warning: No visibility specified. Defaulting to "public". 
  function sellOrder(address token, uint tokenAmount, uint price) {
  ^ (Relevant source part starts here and spans across multiple lines).
/../data/reentrancy/solidity_contract/38651.sol:93:3: Warning: No visibility specified. Defaulting to "public". 
  function buyOrder(address token, uint tokenAmount, uint price) payable {
  ^ (Relevant source part starts here and spans across multiple lines).
/../data/reentrancy/solidity_contract/38651.sol:101:3: Warning: No visibility specified. Defaulting to "public". 
  function cancelSellOrder(address token, uint price) {
  ^ (Relevant source part starts here and spans across multiple lines).
/../data/reentrancy/solidity_contract/38651.sol:107:3: Warning: No visibility specified. Defaulting to "public". 
  function cancelBuyOrder(address token, uint price) {
  ^ (Relevant source part starts here and spans across multiple lines).
/../data/reentrancy/solidity_contract/38651.sol:122:3: Warning: No visibility specified. Defaulting to "public". 
  function takeBuy(address token, uint amount, uint price, address buyer) payable {
  ^ (Relevant source part starts here and spans across multiple lines).
/../data/reentrancy/solidity_contract/38651.sol:146:3: Warning: No visibility specified. Defaulting to "public". 
  function takeSell(address token, uint amount,uint price, address seller) payable {
  ^ (Relevant source part starts here and spans across multiple lines).
/../data/reentrancy/solidity_contract/38651.sol:21:3: Warning: Function state mutability can be restricted to pure
  function assert(bool assertion) internal {
  ^ (Relevant source part starts here and spans across multiple lines).
/../data/reentrancy/solidity_contract/38651.sol:27:5: Warning: Function state mutability can be restricted to pure
    function name() public constant returns (string name) { name; }
    ^-------------------------------------------------------------^
/../data/reentrancy/solidity_contract/38651.sol:28:5: Warning: Function state mutability can be restricted to pure
    function symbol() public constant returns (string symbol) { symbol; }
    ^-------------------------------------------------------------------^
/../data/reentrancy/solidity_contract/38651.sol:29:5: Warning: Function state mutability can be restricted to pure
    function decimals() public constant returns (uint8 decimals) { decimals; }
    ^------------------------------------------------------------------------^
/../data/reentrancy/solidity_contract/38651.sol:30:5: Warning: Function state mutability can be restricted to pure
    function totalSupply() public constant returns (uint256 totalSupply) { totalSupply; }
    ^-----------------------------------------------------------------------------------^
/../data/reentrancy/solidity_contract/38651.sol:31:5: Warning: Function state mutability can be restricted to pure
    function balanceOf(address _owner) public constant returns (uint256 balance) { _owner; balance; }
    ^-----------------------------------------------------------------------------------------------^
/../data/reentrancy/solidity_contract/38651.sol:32:5: Warning: Function state mutability can be restricted to pure
    function allowance(address _owner, address _spender) public constant returns (uint256 remaining) { _owner; _spender; remaining; }
    ^-------------------------------------------------------------------------------------------------------------------------------^
/../data/reentrancy/solidity_contract/38651.sol:116:28: Warning: Function declared as view, but this expression (potentially) modifies the state and thus requires non-payable (the default) or payable.
    uint totalPriceNoFee = safeMul(amount, price);
                           ^--------------------^
/../data/reentrancy/solidity_contract/38651.sol:117:21: Warning: Function declared as view, but this expression (potentially) modifies the state and thus requires non-payable (the default) or payable.
    uint totalFee = safeMul(totalPriceNoFee, buyFee) / (1 ether);
                    ^------------------------------^
/../data/reentrancy/solidity_contract/38651.sol:118:23: Warning: Function declared as view, but this expression (potentially) modifies the state and thus requires non-payable (the default) or payable.
    uint totalPrice = safeAdd(totalPriceNoFee,totalFee);
                      ^-------------------------------^
/../data/reentrancy/solidity_contract/38651.sol:140:28: Warning: Function declared as view, but this expression (potentially) modifies the state and thus requires non-payable (the default) or payable.
    uint totalPriceNoFee = safeMul(amount, price);
                           ^--------------------^
/../data/reentrancy/solidity_contract/38651.sol:141:21: Warning: Function declared as view, but this expression (potentially) modifies the state and thus requires non-payable (the default) or payable.
    uint totalFee = safeMul(totalPriceNoFee, buyFee) / (1 ether);
                    ^------------------------------^
/../data/reentrancy/solidity_contract/38651.sol:142:23: Warning: Function declared as view, but this expression (potentially) modifies the state and thus requires non-payable (the default) or payable.
    uint totalPrice = safeSub(totalPriceNoFee,totalFee);
                      ^-------------------------------^

INFO:Detectors:[93m
Reentrancy in Ethex.takeSell (/../data/reentrancy/solidity_contract/38651.sol#146-158):
	External calls:
	- ! Token(token).transferFrom(seller,msg.sender,amount) (/../data/reentrancy/solidity_contract/38651.sol#153)
	State variables written after the call(s):
	- sellOrders (/../data/reentrancy/solidity_contract/38651.sol#154)
Reference: https://github.com/trailofbits/slither/wiki/Detectors-Documentation#reentrancy-vulnerabilities-1[0m
INFO:Detectors:[92m
SafeMath.assert (function @ /../data/reentrancy/solidity_contract/38651.sol#21-23) shadows built-in symbol "assert"
Reference: https://github.com/trailofbits/slither/wiki/Detectors-Documentation#builtin-symbol-shadowing[0m
INFO:Detectors:[92m
Token.name.name (local variable @ /../data/reentrancy/solidity_contract/38651.sol#27) shadows:
	- Token.name (function @ /../data/reentrancy/solidity_contract/38651.sol#27)
Token.symbol.symbol (local variable @ /../data/reentrancy/solidity_contract/38651.sol#28) shadows:
	- Token.symbol (function @ /../data/reentrancy/solidity_contract/38651.sol#28)
Token.decimals.decimals (local variable @ /../data/reentrancy/solidity_contract/38651.sol#29) shadows:
	- Token.decimals (function @ /../data/reentrancy/solidity_contract/38651.sol#29)
Token.totalSupply.totalSupply (local variable @ /../data/reentrancy/solidity_contract/38651.sol#30) shadows:
	- Token.totalSupply (function @ /../data/reentrancy/solidity_contract/38651.sol#30)
Reference: https://github.com/trailofbits/slither/wiki/Detectors-Documentation#local-variable-shadowing[0m
INFO:Detectors:[92m
Deprecated standard detected @ /../data/reentrancy/solidity_contract/38651.sol#22:
	- Usage of "throw" should be replaced with "revert()"
Deprecated standard detected @ /../data/reentrancy/solidity_contract/38651.sol#62:
	- Usage of "throw" should be replaced with "revert()"
Deprecated standard detected @ /../data/reentrancy/solidity_contract/38651.sol#66:
	- Usage of "throw" should be replaced with "revert()"
Deprecated standard detected @ /../data/reentrancy/solidity_contract/38651.sol#71:
	- Usage of "throw" should be replaced with "revert()"
Deprecated standard detected @ /../data/reentrancy/solidity_contract/38651.sol#76:
	- Usage of "throw" should be replaced with "revert()"
Deprecated standard detected @ /../data/reentrancy/solidity_contract/38651.sol#77:
	- Usage of "throw" should be replaced with "revert()"
Deprecated standard detected @ /../data/reentrancy/solidity_contract/38651.sol#82:
	- Usage of "throw" should be replaced with "revert()"
Deprecated standard detected @ /../data/reentrancy/solidity_contract/38651.sol#96:
	- Usage of "throw" should be replaced with "revert()"
Deprecated standard detected @ /../data/reentrancy/solidity_contract/38651.sol#111:
	- Usage of "throw" should be replaced with "revert()"
Deprecated standard detected @ /../data/reentrancy/solidity_contract/38651.sol#127:
	- Usage of "throw" should be replaced with "revert()"
Deprecated standard detected @ /../data/reentrancy/solidity_contract/38651.sol#128:
	- Usage of "throw" should be replaced with "revert()"
Deprecated standard detected @ /../data/reentrancy/solidity_contract/38651.sol#129:
	- Usage of "throw" should be replaced with "revert()"
Deprecated standard detected @ /../data/reentrancy/solidity_contract/38651.sol#130:
	- Usage of "throw" should be replaced with "revert()"
Deprecated standard detected @ /../data/reentrancy/solidity_contract/38651.sol#132:
	- Usage of "throw" should be replaced with "revert()"
Deprecated standard detected @ /../data/reentrancy/solidity_contract/38651.sol#135:
	- Usage of "throw" should be replaced with "revert()"
Deprecated standard detected @ /../data/reentrancy/solidity_contract/38651.sol#151:
	- Usage of "throw" should be replaced with "revert()"
Deprecated standard detected @ /../data/reentrancy/solidity_contract/38651.sol#152:
	- Usage of "throw" should be replaced with "revert()"
Deprecated standard detected @ /../data/reentrancy/solidity_contract/38651.sol#153:
	- Usage of "throw" should be replaced with "revert()"
Deprecated standard detected @ /../data/reentrancy/solidity_contract/38651.sol#155:
	- Usage of "throw" should be replaced with "revert()"
Deprecated standard detected @ /../data/reentrancy/solidity_contract/38651.sol#156:
	- Usage of "throw" should be replaced with "revert()"
Reference: https://github.com/trailofbits/slither/wiki/Detectors-Documentation#deprecated-standards[0m
INFO:Detectors:[92m
Token.name (/../data/reentrancy/solidity_contract/38651.sol#27) should be declared external
Token.symbol (/../data/reentrancy/solidity_contract/38651.sol#28) should be declared external
Token.decimals (/../data/reentrancy/solidity_contract/38651.sol#29) should be declared external
Token.totalSupply (/../data/reentrancy/solidity_contract/38651.sol#30) should be declared external
Token.balanceOf (/../data/reentrancy/solidity_contract/38651.sol#31) should be declared external
Token.allowance (/../data/reentrancy/solidity_contract/38651.sol#32) should be declared external
Token.transfer (/../data/reentrancy/solidity_contract/38651.sol#34) should be declared external
Token.transferFrom (/../data/reentrancy/solidity_contract/38651.sol#35) should be declared external
Token.approve (/../data/reentrancy/solidity_contract/38651.sol#36) should be declared external
Ethex.fallback (/../data/reentrancy/solidity_contract/38651.sol#61-63) should be declared external
Ethex.changeAdmin (/../data/reentrancy/solidity_contract/38651.sol#65-68) should be declared external
Ethex.changeFeeAccount (/../data/reentrancy/solidity_contract/38651.sol#70-73) should be declared external
Ethex.changeBuyFee (/../data/reentrancy/solidity_contract/38651.sol#75-79) should be declared external
Ethex.changeSellFee (/../data/reentrancy/solidity_contract/38651.sol#81-85) should be declared external
Ethex.sellOrder (/../data/reentrancy/solidity_contract/38651.sol#87-91) should be declared external
Ethex.buyOrder (/../data/reentrancy/solidity_contract/38651.sol#93-99) should be declared external
Ethex.cancelSellOrder (/../data/reentrancy/solidity_contract/38651.sol#101-105) should be declared external
Ethex.cancelBuyOrder (/../data/reentrancy/solidity_contract/38651.sol#107-113) should be declared external
Ethex.totalBuyPrice (/../data/reentrancy/solidity_contract/38651.sol#115-120) should be declared external
Ethex.takeBuy (/../data/reentrancy/solidity_contract/38651.sol#122-137) should be declared external
Ethex.totalSellPrice (/../data/reentrancy/solidity_contract/38651.sol#139-144) should be declared external
Ethex.takeSell (/../data/reentrancy/solidity_contract/38651.sol#146-158) should be declared external
Reference: https://github.com/trailofbits/slither/wiki/Detectors-Documentation#public-function-that-could-be-declared-as-external[0m
INFO:Detectors:[92m
Detected issues with version pragma in /../data/reentrancy/solidity_contract/38651.sol:
	- pragma solidity^0.4.11 (/../data/reentrancy/solidity_contract/38651.sol#1): it allows old versions
Reference: https://github.com/trailofbits/slither/wiki/Detectors-Documentation#incorrect-version-of-solidity[0m
INFO:Detectors:[92m
Low level call in Ethex.cancelBuyOrder (/../data/reentrancy/solidity_contract/38651.sol#107-113):
	-! msg.sender.call.value(remain)() /../data/reentrancy/solidity_contract/38651.sol#111
Reference: https://github.com/trailofbits/slither/wiki/Detectors-Documentation#low-level-calls[0m
INFO:Detectors:[92m
Function 'Ethex.Ethex' (/../data/reentrancy/solidity_contract/38651.sol#54-59) is not in mixedCase
Reference: https://github.com/trailofbits/slither/wiki/Detectors-Documentation#conformance-to-solidity-naming-conventions[0m
INFO:Slither:/../data/reentrancy/solidity_contract/38651.sol analyzed (3 contracts), 51 result(s) found