INFO:root:Contract /../data/reentrancy/solidity_contract/4598.sol:mnyminer:
INFO:symExec:Running, please wait...
INFO:symExec:	============ Results ===========
INFO:symExec:	  EVM code coverage: 	 99.9%
INFO:symExec:	  Arithmetic bugs: 	 False
INFO:symExec:	  └> Overflow bugs: 	 False
INFO:symExec:	  └> Underflow bugs: 	 False
INFO:symExec:	  └> Division bugs: 	 False
INFO:symExec:	  └> Modulo bugs:   	 False
INFO:symExec:	  └> Truncation bugs: 	 False
INFO:symExec:	  └> Signedness bugs: 	 False
INFO:symExec:	  Callstack bug: 	 False
INFO:symExec:	  Concurrency bug: 	 True
Flow 1:
/../data/reentrancy/solidity_contract/4598.sol:mnyminer:44:17
futx.call.value(msg.value)()
^
Flow 2:
/../data/reentrancy/solidity_contract/4598.sol:mnyminer:35:17
futr.call.value(msg.value)()
^
INFO:symExec:	  Time dependency bug: 	 False
INFO:symExec:	  Reentrancy bug: 	 True
/../data/reentrancy/solidity_contract/4598.sol:mnyminer:39:26
ERC20(mny).balanceOf(address(this))
^
/../data/reentrancy/solidity_contract/4598.sol:mnyminer:36:25
ERC20(futr).balanceOf(address(this))
^
/../data/reentrancy/solidity_contract/4598.sol:mnyminer:48:26
ERC20(mny).balanceOf(address(this))
^
/../data/reentrancy/solidity_contract/4598.sol:mnyminer:35:17
futr.call.value(msg.value)()
^
/../data/reentrancy/solidity_contract/4598.sol:mnyminer:45:25
ERC20(futx).balanceOf(address(this))
^
/../data/reentrancy/solidity_contract/4598.sol:mnyminer:49:9
ERC20(mny).transfer(msg.sender, amount)
^
/../data/reentrancy/solidity_contract/4598.sol:mnyminer:47:9
MNY(mny).mine(futx, mined)
^
/../data/reentrancy/solidity_contract/4598.sol:mnyminer:40:9
ERC20(mny).transfer(msg.sender, amount)
^
/../data/reentrancy/solidity_contract/4598.sol:mnyminer:44:17
futx.call.value(msg.value)()
^
/../data/reentrancy/solidity_contract/4598.sol:mnyminer:46:9
ERC20(futx).approve(mny, mined)
^
/../data/reentrancy/solidity_contract/4598.sol:mnyminer:37:9
ERC20(futr).approve(mny, mined)
^
/../data/reentrancy/solidity_contract/4598.sol:mnyminer:38:9
MNY(mny).mine(futr, mined)
^
INFO:symExec:	 --- 1.08198285103 seconds ---
INFO:symExec:	====== Analysis Completed ======

  .oooooo.             o8o            o8o          
 d8P'  `Y8b            `"'            `"'          
888      888  .oooo.o oooo  oooo d8b oooo   .oooo.o
888      888 d88(  "8 `888  `888""8P `888  d88(  "8
888      888 `"Y88b.   888   888      888  `"Y88b. 
`88b    d88' o.  )88b  888   888      888  o.  )88b
 `Y8bood8P'  8""888P' o888o d888b    o888o 8""888P'