====================================================================================================
[1m[ ] Compiling Solidity contract from the file /../data/reentrancy/solidity_contract/Bank_attack.sol ... [0m/../data/reentrancy/solidity_contract/Bank_attack.sol:5:5: Error: Functions are not allowed to have the same name as the contract. If you intend this to be a constructor, use "constructor(...) { ... }" to define it.
    function Attack() payable { owner = msg.sender; }
    ^-----------------------------------------------^
/../data/reentrancy/solidity_contract/Bank_attack.sol:5:5: Error: No visibility specified. Did you intend to add "public"?
    function Attack() payable { owner = msg.sender; }
    ^-----------------------------------------------^
/../data/reentrancy/solidity_contract/Bank_attack.sol:7:5: Error: No visibility specified. Did you intend to add "public"?
    function setVictim(address target)  { victim = target; }
    ^------------------------------------------------------^
/../data/reentrancy/solidity_contract/Bank_attack.sol:9:5: Error: No visibility specified. Did you intend to add "public"?
    function step1(uint256 amount)  payable {
    ^ (Relevant source part starts here and spans across multiple lines).
/../data/reentrancy/solidity_contract/Bank_attack.sol:15:5: Error: No visibility specified. Did you intend to add "public"?

[91m[-] Cannot compile the contract [0m

====================================================================================================
[1m[ ] Compiling Solidity contract from the file /../data/reentrancy/solidity_contract/Bank_attack.sol ... [0m/../data/reentrancy/solidity_contract/Bank_attack.sol:5:5: Error: Functions are not allowed to have the same name as the contract. If you intend this to be a constructor, use "constructor(...) { ... }" to define it.
    function Attack() payable { owner = msg.sender; }
    ^-----------------------------------------------^
/../data/reentrancy/solidity_contract/Bank_attack.sol:5:5: Error: No visibility specified. Did you intend to add "public"?
    function Attack() payable { owner = msg.sender; }
    ^-----------------------------------------------^
/../data/reentrancy/solidity_contract/Bank_attack.sol:7:5: Error: No visibility specified. Did you intend to add "public"?
    function setVictim(address target)  { victim = target; }
    ^------------------------------------------------------^
/../data/reentrancy/solidity_contract/Bank_attack.sol:9:5: Error: No visibility specified. Did you intend to add "public"?
    function step1(uint256 amount)  payable {
    ^ (Relevant source part starts here and spans across multiple lines).
/../data/reentrancy/solidity_contract/Bank_attack.sol:15:5: Error: No visibility specified. Did you intend to add "public"?
    function step2(uint256 amount)  {
    ^ (Relevant source part starts here and spans across multiple lines).
/../data/reentrancy/solidity_contract/Bank_attack.sol:20:5: Error: No visibility specified. Did you intend to add "public"?
    function stopAttack()  {
    ^ (Relevant source part starts here and spans across multiple lines).
/../data/reentrancy/solidity_contract/Bank_attack.sol:24:5: Error: No visibility specified. Did you intend to add "public"?

[91m[-] Cannot compile the contract [0m

====================================================================================================
[1m[ ] Compiling Solidity contract from the file /../data/reentrancy/solidity_contract/Bank_attack.sol ... [0m/../data/reentrancy/solidity_contract/Bank_attack.sol:5:5: Error: Functions are not allowed to have the same name as the contract. If you intend this to be a constructor, use "constructor(...) { ... }" to define it.
    function Attack() payable { owner = msg.sender; }
    ^-----------------------------------------------^
/../data/reentrancy/solidity_contract/Bank_attack.sol:5:5: Error: No visibility specified. Did you intend to add "public"?
    function Attack() payable { owner = msg.sender; }
    ^-----------------------------------------------^
/../data/reentrancy/solidity_contract/Bank_attack.sol:7:5: Error: No visibility specified. Did you intend to add "public"?
    function setVictim(address target)  { victim = target; }
    ^------------------------------------------------------^
/../data/reentrancy/solidity_contract/Bank_attack.sol:9:5: Error: No visibility specified. Did you intend to add "public"?
    function step1(uint256 amount)  payable {
    ^ (Relevant source part starts here and spans across multiple lines).
/../data/reentrancy/solidity_contract/Bank_attack.sol:15:5: Error: No visibility specified. Did you intend to add "public"?
    function step2(uint256 amount)  {
    ^ (Relevant source part starts here and spans across multiple lines).

[91m[-] Cannot compile the contract [0m