INFO:Slither:Compilation warnings/errors on /../data/reentrancy/solidity_contract/29517.sol:
/../data/reentrancy/solidity_contract/29517.sol:37:3: Warning: Defining constructors as functions with the same name as the contract is deprecated. Use "constructor(...) { ... }" instead.
  function Distribution(address _admin, ERC20 _tokenContract,
  ^ (Relevant source part starts here and spans across multiple lines).
/../data/reentrancy/solidity_contract/29517.sol:139:3: Warning: Defining constructors as functions with the same name as the contract is deprecated. Use "constructor(...) { ... }" instead.
  function DistributionForTesting(address _admin, ERC20 _tokenContract,
  ^ (Relevant source part starts here and spans across multiple lines).
/../data/reentrancy/solidity_contract/29517.sol:1:1: Warning: Source file does not specify required compiler version!Consider adding "pragma solidity ^0.4.25;"
interface ERC20 {
^ (Relevant source part starts here and spans across multiple lines).
/../data/reentrancy/solidity_contract/29517.sol:2:5: Warning: Functions in interfaces should be declared external.
    function balanceOf(address _owner) public constant returns (uint256 balance);
    ^---------------------------------------------------------------------------^
/../data/reentrancy/solidity_contract/29517.sol:3:5: Warning: Functions in interfaces should be declared external.
    function transfer(address _to, uint256 _value) public returns (bool success);
    ^---------------------------------------------------------------------------^
/../data/reentrancy/solidity_contract/29517.sol:85:53: Warning: This function only accepts a single "bytes" argument. Please use "abi.encodePacked(...)" or a similar function to encode the data.
    require(contributionHashes[contributorIndex] == keccak256(contributor, contributorExpectedTokens));
                                                    ^-----------------------------------------------^
/../data/reentrancy/solidity_contract/29517.sol:108:40: Warning: This function only accepts a single "bytes" argument. Please use "abi.encodePacked(...)" or a similar function to encode the data.
      require(contributionHashes[i] == keccak256(contributor, expectedTokens));
                                       ^------------------------------------^
/../data/reentrancy/solidity_contract/29517.sol:145:14: Warning: This function only accepts a single "bytes" argument. Please use "abi.encodePacked(...)" or a similar function to encode the data.
    result = keccak256(contributor, expectedTokens);
             ^------------------------------------^

INFO:Detectors:[93m
Distribution.doDistributionRange (/../data/reentrancy/solidity_contract/29517.sol#98-120) uses a dangerous strict equality:
	- tokensTransferred == actualTotalTokens
Distribution.doDistributionRange (/../data/reentrancy/solidity_contract/29517.sol#98-120) uses a dangerous strict equality:
	- tokensTransferred == actualTotalTokens
Distribution.handleTokensReceived (/../data/reentrancy/solidity_contract/29517.sol#47-59) uses a dangerous strict equality:
	- totalTokens == expectedTotalTokens
Distribution.doDistributionRange (/../data/reentrancy/solidity_contract/29517.sol#98-120) uses a dangerous strict equality:
	- tokensTransferred == actualTotalTokens
Distribution.handleTokensReceived (/../data/reentrancy/solidity_contract/29517.sol#47-59) uses a dangerous strict equality:
	- totalTokens == expectedTotalTokens
Distribution.temporaryKill (/../data/reentrancy/solidity_contract/29517.sol#132-136) uses a dangerous strict equality:
	- require(bool)(tokenContract.balanceOf(this) == 0)
Reference: https://github.com/trailofbits/slither/wiki/Detectors-Documentation#dangerous-strict-equalities[0m
INFO:Detectors:[93m
Reentrancy in Distribution.handleTokensReceived (/../data/reentrancy/solidity_contract/29517.sol#47-59):
	External calls:
	- totalTokens = tokenContract.balanceOf(this) (/../data/reentrancy/solidity_contract/29517.sol#49)
	State variables written after the call(s):
	- state (/../data/reentrancy/solidity_contract/29517.sol#54)
	- state (/../data/reentrancy/solidity_contract/29517.sol#57)
Reference: https://github.com/trailofbits/slither/wiki/Detectors-Documentation#reentrancy-vulnerabilities-1[0m
INFO:Detectors:[92m
Reentrancy in Distribution.handleTokensReceived (/../data/reentrancy/solidity_contract/29517.sol#47-59):
	External calls:
	- totalTokens = tokenContract.balanceOf(this) (/../data/reentrancy/solidity_contract/29517.sol#49)
	State variables written after the call(s):
	- actualTotalTokens (/../data/reentrancy/solidity_contract/29517.sol#56)
	- tokensTransferred (/../data/reentrancy/solidity_contract/29517.sol#52)
Reference: https://github.com/trailofbits/slither/wiki/Detectors-Documentation#reentrancy-vulnerabilities-2[0m
INFO:Detectors:[92m
ERC20.balanceOf (/../data/reentrancy/solidity_contract/29517.sol#2) should be declared external
ERC20.transfer (/../data/reentrancy/solidity_contract/29517.sol#3) should be declared external
Distribution.handleTokensReceived (/../data/reentrancy/solidity_contract/29517.sol#47-59) should be declared external
Distribution.doDistribution (/../data/reentrancy/solidity_contract/29517.sol#81-96) should be declared external
Distribution.doDistributionRange (/../data/reentrancy/solidity_contract/29517.sol#98-120) should be declared external
Distribution.numTokensForContributor (/../data/reentrancy/solidity_contract/29517.sol#122-125) should be declared external
Distribution.temporaryEscapeHatch (/../data/reentrancy/solidity_contract/29517.sol#127-130) should be declared external
Distribution.temporaryKill (/../data/reentrancy/solidity_contract/29517.sol#132-136) should be declared external
DistributionForTesting.getContributionHash (/../data/reentrancy/solidity_contract/29517.sol#143-146) should be declared external
DistributionForTesting.getNumTokensForContributorInternal (/../data/reentrancy/solidity_contract/29517.sol#148-152) should be declared external
DistributionForTesting.getAdmin (/../data/reentrancy/solidity_contract/29517.sol#154) should be declared external
DistributionForTesting.getTokenContract (/../data/reentrancy/solidity_contract/29517.sol#155) should be declared external
DistributionForTesting.getState (/../data/reentrancy/solidity_contract/29517.sol#156) should be declared external
DistributionForTesting.getActualTotalTokens (/../data/reentrancy/solidity_contract/29517.sol#157) should be declared external
DistributionForTesting.getContributionHashes (/../data/reentrancy/solidity_contract/29517.sol#159) should be declared external
DistributionForTesting.getContributionHashByIndex (/../data/reentrancy/solidity_contract/29517.sol#160-161) should be declared external
DistributionForTesting.getExpectedTotalTokens (/../data/reentrancy/solidity_contract/29517.sol#162) should be declared external
Reference: https://github.com/trailofbits/slither/wiki/Detectors-Documentation#public-function-that-could-be-declared-as-external[0m
INFO:Detectors:[92m
Low level call in Distribution.temporaryEscapeHatch (/../data/reentrancy/solidity_contract/29517.sol#127-130):
	-require(bool)(to.call.value(value)(data)) /../data/reentrancy/solidity_contract/29517.sol#129
Reference: https://github.com/trailofbits/slither/wiki/Detectors-Documentation#low-level-calls[0m
INFO:Detectors:[92m
Function 'Distribution.Distribution' (/../data/reentrancy/solidity_contract/29517.sol#37-45) is not in mixedCase
Parameter '_admin' of Distribution.Distribution (/../data/reentrancy/solidity_contract/29517.sol#37) is not in mixedCase
Parameter '_tokenContract' of Distribution.Distribution (/../data/reentrancy/solidity_contract/29517.sol#37) is not in mixedCase
Parameter '_contributionHashes' of Distribution.Distribution (/../data/reentrancy/solidity_contract/29517.sol#38) is not in mixedCase
Parameter '_expectedTotalTokens' of Distribution.Distribution (/../data/reentrancy/solidity_contract/29517.sol#38) is not in mixedCase
Function 'Distribution._numTokensForContributor' (/../data/reentrancy/solidity_contract/29517.sol#61-79) is not in mixedCase
Parameter '_tokensTransferred' of Distribution._numTokensForContributor (/../data/reentrancy/solidity_contract/29517.sol#62) is not in mixedCase
Parameter '_state' of Distribution._numTokensForContributor (/../data/reentrancy/solidity_contract/29517.sol#62) is not in mixedCase
Function 'DistributionForTesting.DistributionForTesting' (/../data/reentrancy/solidity_contract/29517.sol#139-141) is not in mixedCase
Parameter '_tokensTransferred' of DistributionForTesting.getNumTokensForContributorInternal (/../data/reentrancy/solidity_contract/29517.sol#149) is not in mixedCase
Parameter '_state' of DistributionForTesting.getNumTokensForContributorInternal (/../data/reentrancy/solidity_contract/29517.sol#149) is not in mixedCase
Reference: https://github.com/trailofbits/slither/wiki/Detectors-Documentation#conformance-to-solidity-naming-conventions[0m
INFO:Slither:/../data/reentrancy/solidity_contract/29517.sol analyzed (4 contracts), 34 result(s) found