INFO:Slither:Compilation warnings/errors on /../data/reentrancy/solidity_contract/13076.sol:
/../data/reentrancy/solidity_contract/13076.sol:29:3: Warning: Defining constructors as functions with the same name as the contract is deprecated. Use "constructor(...) { ... }" instead.
  function Crowdsale(uint256 _rate, address _wallet, ERC20 _token) public {
  ^ (Relevant source part starts here and spans across multiple lines).
/../data/reentrancy/solidity_contract/13076.sol:169:3: Warning: Defining constructors as functions with the same name as the contract is deprecated. Use "constructor(...) { ... }" instead.
  function Ownable() public {
  ^ (Relevant source part starts here and spans across multiple lines).
/../data/reentrancy/solidity_contract/13076.sol:194:3: Warning: Defining constructors as functions with the same name as the contract is deprecated. Use "constructor(...) { ... }" instead.
  function CappedCrowdsale(uint256 _cap) public {
  ^ (Relevant source part starts here and spans across multiple lines).
/../data/reentrancy/solidity_contract/13076.sol:280:3: Warning: Defining constructors as functions with the same name as the contract is deprecated. Use "constructor(...) { ... }" instead.
  function AllowanceCrowdsale(address _tokenWallet) public {
  ^ (Relevant source part starts here and spans across multiple lines).
/../data/reentrancy/solidity_contract/13076.sol:469:3: Warning: Defining constructors as functions with the same name as the contract is deprecated. Use "constructor(...) { ... }" instead.
  function TimedCrowdsale(uint256 _openingTime, uint256 _closingTime) public {
  ^ (Relevant source part starts here and spans across multiple lines).
/../data/reentrancy/solidity_contract/13076.sol:85:34: Warning: Unused function parameter. Remove or comment out the variable name to silence this warning.
  function _postValidatePurchase(address _beneficiary, uint256 _weiAmount) internal {
                                 ^------------------^
/../data/reentrancy/solidity_contract/13076.sol:85:56: Warning: Unused function parameter. Remove or comment out the variable name to silence this warning.
  function _postValidatePurchase(address _beneficiary, uint256 _weiAmount) internal {
                                                       ^----------------^
/../data/reentrancy/solidity_contract/13076.sol:100:35: Warning: Unused function parameter. Remove or comment out the variable name to silence this warning.
  function _updatePurchasingState(address _beneficiary, uint256 _weiAmount) internal {
                                  ^------------------^
/../data/reentrancy/solidity_contract/13076.sol:100:57: Warning: Unused function parameter. Remove or comment out the variable name to silence this warning.
  function _updatePurchasingState(address _beneficiary, uint256 _weiAmount) internal {
                                                        ^----------------^
/../data/reentrancy/solidity_contract/13076.sol:79:3: Warning: Function state mutability can be restricted to pure
  function _preValidatePurchase(address _beneficiary, uint256 _weiAmount) internal {
  ^ (Relevant source part starts here and spans across multiple lines).
/../data/reentrancy/solidity_contract/13076.sol:85:3: Warning: Function state mutability can be restricted to pure
  function _postValidatePurchase(address _beneficiary, uint256 _weiAmount) internal {
  ^ (Relevant source part starts here and spans across multiple lines).
/../data/reentrancy/solidity_contract/13076.sol:100:3: Warning: Function state mutability can be restricted to pure
  function _updatePurchasingState(address _beneficiary, uint256 _weiAmount) internal {
  ^ (Relevant source part starts here and spans across multiple lines).
/../data/reentrancy/solidity_contract/13076.sol:551:5: Warning: Function state mutability can be restricted to pure
    function _getVolumeBonus(uint256 _currentRate, uint256 _weiAmount) internal view returns (uint256) {
    ^ (Relevant source part starts here and spans across multiple lines).

INFO:Detectors:[91m
EDUCrowdsale.token (/../data/reentrancy/solidity_contract/13076.sol#498) shadows:
	- Crowdsale.token (/../data/reentrancy/solidity_contract/13076.sol#14)
Reference: https://github.com/trailofbits/slither/wiki/Detectors-Documentation#state-variable-shadowing[0m
INFO:Detectors:[93m
Reentrancy in EDUToken.delayedTransferFrom (/../data/reentrancy/solidity_contract/13076.sol#613-616):
	External calls:
	- transferFrom(_tokenWallet,_to,_value) (/../data/reentrancy/solidity_contract/13076.sol#614)
	State variables written after the call(s):
	- kycPending (/../data/reentrancy/solidity_contract/13076.sol#615)
Reentrancy in KYCToken.isKnownCustomer (/../data/reentrancy/solidity_contract/13076.sol#249-255):
	External calls:
	- require(bool)(! kycPending[_address] || certifier.certified(_address)) (/../data/reentrancy/solidity_contract/13076.sol#250)
	State variables written after the call(s):
	- kycPending (/../data/reentrancy/solidity_contract/13076.sol#252)
Reference: https://github.com/trailofbits/slither/wiki/Detectors-Documentation#reentrancy-vulnerabilities-1[0m
INFO:Detectors:[93m
Crowdsale._deliverTokens (/../data/reentrancy/solidity_contract/13076.sol#90-92) does not use the value returned by external calls:
	-token.transfer(_beneficiary,_tokenAmount) (/../data/reentrancy/solidity_contract/13076.sol#91)
AllowanceCrowdsale._deliverTokens (/../data/reentrancy/solidity_contract/13076.sol#291-293) does not use the value returned by external calls:
	-token.transferFrom(tokenWallet,_beneficiary,_tokenAmount) (/../data/reentrancy/solidity_contract/13076.sol#292)
EDUCrowdsale._deliverTokens (/../data/reentrancy/solidity_contract/13076.sol#520-526) does not use the value returned by external calls:
	-token.transferFrom(tokenWallet,_beneficiary,_tokenAmount) (/../data/reentrancy/solidity_contract/13076.sol#522)
	-token.delayedTransferFrom(tokenWallet,_beneficiary,_tokenAmount) (/../data/reentrancy/solidity_contract/13076.sol#524)
Reference: https://github.com/trailofbits/slither/wiki/Detectors-Documentation#unused-return[0m
INFO:Detectors:[92m
TimedCrowdsale.TimedCrowdsale (/../data/reentrancy/solidity_contract/13076.sol#469-476) uses timestamp for comparisons
	Dangerous comparisons:
	- require(bool)(_openingTime >= block.timestamp) (/../data/reentrancy/solidity_contract/13076.sol#471)
TimedCrowdsale.hasClosed (/../data/reentrancy/solidity_contract/13076.sol#479-482) uses timestamp for comparisons
	Dangerous comparisons:
	- block.timestamp > closingTime (/../data/reentrancy/solidity_contract/13076.sol#481)
EDUCrowdsale.getCurrentRate (/../data/reentrancy/solidity_contract/13076.sol#529-541) uses timestamp for comparisons
	Dangerous comparisons:
	- block.timestamp < 1529928000 (/../data/reentrancy/solidity_contract/13076.sol#536-540)
	- block.timestamp < 1529323200 (/../data/reentrancy/solidity_contract/13076.sol#534-540)
	- block.timestamp < 1528718400 (/../data/reentrancy/solidity_contract/13076.sol#532-540)
	- block.timestamp < 1528156799 (/../data/reentrancy/solidity_contract/13076.sol#530-540)
Reference: https://github.com/trailofbits/slither/wiki/Detectors-Documentation#block-timestamp[0m
INFO:Detectors:[92m
BasicToken.totalSupply (/../data/reentrancy/solidity_contract/13076.sol#304-306) should be declared external
ERC20Basic.totalSupply (/../data/reentrancy/solidity_contract/13076.sol#4) should be declared external
ERC20Basic.balanceOf (/../data/reentrancy/solidity_contract/13076.sol#5) should be declared external
BasicToken.balanceOf (/../data/reentrancy/solidity_contract/13076.sol#320-322) should be declared external
StandardToken.allowance (/../data/reentrancy/solidity_contract/13076.sol#373-375) should be declared external
ERC20.allowance (/../data/reentrancy/solidity_contract/13076.sol#116) should be declared external
ERC827.approveAndCall (/../data/reentrancy/solidity_contract/13076.sol#123) should be declared external
ERC827Token.approveAndCall (/../data/reentrancy/solidity_contract/13076.sol#401-409) should be declared external
ERC827.transferAndCall (/../data/reentrancy/solidity_contract/13076.sol#124) should be declared external
ERC827Token.transferAndCall (/../data/reentrancy/solidity_contract/13076.sol#412-419) should be declared external
ERC827Token.transferFromAndCall (/../data/reentrancy/solidity_contract/13076.sol#422-429) should be declared external
ERC827.transferFromAndCall (/../data/reentrancy/solidity_contract/13076.sol#125) should be declared external
Ownable.transferOwnership (/../data/reentrancy/solidity_contract/13076.sol#180-184) should be declared external
CappedCrowdsale.capReached (/../data/reentrancy/solidity_contract/13076.sol#200-202) should be declared external
Certifier.certified (/../data/reentrancy/solidity_contract/13076.sol#215) should be declared external
Certifier.get (/../data/reentrancy/solidity_contract/13076.sol#216) should be declared external
Certifier.getAddress (/../data/reentrancy/solidity_contract/13076.sol#217) should be declared external
Certifier.getUint (/../data/reentrancy/solidity_contract/13076.sol#218) should be declared external
Certifiable.updateCertifier (/../data/reentrancy/solidity_contract/13076.sol#229-234) should be declared external
AllowanceCrowdsale.remainingTokens (/../data/reentrancy/solidity_contract/13076.sol#286-288) should be declared external
BurnableToken.burn (/../data/reentrancy/solidity_contract/13076.sol#331-333) should be declared external
ERC827Token.increaseApprovalAndCall (/../data/reentrancy/solidity_contract/13076.sol#432-440) should be declared external
ERC827Token.decreaseApprovalAndCall (/../data/reentrancy/solidity_contract/13076.sol#443-451) should be declared external
TimedCrowdsale.hasClosed (/../data/reentrancy/solidity_contract/13076.sol#479-482) should be declared external
EDUToken.delayedTransferFrom (/../data/reentrancy/solidity_contract/13076.sol#613-616) should be declared external
Reference: https://github.com/trailofbits/slither/wiki/Detectors-Documentation#public-function-that-could-be-declared-as-external[0m
INFO:Detectors:[92m
Detected issues with version pragma in /../data/reentrancy/solidity_contract/13076.sol:
	- pragma solidity^0.4.13 (/../data/reentrancy/solidity_contract/13076.sol#1): it allows old versions
Reference: https://github.com/trailofbits/slither/wiki/Detectors-Documentation#incorrect-version-of-solidity[0m
INFO:Detectors:[92m
Low level call in ERC827Token.approveAndCall (/../data/reentrancy/solidity_contract/13076.sol#401-409):
	-require(bool)(_spender.call.value(msg.value)(_data)) /../data/reentrancy/solidity_contract/13076.sol#406
Low level call in ERC827Token.transferAndCall (/../data/reentrancy/solidity_contract/13076.sol#412-419):
	-require(bool)(_to.call.value(msg.value)(_data)) /../data/reentrancy/solidity_contract/13076.sol#417
Low level call in ERC827Token.transferFromAndCall (/../data/reentrancy/solidity_contract/13076.sol#422-429):
	-require(bool)(_to.call.value(msg.value)(_data)) /../data/reentrancy/solidity_contract/13076.sol#427
Low level call in ERC827Token.increaseApprovalAndCall (/../data/reentrancy/solidity_contract/13076.sol#432-440):
	-require(bool)(_spender.call.value(msg.value)(_data)) /../data/reentrancy/solidity_contract/13076.sol#437
Low level call in ERC827Token.decreaseApprovalAndCall (/../data/reentrancy/solidity_contract/13076.sol#443-451):
	-require(bool)(_spender.call.value(msg.value)(_data)) /../data/reentrancy/solidity_contract/13076.sol#448
Reference: https://github.com/trailofbits/slither/wiki/Detectors-Documentation#low-level-calls[0m
INFO:Detectors:[92m
Function 'Crowdsale.Crowdsale' (/../data/reentrancy/solidity_contract/13076.sol#29-37) is not in mixedCase
Parameter '_rate' of Crowdsale.Crowdsale (/../data/reentrancy/solidity_contract/13076.sol#29) is not in mixedCase
Parameter '_wallet' of Crowdsale.Crowdsale (/../data/reentrancy/solidity_contract/13076.sol#29) is not in mixedCase
Parameter '_token' of Crowdsale.Crowdsale (/../data/reentrancy/solidity_contract/13076.sol#29) is not in mixedCase
Parameter '_beneficiary' of Crowdsale.buyTokens (/../data/reentrancy/solidity_contract/13076.sol#49) is not in mixedCase
Function 'Crowdsale._preValidatePurchase' (/../data/reentrancy/solidity_contract/13076.sol#79-82) is not in mixedCase
Parameter '_beneficiary' of Crowdsale._preValidatePurchase (/../data/reentrancy/solidity_contract/13076.sol#79) is not in mixedCase
Parameter '_weiAmount' of Crowdsale._preValidatePurchase (/../data/reentrancy/solidity_contract/13076.sol#79) is not in mixedCase
Function 'Crowdsale._postValidatePurchase' (/../data/reentrancy/solidity_contract/13076.sol#85-87) is not in mixedCase
Function 'Crowdsale._deliverTokens' (/../data/reentrancy/solidity_contract/13076.sol#90-92) is not in mixedCase
Parameter '_beneficiary' of Crowdsale._deliverTokens (/../data/reentrancy/solidity_contract/13076.sol#90) is not in mixedCase
Parameter '_tokenAmount' of Crowdsale._deliverTokens (/../data/reentrancy/solidity_contract/13076.sol#90) is not in mixedCase
Function 'Crowdsale._processPurchase' (/../data/reentrancy/solidity_contract/13076.sol#95-97) is not in mixedCase
Parameter '_beneficiary' of Crowdsale._processPurchase (/../data/reentrancy/solidity_contract/13076.sol#95) is not in mixedCase
Parameter '_tokenAmount' of Crowdsale._processPurchase (/../data/reentrancy/solidity_contract/13076.sol#95) is not in mixedCase
Function 'Crowdsale._updatePurchasingState' (/../data/reentrancy/solidity_contract/13076.sol#100-102) is not in mixedCase
Function 'Crowdsale._getTokenAmount' (/../data/reentrancy/solidity_contract/13076.sol#105-107) is not in mixedCase
Parameter '_weiAmount' of Crowdsale._getTokenAmount (/../data/reentrancy/solidity_contract/13076.sol#105) is not in mixedCase
Function 'Crowdsale._forwardFunds' (/../data/reentrancy/solidity_contract/13076.sol#110-112) is not in mixedCase
Function 'Ownable.Ownable' (/../data/reentrancy/solidity_contract/13076.sol#169-171) is not in mixedCase
Function 'CappedCrowdsale._preValidatePurchase' (/../data/reentrancy/solidity_contract/13076.sol#205-208) is not in mixedCase
Parameter '_beneficiary' of CappedCrowdsale._preValidatePurchase (/../data/reentrancy/solidity_contract/13076.sol#205) is not in mixedCase
Parameter '_weiAmount' of CappedCrowdsale._preValidatePurchase (/../data/reentrancy/solidity_contract/13076.sol#205) is not in mixedCase
Function 'CappedCrowdsale.CappedCrowdsale' (/../data/reentrancy/solidity_contract/13076.sol#194-197) is not in mixedCase
Parameter '_cap' of CappedCrowdsale.CappedCrowdsale (/../data/reentrancy/solidity_contract/13076.sol#194) is not in mixedCase
Parameter '' of Certifier.certified (/../data/reentrancy/solidity_contract/13076.sol#215) is not in mixedCase
Parameter '' of Certifier.get (/../data/reentrancy/solidity_contract/13076.sol#216) is not in mixedCase
Parameter '_scope_0' of Certifier.get (/../data/reentrancy/solidity_contract/13076.sol#216) is not in mixedCase
Parameter '' of Certifier.getAddress (/../data/reentrancy/solidity_contract/13076.sol#217) is not in mixedCase
Parameter '_scope_0' of Certifier.getAddress (/../data/reentrancy/solidity_contract/13076.sol#217) is not in mixedCase
Parameter '' of Certifier.getUint (/../data/reentrancy/solidity_contract/13076.sol#218) is not in mixedCase
Parameter '_scope_0' of Certifier.getUint (/../data/reentrancy/solidity_contract/13076.sol#218) is not in mixedCase
Parameter '_certifier' of Certifiable. (/../data/reentrancy/solidity_contract/13076.sol#225) is not in mixedCase
Parameter '_address' of Certifiable.updateCertifier (/../data/reentrancy/solidity_contract/13076.sol#229) is not in mixedCase
Parameter '_address' of KYCToken.addManager (/../data/reentrancy/solidity_contract/13076.sol#262) is not in mixedCase
Parameter '_address' of KYCToken.removeManager (/../data/reentrancy/solidity_contract/13076.sol#267) is not in mixedCase
Function 'AllowanceCrowdsale._deliverTokens' (/../data/reentrancy/solidity_contract/13076.sol#291-293) is not in mixedCase
Parameter '_beneficiary' of AllowanceCrowdsale._deliverTokens (/../data/reentrancy/solidity_contract/13076.sol#291) is not in mixedCase
Parameter '_tokenAmount' of AllowanceCrowdsale._deliverTokens (/../data/reentrancy/solidity_contract/13076.sol#291) is not in mixedCase
Function 'AllowanceCrowdsale.AllowanceCrowdsale' (/../data/reentrancy/solidity_contract/13076.sol#280-283) is not in mixedCase
Parameter '_tokenWallet' of AllowanceCrowdsale.AllowanceCrowdsale (/../data/reentrancy/solidity_contract/13076.sol#280) is not in mixedCase
Parameter '_owner' of BasicToken.balanceOf (/../data/reentrancy/solidity_contract/13076.sol#320) is not in mixedCase
Parameter '_to' of BasicToken.transfer (/../data/reentrancy/solidity_contract/13076.sol#309) is not in mixedCase
Parameter '_value' of BasicToken.transfer (/../data/reentrancy/solidity_contract/13076.sol#309) is not in mixedCase
Parameter '_value' of BurnableToken.burn (/../data/reentrancy/solidity_contract/13076.sol#331) is not in mixedCase
Function 'BurnableToken._burn' (/../data/reentrancy/solidity_contract/13076.sol#335-344) is not in mixedCase
Parameter '_who' of BurnableToken._burn (/../data/reentrancy/solidity_contract/13076.sol#335) is not in mixedCase
Parameter '_value' of BurnableToken._burn (/../data/reentrancy/solidity_contract/13076.sol#335) is not in mixedCase
Parameter '_owner' of StandardToken.allowance (/../data/reentrancy/solidity_contract/13076.sol#373) is not in mixedCase
Parameter '_spender' of StandardToken.allowance (/../data/reentrancy/solidity_contract/13076.sol#373) is not in mixedCase
Parameter '_from' of StandardToken.transferFrom (/../data/reentrancy/solidity_contract/13076.sol#353) is not in mixedCase
Parameter '_to' of StandardToken.transferFrom (/../data/reentrancy/solidity_contract/13076.sol#353) is not in mixedCase
Parameter '_value' of StandardToken.transferFrom (/../data/reentrancy/solidity_contract/13076.sol#353) is not in mixedCase
Parameter '_spender' of StandardToken.approve (/../data/reentrancy/solidity_contract/13076.sol#366) is not in mixedCase
Parameter '_value' of StandardToken.approve (/../data/reentrancy/solidity_contract/13076.sol#366) is not in mixedCase
Parameter '_spender' of StandardToken.increaseApproval (/../data/reentrancy/solidity_contract/13076.sol#378) is not in mixedCase
Parameter '_addedValue' of StandardToken.increaseApproval (/../data/reentrancy/solidity_contract/13076.sol#378) is not in mixedCase
Parameter '_spender' of StandardToken.decreaseApproval (/../data/reentrancy/solidity_contract/13076.sol#385) is not in mixedCase
Parameter '_subtractedValue' of StandardToken.decreaseApproval (/../data/reentrancy/solidity_contract/13076.sol#385) is not in mixedCase
Parameter '_spender' of ERC827Token.approveAndCall (/../data/reentrancy/solidity_contract/13076.sol#401) is not in mixedCase
Parameter '_value' of ERC827Token.approveAndCall (/../data/reentrancy/solidity_contract/13076.sol#401) is not in mixedCase
Parameter '_data' of ERC827Token.approveAndCall (/../data/reentrancy/solidity_contract/13076.sol#401) is not in mixedCase
Parameter '_to' of ERC827Token.transferAndCall (/../data/reentrancy/solidity_contract/13076.sol#412) is not in mixedCase
Parameter '_value' of ERC827Token.transferAndCall (/../data/reentrancy/solidity_contract/13076.sol#412) is not in mixedCase
Parameter '_data' of ERC827Token.transferAndCall (/../data/reentrancy/solidity_contract/13076.sol#412) is not in mixedCase
Parameter '_from' of ERC827Token.transferFromAndCall (/../data/reentrancy/solidity_contract/13076.sol#422) is not in mixedCase
Parameter '_to' of ERC827Token.transferFromAndCall (/../data/reentrancy/solidity_contract/13076.sol#422) is not in mixedCase
Parameter '_value' of ERC827Token.transferFromAndCall (/../data/reentrancy/solidity_contract/13076.sol#422) is not in mixedCase
Parameter '_data' of ERC827Token.transferFromAndCall (/../data/reentrancy/solidity_contract/13076.sol#422) is not in mixedCase
Parameter '_spender' of ERC827Token.increaseApprovalAndCall (/../data/reentrancy/solidity_contract/13076.sol#432) is not in mixedCase
Parameter '_addedValue' of ERC827Token.increaseApprovalAndCall (/../data/reentrancy/solidity_contract/13076.sol#432) is not in mixedCase
Parameter '_data' of ERC827Token.increaseApprovalAndCall (/../data/reentrancy/solidity_contract/13076.sol#432) is not in mixedCase
Parameter '_spender' of ERC827Token.decreaseApprovalAndCall (/../data/reentrancy/solidity_contract/13076.sol#443) is not in mixedCase
Parameter '_subtractedValue' of ERC827Token.decreaseApprovalAndCall (/../data/reentrancy/solidity_contract/13076.sol#443) is not in mixedCase
Parameter '_data' of ERC827Token.decreaseApprovalAndCall (/../data/reentrancy/solidity_contract/13076.sol#443) is not in mixedCase
Function 'TimedCrowdsale._preValidatePurchase' (/../data/reentrancy/solidity_contract/13076.sol#485-487) is not in mixedCase
Parameter '_beneficiary' of TimedCrowdsale._preValidatePurchase (/../data/reentrancy/solidity_contract/13076.sol#485) is not in mixedCase
Parameter '_weiAmount' of TimedCrowdsale._preValidatePurchase (/../data/reentrancy/solidity_contract/13076.sol#485) is not in mixedCase
Function 'TimedCrowdsale.TimedCrowdsale' (/../data/reentrancy/solidity_contract/13076.sol#469-476) is not in mixedCase
Parameter '_openingTime' of TimedCrowdsale.TimedCrowdsale (/../data/reentrancy/solidity_contract/13076.sol#469) is not in mixedCase
Parameter '_closingTime' of TimedCrowdsale.TimedCrowdsale (/../data/reentrancy/solidity_contract/13076.sol#469) is not in mixedCase
Function 'EDUCrowdsale._deliverTokens' (/../data/reentrancy/solidity_contract/13076.sol#520-526) is not in mixedCase
Parameter '_beneficiary' of EDUCrowdsale._deliverTokens (/../data/reentrancy/solidity_contract/13076.sol#520) is not in mixedCase
Parameter '_tokenAmount' of EDUCrowdsale._deliverTokens (/../data/reentrancy/solidity_contract/13076.sol#520) is not in mixedCase
Function 'EDUCrowdsale._getTokenAmount' (/../data/reentrancy/solidity_contract/13076.sol#544-549) is not in mixedCase
Parameter '_weiAmount' of EDUCrowdsale._getTokenAmount (/../data/reentrancy/solidity_contract/13076.sol#544) is not in mixedCase
Parameter '_token' of EDUCrowdsale. (/../data/reentrancy/solidity_contract/13076.sol#504) is not in mixedCase
Function 'EDUCrowdsale._getVolumeBonus' (/../data/reentrancy/solidity_contract/13076.sol#551-562) is not in mixedCase
Parameter '_currentRate' of EDUCrowdsale._getVolumeBonus (/../data/reentrancy/solidity_contract/13076.sol#551) is not in mixedCase
Parameter '_weiAmount' of EDUCrowdsale._getVolumeBonus (/../data/reentrancy/solidity_contract/13076.sol#551) is not in mixedCase
Parameter '_tokenWallet' of EDUCrowdsale.changeTokenWallet (/../data/reentrancy/solidity_contract/13076.sol#564) is not in mixedCase
Parameter '_wallet' of EDUCrowdsale.changeWallet (/../data/reentrancy/solidity_contract/13076.sol#570) is not in mixedCase
Parameter '_to' of EDUToken.transfer (/../data/reentrancy/solidity_contract/13076.sol#593) is not in mixedCase
Parameter '_value' of EDUToken.transfer (/../data/reentrancy/solidity_contract/13076.sol#593) is not in mixedCase
Parameter '_from' of EDUToken.transferFrom (/../data/reentrancy/solidity_contract/13076.sol#597) is not in mixedCase
Parameter '_to' of EDUToken.transferFrom (/../data/reentrancy/solidity_contract/13076.sol#597) is not in mixedCase
Parameter '_value' of EDUToken.transferFrom (/../data/reentrancy/solidity_contract/13076.sol#597) is not in mixedCase
Parameter '_spender' of EDUToken.approve (/../data/reentrancy/solidity_contract/13076.sol#601) is not in mixedCase
Parameter '_value' of EDUToken.approve (/../data/reentrancy/solidity_contract/13076.sol#601) is not in mixedCase
Parameter '_spender' of EDUToken.increaseApproval (/../data/reentrancy/solidity_contract/13076.sol#605) is not in mixedCase
Parameter '_addedValue' of EDUToken.increaseApproval (/../data/reentrancy/solidity_contract/13076.sol#605) is not in mixedCase
Parameter '_spender' of EDUToken.decreaseApproval (/../data/reentrancy/solidity_contract/13076.sol#609) is not in mixedCase
Parameter '_subtractedValue' of EDUToken.decreaseApproval (/../data/reentrancy/solidity_contract/13076.sol#609) is not in mixedCase
Parameter '_tokenWallet' of EDUToken.delayedTransferFrom (/../data/reentrancy/solidity_contract/13076.sol#613) is not in mixedCase
Parameter '_to' of EDUToken.delayedTransferFrom (/../data/reentrancy/solidity_contract/13076.sol#613) is not in mixedCase
Parameter '_value' of EDUToken.delayedTransferFrom (/../data/reentrancy/solidity_contract/13076.sol#613) is not in mixedCase
Reference: https://github.com/trailofbits/slither/wiki/Detectors-Documentation#conformance-to-solidity-naming-conventions[0m
INFO:Slither:/../data/reentrancy/solidity_contract/13076.sol analyzed (18 contracts), 146 result(s) found