INFO:Slither:Compilation warnings/errors on /../data/reentrancy/solidity_contract/Bank.sol:
/../data/reentrancy/solidity_contract/Bank.sol:6:16: Warning: Using contract member "balance" inherited from the address type is deprecated. Convert the contract to "address" type to access the member, for example use "address(contract).balance" instead.
        return this.balance;
               ^----------^
/../data/reentrancy/solidity_contract/Bank.sol:37:16: Warning: Using contract member "balance" inherited from the address type is deprecated. Convert the contract to "address" type to access the member, for example use "address(contract).balance" instead.
        return this.balance;
               ^----------^
/../data/reentrancy/solidity_contract/Bank.sol:5:5: Warning: No visibility specified. Defaulting to "public". 
    function wallet() constant returns(uint256 result){
    ^ (Relevant source part starts here and spans across multiple lines).
/../data/reentrancy/solidity_contract/Bank.sol:8:5: Warning: No visibility specified. Defaulting to "public". 
    function recharge() payable{
    ^ (Relevant source part starts here and spans across multiple lines).
/../data/reentrancy/solidity_contract/Bank.sol:11:5: Warning: No visibility specified. Defaulting to "public". 
    function withdraw(){
    ^ (Relevant source part starts here and spans across multiple lines).
/../data/reentrancy/solidity_contract/Bank.sol:20:5: Warning: No visibility specified. Defaulting to "public". 
    constructor(address _bank){
    ^ (Relevant source part starts here and spans across multiple lines).
/../data/reentrancy/solidity_contract/Bank.sol:23:5: Warning: No visibility specified. Defaulting to "public". 
    function attack() payable{
    ^ (Relevant source part starts here and spans across multiple lines).
/../data/reentrancy/solidity_contract/Bank.sol:29:5: Warning: No visibility specified. Defaulting to "public". 
    function () payable{
    ^ (Relevant source part starts here and spans across multiple lines).
/../data/reentrancy/solidity_contract/Bank.sol:36:5: Warning: No visibility specified. Defaulting to "public". 
    function wallet() constant returns(uint256 result){
    ^ (Relevant source part starts here and spans across multiple lines).

INFO:Detectors:[91m
Reentrancy in Bank.withdraw (/../data/reentrancy/solidity_contract/Bank.sol#11-14):
	External calls:
	- require(bool)(msg.sender.call.value(balances[msg.sender])()) (/../data/reentrancy/solidity_contract/Bank.sol#12)
	State variables written after the call(s):
	- balances (/../data/reentrancy/solidity_contract/Bank.sol#13)
Reference: https://github.com/trailofbits/slither/wiki/Detectors-Documentation#reentrancy-vulnerabilities[0m
INFO:Detectors:[92m
Bank.wallet (/../data/reentrancy/solidity_contract/Bank.sol#5-7) should be declared external
Bank.recharge (/../data/reentrancy/solidity_contract/Bank.sol#8-10) should be declared external
Bank.withdraw (/../data/reentrancy/solidity_contract/Bank.sol#11-14) should be declared external
Attacker.attack (/../data/reentrancy/solidity_contract/Bank.sol#23-28) should be declared external
Attacker.fallback (/../data/reentrancy/solidity_contract/Bank.sol#29-35) should be declared external
Attacker.wallet (/../data/reentrancy/solidity_contract/Bank.sol#36-38) should be declared external
Reference: https://github.com/trailofbits/slither/wiki/Detectors-Documentation#public-function-that-could-be-declared-as-external[0m
INFO:Detectors:[92m
Low level call in Bank.withdraw (/../data/reentrancy/solidity_contract/Bank.sol#11-14):
	-require(bool)(msg.sender.call.value(balances[msg.sender])()) /../data/reentrancy/solidity_contract/Bank.sol#12
Reference: https://github.com/trailofbits/slither/wiki/Detectors-Documentation#low-level-calls[0m
INFO:Detectors:[92m
Parameter '_bank' of Attacker. (/../data/reentrancy/solidity_contract/Bank.sol#20) is not in mixedCase
Reference: https://github.com/trailofbits/slither/wiki/Detectors-Documentation#conformance-to-solidity-naming-conventions[0m
INFO:Slither:/../data/reentrancy/solidity_contract/Bank.sol analyzed (2 contracts), 9 result(s) found