INFO:root:Contract /../data/reentrancy/solidity_contract/39684.sol:EtherprisesLLC:
INFO:symExec:Running, please wait...
INFO:symExec:	============ Results ===========
INFO:symExec:	  EVM code coverage: 	 28.2%
INFO:symExec:	  Arithmetic bugs: 	 False
INFO:symExec:	  └> Overflow bugs: 	 False
INFO:symExec:	  └> Underflow bugs: 	 False
INFO:symExec:	  └> Division bugs: 	 False
INFO:symExec:	  └> Modulo bugs:   	 False
INFO:symExec:	  └> Truncation bugs: 	 False
INFO:symExec:	  └> Signedness bugs: 	 False
INFO:symExec:	  Callstack bug: 	 True
/../data/reentrancy/solidity_contract/39684.sol:EtherprisesLLC:62:9
generalManager.send(this.balance)
^
INFO:symExec:	  Concurrency bug: 	 True
Flow 1:
/../data/reentrancy/solidity_contract/39684.sol:EtherprisesLLC:137:42
SeriesFactory(seriesFactory).createSeries.value(msg.value)(seriesId, name, shares, industry, symbol, msg.sender, extraContract)
^
Flow 2:
/../data/reentrancy/solidity_contract/39684.sol:EtherprisesLLC:180:17
latestSeriesForUser[msg.sender].call.value(msg.value)()
^
INFO:symExec:	  Time dependency bug: 	 False
INFO:symExec:	  Reentrancy bug: 	 True
/../data/reentrancy/solidity_contract/39684.sol:EtherprisesLLC:137:42
SeriesFactory(seriesFactory).createSeries.value(msg.value)(seriesId, name, shares, industry, symbol, msg.sender, extraContract)
^
/../data/reentrancy/solidity_contract/39684.sol:EtherprisesLLC:180:17
latestSeriesForUser[msg.sender].call.value(msg.value)()
^
INFO:symExec:	 --- 50.0607459545 seconds ---
INFO:symExec:	====== Analysis Completed ======
INFO:root:Contract /../data/reentrancy/solidity_contract/39684.sol:SeriesFactory:
INFO:symExec:Running, please wait...
INFO:symExec:	============ Results ===========
INFO:symExec:	  EVM code coverage: 	 99.8%
INFO:symExec:	  Arithmetic bugs: 	 False
INFO:symExec:	  └> Overflow bugs: 	 False
INFO:symExec:	  └> Underflow bugs: 	 False
INFO:symExec:	  └> Division bugs: 	 False
INFO:symExec:	  └> Modulo bugs:   	 False
INFO:symExec:	  └> Truncation bugs: 	 False
INFO:symExec:	  └> Signedness bugs: 	 False
INFO:symExec:	  Callstack bug: 	 False
INFO:symExec:	  Concurrency bug: 	 False
INFO:symExec:	  Time dependency bug: 	 False
INFO:symExec:	  Reentrancy bug: 	 False
INFO:symExec:	 --- 3.92682790756 seconds ---
INFO:symExec:	====== Analysis Completed ======

  .oooooo.             o8o            o8o          
 d8P'  `Y8b            `"'            `"'          
888      888  .oooo.o oooo  oooo d8b oooo   .oooo.o
888      888 d88(  "8 `888  `888""8P `888  d88(  "8
888      888 `"Y88b.   888   888      888  `"Y88b. 
`88b    d88' o.  )88b  888   888      888  o.  )88b
 `Y8bood8P'  8""888P' o888o d888b    o888o 8""888P'


!!! SYMBOLIC EXECUTION TIMEOUT !!!