====================================================================================================
[1m[ ] Compiling Solidity contract from the file /../data/reentrancy/solidity_contract/10604.sol ... [0m/../data/reentrancy/solidity_contract/10604.sol:113:58: Error: The state mutability modifier "constant" was removed in version 0.5.0. Use "view" or "pure" instead.
    function allowance(address _owner, address _spender) constant returns (uint256 remaining);
                                                         ^------^
/../data/reentrancy/solidity_contract/10604.sol:116:51: Error: The state mutability modifier "constant" was removed in version 0.5.0. Use "view" or "pure" instead.
    function balanceOf(address tokenOwner) public constant returns (uint balance);
                                                  ^------^

[91m[-] Cannot compile the contract [0m

====================================================================================================
[1m[ ] Compiling Solidity contract from the file /../data/reentrancy/solidity_contract/10604.sol ... [0m/../data/reentrancy/solidity_contract/10604.sol:113:58: Error: The state mutability modifier "constant" was removed in version 0.5.0. Use "view" or "pure" instead.
    function allowance(address _owner, address _spender) constant returns (uint256 remaining);
                                                         ^------^
/../data/reentrancy/solidity_contract/10604.sol:116:51: Error: The state mutability modifier "constant" was removed in version 0.5.0. Use "view" or "pure" instead.
    function balanceOf(address tokenOwner) public constant returns (uint balance);
                                                  ^------^

[91m[-] Cannot compile the contract [0m

====================================================================================================
[1m[ ] Compiling Solidity contract from the file /../data/reentrancy/solidity_contract/10604.sol ... [0m/../data/reentrancy/solidity_contract/10604.sol:113:58: Error: The state mutability modifier "constant" was removed in version 0.5.0. Use "view" or "pure" instead.
    function allowance(address _owner, address _spender) constant returns (uint256 remaining);
                                                         ^------^
/../data/reentrancy/solidity_contract/10604.sol:116:51: Error: The state mutability modifier "constant" was removed in version 0.5.0. Use "view" or "pure" instead.
    function balanceOf(address tokenOwner) public constant returns (uint balance);
                                                  ^------^

[91m[-] Cannot compile the contract [0m

====================================================================================================
[1m[ ] Compiling Solidity contract from the file /../data/reentrancy/solidity_contract/10604.sol ... [0m/../data/reentrancy/solidity_contract/10604.sol:113:58: Error: The state mutability modifier "constant" was removed in version 0.5.0. Use "view" or "pure" instead.
    function allowance(address _owner, address _spender) constant returns (uint256 remaining);
                                                         ^------^
/../data/reentrancy/solidity_contract/10604.sol:116:51: Error: The state mutability modifier "constant" was removed in version 0.5.0. Use "view" or "pure" instead.
    function balanceOf(address tokenOwner) public constant returns (uint balance);
                                                  ^------^

[91m[-] Cannot compile the contract [0m

====================================================================================================
[1m[ ] Compiling Solidity contract from the file /../data/reentrancy/solidity_contract/10604.sol ... [0m/../data/reentrancy/solidity_contract/10604.sol:113:58: Error: The state mutability modifier "constant" was removed in version 0.5.0. Use "view" or "pure" instead.
    function allowance(address _owner, address _spender) constant returns (uint256 remaining);
                                                         ^------^
/../data/reentrancy/solidity_contract/10604.sol:116:51: Error: The state mutability modifier "constant" was removed in version 0.5.0. Use "view" or "pure" instead.
    function balanceOf(address tokenOwner) public constant returns (uint balance);
                                                  ^------^

[91m[-] Cannot compile the contract [0m

====================================================================================================
[1m[ ] Compiling Solidity contract from the file /../data/reentrancy/solidity_contract/10604.sol ... [0m/../data/reentrancy/solidity_contract/10604.sol:113:58: Error: The state mutability modifier "constant" was removed in version 0.5.0. Use "view" or "pure" instead.
    function allowance(address _owner, address _spender) constant returns (uint256 remaining);
                                                         ^------^
/../data/reentrancy/solidity_contract/10604.sol:116:51: Error: The state mutability modifier "constant" was removed in version 0.5.0. Use "view" or "pure" instead.
    function balanceOf(address tokenOwner) public constant returns (uint balance);
                                                  ^------^

[91m[-] Cannot compile the contract [0m

====================================================================================================
[1m[ ] Compiling Solidity contract from the file /../data/reentrancy/solidity_contract/10604.sol ... [0m/../data/reentrancy/solidity_contract/10604.sol:113:58: Error: The state mutability modifier "constant" was removed in version 0.5.0. Use "view" or "pure" instead.
    function allowance(address _owner, address _spender) constant returns (uint256 remaining);
                                                         ^------^
/../data/reentrancy/solidity_contract/10604.sol:116:51: Error: The state mutability modifier "constant" was removed in version 0.5.0. Use "view" or "pure" instead.
    function balanceOf(address tokenOwner) public constant returns (uint balance);
                                                  ^------^

[91m[-] Cannot compile the contract [0m

====================================================================================================
[1m[ ] Compiling Solidity contract from the file /../data/reentrancy/solidity_contract/10604.sol ... [0m/../data/reentrancy/solidity_contract/10604.sol:113:58: Error: The state mutability modifier "constant" was removed in version 0.5.0. Use "view" or "pure" instead.
    function allowance(address _owner, address _spender) constant returns (uint256 remaining);
                                                         ^------^
/../data/reentrancy/solidity_contract/10604.sol:116:51: Error: The state mutability modifier "constant" was removed in version 0.5.0. Use "view" or "pure" instead.
    function balanceOf(address tokenOwner) public constant returns (uint balance);
                                                  ^------^

[91m[-] Cannot compile the contract [0m

====================================================================================================
[1m[ ] Compiling Solidity contract from the file /../data/reentrancy/solidity_contract/10604.sol ... [0m/../data/reentrancy/solidity_contract/10604.sol:113:58: Error: The state mutability modifier "constant" was removed in version 0.5.0. Use "view" or "pure" instead.
    function allowance(address _owner, address _spender) constant returns (uint256 remaining);
                                                         ^------^
/../data/reentrancy/solidity_contract/10604.sol:116:51: Error: The state mutability modifier "constant" was removed in version 0.5.0. Use "view" or "pure" instead.
    function balanceOf(address tokenOwner) public constant returns (uint balance);
                                                  ^------^

[91m[-] Cannot compile the contract [0m

====================================================================================================
[1m[ ] Compiling Solidity contract from the file /../data/reentrancy/solidity_contract/10604.sol ... [0m/../data/reentrancy/solidity_contract/10604.sol:113:58: Error: The state mutability modifier "constant" was removed in version 0.5.0. Use "view" or "pure" instead.
    function allowance(address _owner, address _spender) constant returns (uint256 remaining);
                                                         ^------^
/../data/reentrancy/solidity_contract/10604.sol:116:51: Error: The state mutability modifier "constant" was removed in version 0.5.0. Use "view" or "pure" instead.
    function balanceOf(address tokenOwner) public constant returns (uint balance);
                                                  ^------^

[91m[-] Cannot compile the contract [0m

====================================================================================================
[1m[ ] Compiling Solidity contract from the file /../data/reentrancy/solidity_contract/10604.sol ... [0m/../data/reentrancy/solidity_contract/10604.sol:113:58: Error: The state mutability modifier "constant" was removed in version 0.5.0. Use "view" or "pure" instead.
    function allowance(address _owner, address _spender) constant returns (uint256 remaining);
                                                         ^------^
/../data/reentrancy/solidity_contract/10604.sol:116:51: Error: The state mutability modifier "constant" was removed in version 0.5.0. Use "view" or "pure" instead.
    function balanceOf(address tokenOwner) public constant returns (uint balance);
                                                  ^------^

[91m[-] Cannot compile the contract [0m

====================================================================================================
[1m[ ] Compiling Solidity contract from the file /../data/reentrancy/solidity_contract/10604.sol ... [0m/../data/reentrancy/solidity_contract/10604.sol:113:58: Error: The state mutability modifier "constant" was removed in version 0.5.0. Use "view" or "pure" instead.
    function allowance(address _owner, address _spender) constant returns (uint256 remaining);
                                                         ^------^
/../data/reentrancy/solidity_contract/10604.sol:116:51: Error: The state mutability modifier "constant" was removed in version 0.5.0. Use "view" or "pure" instead.
    function balanceOf(address tokenOwner) public constant returns (uint balance);
                                                  ^------^

[91m[-] Cannot compile the contract [0m

====================================================================================================
[1m[ ] Compiling Solidity contract from the file /../data/reentrancy/solidity_contract/10604.sol ... [0m/../data/reentrancy/solidity_contract/10604.sol:113:58: Error: The state mutability modifier "constant" was removed in version 0.5.0. Use "view" or "pure" instead.
    function allowance(address _owner, address _spender) constant returns (uint256 remaining);
                                                         ^------^
/../data/reentrancy/solidity_contract/10604.sol:116:51: Error: The state mutability modifier "constant" was removed in version 0.5.0. Use "view" or "pure" instead.
    function balanceOf(address tokenOwner) public constant returns (uint balance);
                                                  ^------^

[91m[-] Cannot compile the contract [0m

====================================================================================================
[1m[ ] Compiling Solidity contract from the file /../data/reentrancy/solidity_contract/10604.sol ... [0m/../data/reentrancy/solidity_contract/10604.sol:113:58: Error: The state mutability modifier "constant" was removed in version 0.5.0. Use "view" or "pure" instead.
    function allowance(address _owner, address _spender) constant returns (uint256 remaining);
                                                         ^------^
/../data/reentrancy/solidity_contract/10604.sol:116:51: Error: The state mutability modifier "constant" was removed in version 0.5.0. Use "view" or "pure" instead.
    function balanceOf(address tokenOwner) public constant returns (uint balance);
                                                  ^------^

[91m[-] Cannot compile the contract [0m

====================================================================================================
[1m[ ] Compiling Solidity contract from the file /../data/reentrancy/solidity_contract/10604.sol ... [0m/../data/reentrancy/solidity_contract/10604.sol:113:58: Error: The state mutability modifier "constant" was removed in version 0.5.0. Use "view" or "pure" instead.
    function allowance(address _owner, address _spender) constant returns (uint256 remaining);
                                                         ^------^
/../data/reentrancy/solidity_contract/10604.sol:116:51: Error: The state mutability modifier "constant" was removed in version 0.5.0. Use "view" or "pure" instead.
    function balanceOf(address tokenOwner) public constant returns (uint balance);
                                                  ^------^

[91m[-] Cannot compile the contract [0m