INFO:Slither:Compilation warnings/errors on /../data/reentrancy/solidity_contract/35878.sol:
/../data/reentrancy/solidity_contract/35878.sol:98:5: Warning: Defining constructors as functions with the same name as the contract is deprecated. Use "constructor(...) { ... }" instead.
    function RegBase(address _creator, bytes32 _regName, address _owner)
    ^ (Relevant source part starts here and spans across multiple lines).
/../data/reentrancy/solidity_contract/35878.sol:207:5: Warning: Defining constructors as functions with the same name as the contract is deprecated. Use "constructor(...) { ... }" instead.
    function Factory(address _creator, bytes32 _regName, address _owner)
    ^ (Relevant source part starts here and spans across multiple lines).
/../data/reentrancy/solidity_contract/35878.sol:274:5: Warning: Defining constructors as functions with the same name as the contract is deprecated. Use "constructor(...) { ... }" instead.
    function Forwarder(address _creator, bytes32 _regName, address _owner)
    ^ (Relevant source part starts here and spans across multiple lines).
/../data/reentrancy/solidity_contract/35878.sol:323:5: Warning: Defining constructors as functions with the same name as the contract is deprecated. Use "constructor(...) { ... }" instead.
    function ForwarderFactory(
    ^ (Relevant source part starts here and spans across multiple lines).
/../data/reentrancy/solidity_contract/35878.sol:121:9: Warning: Invoking events without "emit" prefix is deprecated.
        ChangeOwnerTo(_owner);
        ^-------------------^
/../data/reentrancy/solidity_contract/35878.sol:132:9: Warning: Invoking events without "emit" prefix is deprecated.
        ChangedOwner(owner, msg.sender);
        ^-----------------------------^
/../data/reentrancy/solidity_contract/35878.sol:146:9: Warning: Invoking events without "emit" prefix is deprecated.
        ChangedResource(_resource);
        ^------------------------^
/../data/reentrancy/solidity_contract/35878.sol:228:24: Warning: Using contract member "balance" inherited from the address type is deprecated. Convert the contract to "address" type to access the member, for example use "address(contract).balance" instead.
        owner.transfer(this.balance);
                       ^----------^
/../data/reentrancy/solidity_contract/35878.sol:284:9: Warning: Invoking events without "emit" prefix is deprecated.
        Forwarded(msg.sender, forwardTo, msg.value);
        ^-----------------------------------------^
/../data/reentrancy/solidity_contract/35878.sol:344:9: Warning: Invoking events without "emit" prefix is deprecated.
        Created(msg.sender, _regName, kAddr_);
        ^-----------------------------------^
/../data/reentrancy/solidity_contract/35878.sol:98:5: Warning: No visibility specified. Defaulting to "public". 
    function RegBase(address _creator, bytes32 _regName, address _owner)
    ^ (Relevant source part starts here and spans across multiple lines).
/../data/reentrancy/solidity_contract/35878.sol:207:5: Warning: No visibility specified. Defaulting to "public". 
    function Factory(address _creator, bytes32 _regName, address _owner)
    ^ (Relevant source part starts here and spans across multiple lines).
/../data/reentrancy/solidity_contract/35878.sol:215:5: Warning: No visibility specified. Defaulting to "public". 
    function set(uint _fee) 
    ^ (Relevant source part starts here and spans across multiple lines).
/../data/reentrancy/solidity_contract/35878.sol:238:5: Warning: No visibility specified. Defaulting to "public". 
    function createNew(bytes32 _regName, address _owner) 
    ^ (Relevant source part starts here and spans across multiple lines).
/../data/reentrancy/solidity_contract/35878.sol:324:31: Warning: Unused function parameter. Remove or comment out the variable name to silence this warning.
            address _creator, bytes32 _regName, address _owner) public
                              ^--------------^

INFO:Detectors:[91m
Factory.withdrawAll (/../data/reentrancy/solidity_contract/35878.sol#224-230) sends eth to arbitrary user
	Dangerous calls:
	- owner.transfer(this.balance) (/../data/reentrancy/solidity_contract/35878.sol#228)
Reference: https://github.com/trailofbits/slither/wiki/Detectors-Documentation#functions-that-send-ether-to-arbitrary-destinations[0m
INFO:Detectors:[91m
Forwarder.VERSION (/../data/reentrancy/solidity_contract/35878.sol#253) shadows:
	- RegBase.VERSION (/../data/reentrancy/solidity_contract/35878.sol#67)
ForwarderFactory.VERSION (/../data/reentrancy/solidity_contract/35878.sol#310) shadows:
	- RegBase.VERSION (/../data/reentrancy/solidity_contract/35878.sol#67)
Reference: https://github.com/trailofbits/slither/wiki/Detectors-Documentation#state-variable-shadowing[0m
INFO:Detectors:[93m
ForwarderFactory.regName (/../data/reentrancy/solidity_contract/35878.sol#307) shadows:
	- RegBaseAbstract.regName (/../data/reentrancy/solidity_contract/35878.sol#10)
Reference: https://github.com/trailofbits/slither/wiki/Detectors-Documentation#state-variable-shadowing-from-abstract-contracts[0m
INFO:Detectors:[92m
RegBaseAbstract.destroy (/../data/reentrancy/solidity_contract/35878.sol#46) should be declared external
RegBase.destroy (/../data/reentrancy/solidity_contract/35878.sol#107-112) should be declared external
RegBase.changeOwner (/../data/reentrancy/solidity_contract/35878.sol#116-124) should be declared external
RegBaseAbstract.changeOwner (/../data/reentrancy/solidity_contract/35878.sol#50) should be declared external
RegBaseAbstract.acceptOwnership (/../data/reentrancy/solidity_contract/35878.sol#53) should be declared external
RegBase.acceptOwnership (/../data/reentrancy/solidity_contract/35878.sol#127-136) should be declared external
RegBase.changeResource (/../data/reentrancy/solidity_contract/35878.sol#140-148) should be declared external
RegBaseAbstract.changeResource (/../data/reentrancy/solidity_contract/35878.sol#57) should be declared external
Factory.set (/../data/reentrancy/solidity_contract/35878.sol#215-221) should be declared external
Factory.withdrawAll (/../data/reentrancy/solidity_contract/35878.sol#224-230) should be declared external
ForwarderFactory.createNew (/../data/reentrancy/solidity_contract/35878.sol#337-345) should be declared external
Factory.createNew (/../data/reentrancy/solidity_contract/35878.sol#238-239) should be declared external
Forwarder.fallback (/../data/reentrancy/solidity_contract/35878.sol#283-286) should be declared external
Forwarder.changeForwardTo (/../data/reentrancy/solidity_contract/35878.sol#288-296) should be declared external
Reference: https://github.com/trailofbits/slither/wiki/Detectors-Documentation#public-function-that-could-be-declared-as-external[0m
INFO:Detectors:[92m
Detected issues with version pragma in /../data/reentrancy/solidity_contract/35878.sol:
	- pragma solidity^0.4.13 (/../data/reentrancy/solidity_contract/35878.sol#3): it allows old versions
	- pragma solidity^0.4.13 (/../data/reentrancy/solidity_contract/35878.sol#153): it allows old versions
	- pragma solidity^0.4.13 (/../data/reentrancy/solidity_contract/35878.sol#244): it allows old versions
Reference: https://github.com/trailofbits/slither/wiki/Detectors-Documentation#incorrect-version-of-solidity[0m
INFO:Detectors:[92m
Low level call in Forwarder.fallback (/../data/reentrancy/solidity_contract/35878.sol#283-286):
	-require(bool)(forwardTo.call.value(msg.value)(msg.data)) /../data/reentrancy/solidity_contract/35878.sol#285
Reference: https://github.com/trailofbits/slither/wiki/Detectors-Documentation#low-level-calls[0m
INFO:Detectors:[92m
Parameter '_owner' of RegBase.changeOwner (/../data/reentrancy/solidity_contract/35878.sol#116) is not in mixedCase
Parameter '_resource' of RegBase.changeResource (/../data/reentrancy/solidity_contract/35878.sol#140) is not in mixedCase
Function 'RegBase.RegBase' (/../data/reentrancy/solidity_contract/35878.sol#98-104) is not in mixedCase
Parameter '_creator' of RegBase.RegBase (/../data/reentrancy/solidity_contract/35878.sol#98) is not in mixedCase
Parameter '_regName' of RegBase.RegBase (/../data/reentrancy/solidity_contract/35878.sol#98) is not in mixedCase
Parameter '_owner' of RegBase.RegBase (/../data/reentrancy/solidity_contract/35878.sol#98) is not in mixedCase
Function 'Factory.Factory' (/../data/reentrancy/solidity_contract/35878.sol#207-211) is not in mixedCase
Parameter '_fee' of Factory.set (/../data/reentrancy/solidity_contract/35878.sol#215) is not in mixedCase
Function 'Forwarder.Forwarder' (/../data/reentrancy/solidity_contract/35878.sol#274-281) is not in mixedCase
Parameter '_forwardTo' of Forwarder.changeForwardTo (/../data/reentrancy/solidity_contract/35878.sol#288) is not in mixedCase
Parameter '_regName' of ForwarderFactory.createNew (/../data/reentrancy/solidity_contract/35878.sol#337) is not in mixedCase
Parameter '_owner' of ForwarderFactory.createNew (/../data/reentrancy/solidity_contract/35878.sol#337) is not in mixedCase
Function 'ForwarderFactory.ForwarderFactory' (/../data/reentrancy/solidity_contract/35878.sol#323-329) is not in mixedCase
Constant 'ForwarderFactory.regName' (/../data/reentrancy/solidity_contract/35878.sol#307) is not in UPPER_CASE_WITH_UNDERSCORES
Reference: https://github.com/trailofbits/slither/wiki/Detectors-Documentation#conformance-to-solidity-naming-conventions[0m
INFO:Slither:/../data/reentrancy/solidity_contract/35878.sol analyzed (5 contracts), 34 result(s) found