INFO:Slither:Compilation warnings/errors on /../data/reentrancy/solidity_contract/11719.sol:
/../data/reentrancy/solidity_contract/11719.sol:14:24: Warning: "throw" is deprecated in favour of "revert()", "require()" and "assert()".
        if(intitalized)throw;
                       ^---^
/../data/reentrancy/solidity_contract/11719.sol:19:24: Warning: "throw" is deprecated in favour of "revert()", "require()" and "assert()".
        if(intitalized)throw;
                       ^---^

INFO:Detectors:[91m
Reentrancy in DEP_BANK.Collect (/../data/reentrancy/solidity_contract/11719.sol#32-39):
	External calls:
	- msg.sender.call.value(_am)() (/../data/reentrancy/solidity_contract/11719.sol#34-37)
	State variables written after the call(s):
	- balances (/../data/reentrancy/solidity_contract/11719.sol#35)
Reference: https://github.com/trailofbits/slither/wiki/Detectors-Documentation#reentrancy-vulnerabilities[0m
INFO:Detectors:[92m
Deprecated standard detected @ /../data/reentrancy/solidity_contract/11719.sol#14:
	- Usage of "throw" should be replaced with "revert()"
Deprecated standard detected @ /../data/reentrancy/solidity_contract/11719.sol#19:
	- Usage of "throw" should be replaced with "revert()"
Reference: https://github.com/trailofbits/slither/wiki/Detectors-Documentation#deprecated-standards[0m
INFO:Detectors:[92m
DEP_BANK.SetMinSum (/../data/reentrancy/solidity_contract/11719.sol#13-16) should be declared external
DEP_BANK.SetLogFile (/../data/reentrancy/solidity_contract/11719.sol#18-21) should be declared external
DEP_BANK.Initialized (/../data/reentrancy/solidity_contract/11719.sol#23-25) should be declared external
DEP_BANK.Collect (/../data/reentrancy/solidity_contract/11719.sol#32-39) should be declared external
DEP_BANK.fallback (/../data/reentrancy/solidity_contract/11719.sol#41-43) should be declared external
LogFile.AddMessage (/../data/reentrancy/solidity_contract/11719.sol#62-68) should be declared external
Reference: https://github.com/trailofbits/slither/wiki/Detectors-Documentation#public-function-that-could-be-declared-as-external[0m
INFO:Detectors:[92m
Detected issues with version pragma in /../data/reentrancy/solidity_contract/11719.sol:
	- pragma solidity^0.4.19 (/../data/reentrancy/solidity_contract/11719.sol#1): it allows old versions
Reference: https://github.com/trailofbits/slither/wiki/Detectors-Documentation#incorrect-version-of-solidity[0m
INFO:Detectors:[92m
Low level call in DEP_BANK.Collect (/../data/reentrancy/solidity_contract/11719.sol#32-39):
	-msg.sender.call.value(_am)() /../data/reentrancy/solidity_contract/11719.sol#34-37
Reference: https://github.com/trailofbits/slither/wiki/Detectors-Documentation#low-level-calls[0m
INFO:Detectors:[92m
Contract 'DEP_BANK' (/../data/reentrancy/solidity_contract/11719.sol#3-45) is not in CapWords
Function 'DEP_BANK.SetMinSum' (/../data/reentrancy/solidity_contract/11719.sol#13-16) is not in mixedCase
Parameter '_val' of DEP_BANK.SetMinSum (/../data/reentrancy/solidity_contract/11719.sol#13) is not in mixedCase
Function 'DEP_BANK.SetLogFile' (/../data/reentrancy/solidity_contract/11719.sol#18-21) is not in mixedCase
Parameter '_log' of DEP_BANK.SetLogFile (/../data/reentrancy/solidity_contract/11719.sol#18) is not in mixedCase
Function 'DEP_BANK.Initialized' (/../data/reentrancy/solidity_contract/11719.sol#23-25) is not in mixedCase
Function 'DEP_BANK.Deposit' (/../data/reentrancy/solidity_contract/11719.sol#27-30) is not in mixedCase
Function 'DEP_BANK.Collect' (/../data/reentrancy/solidity_contract/11719.sol#32-39) is not in mixedCase
Parameter '_am' of DEP_BANK.Collect (/../data/reentrancy/solidity_contract/11719.sol#32) is not in mixedCase
Variable 'DEP_BANK.MinSum' (/../data/reentrancy/solidity_contract/11719.sol#7) is not in mixedCase
Variable 'DEP_BANK.Log' (/../data/reentrancy/solidity_contract/11719.sol#9) is not in mixedCase
Function 'LogFile.AddMessage' (/../data/reentrancy/solidity_contract/11719.sol#62-68) is not in mixedCase
Parameter '_adr' of LogFile.AddMessage (/../data/reentrancy/solidity_contract/11719.sol#62) is not in mixedCase
Parameter '_val' of LogFile.AddMessage (/../data/reentrancy/solidity_contract/11719.sol#62) is not in mixedCase
Parameter '_data' of LogFile.AddMessage (/../data/reentrancy/solidity_contract/11719.sol#62) is not in mixedCase
Variable 'LogFile.History' (/../data/reentrancy/solidity_contract/11719.sol#58) is not in mixedCase
Variable 'LogFile.LastMsg' (/../data/reentrancy/solidity_contract/11719.sol#60) is not in mixedCase
Reference: https://github.com/trailofbits/slither/wiki/Detectors-Documentation#conformance-to-solidity-naming-conventions[0m
INFO:Slither:/../data/reentrancy/solidity_contract/11719.sol analyzed (2 contracts), 28 result(s) found