INFO:Slither:Compilation warnings/errors on /../data/reentrancy/solidity_contract/13952.sol:
/../data/reentrancy/solidity_contract/13952.sol:430:30: Warning: This function only accepts a single "bytes" argument. Please use "abi.encodePacked(...)" or a similar function to encode the data.
        bytes4 _sig = bytes4(keccak256(_callbackFn));
                             ^--------------------^
/../data/reentrancy/solidity_contract/13952.sol:430:30: Warning: The provided argument of type string memory is not implicitly convertible to expected type bytes memory.
        bytes4 _sig = bytes4(keccak256(_callbackFn));
                             ^--------------------^
/../data/reentrancy/solidity_contract/13952.sol:759:29: Warning: This function only accepts a single "bytes" argument. Please use "abi.encodePacked(...)" or a similar function to encode the data.
            _hash = uint256(keccak256(_hash));
                            ^--------------^
/../data/reentrancy/solidity_contract/13952.sol:759:29: Warning: The provided argument of type uint256 is not implicitly convertible to expected type bytes memory.
            _hash = uint256(keccak256(_hash));
                            ^--------------^
/../data/reentrancy/solidity_contract/13952.sol:764:1: Warning: Base constructor arguments given twice.
contract VideoPoker is
^ (Relevant source part starts here and spans across multiple lines).
/../data/reentrancy/solidity_contract/13952.sol:87:9: First constructor call is here: 
        UsingRegistry(_registry)
        ^----------------------^
/../data/reentrancy/solidity_contract/13952.sol:58:9: Second constructor call is here: 
        UsingRegistry(_registry)
        ^----------------------^

/../data/reentrancy/solidity_contract/13952.sol:1197:35: Warning: This function only accepts a single "bytes" argument. Please use "abi.encodePacked(...)" or a similar function to encode the data.
            _iHand = getHand(uint(keccak256(_iBlockHash, _id)));
                                  ^-------------------------^
/../data/reentrancy/solidity_contract/13952.sol:1251:42: Warning: This function only accepts a single "bytes" argument. Please use "abi.encodePacked(...)" or a similar function to encode the data.
                _dHand = drawToHand(uint(keccak256(_blockhash, _id)), _game.iHand, _game.draws);
                                         ^------------------------^
/../data/reentrancy/solidity_contract/13952.sol:1271:39: Warning: This function only accepts a single "bytes" argument. Please use "abi.encodePacked(...)" or a similar function to encode the data.
                _iHand = getHand(uint(keccak256(_blockhash, _id)));
                                      ^------------------------^
/../data/reentrancy/solidity_contract/13952.sol:1362:29: Warning: This function only accepts a single "bytes" argument. Please use "abi.encodePacked(...)" or a similar function to encode the data.
        return getHand(uint(keccak256(_iBlockHash, _id)));
                            ^-------------------------^
/../data/reentrancy/solidity_contract/13952.sol:1379:32: Warning: This function only accepts a single "bytes" argument. Please use "abi.encodePacked(...)" or a similar function to encode the data.
        return drawToHand(uint(keccak256(_dBlockHash, _id)), _game.iHand, _game.draws);
                               ^-------------------------^

INFO:Detectors:[91m
Bankrollable.removeBankroll (/../data/reentrancy/solidity_contract/13952.sol#414-434) sends eth to arbitrary user
	Dangerous calls:
	- require(bool)(_bankroller.call.value(_amount)(_sig)) (/../data/reentrancy/solidity_contract/13952.sol#431)
Reference: https://github.com/trailofbits/slither/wiki/Detectors-Documentation#functions-that-send-ether-to-arbitrary-destinations[0m
INFO:Detectors:[93m
VideoPoker._createNewGame (/../data/reentrancy/solidity_contract/13952.sol#1145-1174) uses a dangerous strict equality:
	- _userId == 0
VideoPoker._createNewGame (/../data/reentrancy/solidity_contract/13952.sol#1145-1174) uses a dangerous strict equality:
	- _userId == 0
VideoPoker._uncreditUser (/../data/reentrancy/solidity_contract/13952.sol#1122-1131) uses a dangerous strict equality:
	- _amt == 0
VideoPoker._createNewGame (/../data/reentrancy/solidity_contract/13952.sol#1145-1174) uses a dangerous strict equality:
	- _userId == 0
VideoPoker._uncreditUser (/../data/reentrancy/solidity_contract/13952.sol#1122-1131) uses a dangerous strict equality:
	- _amt == 0
VideoPoker.draw (/../data/reentrancy/solidity_contract/13952.sol#1008-1029) uses a dangerous strict equality:
	- _game.iBlock == block.number
VideoPoker._createNewGame (/../data/reentrancy/solidity_contract/13952.sol#1145-1174) uses a dangerous strict equality:
	- _userId == 0
VideoPoker._uncreditUser (/../data/reentrancy/solidity_contract/13952.sol#1122-1131) uses a dangerous strict equality:
	- _amt == 0
VideoPoker.draw (/../data/reentrancy/solidity_contract/13952.sol#1008-1029) uses a dangerous strict equality:
	- _game.iBlock == block.number
VideoPoker.finalize (/../data/reentrancy/solidity_contract/13952.sol#1044-1063) uses a dangerous strict equality:
	- _game.iBlock == block.number
	- _game.dBlock == block.number
VideoPoker._createNewGame (/../data/reentrancy/solidity_contract/13952.sol#1145-1174) uses a dangerous strict equality:
	- _userId == 0
VideoPoker._uncreditUser (/../data/reentrancy/solidity_contract/13952.sol#1122-1131) uses a dangerous strict equality:
	- _amt == 0
VideoPoker.draw (/../data/reentrancy/solidity_contract/13952.sol#1008-1029) uses a dangerous strict equality:
	- _game.iBlock == block.number
VideoPoker.finalize (/../data/reentrancy/solidity_contract/13952.sol#1044-1063) uses a dangerous strict equality:
	- _game.iBlock == block.number
	- _game.dBlock == block.number
VideoPoker.getDHand (/../data/reentrancy/solidity_contract/13952.sol#1367-1380) uses a dangerous strict equality:
	- _game.draws == 0
	- _game.dBlock == 0
	- _dBlockHash == 0
VideoPoker._createNewGame (/../data/reentrancy/solidity_contract/13952.sol#1145-1174) uses a dangerous strict equality:
	- _userId == 0
VideoPoker._uncreditUser (/../data/reentrancy/solidity_contract/13952.sol#1122-1131) uses a dangerous strict equality:
	- _amt == 0
VideoPoker.draw (/../data/reentrancy/solidity_contract/13952.sol#1008-1029) uses a dangerous strict equality:
	- _game.iBlock == block.number
VideoPoker.finalize (/../data/reentrancy/solidity_contract/13952.sol#1044-1063) uses a dangerous strict equality:
	- _game.iBlock == block.number
	- _game.dBlock == block.number
VideoPoker.getDHand (/../data/reentrancy/solidity_contract/13952.sol#1367-1380) uses a dangerous strict equality:
	- _game.draws == 0
	- _game.dBlock == 0
	- _dBlockHash == 0
VideoPoker.getIHand (/../data/reentrancy/solidity_contract/13952.sol#1351-1363) uses a dangerous strict equality:
	- _game.iBlock == 0
	- _iBlockHash == 0
VideoPoker._createNewGame (/../data/reentrancy/solidity_contract/13952.sol#1145-1174) uses a dangerous strict equality:
	- _userId == 0
VideoPoker._uncreditUser (/../data/reentrancy/solidity_contract/13952.sol#1122-1131) uses a dangerous strict equality:
	- _amt == 0
VideoPoker.draw (/../data/reentrancy/solidity_contract/13952.sol#1008-1029) uses a dangerous strict equality:
	- _game.iBlock == block.number
VideoPoker.finalize (/../data/reentrancy/solidity_contract/13952.sol#1044-1063) uses a dangerous strict equality:
	- _game.iBlock == block.number
	- _game.dBlock == block.number
VideoPoker.getDHand (/../data/reentrancy/solidity_contract/13952.sol#1367-1380) uses a dangerous strict equality:
	- _game.draws == 0
	- _game.dBlock == 0
	- _dBlockHash == 0
VideoPoker.getIHand (/../data/reentrancy/solidity_contract/13952.sol#1351-1363) uses a dangerous strict equality:
	- _game.iBlock == 0
	- _iBlockHash == 0
Bankrollable.removeBankroll (/../data/reentrancy/solidity_contract/13952.sol#414-434) uses a dangerous strict equality:
	- _amount == 0
Reference: https://github.com/trailofbits/slither/wiki/Detectors-Documentation#dangerous-strict-equalities[0m
INFO:Detectors:[93m
_pairVal in VideoPokerUtils.getHandRank (/../data/reentrancy/solidity_contract/13952.sol#613) is a local variable never initialiazed
_numPairs in VideoPokerUtils.getHandRank (/../data/reentrancy/solidity_contract/13952.sol#616) is a local variable never initialiazed
_hasFlush in VideoPokerUtils.getHandRank (/../data/reentrancy/solidity_contract/13952.sol#618) is a local variable never initialiazed
_iHand in VideoPoker._draw (/../data/reentrancy/solidity_contract/13952.sol#1189) is a local variable never initialiazed
_maxSet in VideoPokerUtils.getHandRank (/../data/reentrancy/solidity_contract/13952.sol#617) is a local variable never initialiazed
_hasAce in VideoPokerUtils.getHandRank (/../data/reentrancy/solidity_contract/13952.sol#619) is a local variable never initialiazed
_warnCode in VideoPoker._finalize (/../data/reentrancy/solidity_contract/13952.sol#1246) is a local variable never initialiazed
_iHand in VideoPoker._finalize (/../data/reentrancy/solidity_contract/13952.sol#1245) is a local variable never initialiazed
_warnCode in VideoPoker._draw (/../data/reentrancy/solidity_contract/13952.sol#1191) is a local variable never initialiazed
Reference: https://github.com/trailofbits/slither/wiki/Detectors-Documentation#uninitialized-local-variables[0m
INFO:Detectors:[92m
Reentrancy in Bankrollable.addBankroll (/../data/reentrancy/solidity_contract/13952.sol#403-411):
	External calls:
	- require(bool)(whitelist.size() == 0 || whitelist.has(msg.sender)) (/../data/reentrancy/solidity_contract/13952.sol#407)
	- ledger.add(msg.sender,msg.value) (/../data/reentrancy/solidity_contract/13952.sol#408)
	- bankroll = ledger.total() (/../data/reentrancy/solidity_contract/13952.sol#409)
	State variables written after the call(s):
	- bankroll (/../data/reentrancy/solidity_contract/13952.sol#409)
Reentrancy in Bankrollable.removeBankroll (/../data/reentrancy/solidity_contract/13952.sol#414-434):
	External calls:
	- _amount = ledger.subtract(_bankroller,_amount) (/../data/reentrancy/solidity_contract/13952.sol#426)
	- bankroll = ledger.total() (/../data/reentrancy/solidity_contract/13952.sol#427)
	State variables written after the call(s):
	- bankroll (/../data/reentrancy/solidity_contract/13952.sol#427)
Reference: https://github.com/trailofbits/slither/wiki/Detectors-Documentation#reentrancy-vulnerabilities-2[0m
INFO:Detectors:[92m
VideoPoker.changeSettings (/../data/reentrancy/solidity_contract/13952.sol#877-887) uses timestamp for comparisons
	Dangerous comparisons:
	- require(bool)(_payTableId < settings.numPayTables) (/../data/reentrancy/solidity_contract/13952.sol#882)
VideoPoker.addPayTable (/../data/reentrancy/solidity_contract/13952.sol#890-902) uses timestamp for comparisons
	Dangerous comparisons:
	- require(bool)(settings.lastDayAdded < _today) (/../data/reentrancy/solidity_contract/13952.sol#898)
VideoPoker.getPayTable (/../data/reentrancy/solidity_contract/13952.sol#1333-1340) uses timestamp for comparisons
	Dangerous comparisons:
	- require(bool)(_payTableId < settings.numPayTables) (/../data/reentrancy/solidity_contract/13952.sol#1338)
Reference: https://github.com/trailofbits/slither/wiki/Detectors-Documentation#block-timestamp[0m
INFO:Detectors:[92m
UsingRegistry.getRegistry (/../data/reentrancy/solidity_contract/13952.sol#43-49) should be declared external
Ledger.add (/../data/reentrancy/solidity_contract/13952.sol#132-148) should be declared external
Ledger.subtract (/../data/reentrancy/solidity_contract/13952.sol#150-174) should be declared external
Ledger.balanceOf (/../data/reentrancy/solidity_contract/13952.sol#195-201) should be declared external
Ledger.balances (/../data/reentrancy/solidity_contract/13952.sol#203-221) should be declared external
AddressSet.add (/../data/reentrancy/solidity_contract/13952.sol#250-271) should be declared external
AddressSet.remove (/../data/reentrancy/solidity_contract/13952.sol#273-292) should be declared external
AddressSet.has (/../data/reentrancy/solidity_contract/13952.sol#313-319) should be declared external
AddressSet.addresses (/../data/reentrancy/solidity_contract/13952.sol#321-338) should be declared external
Bankrollable.addToWhitelist (/../data/reentrancy/solidity_contract/13952.sol#379-385) should be declared external
Bankrollable.removeFromWhitelist (/../data/reentrancy/solidity_contract/13952.sol#387-393) should be declared external
Bankrollable.fallback (/../data/reentrancy/solidity_contract/13952.sol#400) should be declared external
Bankrollable.addBankroll (/../data/reentrancy/solidity_contract/13952.sol#403-411) should be declared external
Bankrollable.removeBankroll (/../data/reentrancy/solidity_contract/13952.sol#414-434) should be declared external
Bankrollable.sendProfits (/../data/reentrancy/solidity_contract/13952.sol#437-449) should be declared external
Bankrollable.profitsTotal (/../data/reentrancy/solidity_contract/13952.sol#480-486) should be declared external
Bankrollable.bankrolledBy (/../data/reentrancy/solidity_contract/13952.sol#508-514) should be declared external
Bankrollable.bankrollerTable (/../data/reentrancy/solidity_contract/13952.sol#516-522) should be declared external
VideoPokerUtils.handToCards (/../data/reentrancy/solidity_contract/13952.sol#687-697) should be declared external
VideoPoker.changeSettings (/../data/reentrancy/solidity_contract/13952.sol#877-887) should be declared external
VideoPoker.addPayTable (/../data/reentrancy/solidity_contract/13952.sol#890-902) should be declared external
VideoPoker.addCredits (/../data/reentrancy/solidity_contract/13952.sol#910-915) should be declared external
VideoPoker.cashOut (/../data/reentrancy/solidity_contract/13952.sol#918-922) should be declared external
VideoPoker.bet (/../data/reentrancy/solidity_contract/13952.sol#932-947) should be declared external
VideoPoker.betFromGame (/../data/reentrancy/solidity_contract/13952.sol#978-986) should be declared external
VideoPoker.draw (/../data/reentrancy/solidity_contract/13952.sol#1008-1029) should be declared external
VideoPoker.effectiveMaxBet (/../data/reentrancy/solidity_contract/13952.sol#1328-1331) should be declared external
VideoPoker.getCurPayTable (/../data/reentrancy/solidity_contract/13952.sol#1342-1348) should be declared external
VideoPoker.getIHand (/../data/reentrancy/solidity_contract/13952.sol#1351-1363) should be declared external
VideoPoker.getDHandRank (/../data/reentrancy/solidity_contract/13952.sol#1383-1392) should be declared external
VideoPoker.curId (/../data/reentrancy/solidity_contract/13952.sol#1395-1397) should be declared external
VideoPoker.totalWagered (/../data/reentrancy/solidity_contract/13952.sol#1398-1400) should be declared external
VideoPoker.curUserId (/../data/reentrancy/solidity_contract/13952.sol#1401-1403) should be declared external
VideoPoker.totalWon (/../data/reentrancy/solidity_contract/13952.sol#1404-1406) should be declared external
VideoPoker.totalCredits (/../data/reentrancy/solidity_contract/13952.sol#1407-1409) should be declared external
VideoPoker.minBet (/../data/reentrancy/solidity_contract/13952.sol#1413-1415) should be declared external
VideoPoker.maxBet (/../data/reentrancy/solidity_contract/13952.sol#1416-1418) should be declared external
VideoPoker.curPayTableId (/../data/reentrancy/solidity_contract/13952.sol#1419-1421) should be declared external
VideoPoker.numPayTables (/../data/reentrancy/solidity_contract/13952.sol#1422-1424) should be declared external
Reference: https://github.com/trailofbits/slither/wiki/Detectors-Documentation#public-function-that-could-be-declared-as-external[0m
INFO:Detectors:[92m
Detected issues with version pragma in /../data/reentrancy/solidity_contract/13952.sol:
	- pragma solidity^0.4.23 (/../data/reentrancy/solidity_contract/13952.sol#1): it allows old versions
Reference: https://github.com/trailofbits/slither/wiki/Detectors-Documentation#incorrect-version-of-solidity[0m
INFO:Detectors:[92m
Low level call in Bankrollable.removeBankroll (/../data/reentrancy/solidity_contract/13952.sol#414-434):
	-require(bool)(_bankroller.call.value(_amount)(_sig)) /../data/reentrancy/solidity_contract/13952.sol#431
Low level call in Bankrollable.sendProfits (/../data/reentrancy/solidity_contract/13952.sol#437-449):
	-require(bool)(_tr.call.value(_profits)()) /../data/reentrancy/solidity_contract/13952.sol#447
Low level call in VideoPoker._betFailure (/../data/reentrancy/solidity_contract/13952.sol#989-994):
	-require(bool)(msg.sender.call.value(_bet)()) /../data/reentrancy/solidity_contract/13952.sol#992
Low level call in VideoPoker._uncreditUser (/../data/reentrancy/solidity_contract/13952.sol#1122-1131):
	-require(bool)(_user.call.value(_amt)()) /../data/reentrancy/solidity_contract/13952.sol#1129
Reference: https://github.com/trailofbits/slither/wiki/Detectors-Documentation#low-level-calls[0m
INFO:Detectors:[92m
Parameter '_registry' of UsingRegistry. (/../data/reentrancy/solidity_contract/13952.sol#20) is not in mixedCase
Parameter '_name' of UsingRegistry.addressOf (/../data/reentrancy/solidity_contract/13952.sol#27) is not in mixedCase
Parameter '_owner' of Ledger. (/../data/reentrancy/solidity_contract/13952.sol#121) is not in mixedCase
Parameter '_address' of Ledger.add (/../data/reentrancy/solidity_contract/13952.sol#132) is not in mixedCase
Parameter '_amt' of Ledger.add (/../data/reentrancy/solidity_contract/13952.sol#132) is not in mixedCase
Parameter '_address' of Ledger.subtract (/../data/reentrancy/solidity_contract/13952.sol#150) is not in mixedCase
Parameter '_amt' of Ledger.subtract (/../data/reentrancy/solidity_contract/13952.sol#150) is not in mixedCase
Parameter '_address' of Ledger.balanceOf (/../data/reentrancy/solidity_contract/13952.sol#195) is not in mixedCase
Parameter '_owner' of AddressSet. (/../data/reentrancy/solidity_contract/13952.sol#239) is not in mixedCase
Parameter '_address' of AddressSet.add (/../data/reentrancy/solidity_contract/13952.sol#250) is not in mixedCase
Parameter '_address' of AddressSet.remove (/../data/reentrancy/solidity_contract/13952.sol#273) is not in mixedCase
Parameter '_address' of AddressSet.has (/../data/reentrancy/solidity_contract/13952.sol#313) is not in mixedCase
Parameter '_addr' of Bankrollable.addToWhitelist (/../data/reentrancy/solidity_contract/13952.sol#379) is not in mixedCase
Parameter '_addr' of Bankrollable.removeFromWhitelist (/../data/reentrancy/solidity_contract/13952.sol#387) is not in mixedCase
Parameter '_amount' of Bankrollable.removeBankroll (/../data/reentrancy/solidity_contract/13952.sol#414) is not in mixedCase
Parameter '_callbackFn' of Bankrollable.removeBankroll (/../data/reentrancy/solidity_contract/13952.sol#414) is not in mixedCase
Parameter '_addr' of Bankrollable.bankrolledBy (/../data/reentrancy/solidity_contract/13952.sol#508) is not in mixedCase
Parameter '_hash' of VideoPokerUtils.getHand (/../data/reentrancy/solidity_contract/13952.sol#545) is not in mixedCase
Parameter '_hash' of VideoPokerUtils.drawToHand (/../data/reentrancy/solidity_contract/13952.sol#572) is not in mixedCase
Parameter '_hand' of VideoPokerUtils.drawToHand (/../data/reentrancy/solidity_contract/13952.sol#572) is not in mixedCase
Parameter '_draws' of VideoPokerUtils.drawToHand (/../data/reentrancy/solidity_contract/13952.sol#572) is not in mixedCase
Parameter '_hand' of VideoPokerUtils.getHandRank (/../data/reentrancy/solidity_contract/13952.sol#603) is not in mixedCase
Parameter '_hand' of VideoPokerUtils.handToCards (/../data/reentrancy/solidity_contract/13952.sol#687) is not in mixedCase
Parameter '_cards' of VideoPokerUtils.readFromCards (/../data/reentrancy/solidity_contract/13952.sol#705) is not in mixedCase
Parameter '_index' of VideoPokerUtils.readFromCards (/../data/reentrancy/solidity_contract/13952.sol#705) is not in mixedCase
Parameter '_hand' of VideoPokerUtils.handToBitmap (/../data/reentrancy/solidity_contract/13952.sol#716) is not in mixedCase
Parameter '_hash' of VideoPokerUtils.getCardsFromHash (/../data/reentrancy/solidity_contract/13952.sol#733) is not in mixedCase
Parameter '_numCards' of VideoPokerUtils.getCardsFromHash (/../data/reentrancy/solidity_contract/13952.sol#733) is not in mixedCase
Parameter '_usedBitmap' of VideoPokerUtils.getCardsFromHash (/../data/reentrancy/solidity_contract/13952.sol#733) is not in mixedCase
Parameter '_minBet' of VideoPoker.changeSettings (/../data/reentrancy/solidity_contract/13952.sol#877) is not in mixedCase
Parameter '_maxBet' of VideoPoker.changeSettings (/../data/reentrancy/solidity_contract/13952.sol#877) is not in mixedCase
Parameter '_payTableId' of VideoPoker.changeSettings (/../data/reentrancy/solidity_contract/13952.sol#877) is not in mixedCase
Parameter '_rf' of VideoPoker.addPayTable (/../data/reentrancy/solidity_contract/13952.sol#891) is not in mixedCase
Parameter '_sf' of VideoPoker.addPayTable (/../data/reentrancy/solidity_contract/13952.sol#891) is not in mixedCase
Parameter '_fk' of VideoPoker.addPayTable (/../data/reentrancy/solidity_contract/13952.sol#891) is not in mixedCase
Parameter '_fh' of VideoPoker.addPayTable (/../data/reentrancy/solidity_contract/13952.sol#891) is not in mixedCase
Parameter '_fl' of VideoPoker.addPayTable (/../data/reentrancy/solidity_contract/13952.sol#892) is not in mixedCase
Parameter '_st' of VideoPoker.addPayTable (/../data/reentrancy/solidity_contract/13952.sol#892) is not in mixedCase
Parameter '_tk' of VideoPoker.addPayTable (/../data/reentrancy/solidity_contract/13952.sol#892) is not in mixedCase
Parameter '_tp' of VideoPoker.addPayTable (/../data/reentrancy/solidity_contract/13952.sol#892) is not in mixedCase
Parameter '_jb' of VideoPoker.addPayTable (/../data/reentrancy/solidity_contract/13952.sol#892) is not in mixedCase
Parameter '_amt' of VideoPoker.cashOut (/../data/reentrancy/solidity_contract/13952.sol#918) is not in mixedCase
Parameter '_bet' of VideoPoker.betWithCredits (/../data/reentrancy/solidity_contract/13952.sol#959) is not in mixedCase
Parameter '_id' of VideoPoker.betFromGame (/../data/reentrancy/solidity_contract/13952.sol#978) is not in mixedCase
Parameter '_hashCheck' of VideoPoker.betFromGame (/../data/reentrancy/solidity_contract/13952.sol#978) is not in mixedCase
Function 'VideoPoker._betFailure' (/../data/reentrancy/solidity_contract/13952.sol#989-994) is not in mixedCase
Parameter '_msg' of VideoPoker._betFailure (/../data/reentrancy/solidity_contract/13952.sol#989) is not in mixedCase
Parameter '_bet' of VideoPoker._betFailure (/../data/reentrancy/solidity_contract/13952.sol#989) is not in mixedCase
Parameter '_doRefund' of VideoPoker._betFailure (/../data/reentrancy/solidity_contract/13952.sol#989) is not in mixedCase
Parameter '_id' of VideoPoker.draw (/../data/reentrancy/solidity_contract/13952.sol#1008) is not in mixedCase
Parameter '_draws' of VideoPoker.draw (/../data/reentrancy/solidity_contract/13952.sol#1008) is not in mixedCase
Parameter '_hashCheck' of VideoPoker.draw (/../data/reentrancy/solidity_contract/13952.sol#1008) is not in mixedCase
Function 'VideoPoker._drawFailure' (/../data/reentrancy/solidity_contract/13952.sol#1030-1034) is not in mixedCase
Parameter '_id' of VideoPoker._drawFailure (/../data/reentrancy/solidity_contract/13952.sol#1030) is not in mixedCase
Parameter '_draws' of VideoPoker._drawFailure (/../data/reentrancy/solidity_contract/13952.sol#1030) is not in mixedCase
Parameter '_msg' of VideoPoker._drawFailure (/../data/reentrancy/solidity_contract/13952.sol#1030) is not in mixedCase
Parameter '_id' of VideoPoker.finalize (/../data/reentrancy/solidity_contract/13952.sol#1044) is not in mixedCase
Parameter '_hashCheck' of VideoPoker.finalize (/../data/reentrancy/solidity_contract/13952.sol#1044) is not in mixedCase
Function 'VideoPoker._finalizeFailure' (/../data/reentrancy/solidity_contract/13952.sol#1064-1070) is not in mixedCase
Parameter '_id' of VideoPoker._finalizeFailure (/../data/reentrancy/solidity_contract/13952.sol#1064) is not in mixedCase
Parameter '_msg' of VideoPoker._finalizeFailure (/../data/reentrancy/solidity_contract/13952.sol#1064) is not in mixedCase
Function 'VideoPoker._addPayTable' (/../data/reentrancy/solidity_contract/13952.sol#1079-1103) is not in mixedCase
Parameter '_rf' of VideoPoker._addPayTable (/../data/reentrancy/solidity_contract/13952.sol#1080) is not in mixedCase
Parameter '_sf' of VideoPoker._addPayTable (/../data/reentrancy/solidity_contract/13952.sol#1080) is not in mixedCase
Parameter '_fk' of VideoPoker._addPayTable (/../data/reentrancy/solidity_contract/13952.sol#1080) is not in mixedCase
Parameter '_fh' of VideoPoker._addPayTable (/../data/reentrancy/solidity_contract/13952.sol#1080) is not in mixedCase
Parameter '_fl' of VideoPoker._addPayTable (/../data/reentrancy/solidity_contract/13952.sol#1081) is not in mixedCase
Parameter '_st' of VideoPoker._addPayTable (/../data/reentrancy/solidity_contract/13952.sol#1081) is not in mixedCase
Parameter '_tk' of VideoPoker._addPayTable (/../data/reentrancy/solidity_contract/13952.sol#1081) is not in mixedCase
Parameter '_tp' of VideoPoker._addPayTable (/../data/reentrancy/solidity_contract/13952.sol#1081) is not in mixedCase
Parameter '_jb' of VideoPoker._addPayTable (/../data/reentrancy/solidity_contract/13952.sol#1081) is not in mixedCase
Function 'VideoPoker._creditUser' (/../data/reentrancy/solidity_contract/13952.sol#1107-1118) is not in mixedCase
Parameter '_user' of VideoPoker._creditUser (/../data/reentrancy/solidity_contract/13952.sol#1107) is not in mixedCase
Parameter '_amt' of VideoPoker._creditUser (/../data/reentrancy/solidity_contract/13952.sol#1107) is not in mixedCase
Parameter '_gameId' of VideoPoker._creditUser (/../data/reentrancy/solidity_contract/13952.sol#1107) is not in mixedCase
Function 'VideoPoker._uncreditUser' (/../data/reentrancy/solidity_contract/13952.sol#1122-1131) is not in mixedCase
Parameter '_user' of VideoPoker._uncreditUser (/../data/reentrancy/solidity_contract/13952.sol#1122) is not in mixedCase
Parameter '_amt' of VideoPoker._uncreditUser (/../data/reentrancy/solidity_contract/13952.sol#1122) is not in mixedCase
Function 'VideoPoker._createNewGame' (/../data/reentrancy/solidity_contract/13952.sol#1145-1174) is not in mixedCase
Parameter '_bet' of VideoPoker._createNewGame (/../data/reentrancy/solidity_contract/13952.sol#1145) is not in mixedCase
Function 'VideoPoker._draw' (/../data/reentrancy/solidity_contract/13952.sol#1182-1209) is not in mixedCase
Parameter '_game' of VideoPoker._draw (/../data/reentrancy/solidity_contract/13952.sol#1182) is not in mixedCase
Parameter '_id' of VideoPoker._draw (/../data/reentrancy/solidity_contract/13952.sol#1182) is not in mixedCase
Parameter '_draws' of VideoPoker._draw (/../data/reentrancy/solidity_contract/13952.sol#1182) is not in mixedCase
Parameter '_hashCheck' of VideoPoker._draw (/../data/reentrancy/solidity_contract/13952.sol#1182) is not in mixedCase
Function 'VideoPoker._finalize' (/../data/reentrancy/solidity_contract/13952.sol#1235-1298) is not in mixedCase
Parameter '_game' of VideoPoker._finalize (/../data/reentrancy/solidity_contract/13952.sol#1235) is not in mixedCase
Parameter '_id' of VideoPoker._finalize (/../data/reentrancy/solidity_contract/13952.sol#1235) is not in mixedCase
Parameter '_hashCheck' of VideoPoker._finalize (/../data/reentrancy/solidity_contract/13952.sol#1235) is not in mixedCase
Parameter '_payTableId' of VideoPoker.getPayTable (/../data/reentrancy/solidity_contract/13952.sol#1333) is not in mixedCase
Parameter '_id' of VideoPoker.getIHand (/../data/reentrancy/solidity_contract/13952.sol#1351) is not in mixedCase
Parameter '_id' of VideoPoker.getDHand (/../data/reentrancy/solidity_contract/13952.sol#1367) is not in mixedCase
Parameter '_id' of VideoPoker.getDHandRank (/../data/reentrancy/solidity_contract/13952.sol#1383) is not in mixedCase
Constant 'VideoPoker.version' (/../data/reentrancy/solidity_contract/13952.sol#828) is not in UPPER_CASE_WITH_UNDERSCORES
Reference: https://github.com/trailofbits/slither/wiki/Detectors-Documentation#conformance-to-solidity-naming-conventions[0m
INFO:Slither:/../data/reentrancy/solidity_contract/13952.sol analyzed (10 contracts), 160 result(s) found