INFO:Slither:Compilation warnings/errors on /../data/reentrancy/solidity_contract/37891.sol:
/../data/reentrancy/solidity_contract/37891.sol:6:5: Warning: No visibility specified. Defaulting to "public". 
    function deposit(address _recipient) payable {
    ^ (Relevant source part starts here and spans across multiple lines).
/../data/reentrancy/solidity_contract/37891.sol:11:5: Warning: No visibility specified. Defaulting to "public". 
    function claim() {
    ^ (Relevant source part starts here and spans across multiple lines).

INFO:Detectors:[92m
Escrow.deposit (/../data/reentrancy/solidity_contract/37891.sol#6-9) should be declared external
Escrow.claim (/../data/reentrancy/solidity_contract/37891.sol#11-19) should be declared external
Reference: https://github.com/trailofbits/slither/wiki/Detectors-Documentation#public-function-that-could-be-declared-as-external[0m
INFO:Detectors:[92m
Detected issues with version pragma in /../data/reentrancy/solidity_contract/37891.sol:
	- pragma solidity^0.4.13 (/../data/reentrancy/solidity_contract/37891.sol#1): it allows old versions
Reference: https://github.com/trailofbits/slither/wiki/Detectors-Documentation#incorrect-version-of-solidity[0m
INFO:Detectors:[92m
Low level call in Escrow.claim (/../data/reentrancy/solidity_contract/37891.sol#11-19):
	-claimed = msg.sender.call.value(balance)() /../data/reentrancy/solidity_contract/37891.sol#16
Reference: https://github.com/trailofbits/slither/wiki/Detectors-Documentation#low-level-calls[0m
INFO:Detectors:[92m
Parameter '_recipient' of Escrow.deposit (/../data/reentrancy/solidity_contract/37891.sol#6) is not in mixedCase
Reference: https://github.com/trailofbits/slither/wiki/Detectors-Documentation#conformance-to-solidity-naming-conventions[0m
INFO:Slither:/../data/reentrancy/solidity_contract/37891.sol analyzed (1 contracts), 5 result(s) found