INFO:Slither:Compilation warnings/errors on /../data/reentrancy/solidity_contract/Reentrance_03.sol:
/../data/reentrancy/solidity_contract/Reentrance_03.sol:18:49: Warning: "throw" is deprecated in favour of "revert()", "require()" and "assert()".
        if(!(msg.sender.call.value(amount)())){ throw; }
                                                ^---^
/../data/reentrancy/solidity_contract/Reentrance_03.sol:6:5: Warning: No visibility specified. Defaulting to "public". 
    function getBalance(address u) constant returns(uint){
    ^ (Relevant source part starts here and spans across multiple lines).
/../data/reentrancy/solidity_contract/Reentrance_03.sol:10:5: Warning: No visibility specified. Defaulting to "public". 
    function addToBalance() payable{
    ^ (Relevant source part starts here and spans across multiple lines).
/../data/reentrancy/solidity_contract/Reentrance_03.sol:14:5: Warning: No visibility specified. Defaulting to "public". 
    function withdrawBalance_fixed(){
    ^ (Relevant source part starts here and spans across multiple lines).

INFO:Detectors:[92m
Deprecated standard detected @ /../data/reentrancy/solidity_contract/Reentrance_03.sol#18:
	- Usage of "throw" should be replaced with "revert()"
Reference: https://github.com/trailofbits/slither/wiki/Detectors-Documentation#deprecated-standards[0m
INFO:Detectors:[92m
Reentrance.getBalance (/../data/reentrancy/solidity_contract/Reentrance_03.sol#6-8) should be declared external
Reentrance.addToBalance (/../data/reentrancy/solidity_contract/Reentrance_03.sol#10-12) should be declared external
Reentrance.withdrawBalance_fixed (/../data/reentrancy/solidity_contract/Reentrance_03.sol#14-19) should be declared external
Reference: https://github.com/trailofbits/slither/wiki/Detectors-Documentation#public-function-that-could-be-declared-as-external[0m
INFO:Detectors:[92m
Detected issues with version pragma in /../data/reentrancy/solidity_contract/Reentrance_03.sol:
	- pragma solidity^0.4.15 (/../data/reentrancy/solidity_contract/Reentrance_03.sol#1): it allows old versions
Reference: https://github.com/trailofbits/slither/wiki/Detectors-Documentation#incorrect-version-of-solidity[0m
INFO:Detectors:[92m
Low level call in Reentrance.withdrawBalance_fixed (/../data/reentrancy/solidity_contract/Reentrance_03.sol#14-19):
	-! (msg.sender.call.value(amount)()) /../data/reentrancy/solidity_contract/Reentrance_03.sol#18
Reference: https://github.com/trailofbits/slither/wiki/Detectors-Documentation#low-level-calls[0m
INFO:Detectors:[92m
Function 'Reentrance.withdrawBalance_fixed' (/../data/reentrancy/solidity_contract/Reentrance_03.sol#14-19) is not in mixedCase
Reference: https://github.com/trailofbits/slither/wiki/Detectors-Documentation#conformance-to-solidity-naming-conventions[0m
INFO:Slither:/../data/reentrancy/solidity_contract/Reentrance_03.sol analyzed (1 contracts), 7 result(s) found