INFO:Slither:Compilation warnings/errors on /../data/reentrancy/solidity_contract/39866.sol:
/../data/reentrancy/solidity_contract/39866.sol:85:5: Warning: Defining constructors as functions with the same name as the contract is deprecated. Use "constructor(...) { ... }" instead.
    function NinjaToken(address _founder,address _admin){
    ^ (Relevant source part starts here and spans across multiple lines).
/../data/reentrancy/solidity_contract/39866.sol:91:31: Warning: "throw" is deprecated in favour of "revert()", "require()" and "assert()".
        if(msg.sender!=admin) throw;
                              ^---^
/../data/reentrancy/solidity_contract/39866.sol:97:33: Warning: "throw" is deprecated in favour of "revert()", "require()" and "assert()".
        if(msg.sender!=founder) throw;
                                ^---^
/../data/reentrancy/solidity_contract/39866.sol:103:33: Warning: "throw" is deprecated in favour of "revert()", "require()" and "assert()".
        if(msg.sender!=founder) throw;
                                ^---^
/../data/reentrancy/solidity_contract/39866.sol:110:89: Warning: "throw" is deprecated in favour of "revert()", "require()" and "assert()".
        if(fundingLock||block.number<startBlock||block.number>startBlock+blockDuration) throw;
                                                                                        ^---^
/../data/reentrancy/solidity_contract/39866.sol:111:128: Warning: "throw" is deprecated in favour of "revert()", "require()" and "assert()".
        if(balances[msg.sender]>balances[msg.sender]+msg.value*fundingExchangeRate || msg.value>msg.value*fundingExchangeRate) throw;
                                                                                                                               ^---^
/../data/reentrancy/solidity_contract/39866.sol:112:53: Warning: "throw" is deprecated in favour of "revert()", "require()" and "assert()".
        if(!fundingAccount.call.value(msg.value)()) throw;
                                                    ^---^
/../data/reentrancy/solidity_contract/39866.sol:118:33: Warning: "throw" is deprecated in favour of "revert()", "require()" and "assert()".
        if(msg.sender!=founder) throw;
                                ^---^
/../data/reentrancy/solidity_contract/39866.sol:124:100: Warning: "throw" is deprecated in favour of "revert()", "require()" and "assert()".
        if(balances[msg.sender]>balances[msg.sender]+msg.value*price || msg.value>msg.value*price) throw;
                                                                                                   ^---^
/../data/reentrancy/solidity_contract/39866.sol:125:53: Warning: "throw" is deprecated in favour of "revert()", "require()" and "assert()".
        if(!fundingAccount.call.value(msg.value)()) throw;
                                                    ^---^
/../data/reentrancy/solidity_contract/39866.sol:132:26: Warning: "throw" is deprecated in favour of "revert()", "require()" and "assert()".
        if(transferLock) throw;
                         ^---^
/../data/reentrancy/solidity_contract/39866.sol:137:26: Warning: "throw" is deprecated in favour of "revert()", "require()" and "assert()".
        if(transferLock) throw;
                         ^---^
/../data/reentrancy/solidity_contract/39866.sol:8:43: Warning: This declaration shadows an existing declaration.
  function totalSupply() constant returns(uint256 totalSupply){}
                                          ^-----------------^
/../data/reentrancy/solidity_contract/39866.sol:8:3: The shadowed declaration is here:
  function totalSupply() constant returns(uint256 totalSupply){}
  ^------------------------------------------------------------^

/../data/reentrancy/solidity_contract/39866.sol:61:72: Warning: This declaration shadows an existing declaration.
  function allowance(address _onwer,address _spender) constant returns(uint256 allowance){
                                                                       ^---------------^
/../data/reentrancy/solidity_contract/39866.sol:61:3: The shadowed declaration is here:
  function allowance(address _onwer,address _spender) constant returns(uint256 allowance){
  ^ (Relevant source part starts here and spans across multiple lines).

/../data/reentrancy/solidity_contract/39866.sol:32:7: Warning: Invoking events without "emit" prefix is deprecated.
      Transfer(msg.sender,_to,_value);
      ^-----------------------------^
/../data/reentrancy/solidity_contract/39866.sol:44:7: Warning: Invoking events without "emit" prefix is deprecated.
      Transfer(_from,_to,_value);
      ^------------------------^
/../data/reentrancy/solidity_contract/39866.sol:53:5: Warning: Invoking events without "emit" prefix is deprecated.
    Approval(msg.sender,_spender,_value);
    ^----------------------------------^
/../data/reentrancy/solidity_contract/39866.sol:114:9: Warning: Invoking events without "emit" prefix is deprecated.
        Funding(msg.sender,msg.value);
        ^---------------------------^
/../data/reentrancy/solidity_contract/39866.sol:128:9: Warning: Invoking events without "emit" prefix is deprecated.
        Buy(msg.sender,msg.value);
        ^-----------------------^
/../data/reentrancy/solidity_contract/39866.sol:8:3: Warning: No visibility specified. Defaulting to "public". 
  function totalSupply() constant returns(uint256 totalSupply){}
  ^------------------------------------------------------------^
/../data/reentrancy/solidity_contract/39866.sol:8:43: Warning: Unused function parameter. Remove or comment out the variable name to silence this warning.
  function totalSupply() constant returns(uint256 totalSupply){}
                                          ^-----------------^
/../data/reentrancy/solidity_contract/39866.sol:10:3: Warning: No visibility specified. Defaulting to "public". 
  function balanceOf(address _owner) constant returns (uint256 balance){}
  ^---------------------------------------------------------------------^
/../data/reentrancy/solidity_contract/39866.sol:10:22: Warning: Unused function parameter. Remove or comment out the variable name to silence this warning.
  function balanceOf(address _owner) constant returns (uint256 balance){}
                     ^------------^
/../data/reentrancy/solidity_contract/39866.sol:10:56: Warning: Unused function parameter. Remove or comment out the variable name to silence this warning.
  function balanceOf(address _owner) constant returns (uint256 balance){}
                                                       ^-------------^
/../data/reentrancy/solidity_contract/39866.sol:12:3: Warning: No visibility specified. Defaulting to "public". 
  function transfer(address _to, uint256 _value) constant returns(bool success){}
  ^-----------------------------------------------------------------------------^
/../data/reentrancy/solidity_contract/39866.sol:12:21: Warning: Unused function parameter. Remove or comment out the variable name to silence this warning.
  function transfer(address _to, uint256 _value) constant returns(bool success){}
                    ^---------^
/../data/reentrancy/solidity_contract/39866.sol:12:34: Warning: Unused function parameter. Remove or comment out the variable name to silence this warning.
  function transfer(address _to, uint256 _value) constant returns(bool success){}
                                 ^------------^
/../data/reentrancy/solidity_contract/39866.sol:12:67: Warning: Unused function parameter. Remove or comment out the variable name to silence this warning.
  function transfer(address _to, uint256 _value) constant returns(bool success){}
                                                                  ^----------^
/../data/reentrancy/solidity_contract/39866.sol:14:3: Warning: No visibility specified. Defaulting to "public". 
  function transferFrom(address _from, address _to, uint256 _value) constant returns (bool success){}
  ^-------------------------------------------------------------------------------------------------^
/../data/reentrancy/solidity_contract/39866.sol:14:25: Warning: Unused function parameter. Remove or comment out the variable name to silence this warning.
  function transferFrom(address _from, address _to, uint256 _value) constant returns (bool success){}
                        ^-----------^
/../data/reentrancy/solidity_contract/39866.sol:14:40: Warning: Unused function parameter. Remove or comment out the variable name to silence this warning.
  function transferFrom(address _from, address _to, uint256 _value) constant returns (bool success){}
                                       ^---------^
/../data/reentrancy/solidity_contract/39866.sol:14:53: Warning: Unused function parameter. Remove or comment out the variable name to silence this warning.
  function transferFrom(address _from, address _to, uint256 _value) constant returns (bool success){}
                                                    ^------------^
/../data/reentrancy/solidity_contract/39866.sol:14:87: Warning: Unused function parameter. Remove or comment out the variable name to silence this warning.
  function transferFrom(address _from, address _to, uint256 _value) constant returns (bool success){}
                                                                                      ^----------^
/../data/reentrancy/solidity_contract/39866.sol:16:3: Warning: No visibility specified. Defaulting to "public". 
  function approve(address _spender, uint256 _value) constant returns(bool success){}
  ^---------------------------------------------------------------------------------^
/../data/reentrancy/solidity_contract/39866.sol:16:20: Warning: Unused function parameter. Remove or comment out the variable name to silence this warning.
  function approve(address _spender, uint256 _value) constant returns(bool success){}
                   ^--------------^
/../data/reentrancy/solidity_contract/39866.sol:16:38: Warning: Unused function parameter. Remove or comment out the variable name to silence this warning.
  function approve(address _spender, uint256 _value) constant returns(bool success){}
                                     ^------------^
/../data/reentrancy/solidity_contract/39866.sol:16:71: Warning: Unused function parameter. Remove or comment out the variable name to silence this warning.
  function approve(address _spender, uint256 _value) constant returns(bool success){}
                                                                      ^----------^
/../data/reentrancy/solidity_contract/39866.sol:18:3: Warning: No visibility specified. Defaulting to "public". 
  function allowance(address _owner, uint _spender) constant returns(uint256 remaining){}
  ^-------------------------------------------------------------------------------------^
/../data/reentrancy/solidity_contract/39866.sol:18:22: Warning: Unused function parameter. Remove or comment out the variable name to silence this warning.
  function allowance(address _owner, uint _spender) constant returns(uint256 remaining){}
                     ^------------^
/../data/reentrancy/solidity_contract/39866.sol:18:38: Warning: Unused function parameter. Remove or comment out the variable name to silence this warning.
  function allowance(address _owner, uint _spender) constant returns(uint256 remaining){}
                                     ^-----------^
/../data/reentrancy/solidity_contract/39866.sol:18:70: Warning: Unused function parameter. Remove or comment out the variable name to silence this warning.
  function allowance(address _owner, uint _spender) constant returns(uint256 remaining){}
                                                                     ^---------------^
/../data/reentrancy/solidity_contract/39866.sol:28:3: Warning: No visibility specified. Defaulting to "public". 
  function transfer(address _to, uint256 _value)constant returns(bool success){
  ^ (Relevant source part starts here and spans across multiple lines).
/../data/reentrancy/solidity_contract/39866.sol:39:3: Warning: No visibility specified. Defaulting to "public". 
  function transferFrom(address _from, address _to, uint256 _value)constant returns(bool success){
  ^ (Relevant source part starts here and spans across multiple lines).
/../data/reentrancy/solidity_contract/39866.sol:51:3: Warning: No visibility specified. Defaulting to "public". 
  function approve(address _spender, uint256 _value)constant returns (bool success){
  ^ (Relevant source part starts here and spans across multiple lines).
/../data/reentrancy/solidity_contract/39866.sol:57:3: Warning: No visibility specified. Defaulting to "public". 
  function balanceOf(address _owner) constant returns (uint256 balance){
  ^ (Relevant source part starts here and spans across multiple lines).
/../data/reentrancy/solidity_contract/39866.sol:61:3: Warning: No visibility specified. Defaulting to "public". 
  function allowance(address _onwer,address _spender) constant returns(uint256 allowance){
  ^ (Relevant source part starts here and spans across multiple lines).
/../data/reentrancy/solidity_contract/39866.sol:85:5: Warning: No visibility specified. Defaulting to "public". 
    function NinjaToken(address _founder,address _admin){
    ^ (Relevant source part starts here and spans across multiple lines).
/../data/reentrancy/solidity_contract/39866.sol:90:5: Warning: No visibility specified. Defaulting to "public". 
    function changeFunder(address _founder,address _admin){
    ^ (Relevant source part starts here and spans across multiple lines).
/../data/reentrancy/solidity_contract/39866.sol:96:5: Warning: No visibility specified. Defaulting to "public". 
    function setFundingLock(bool _fundinglock,address _fundingAccount){
    ^ (Relevant source part starts here and spans across multiple lines).
/../data/reentrancy/solidity_contract/39866.sol:102:5: Warning: No visibility specified. Defaulting to "public". 
    function setFundingEnv(uint _startBlock, uint _blockDuration,uint _fundingExchangeRate){
    ^ (Relevant source part starts here and spans across multiple lines).
/../data/reentrancy/solidity_contract/39866.sol:109:5: Warning: No visibility specified. Defaulting to "public". 
    function funding() payable {
    ^ (Relevant source part starts here and spans across multiple lines).
/../data/reentrancy/solidity_contract/39866.sol:117:5: Warning: No visibility specified. Defaulting to "public". 
    function setPrice(uint _price,bool _transferLock){
    ^ (Relevant source part starts here and spans across multiple lines).
/../data/reentrancy/solidity_contract/39866.sol:123:5: Warning: No visibility specified. Defaulting to "public". 
    function buy(string _commit) payable{
    ^ (Relevant source part starts here and spans across multiple lines).
/../data/reentrancy/solidity_contract/39866.sol:131:5: Warning: No visibility specified. Defaulting to "public". 
    function transfer(address _to, uint256 _value)constant returns(bool success){
    ^ (Relevant source part starts here and spans across multiple lines).
/../data/reentrancy/solidity_contract/39866.sol:136:5: Warning: No visibility specified. Defaulting to "public". 
    function transferFrom(address _from, address _to, uint256 _value)constant returns(bool success){
    ^ (Relevant source part starts here and spans across multiple lines).
/../data/reentrancy/solidity_contract/39866.sol:8:3: Warning: Function state mutability can be restricted to pure
  function totalSupply() constant returns(uint256 totalSupply){}
  ^------------------------------------------------------------^
/../data/reentrancy/solidity_contract/39866.sol:10:3: Warning: Function state mutability can be restricted to pure
  function balanceOf(address _owner) constant returns (uint256 balance){}
  ^---------------------------------------------------------------------^
/../data/reentrancy/solidity_contract/39866.sol:12:3: Warning: Function state mutability can be restricted to pure
  function transfer(address _to, uint256 _value) constant returns(bool success){}
  ^-----------------------------------------------------------------------------^
/../data/reentrancy/solidity_contract/39866.sol:14:3: Warning: Function state mutability can be restricted to pure
  function transferFrom(address _from, address _to, uint256 _value) constant returns (bool success){}
  ^-------------------------------------------------------------------------------------------------^
/../data/reentrancy/solidity_contract/39866.sol:16:3: Warning: Function state mutability can be restricted to pure
  function approve(address _spender, uint256 _value) constant returns(bool success){}
  ^---------------------------------------------------------------------------------^
/../data/reentrancy/solidity_contract/39866.sol:18:3: Warning: Function state mutability can be restricted to pure
  function allowance(address _owner, uint _spender) constant returns(uint256 remaining){}
  ^-------------------------------------------------------------------------------------^
/../data/reentrancy/solidity_contract/39866.sol:30:7: Warning: Function declared as view, but this expression (potentially) modifies the state and thus requires non-payable (the default) or payable.
      balances[msg.sender] -= _value;
      ^------------------^
/../data/reentrancy/solidity_contract/39866.sol:31:7: Warning: Function declared as view, but this expression (potentially) modifies the state and thus requires non-payable (the default) or payable.
      balances[_to] +=_value;
      ^-----------^
/../data/reentrancy/solidity_contract/39866.sol:32:7: Warning: Function declared as view, but this expression (potentially) modifies the state and thus requires non-payable (the default) or payable.
      Transfer(msg.sender,_to,_value);
      ^-----------------------------^
/../data/reentrancy/solidity_contract/39866.sol:41:7: Warning: Function declared as view, but this expression (potentially) modifies the state and thus requires non-payable (the default) or payable.
      balances[_from]-=_value;
      ^-------------^
/../data/reentrancy/solidity_contract/39866.sol:42:7: Warning: Function declared as view, but this expression (potentially) modifies the state and thus requires non-payable (the default) or payable.
      allowed[_from][msg.sender]-=_value;
      ^------------------------^
/../data/reentrancy/solidity_contract/39866.sol:43:7: Warning: Function declared as view, but this expression (potentially) modifies the state and thus requires non-payable (the default) or payable.
      balances[_to]-=_value;
      ^-----------^
/../data/reentrancy/solidity_contract/39866.sol:44:7: Warning: Function declared as view, but this expression (potentially) modifies the state and thus requires non-payable (the default) or payable.
      Transfer(_from,_to,_value);
      ^------------------------^
/../data/reentrancy/solidity_contract/39866.sol:52:5: Warning: Function declared as view, but this expression (potentially) modifies the state and thus requires non-payable (the default) or payable.
    allowed[msg.sender][_spender]=_value;
    ^---------------------------^
/../data/reentrancy/solidity_contract/39866.sol:53:5: Warning: Function declared as view, but this expression (potentially) modifies the state and thus requires non-payable (the default) or payable.
    Approval(msg.sender,_spender,_value);
    ^----------------------------------^

INFO:Detectors:[91m
Reentrancy in NinjaToken.buy (/../data/reentrancy/solidity_contract/39866.sol#123-129):
	External calls:
	- ! fundingAccount.call.value(msg.value)() (/../data/reentrancy/solidity_contract/39866.sol#125)
	State variables written after the call(s):
	- balances (/../data/reentrancy/solidity_contract/39866.sol#126)
Reentrancy in NinjaToken.funding (/../data/reentrancy/solidity_contract/39866.sol#109-115):
	External calls:
	- ! fundingAccount.call.value(msg.value)() (/../data/reentrancy/solidity_contract/39866.sol#112)
	State variables written after the call(s):
	- balances (/../data/reentrancy/solidity_contract/39866.sol#113)
Reference: https://github.com/trailofbits/slither/wiki/Detectors-Documentation#reentrancy-vulnerabilities[0m
INFO:Detectors:[93m
StandardToken.transfer (/../data/reentrancy/solidity_contract/39866.sol#28-37) is declared view but changes state variables:
	- StandardToken.balances
StandardToken.transferFrom (/../data/reentrancy/solidity_contract/39866.sol#39-49) is declared view but changes state variables:
	- StandardToken.allowed
	- StandardToken.balances
StandardToken.approve (/../data/reentrancy/solidity_contract/39866.sol#51-55) is declared view but changes state variables:
	- StandardToken.allowed
NinjaToken.transfer (/../data/reentrancy/solidity_contract/39866.sol#131-134) is declared view but changes state variables:
	- StandardToken.balances
NinjaToken.transferFrom (/../data/reentrancy/solidity_contract/39866.sol#136-139) is declared view but changes state variables:
	- StandardToken.allowed
	- StandardToken.balances
Reference: https://github.com/trailofbits/slither/wiki/Detectors-Documentation#constant-functions-changing-the-state[0m
INFO:Detectors:[92m
Token.totalSupply.totalSupply (local variable @ /../data/reentrancy/solidity_contract/39866.sol#8) shadows:
	- Token.totalSupply (function @ /../data/reentrancy/solidity_contract/39866.sol#8)
StandardToken.allowance.allowance (local variable @ /../data/reentrancy/solidity_contract/39866.sol#61) shadows:
	- StandardToken.allowance (function @ /../data/reentrancy/solidity_contract/39866.sol#61-63)
	- Token.allowance (function @ /../data/reentrancy/solidity_contract/39866.sol#18)
Reference: https://github.com/trailofbits/slither/wiki/Detectors-Documentation#local-variable-shadowing[0m
INFO:Detectors:[92m
Reentrancy in NinjaToken.buy (/../data/reentrancy/solidity_contract/39866.sol#123-129):
	External calls:
	- ! fundingAccount.call.value(msg.value)() (/../data/reentrancy/solidity_contract/39866.sol#125)
	State variables written after the call(s):
	- commit (/../data/reentrancy/solidity_contract/39866.sol#127)
Reference: https://github.com/trailofbits/slither/wiki/Detectors-Documentation#reentrancy-vulnerabilities-2[0m
INFO:Detectors:[92m
NinjaToken.decimals should be constant (/../data/reentrancy/solidity_contract/39866.sol#69)
NinjaToken.name should be constant (/../data/reentrancy/solidity_contract/39866.sol#67)
NinjaToken.version should be constant (/../data/reentrancy/solidity_contract/39866.sol#68)
StandardToken.totalSupply should be constant (/../data/reentrancy/solidity_contract/39866.sol#23)
Reference: https://github.com/trailofbits/slither/wiki/Detectors-Documentation#state-variables-that-could-be-declared-constant[0m
INFO:Detectors:[92m
Deprecated standard detected @ /../data/reentrancy/solidity_contract/39866.sol#132:
	- Usage of "throw" should be replaced with "revert()"
Deprecated standard detected @ /../data/reentrancy/solidity_contract/39866.sol#137:
	- Usage of "throw" should be replaced with "revert()"
Deprecated standard detected @ /../data/reentrancy/solidity_contract/39866.sol#91:
	- Usage of "throw" should be replaced with "revert()"
Deprecated standard detected @ /../data/reentrancy/solidity_contract/39866.sol#97:
	- Usage of "throw" should be replaced with "revert()"
Deprecated standard detected @ /../data/reentrancy/solidity_contract/39866.sol#103:
	- Usage of "throw" should be replaced with "revert()"
Deprecated standard detected @ /../data/reentrancy/solidity_contract/39866.sol#110:
	- Usage of "throw" should be replaced with "revert()"
Deprecated standard detected @ /../data/reentrancy/solidity_contract/39866.sol#111:
	- Usage of "throw" should be replaced with "revert()"
Deprecated standard detected @ /../data/reentrancy/solidity_contract/39866.sol#112:
	- Usage of "throw" should be replaced with "revert()"
Deprecated standard detected @ /../data/reentrancy/solidity_contract/39866.sol#118:
	- Usage of "throw" should be replaced with "revert()"
Deprecated standard detected @ /../data/reentrancy/solidity_contract/39866.sol#124:
	- Usage of "throw" should be replaced with "revert()"
Deprecated standard detected @ /../data/reentrancy/solidity_contract/39866.sol#125:
	- Usage of "throw" should be replaced with "revert()"
Reference: https://github.com/trailofbits/slither/wiki/Detectors-Documentation#deprecated-standards[0m
INFO:Detectors:[92m
Token.totalSupply (/../data/reentrancy/solidity_contract/39866.sol#8) should be declared external
Token.balanceOf (/../data/reentrancy/solidity_contract/39866.sol#10) should be declared external
StandardToken.balanceOf (/../data/reentrancy/solidity_contract/39866.sol#57-59) should be declared external
StandardToken.approve (/../data/reentrancy/solidity_contract/39866.sol#51-55) should be declared external
Token.approve (/../data/reentrancy/solidity_contract/39866.sol#16) should be declared external
Token.allowance (/../data/reentrancy/solidity_contract/39866.sol#18) should be declared external
StandardToken.allowance (/../data/reentrancy/solidity_contract/39866.sol#61-63) should be declared external
NinjaToken.changeFunder (/../data/reentrancy/solidity_contract/39866.sol#90-94) should be declared external
NinjaToken.setFundingLock (/../data/reentrancy/solidity_contract/39866.sol#96-100) should be declared external
NinjaToken.setFundingEnv (/../data/reentrancy/solidity_contract/39866.sol#102-107) should be declared external
NinjaToken.funding (/../data/reentrancy/solidity_contract/39866.sol#109-115) should be declared external
NinjaToken.setPrice (/../data/reentrancy/solidity_contract/39866.sol#117-121) should be declared external
NinjaToken.buy (/../data/reentrancy/solidity_contract/39866.sol#123-129) should be declared external
Reference: https://github.com/trailofbits/slither/wiki/Detectors-Documentation#public-function-that-could-be-declared-as-external[0m
INFO:Detectors:[92m
Detected issues with version pragma in /../data/reentrancy/solidity_contract/39866.sol:
	- pragma solidity^0.4.2 (/../data/reentrancy/solidity_contract/39866.sol#1): it allows old versions
Reference: https://github.com/trailofbits/slither/wiki/Detectors-Documentation#incorrect-version-of-solidity[0m
INFO:Detectors:[92m
Low level call in NinjaToken.funding (/../data/reentrancy/solidity_contract/39866.sol#109-115):
	-! fundingAccount.call.value(msg.value)() /../data/reentrancy/solidity_contract/39866.sol#112
Low level call in NinjaToken.buy (/../data/reentrancy/solidity_contract/39866.sol#123-129):
	-! fundingAccount.call.value(msg.value)() /../data/reentrancy/solidity_contract/39866.sol#125
Reference: https://github.com/trailofbits/slither/wiki/Detectors-Documentation#low-level-calls[0m
INFO:Detectors:[92m
Parameter '_owner' of StandardToken.balanceOf (/../data/reentrancy/solidity_contract/39866.sol#57) is not in mixedCase
Parameter '_to' of StandardToken.transfer (/../data/reentrancy/solidity_contract/39866.sol#28) is not in mixedCase
Parameter '_value' of StandardToken.transfer (/../data/reentrancy/solidity_contract/39866.sol#28) is not in mixedCase
Parameter '_from' of StandardToken.transferFrom (/../data/reentrancy/solidity_contract/39866.sol#39) is not in mixedCase
Parameter '_to' of StandardToken.transferFrom (/../data/reentrancy/solidity_contract/39866.sol#39) is not in mixedCase
Parameter '_value' of StandardToken.transferFrom (/../data/reentrancy/solidity_contract/39866.sol#39) is not in mixedCase
Parameter '_spender' of StandardToken.approve (/../data/reentrancy/solidity_contract/39866.sol#51) is not in mixedCase
Parameter '_value' of StandardToken.approve (/../data/reentrancy/solidity_contract/39866.sol#51) is not in mixedCase
Parameter '_onwer' of StandardToken.allowance (/../data/reentrancy/solidity_contract/39866.sol#61) is not in mixedCase
Parameter '_spender' of StandardToken.allowance (/../data/reentrancy/solidity_contract/39866.sol#61) is not in mixedCase
Parameter '_to' of NinjaToken.transfer (/../data/reentrancy/solidity_contract/39866.sol#131) is not in mixedCase
Parameter '_value' of NinjaToken.transfer (/../data/reentrancy/solidity_contract/39866.sol#131) is not in mixedCase
Parameter '_from' of NinjaToken.transferFrom (/../data/reentrancy/solidity_contract/39866.sol#136) is not in mixedCase
Parameter '_to' of NinjaToken.transferFrom (/../data/reentrancy/solidity_contract/39866.sol#136) is not in mixedCase
Parameter '_value' of NinjaToken.transferFrom (/../data/reentrancy/solidity_contract/39866.sol#136) is not in mixedCase
Function 'NinjaToken.NinjaToken' (/../data/reentrancy/solidity_contract/39866.sol#85-88) is not in mixedCase
Parameter '_founder' of NinjaToken.NinjaToken (/../data/reentrancy/solidity_contract/39866.sol#85) is not in mixedCase
Parameter '_admin' of NinjaToken.NinjaToken (/../data/reentrancy/solidity_contract/39866.sol#85) is not in mixedCase
Parameter '_founder' of NinjaToken.changeFunder (/../data/reentrancy/solidity_contract/39866.sol#90) is not in mixedCase
Parameter '_admin' of NinjaToken.changeFunder (/../data/reentrancy/solidity_contract/39866.sol#90) is not in mixedCase
Parameter '_fundinglock' of NinjaToken.setFundingLock (/../data/reentrancy/solidity_contract/39866.sol#96) is not in mixedCase
Parameter '_fundingAccount' of NinjaToken.setFundingLock (/../data/reentrancy/solidity_contract/39866.sol#96) is not in mixedCase
Parameter '_startBlock' of NinjaToken.setFundingEnv (/../data/reentrancy/solidity_contract/39866.sol#102) is not in mixedCase
Parameter '_blockDuration' of NinjaToken.setFundingEnv (/../data/reentrancy/solidity_contract/39866.sol#102) is not in mixedCase
Parameter '_fundingExchangeRate' of NinjaToken.setFundingEnv (/../data/reentrancy/solidity_contract/39866.sol#102) is not in mixedCase
Parameter '_price' of NinjaToken.setPrice (/../data/reentrancy/solidity_contract/39866.sol#117) is not in mixedCase
Parameter '_transferLock' of NinjaToken.setPrice (/../data/reentrancy/solidity_contract/39866.sol#117) is not in mixedCase
Parameter '_commit' of NinjaToken.buy (/../data/reentrancy/solidity_contract/39866.sol#123) is not in mixedCase
Reference: https://github.com/trailofbits/slither/wiki/Detectors-Documentation#conformance-to-solidity-naming-conventions[0m
INFO:Slither:/../data/reentrancy/solidity_contract/39866.sol analyzed (3 contracts), 66 result(s) found