INFO:Slither:Compilation warnings/errors on /../data/reentrancy/solidity_contract/22805.sol:
/../data/reentrancy/solidity_contract/22805.sol:7:5: Warning: Defining constructors as functions with the same name as the contract is deprecated. Use "constructor(...) { ... }" instead.
    function Ownable() {
    ^ (Relevant source part starts here and spans across multiple lines).
/../data/reentrancy/solidity_contract/22805.sol:67:13: Warning: "throw" is deprecated in favour of "revert()", "require()" and "assert()".
            throw;
            ^---^
/../data/reentrancy/solidity_contract/22805.sol:97:9: Warning: Use of the "var" keyword is deprecated.
        var _allowance = allowed[_from][msg.sender];
        ^------------^
/../data/reentrancy/solidity_contract/22805.sol:140:5: Warning: Defining constructors as functions with the same name as the contract is deprecated. Use "constructor(...) { ... }" instead.
    function PowerCoin() {
    ^ (Relevant source part starts here and spans across multiple lines).
/../data/reentrancy/solidity_contract/22805.sol:92:9: Warning: Invoking events without "emit" prefix is deprecated.
        Transfer(msg.sender, _to, _value);
        ^-------------------------------^
/../data/reentrancy/solidity_contract/22805.sol:101:9: Warning: Invoking events without "emit" prefix is deprecated.
        Transfer(_from, _to, _value);
        ^--------------------------^
/../data/reentrancy/solidity_contract/22805.sol:111:9: Warning: Invoking events without "emit" prefix is deprecated.
        Approval(msg.sender, _spender, _value);
        ^------------------------------------^
/../data/reentrancy/solidity_contract/22805.sol:135:9: Warning: Invoking events without "emit" prefix is deprecated.
        ET(_pd, _tkA, _etA);
        ^-----------------^
/../data/reentrancy/solidity_contract/22805.sol:7:5: Warning: No visibility specified. Defaulting to "public". 
    function Ownable() {
    ^ (Relevant source part starts here and spans across multiple lines).
/../data/reentrancy/solidity_contract/22805.sol:16:5: Warning: No visibility specified. Defaulting to "public". 
    function transferOwnership(address newOwner) onlyOwner {
    ^ (Relevant source part starts here and spans across multiple lines).
/../data/reentrancy/solidity_contract/22805.sol:74:5: Warning: No visibility specified. Defaulting to "public". 
    function balanceOf(address who) constant returns (uint);
    ^------------------------------------------------------^
/../data/reentrancy/solidity_contract/22805.sol:75:5: Warning: No visibility specified. Defaulting to "public". 
    function allowance(address owner, address spender) constant returns (uint);
    ^-------------------------------------------------------------------------^
/../data/reentrancy/solidity_contract/22805.sol:77:5: Warning: No visibility specified. Defaulting to "public". 
    function transfer(address to, uint value) returns (bool ok);
    ^----------------------------------------------------------^
/../data/reentrancy/solidity_contract/22805.sol:78:5: Warning: No visibility specified. Defaulting to "public". 
    function transferFrom(address from, address to, uint value) returns (bool ok);
    ^----------------------------------------------------------------------------^
/../data/reentrancy/solidity_contract/22805.sol:79:5: Warning: No visibility specified. Defaulting to "public". 
    function approve(address spender, uint value) returns (bool ok);
    ^--------------------------------------------------------------^
/../data/reentrancy/solidity_contract/22805.sol:89:5: Warning: No visibility specified. Defaulting to "public". 
    function transfer(address _to, uint _value) returns (bool success) {
    ^ (Relevant source part starts here and spans across multiple lines).
/../data/reentrancy/solidity_contract/22805.sol:96:5: Warning: No visibility specified. Defaulting to "public". 
    function transferFrom(address _from, address _to, uint _value) returns (bool success) {
    ^ (Relevant source part starts here and spans across multiple lines).
/../data/reentrancy/solidity_contract/22805.sol:105:5: Warning: No visibility specified. Defaulting to "public". 
    function balanceOf(address _owner) constant returns (uint balance) {
    ^ (Relevant source part starts here and spans across multiple lines).
/../data/reentrancy/solidity_contract/22805.sol:109:5: Warning: No visibility specified. Defaulting to "public". 
    function approve(address _spender, uint _value) returns (bool success) {
    ^ (Relevant source part starts here and spans across multiple lines).
/../data/reentrancy/solidity_contract/22805.sol:115:5: Warning: No visibility specified. Defaulting to "public". 
    function allowance(address _owner, address _spender) constant returns (uint remaining) {
    ^ (Relevant source part starts here and spans across multiple lines).
/../data/reentrancy/solidity_contract/22805.sol:131:5: Warning: No visibility specified. Defaulting to "public". 
    function eT(address _pd, uint _tkA, uint _etA) returns (bool success) {
    ^ (Relevant source part starts here and spans across multiple lines).
/../data/reentrancy/solidity_contract/22805.sol:140:5: Warning: No visibility specified. Defaulting to "public". 
    function PowerCoin() {
    ^ (Relevant source part starts here and spans across multiple lines).
/../data/reentrancy/solidity_contract/22805.sol:145:5: Warning: No visibility specified. Defaulting to "public". 
    function () payable{
    ^ (Relevant source part starts here and spans across multiple lines).
/../data/reentrancy/solidity_contract/22805.sol:150:5: Warning: No visibility specified. Defaulting to "public". 
    function transferOwnership(address _newOwner) onlyOwner {
    ^ (Relevant source part starts here and spans across multiple lines).
/../data/reentrancy/solidity_contract/22805.sol:157:5: Warning: No visibility specified. Defaulting to "public". 
    function transferAnyERC20Token(address tokenAddress, uint amount) onlyOwner returns (bool success)
    ^ (Relevant source part starts here and spans across multiple lines).
/../data/reentrancy/solidity_contract/22805.sol:49:5: Warning: Function state mutability can be restricted to pure
    function max64(uint64 a, uint64 b) internal constant returns (uint64) {
    ^ (Relevant source part starts here and spans across multiple lines).
/../data/reentrancy/solidity_contract/22805.sol:53:5: Warning: Function state mutability can be restricted to pure
    function min64(uint64 a, uint64 b) internal constant returns (uint64) {
    ^ (Relevant source part starts here and spans across multiple lines).
/../data/reentrancy/solidity_contract/22805.sol:57:5: Warning: Function state mutability can be restricted to pure
    function max256(uint256 a, uint256 b) internal constant returns (uint256) {
    ^ (Relevant source part starts here and spans across multiple lines).
/../data/reentrancy/solidity_contract/22805.sol:61:5: Warning: Function state mutability can be restricted to pure
    function min256(uint256 a, uint256 b) internal constant returns (uint256) {
    ^ (Relevant source part starts here and spans across multiple lines).
/../data/reentrancy/solidity_contract/22805.sol:65:5: Warning: Function state mutability can be restricted to pure
    function sAssert(bool assertion) internal {
    ^ (Relevant source part starts here and spans across multiple lines).

INFO:Detectors:[93m
PowerCoin.totalSupply (/../data/reentrancy/solidity_contract/22805.sol#127) shadows:
	- ERC20.totalSupply (/../data/reentrancy/solidity_contract/22805.sol#73)
Reference: https://github.com/trailofbits/slither/wiki/Detectors-Documentation#state-variable-shadowing-from-abstract-contracts[0m
INFO:Detectors:[92m
ERC20.totalSupply should be constant (/../data/reentrancy/solidity_contract/22805.sol#73)
PowerCoin.decimals should be constant (/../data/reentrancy/solidity_contract/22805.sol#125)
PowerCoin.name should be constant (/../data/reentrancy/solidity_contract/22805.sol#123)
PowerCoin.symbol should be constant (/../data/reentrancy/solidity_contract/22805.sol#124)
PowerCoin.totalSupply should be constant (/../data/reentrancy/solidity_contract/22805.sol#127)
Reference: https://github.com/trailofbits/slither/wiki/Detectors-Documentation#state-variables-that-could-be-declared-constant[0m
INFO:Detectors:[92m
Deprecated standard detected @ /../data/reentrancy/solidity_contract/22805.sol#67:
	- Usage of "throw" should be replaced with "revert()"
Reference: https://github.com/trailofbits/slither/wiki/Detectors-Documentation#deprecated-standards[0m
INFO:Detectors:[92m
ERC20.balanceOf (/../data/reentrancy/solidity_contract/22805.sol#74) should be declared external
StandardToken.balanceOf (/../data/reentrancy/solidity_contract/22805.sol#105-107) should be declared external
ERC20.allowance (/../data/reentrancy/solidity_contract/22805.sol#75) should be declared external
StandardToken.allowance (/../data/reentrancy/solidity_contract/22805.sol#115-117) should be declared external
ERC20.transfer (/../data/reentrancy/solidity_contract/22805.sol#77) should be declared external
StandardToken.transfer (/../data/reentrancy/solidity_contract/22805.sol#89-94) should be declared external
StandardToken.transferFrom (/../data/reentrancy/solidity_contract/22805.sol#96-103) should be declared external
ERC20.transferFrom (/../data/reentrancy/solidity_contract/22805.sol#78) should be declared external
ERC20.approve (/../data/reentrancy/solidity_contract/22805.sol#79) should be declared external
StandardToken.approve (/../data/reentrancy/solidity_contract/22805.sol#109-113) should be declared external
PowerCoin.eT (/../data/reentrancy/solidity_contract/22805.sol#131-137) should be declared external
PowerCoin.fallback (/../data/reentrancy/solidity_contract/22805.sol#145-146) should be declared external
PowerCoin.transferAnyERC20Token (/../data/reentrancy/solidity_contract/22805.sol#157-160) should be declared external
Reference: https://github.com/trailofbits/slither/wiki/Detectors-Documentation#public-function-that-could-be-declared-as-external[0m
INFO:Detectors:[92m
Detected issues with version pragma in /../data/reentrancy/solidity_contract/22805.sol:
	- pragma solidity^0.4.18 (/../data/reentrancy/solidity_contract/22805.sol#1): it allows old versions
Reference: https://github.com/trailofbits/slither/wiki/Detectors-Documentation#incorrect-version-of-solidity[0m
INFO:Detectors:[92m
Low level call in PowerCoin.eT (/../data/reentrancy/solidity_contract/22805.sol#131-137):
	-! _pd.call.value(_etA)() /../data/reentrancy/solidity_contract/22805.sol#134
Reference: https://github.com/trailofbits/slither/wiki/Detectors-Documentation#low-level-calls[0m
INFO:Detectors:[92m
Function 'Ownable.Ownable' (/../data/reentrancy/solidity_contract/22805.sol#7-9) is not in mixedCase
Parameter '_owner' of StandardToken.balanceOf (/../data/reentrancy/solidity_contract/22805.sol#105) is not in mixedCase
Parameter '_owner' of StandardToken.allowance (/../data/reentrancy/solidity_contract/22805.sol#115) is not in mixedCase
Parameter '_spender' of StandardToken.allowance (/../data/reentrancy/solidity_contract/22805.sol#115) is not in mixedCase
Parameter '_to' of StandardToken.transfer (/../data/reentrancy/solidity_contract/22805.sol#89) is not in mixedCase
Parameter '_value' of StandardToken.transfer (/../data/reentrancy/solidity_contract/22805.sol#89) is not in mixedCase
Parameter '_from' of StandardToken.transferFrom (/../data/reentrancy/solidity_contract/22805.sol#96) is not in mixedCase
Parameter '_to' of StandardToken.transferFrom (/../data/reentrancy/solidity_contract/22805.sol#96) is not in mixedCase
Parameter '_value' of StandardToken.transferFrom (/../data/reentrancy/solidity_contract/22805.sol#96) is not in mixedCase
Parameter '_spender' of StandardToken.approve (/../data/reentrancy/solidity_contract/22805.sol#109) is not in mixedCase
Parameter '_value' of StandardToken.approve (/../data/reentrancy/solidity_contract/22805.sol#109) is not in mixedCase
Parameter '_newOwner' of PowerCoin.transferOwnership (/../data/reentrancy/solidity_contract/22805.sol#150) is not in mixedCase
Parameter '_pd' of PowerCoin.eT (/../data/reentrancy/solidity_contract/22805.sol#131) is not in mixedCase
Parameter '_tkA' of PowerCoin.eT (/../data/reentrancy/solidity_contract/22805.sol#131) is not in mixedCase
Parameter '_etA' of PowerCoin.eT (/../data/reentrancy/solidity_contract/22805.sol#131) is not in mixedCase
Function 'PowerCoin.PowerCoin' (/../data/reentrancy/solidity_contract/22805.sol#140-142) is not in mixedCase
Reference: https://github.com/trailofbits/slither/wiki/Detectors-Documentation#conformance-to-solidity-naming-conventions[0m
INFO:Slither:/../data/reentrancy/solidity_contract/22805.sol analyzed (5 contracts), 34 result(s) found