INFO:Detectors:[91m
Reentrancy in Reentrance.withdraw (/../data/reentrancy/solidity_contract/Reentrance_02.sol#15-22):
	External calls:
	- msg.sender.call.value(_amount)() (/../data/reentrancy/solidity_contract/Reentrance_02.sol#17-19)
	State variables written after the call(s):
	- balances (/../data/reentrancy/solidity_contract/Reentrance_02.sol#20)
Reference: https://github.com/trailofbits/slither/wiki/Detectors-Documentation#reentrancy-vulnerabilities[0m
INFO:Detectors:[92m
Reentrance.donate (/../data/reentrancy/solidity_contract/Reentrance_02.sol#7-9) should be declared external
Reentrance.balanceOf (/../data/reentrancy/solidity_contract/Reentrance_02.sol#11-13) should be declared external
Reentrance.withdraw (/../data/reentrancy/solidity_contract/Reentrance_02.sol#15-22) should be declared external
Reentrance.fallback (/../data/reentrancy/solidity_contract/Reentrance_02.sol#24) should be declared external
Reference: https://github.com/trailofbits/slither/wiki/Detectors-Documentation#public-function-that-could-be-declared-as-external[0m
INFO:Detectors:[92m
Detected issues with version pragma in /../data/reentrancy/solidity_contract/Reentrance_02.sol:
	- pragma solidity^0.4.18 (/../data/reentrancy/solidity_contract/Reentrance_02.sol#1): it allows old versions
Reference: https://github.com/trailofbits/slither/wiki/Detectors-Documentation#incorrect-version-of-solidity[0m
INFO:Detectors:[92m
Low level call in Reentrance.withdraw (/../data/reentrancy/solidity_contract/Reentrance_02.sol#15-22):
	-msg.sender.call.value(_amount)() /../data/reentrancy/solidity_contract/Reentrance_02.sol#17-19
Reference: https://github.com/trailofbits/slither/wiki/Detectors-Documentation#low-level-calls[0m
INFO:Detectors:[92m
Parameter '_to' of Reentrance.donate (/../data/reentrancy/solidity_contract/Reentrance_02.sol#7) is not in mixedCase
Parameter '_who' of Reentrance.balanceOf (/../data/reentrancy/solidity_contract/Reentrance_02.sol#11) is not in mixedCase
Parameter '_amount' of Reentrance.withdraw (/../data/reentrancy/solidity_contract/Reentrance_02.sol#15) is not in mixedCase
Reference: https://github.com/trailofbits/slither/wiki/Detectors-Documentation#conformance-to-solidity-naming-conventions[0m
INFO:Slither:/../data/reentrancy/solidity_contract/Reentrance_02.sol analyzed (1 contracts), 10 result(s) found