INFO:Slither:Compilation warnings/errors on /../data/reentrancy/solidity_contract/35806.sol:
/../data/reentrancy/solidity_contract/35806.sol:54:5: Warning: Defining constructors as functions with the same name as the contract is deprecated. Use "constructor(...) { ... }" instead.
    function TokenLab(address feeAccount_, uint feeMake_, uint feeTake_) {
    ^ (Relevant source part starts here and spans across multiple lines).
/../data/reentrancy/solidity_contract/35806.sol:86:9: Warning: Invoking events without "emit" prefix is deprecated.
        Deposit(0, msg.sender, msg.value, tokens[0][msg.sender]);
        ^------------------------------------------------------^
/../data/reentrancy/solidity_contract/35806.sol:93:9: Warning: Invoking events without "emit" prefix is deprecated.
        Withdraw(0, msg.sender, amount, tokens[0][msg.sender]);
        ^----------------------------------------------------^
/../data/reentrancy/solidity_contract/35806.sol:100:9: Warning: Invoking events without "emit" prefix is deprecated.
        Deposit(token, msg.sender, amount, tokens[token][msg.sender]);
        ^-----------------------------------------------------------^
/../data/reentrancy/solidity_contract/35806.sol:108:9: Warning: Invoking events without "emit" prefix is deprecated.
        Withdraw(token, msg.sender, amount, tokens[token][msg.sender]);
        ^------------------------------------------------------------^
/../data/reentrancy/solidity_contract/35806.sol:116:24: Warning: This function only accepts a single "bytes" argument. Please use "abi.encodePacked(...)" or a similar function to encode the data.
        bytes32 hash = sha256(this, tokenGet, amountGet, tokenGive, amountGive, expires, nonce);
                       ^----------------------------------------------------------------------^
/../data/reentrancy/solidity_contract/35806.sol:118:9: Warning: Invoking events without "emit" prefix is deprecated.
        Order(tokenGet, amountGet, tokenGive, amountGive, expires, nonce, msg.sender);
        ^---------------------------------------------------------------------------^
/../data/reentrancy/solidity_contract/35806.sol:122:24: Warning: This function only accepts a single "bytes" argument. Please use "abi.encodePacked(...)" or a similar function to encode the data.
        bytes32 hash = sha256(this, tokenGet, amountGet, tokenGive, amountGive, expires, nonce);
                       ^----------------------------------------------------------------------^
/../data/reentrancy/solidity_contract/35806.sol:124:42: Warning: "sha3" has been deprecated in favour of "keccak256"
        (orders[user][hash] || ecrecover(sha3("\x19Ethereum Signed Message:\n32", hash),v,r,s) == user) &&
                                         ^--------------------------------------------^
/../data/reentrancy/solidity_contract/35806.sol:124:42: Warning: This function only accepts a single "bytes" argument. Please use "abi.encodePacked(...)" or a similar function to encode the data.
        (orders[user][hash] || ecrecover(sha3("\x19Ethereum Signed Message:\n32", hash),v,r,s) == user) &&
                                         ^--------------------------------------------^
/../data/reentrancy/solidity_contract/35806.sol:130:9: Warning: Invoking events without "emit" prefix is deprecated.
        Trade(tokenGet, amount, tokenGive, amountGive * amount / amountGet, user, msg.sender);
        ^-----------------------------------------------------------------------------------^
/../data/reentrancy/solidity_contract/35806.sol:152:24: Warning: This function only accepts a single "bytes" argument. Please use "abi.encodePacked(...)" or a similar function to encode the data.
        bytes32 hash = sha256(this, tokenGet, amountGet, tokenGive, amountGive, expires, nonce);
                       ^----------------------------------------------------------------------^
/../data/reentrancy/solidity_contract/35806.sol:154:42: Warning: "sha3" has been deprecated in favour of "keccak256"
        (orders[user][hash] || ecrecover(sha3("\x19Ethereum Signed Message:\n32", hash),v,r,s) == user) &&
                                         ^--------------------------------------------^
/../data/reentrancy/solidity_contract/35806.sol:154:42: Warning: This function only accepts a single "bytes" argument. Please use "abi.encodePacked(...)" or a similar function to encode the data.
        (orders[user][hash] || ecrecover(sha3("\x19Ethereum Signed Message:\n32", hash),v,r,s) == user) &&
                                         ^--------------------------------------------^
/../data/reentrancy/solidity_contract/35806.sol:164:24: Warning: This function only accepts a single "bytes" argument. Please use "abi.encodePacked(...)" or a similar function to encode the data.
        bytes32 hash = sha256(this, tokenGet, amountGet, tokenGive, amountGive, expires, nonce);
                       ^----------------------------------------------------------------------^
/../data/reentrancy/solidity_contract/35806.sol:169:24: Warning: This function only accepts a single "bytes" argument. Please use "abi.encodePacked(...)" or a similar function to encode the data.
        bytes32 hash = sha256(this, tokenGet, amountGet, tokenGive, amountGive, expires, nonce);
                       ^----------------------------------------------------------------------^
/../data/reentrancy/solidity_contract/35806.sol:170:57: Warning: "sha3" has been deprecated in favour of "keccak256"
        require ((orders[msg.sender][hash] || ecrecover(sha3("\x19Ethereum Signed Message:\n32", hash),v,r,s) == msg.sender));
                                                        ^--------------------------------------------^
/../data/reentrancy/solidity_contract/35806.sol:170:57: Warning: This function only accepts a single "bytes" argument. Please use "abi.encodePacked(...)" or a similar function to encode the data.
        require ((orders[msg.sender][hash] || ecrecover(sha3("\x19Ethereum Signed Message:\n32", hash),v,r,s) == msg.sender));
                                                        ^--------------------------------------------^
/../data/reentrancy/solidity_contract/35806.sol:172:9: Warning: Invoking events without "emit" prefix is deprecated.
        Cancel(tokenGet, amountGet, tokenGive, amountGive, expires, nonce, msg.sender, v, r, s);
        ^-------------------------------------------------------------------------------------^
/../data/reentrancy/solidity_contract/35806.sol:25:3: Warning: No visibility specified. Defaulting to "public". 
  function totalSupply() constant returns (uint256 supply) {}
  ^---------------------------------------------------------^
/../data/reentrancy/solidity_contract/35806.sol:25:44: Warning: Unused function parameter. Remove or comment out the variable name to silence this warning.
  function totalSupply() constant returns (uint256 supply) {}
                                           ^------------^
/../data/reentrancy/solidity_contract/35806.sol:26:3: Warning: No visibility specified. Defaulting to "public". 
  function balanceOf(address _owner) constant returns (uint256 balance) {}
  ^----------------------------------------------------------------------^
/../data/reentrancy/solidity_contract/35806.sol:26:22: Warning: Unused function parameter. Remove or comment out the variable name to silence this warning.
  function balanceOf(address _owner) constant returns (uint256 balance) {}
                     ^------------^
/../data/reentrancy/solidity_contract/35806.sol:26:56: Warning: Unused function parameter. Remove or comment out the variable name to silence this warning.
  function balanceOf(address _owner) constant returns (uint256 balance) {}
                                                       ^-------------^
/../data/reentrancy/solidity_contract/35806.sol:27:3: Warning: No visibility specified. Defaulting to "public". 
  function transfer(address _to, uint256 _value) returns (bool success) {}
  ^----------------------------------------------------------------------^
/../data/reentrancy/solidity_contract/35806.sol:27:21: Warning: Unused function parameter. Remove or comment out the variable name to silence this warning.
  function transfer(address _to, uint256 _value) returns (bool success) {}
                    ^---------^
/../data/reentrancy/solidity_contract/35806.sol:27:34: Warning: Unused function parameter. Remove or comment out the variable name to silence this warning.
  function transfer(address _to, uint256 _value) returns (bool success) {}
                                 ^------------^
/../data/reentrancy/solidity_contract/35806.sol:27:59: Warning: Unused function parameter. Remove or comment out the variable name to silence this warning.
  function transfer(address _to, uint256 _value) returns (bool success) {}
                                                          ^----------^
/../data/reentrancy/solidity_contract/35806.sol:28:3: Warning: No visibility specified. Defaulting to "public". 
  function transferFrom(address _from, address _to, uint256 _value) returns (bool success) {}
  ^-----------------------------------------------------------------------------------------^
/../data/reentrancy/solidity_contract/35806.sol:28:25: Warning: Unused function parameter. Remove or comment out the variable name to silence this warning.
  function transferFrom(address _from, address _to, uint256 _value) returns (bool success) {}
                        ^-----------^
/../data/reentrancy/solidity_contract/35806.sol:28:40: Warning: Unused function parameter. Remove or comment out the variable name to silence this warning.
  function transferFrom(address _from, address _to, uint256 _value) returns (bool success) {}
                                       ^---------^
/../data/reentrancy/solidity_contract/35806.sol:28:53: Warning: Unused function parameter. Remove or comment out the variable name to silence this warning.
  function transferFrom(address _from, address _to, uint256 _value) returns (bool success) {}
                                                    ^------------^
/../data/reentrancy/solidity_contract/35806.sol:28:78: Warning: Unused function parameter. Remove or comment out the variable name to silence this warning.
  function transferFrom(address _from, address _to, uint256 _value) returns (bool success) {}
                                                                             ^----------^
/../data/reentrancy/solidity_contract/35806.sol:29:3: Warning: No visibility specified. Defaulting to "public". 
  function approve(address _spender, uint256 _value) returns (bool success) {}
  ^--------------------------------------------------------------------------^
/../data/reentrancy/solidity_contract/35806.sol:29:20: Warning: Unused function parameter. Remove or comment out the variable name to silence this warning.
  function approve(address _spender, uint256 _value) returns (bool success) {}
                   ^--------------^
/../data/reentrancy/solidity_contract/35806.sol:29:38: Warning: Unused function parameter. Remove or comment out the variable name to silence this warning.
  function approve(address _spender, uint256 _value) returns (bool success) {}
                                     ^------------^
/../data/reentrancy/solidity_contract/35806.sol:29:63: Warning: Unused function parameter. Remove or comment out the variable name to silence this warning.
  function approve(address _spender, uint256 _value) returns (bool success) {}
                                                              ^----------^
/../data/reentrancy/solidity_contract/35806.sol:30:3: Warning: No visibility specified. Defaulting to "public". 
  function allowance(address _owner, address _spender) constant returns (uint256 remaining) {}
  ^------------------------------------------------------------------------------------------^
/../data/reentrancy/solidity_contract/35806.sol:30:22: Warning: Unused function parameter. Remove or comment out the variable name to silence this warning.
  function allowance(address _owner, address _spender) constant returns (uint256 remaining) {}
                     ^------------^
/../data/reentrancy/solidity_contract/35806.sol:30:38: Warning: Unused function parameter. Remove or comment out the variable name to silence this warning.
  function allowance(address _owner, address _spender) constant returns (uint256 remaining) {}
                                     ^--------------^
/../data/reentrancy/solidity_contract/35806.sol:30:74: Warning: Unused function parameter. Remove or comment out the variable name to silence this warning.
  function allowance(address _owner, address _spender) constant returns (uint256 remaining) {}
                                                                         ^---------------^
/../data/reentrancy/solidity_contract/35806.sol:54:5: Warning: No visibility specified. Defaulting to "public". 
    function TokenLab(address feeAccount_, uint feeMake_, uint feeTake_) {
    ^ (Relevant source part starts here and spans across multiple lines).
/../data/reentrancy/solidity_contract/35806.sol:66:5: Warning: No visibility specified. Defaulting to "public". 
    function changeAdmin(address admin_) onlyAdmin {
    ^ (Relevant source part starts here and spans across multiple lines).
/../data/reentrancy/solidity_contract/35806.sol:70:5: Warning: No visibility specified. Defaulting to "public". 
    function changeFeeAccount(address feeAccount_) onlyAdmin {
    ^ (Relevant source part starts here and spans across multiple lines).
/../data/reentrancy/solidity_contract/35806.sol:74:5: Warning: No visibility specified. Defaulting to "public". 
    function changeFeeMake(uint feeMake_) onlyAdmin {
    ^ (Relevant source part starts here and spans across multiple lines).
/../data/reentrancy/solidity_contract/35806.sol:79:5: Warning: No visibility specified. Defaulting to "public". 
    function changeFeeTake(uint feeTake_) onlyAdmin {
    ^ (Relevant source part starts here and spans across multiple lines).
/../data/reentrancy/solidity_contract/35806.sol:84:5: Warning: No visibility specified. Defaulting to "public". 
    function deposit() payable {
    ^ (Relevant source part starts here and spans across multiple lines).
/../data/reentrancy/solidity_contract/35806.sol:89:5: Warning: No visibility specified. Defaulting to "public". 
    function withdraw(uint amount) {
    ^ (Relevant source part starts here and spans across multiple lines).
/../data/reentrancy/solidity_contract/35806.sol:96:5: Warning: No visibility specified. Defaulting to "public". 
    function depositToken(address token, uint amount) {
    ^ (Relevant source part starts here and spans across multiple lines).
/../data/reentrancy/solidity_contract/35806.sol:103:5: Warning: No visibility specified. Defaulting to "public". 
    function withdrawToken(address token, uint amount) {
    ^ (Relevant source part starts here and spans across multiple lines).
/../data/reentrancy/solidity_contract/35806.sol:111:5: Warning: No visibility specified. Defaulting to "public". 
    function balanceOf(address token, address user) constant returns (uint) {
    ^ (Relevant source part starts here and spans across multiple lines).
/../data/reentrancy/solidity_contract/35806.sol:115:5: Warning: No visibility specified. Defaulting to "public". 
    function order(address tokenGet, uint amountGet, address tokenGive, uint amountGive, uint expires, uint nonce) {
    ^ (Relevant source part starts here and spans across multiple lines).
/../data/reentrancy/solidity_contract/35806.sol:121:5: Warning: No visibility specified. Defaulting to "public". 
    function trade(address tokenGet, uint amountGet, address tokenGive, uint amountGive, uint expires, uint nonce, address user, uint8 v, bytes32 r, bytes32 s, uint amount) {
    ^ (Relevant source part starts here and spans across multiple lines).
/../data/reentrancy/solidity_contract/35806.sol:143:5: Warning: No visibility specified. Defaulting to "public". 
    function testTrade(address tokenGet, uint amountGet, address tokenGive, uint amountGive, uint expires, uint nonce, address user, uint8 v, bytes32 r, bytes32 s, uint amount, address sender) constant returns(bool) {
    ^ (Relevant source part starts here and spans across multiple lines).
/../data/reentrancy/solidity_contract/35806.sol:151:5: Warning: No visibility specified. Defaulting to "public". 
    function availableVolume(address tokenGet, uint amountGet, address tokenGive, uint amountGive, uint expires, uint nonce, address user, uint8 v, bytes32 r, bytes32 s) constant returns(uint) {
    ^ (Relevant source part starts here and spans across multiple lines).
/../data/reentrancy/solidity_contract/35806.sol:163:5: Warning: No visibility specified. Defaulting to "public". 
    function amountFilled(address tokenGet, uint amountGet, address tokenGive, uint amountGive, uint expires, uint nonce, address user) constant returns(uint) {
    ^ (Relevant source part starts here and spans across multiple lines).
/../data/reentrancy/solidity_contract/35806.sol:168:5: Warning: No visibility specified. Defaulting to "public". 
    function cancelOrder(address tokenGet, uint amountGet, address tokenGive, uint amountGive, uint expires, uint nonce, uint8 v, bytes32 r, bytes32 s) {
    ^ (Relevant source part starts here and spans across multiple lines).
/../data/reentrancy/solidity_contract/35806.sol:5:5: Warning: Function state mutability can be restricted to pure
    function safeMul(uint a, uint b) internal returns (uint) {
    ^ (Relevant source part starts here and spans across multiple lines).
/../data/reentrancy/solidity_contract/35806.sol:11:5: Warning: Function state mutability can be restricted to pure
    function safeSub(uint a, uint b) internal returns (uint) {
    ^ (Relevant source part starts here and spans across multiple lines).
/../data/reentrancy/solidity_contract/35806.sol:16:5: Warning: Function state mutability can be restricted to pure
    function safeAdd(uint a, uint b) internal returns (uint) {
    ^ (Relevant source part starts here and spans across multiple lines).
/../data/reentrancy/solidity_contract/35806.sol:25:3: Warning: Function state mutability can be restricted to pure
  function totalSupply() constant returns (uint256 supply) {}
  ^---------------------------------------------------------^
/../data/reentrancy/solidity_contract/35806.sol:26:3: Warning: Function state mutability can be restricted to pure
  function balanceOf(address _owner) constant returns (uint256 balance) {}
  ^----------------------------------------------------------------------^
/../data/reentrancy/solidity_contract/35806.sol:27:3: Warning: Function state mutability can be restricted to pure
  function transfer(address _to, uint256 _value) returns (bool success) {}
  ^----------------------------------------------------------------------^
/../data/reentrancy/solidity_contract/35806.sol:28:3: Warning: Function state mutability can be restricted to pure
  function transferFrom(address _from, address _to, uint256 _value) returns (bool success) {}
  ^-----------------------------------------------------------------------------------------^
/../data/reentrancy/solidity_contract/35806.sol:29:3: Warning: Function state mutability can be restricted to pure
  function approve(address _spender, uint256 _value) returns (bool success) {}
  ^--------------------------------------------------------------------------^
/../data/reentrancy/solidity_contract/35806.sol:30:3: Warning: Function state mutability can be restricted to pure
  function allowance(address _owner, address _spender) constant returns (uint256 remaining) {}
  ^------------------------------------------------------------------------------------------^
/../data/reentrancy/solidity_contract/35806.sol:157:27: Warning: Function declared as view, but this expression (potentially) modifies the state and thus requires non-payable (the default) or payable.
        uint available1 = safeSub(amountGet, orderFills[user][hash]);
                          ^----------------------------------------^
/../data/reentrancy/solidity_contract/35806.sol:158:27: Warning: Function declared as view, but this expression (potentially) modifies the state and thus requires non-payable (the default) or payable.
        uint available2 = safeMul(tokens[tokenGive][user], amountGet) / amountGive;
                          ^-----------------------------------------^

INFO:Detectors:[92m
Reentrancy in TokenLab.depositToken (/../data/reentrancy/solidity_contract/35806.sol#96-101):
	External calls:
	- require(bool)(Token(token).transferFrom(msg.sender,this,amount)) (/../data/reentrancy/solidity_contract/35806.sol#98)
	State variables written after the call(s):
	- tokens (/../data/reentrancy/solidity_contract/35806.sol#99)
Reference: https://github.com/trailofbits/slither/wiki/Detectors-Documentation#reentrancy-vulnerabilities-2[0m
INFO:Detectors:[92m
Token.decimals should be constant (/../data/reentrancy/solidity_contract/35806.sol#35)
Token.name should be constant (/../data/reentrancy/solidity_contract/35806.sol#36)
Reference: https://github.com/trailofbits/slither/wiki/Detectors-Documentation#state-variables-that-could-be-declared-constant[0m
INFO:Detectors:[92m
Deprecated standard detected @ /../data/reentrancy/solidity_contract/35806.sol#123-127:
	- Usage of "sha3()" should be replaced with "keccak256()"
Deprecated standard detected @ /../data/reentrancy/solidity_contract/35806.sol#153-156:
	- Usage of "sha3()" should be replaced with "keccak256()"
Deprecated standard detected @ /../data/reentrancy/solidity_contract/35806.sol#170:
	- Usage of "sha3()" should be replaced with "keccak256()"
Reference: https://github.com/trailofbits/slither/wiki/Detectors-Documentation#deprecated-standards[0m
INFO:Detectors:[92m
Token.totalSupply (/../data/reentrancy/solidity_contract/35806.sol#25) should be declared external
Token.balanceOf (/../data/reentrancy/solidity_contract/35806.sol#26) should be declared external
Token.transfer (/../data/reentrancy/solidity_contract/35806.sol#27) should be declared external
Token.transferFrom (/../data/reentrancy/solidity_contract/35806.sol#28) should be declared external
Token.approve (/../data/reentrancy/solidity_contract/35806.sol#29) should be declared external
Token.allowance (/../data/reentrancy/solidity_contract/35806.sol#30) should be declared external
TokenLab.changeAdmin (/../data/reentrancy/solidity_contract/35806.sol#66-68) should be declared external
TokenLab.changeFeeAccount (/../data/reentrancy/solidity_contract/35806.sol#70-72) should be declared external
TokenLab.changeFeeMake (/../data/reentrancy/solidity_contract/35806.sol#74-77) should be declared external
TokenLab.changeFeeTake (/../data/reentrancy/solidity_contract/35806.sol#79-82) should be declared external
TokenLab.deposit (/../data/reentrancy/solidity_contract/35806.sol#84-87) should be declared external
TokenLab.withdraw (/../data/reentrancy/solidity_contract/35806.sol#89-94) should be declared external
TokenLab.depositToken (/../data/reentrancy/solidity_contract/35806.sol#96-101) should be declared external
TokenLab.withdrawToken (/../data/reentrancy/solidity_contract/35806.sol#103-109) should be declared external
TokenLab.balanceOf (/../data/reentrancy/solidity_contract/35806.sol#111-113) should be declared external
TokenLab.order (/../data/reentrancy/solidity_contract/35806.sol#115-119) should be declared external
TokenLab.trade (/../data/reentrancy/solidity_contract/35806.sol#121-131) should be declared external
TokenLab.testTrade (/../data/reentrancy/solidity_contract/35806.sol#143-149) should be declared external
TokenLab.amountFilled (/../data/reentrancy/solidity_contract/35806.sol#163-166) should be declared external
TokenLab.cancelOrder (/../data/reentrancy/solidity_contract/35806.sol#168-173) should be declared external
Reference: https://github.com/trailofbits/slither/wiki/Detectors-Documentation#public-function-that-could-be-declared-as-external[0m
INFO:Detectors:[92m
Detected issues with version pragma in /../data/reentrancy/solidity_contract/35806.sol:
	- pragma solidity^0.4.15 (/../data/reentrancy/solidity_contract/35806.sol#1): it allows old versions
Reference: https://github.com/trailofbits/slither/wiki/Detectors-Documentation#incorrect-version-of-solidity[0m
INFO:Detectors:[92m
Low level call in TokenLab.withdraw (/../data/reentrancy/solidity_contract/35806.sol#89-94):
	-require(bool)(msg.sender.call.value(amount)()) /../data/reentrancy/solidity_contract/35806.sol#92
Reference: https://github.com/trailofbits/slither/wiki/Detectors-Documentation#low-level-calls[0m
INFO:Detectors:[92m
Function 'TokenLab.TokenLab' (/../data/reentrancy/solidity_contract/35806.sol#54-59) is not in mixedCase
Reference: https://github.com/trailofbits/slither/wiki/Detectors-Documentation#conformance-to-solidity-naming-conventions[0m
INFO:Slither:/../data/reentrancy/solidity_contract/35806.sol analyzed (3 contracts), 28 result(s) found