====================================================================================================
[1m[ ] Compiling Solidity contract from the file /../data/reentrancy/solidity_contract/40425.sol ... [0m/../data/reentrancy/solidity_contract/40425.sol:34:5: Error: Functions are not allowed to have the same name as the contract. If you intend this to be a constructor, use "constructor(...) { ... }" to define it.
    function MyEtherBank() public
    ^ (Relevant source part starts here and spans across multiple lines).
/../data/reentrancy/solidity_contract/40425.sol:80:13: Error: "throw" is deprecated in favour of "revert()", "require()" and "assert()".
            throw;       
            ^---^
/../data/reentrancy/solidity_contract/40425.sol:90:13: Error: "throw" is deprecated in favour of "revert()", "require()" and "assert()".
            throw;
            ^---^
/../data/reentrancy/solidity_contract/40425.sol:99:17: Error: "throw" is deprecated in favour of "revert()", "require()" and "assert()".
                throw;        
                ^---^
/../data/reentrancy/solidity_contract/40425.sol:111:13: Error: "throw" is deprecated in favour of "revert()", "require()" and "assert()".
            throw;        
            ^---^
/../data/reentrancy/solidity_contract/40425.sol:180:13: Error: "throw" is deprecated in favour of "revert()", "require()" and "assert()".
            throw;
            ^---^
/../data/reentrancy/solidity_contract/40425.sol:258:17: Error: "throw" is deprecated in favour of "revert()", "require()" and "assert()".
                throw;
                ^---^
/../data/reentrancy/solidity_contract/40425.sol:288:17: Error: "throw" is deprecated in favour of "revert()", "require()" and "assert()".
                throw;
                ^---^
/../data/reentrancy/solidity_contract/40425.sol:528:5: Error: No visibility specified. Did you intend to add "external"?
    function() 
    ^ (Relevant source part starts here and spans across multiple lines).

[91m[-] Cannot compile the contract [0m

====================================================================================================
[1m[ ] Compiling Solidity contract from the file /../data/reentrancy/solidity_contract/40425.sol ... [0m/../data/reentrancy/solidity_contract/40425.sol:34:5: Error: Functions are not allowed to have the same name as the contract. If you intend this to be a constructor, use "constructor(...) { ... }" to define it.
    function MyEtherBank() public
    ^ (Relevant source part starts here and spans across multiple lines).
/../data/reentrancy/solidity_contract/40425.sol:80:13: Error: "throw" is deprecated in favour of "revert()", "require()" and "assert()".
            throw;       
            ^---^
/../data/reentrancy/solidity_contract/40425.sol:90:13: Error: "throw" is deprecated in favour of "revert()", "require()" and "assert()".
            throw;
            ^---^
/../data/reentrancy/solidity_contract/40425.sol:99:17: Error: "throw" is deprecated in favour of "revert()", "require()" and "assert()".
                throw;        
                ^---^
/../data/reentrancy/solidity_contract/40425.sol:111:13: Error: "throw" is deprecated in favour of "revert()", "require()" and "assert()".
            throw;        
            ^---^
/../data/reentrancy/solidity_contract/40425.sol:180:13: Error: "throw" is deprecated in favour of "revert()", "require()" and "assert()".
            throw;
            ^---^
/../data/reentrancy/solidity_contract/40425.sol:258:17: Error: "throw" is deprecated in favour of "revert()", "require()" and "assert()".
                throw;
                ^---^
/../data/reentrancy/solidity_contract/40425.sol:288:17: Error: "throw" is deprecated in favour of "revert()", "require()" and "assert()".
                throw;
                ^---^
/../data/reentrancy/solidity_contract/40425.sol:528:5: Error: No visibility specified. Did you intend to add "external"?
    function() 
    ^ (Relevant source part starts here and spans across multiple lines).
/../data/reentrancy/solidity_contract/40425.sol:544:25: Error: "throw" is deprecated in favour of "revert()", "require()" and "assert()".
                        throw;
                        ^---^
/../data/reentrancy/solidity_contract/40425.sol:553:21: Error: "throw" is deprecated in favour of "revert()", "require()" and "assert()".
                    throw;
                    ^---^
/../data/reentrancy/solidity_contract/40425.sol:559:17: Error: "throw" is deprecated in favour of "revert()", "require()" and "assert()".

[91m[-] Cannot compile the contract [0m

====================================================================================================
[1m[ ] Compiling Solidity contract from the file /../data/reentrancy/solidity_contract/40425.sol ... [0m/../data/reentrancy/solidity_contract/40425.sol:34:5: Error: Functions are not allowed to have the same name as the contract. If you intend this to be a constructor, use "constructor(...) { ... }" to define it.
    function MyEtherBank() public
    ^ (Relevant source part starts here and spans across multiple lines).
/../data/reentrancy/solidity_contract/40425.sol:80:13: Error: "throw" is deprecated in favour of "revert()", "require()" and "assert()".
            throw;       
            ^---^
/../data/reentrancy/solidity_contract/40425.sol:90:13: Error: "throw" is deprecated in favour of "revert()", "require()" and "assert()".
            throw;
            ^---^
/../data/reentrancy/solidity_contract/40425.sol:99:17: Error: "throw" is deprecated in favour of "revert()", "require()" and "assert()".
                throw;        
                ^---^
/../data/reentrancy/solidity_contract/40425.sol:111:13: Error: "throw" is deprecated in favour of "revert()", "require()" and "assert()".
            throw;        
            ^---^
/../data/reentrancy/solidity_contract/40425.sol:180:13: Error: "throw" is deprecated in favour of "revert()", "require()" and "assert()".
            throw;
            ^---^
/../data/reentrancy/solidity_contract/40425.sol:258:17: Error: "throw" is deprecated in favour of "revert()", "require()" and "assert()".
                throw;
                ^---^
/../data/reentrancy/solidity_contract/40425.sol:288:17: Error: "throw" is deprecated in favour of "revert()", "require()" and "assert()".
                throw;
                ^---^
/../data/reentrancy/solidity_contract/40425.sol:528:5: Error: No visibility specified. Did you intend to add "external"?
    function() 
    ^ (Relevant source part starts here and spans across multiple lines).
/../data/reentrancy/solidity_contract/40425.sol:544:25: Error: "throw" is deprecated in favour of "revert()", "require()" and "assert()".

[91m[-] Cannot compile the contract [0m