INFO:Slither:Compilation warnings/errors on /../data/reentrancy/solidity_contract/14620.sol:
/../data/reentrancy/solidity_contract/14620.sol:48:3: Warning: Defining constructors as functions with the same name as the contract is deprecated. Use "constructor(...) { ... }" instead.
  function Ownable() public {
  ^ (Relevant source part starts here and spans across multiple lines).
/../data/reentrancy/solidity_contract/14620.sol:63:5: Warning: Invoking events without "emit" prefix is deprecated.
    OwnershipTransferred(owner, newOwner);
    ^-----------------------------------^
/../data/reentrancy/solidity_contract/14620.sol:95:5: Warning: Invoking events without "emit" prefix is deprecated.
    Transfer(msg.sender, _to, _value);
    ^-------------------------------^
/../data/reentrancy/solidity_contract/14620.sol:133:5: Warning: Invoking events without "emit" prefix is deprecated.
    Transfer(_from, _to, _value);
    ^--------------------------^
/../data/reentrancy/solidity_contract/14620.sol:140:5: Warning: Invoking events without "emit" prefix is deprecated.
    Approval(msg.sender, _spender, _value);
    ^------------------------------------^
/../data/reentrancy/solidity_contract/14620.sol:152:5: Warning: Invoking events without "emit" prefix is deprecated.
    Approval(msg.sender, _spender, allowed[msg.sender][_spender]);
    ^-----------------------------------------------------------^
/../data/reentrancy/solidity_contract/14620.sol:164:5: Warning: Invoking events without "emit" prefix is deprecated.
    Approval(msg.sender, _spender, allowed[msg.sender][_spender]);
    ^-----------------------------------------------------------^
/../data/reentrancy/solidity_contract/14620.sol:190:5: Warning: Invoking events without "emit" prefix is deprecated.
    Mint(_to, _amount);
    ^----------------^
/../data/reentrancy/solidity_contract/14620.sol:191:5: Warning: Invoking events without "emit" prefix is deprecated.
    Transfer(address(0), _to, _amount);
    ^--------------------------------^
/../data/reentrancy/solidity_contract/14620.sol:198:5: Warning: Invoking events without "emit" prefix is deprecated.
    MintFinished();
    ^------------^
/../data/reentrancy/solidity_contract/14620.sol:272:5: Warning: Invoking events without "emit" prefix is deprecated.
    Burn(_burner, _value);
    ^-------------------^
/../data/reentrancy/solidity_contract/14620.sol:273:5: Warning: Invoking events without "emit" prefix is deprecated.
    Transfer(_burner, address(0), _value);
    ^-----------------------------------^

INFO:Detectors:[93m
TokensGate.transferTokens (/../data/reentrancy/solidity_contract/14620.sol#316-319) does not use the value returned by external calls:
	-erc20.transfer(walletToTransfer,tokenAmount) (/../data/reentrancy/solidity_contract/14620.sol#318)
Reference: https://github.com/trailofbits/slither/wiki/Detectors-Documentation#unused-return[0m
INFO:Detectors:[92m
Ownable.transferOwnership (/../data/reentrancy/solidity_contract/14620.sol#61-65) should be declared external
BasicToken.balanceOf (/../data/reentrancy/solidity_contract/14620.sol#100-102) should be declared external
ERC20Basic.balanceOf (/../data/reentrancy/solidity_contract/14620.sol#74) should be declared external
StandardToken.allowance (/../data/reentrancy/solidity_contract/14620.sol#145-147) should be declared external
ERC20.allowance (/../data/reentrancy/solidity_contract/14620.sol#110) should be declared external
ERC20.approve (/../data/reentrancy/solidity_contract/14620.sol#112) should be declared external
StandardToken.approve (/../data/reentrancy/solidity_contract/14620.sol#138-142) should be declared external
StandardToken.increaseApproval (/../data/reentrancy/solidity_contract/14620.sol#150-154) should be declared external
StandardToken.decreaseApproval (/../data/reentrancy/solidity_contract/14620.sol#157-166) should be declared external
MintableToken.finishMinting (/../data/reentrancy/solidity_contract/14620.sol#196-200) should be declared external
TokensGate.burn (/../data/reentrancy/solidity_contract/14620.sol#267-274) should be declared external
TokensGate.setManager (/../data/reentrancy/solidity_contract/14620.sol#276-278) should be declared external
TokensGate.setAllowTransferGlobal (/../data/reentrancy/solidity_contract/14620.sol#280-284) should be declared external
TokensGate.setAllowTransferLocal (/../data/reentrancy/solidity_contract/14620.sol#286-290) should be declared external
TokensGate.setAllowTransferExternal (/../data/reentrancy/solidity_contract/14620.sol#292-296) should be declared external
TokensGate.setWhitelist (/../data/reentrancy/solidity_contract/14620.sol#298-302) should be declared external
TokensGate.setLockupList (/../data/reentrancy/solidity_contract/14620.sol#304-308) should be declared external
TokensGate.setWildcardList (/../data/reentrancy/solidity_contract/14620.sol#310-314) should be declared external
TokensGate.transferTokens (/../data/reentrancy/solidity_contract/14620.sol#316-319) should be declared external
TokensGate.transferEth (/../data/reentrancy/solidity_contract/14620.sol#321-327) should be declared external
Reference: https://github.com/trailofbits/slither/wiki/Detectors-Documentation#public-function-that-could-be-declared-as-external[0m
INFO:Detectors:[92m
Detected issues with version pragma in /../data/reentrancy/solidity_contract/14620.sol:
	- pragma solidity^0.4.19 (/../data/reentrancy/solidity_contract/14620.sol#1): it allows old versions
Reference: https://github.com/trailofbits/slither/wiki/Detectors-Documentation#incorrect-version-of-solidity[0m
INFO:Detectors:[92m
Low level call in TokensGate.transferEth (/../data/reentrancy/solidity_contract/14620.sol#321-327):
	-require(bool)(walletToTransfer.call.value(weiAmount)()) /../data/reentrancy/solidity_contract/14620.sol#326
Reference: https://github.com/trailofbits/slither/wiki/Detectors-Documentation#low-level-calls[0m
INFO:Detectors:[92m
Function 'Ownable.Ownable' (/../data/reentrancy/solidity_contract/14620.sol#48-50) is not in mixedCase
Parameter '_owner' of BasicToken.balanceOf (/../data/reentrancy/solidity_contract/14620.sol#100) is not in mixedCase
Parameter '_to' of BasicToken.transfer (/../data/reentrancy/solidity_contract/14620.sol#88) is not in mixedCase
Parameter '_value' of BasicToken.transfer (/../data/reentrancy/solidity_contract/14620.sol#88) is not in mixedCase
Parameter '_owner' of StandardToken.allowance (/../data/reentrancy/solidity_contract/14620.sol#145) is not in mixedCase
Parameter '_spender' of StandardToken.allowance (/../data/reentrancy/solidity_contract/14620.sol#145) is not in mixedCase
Parameter '_from' of StandardToken.transferFrom (/../data/reentrancy/solidity_contract/14620.sol#125) is not in mixedCase
Parameter '_to' of StandardToken.transferFrom (/../data/reentrancy/solidity_contract/14620.sol#125) is not in mixedCase
Parameter '_value' of StandardToken.transferFrom (/../data/reentrancy/solidity_contract/14620.sol#125) is not in mixedCase
Parameter '_spender' of StandardToken.approve (/../data/reentrancy/solidity_contract/14620.sol#138) is not in mixedCase
Parameter '_value' of StandardToken.approve (/../data/reentrancy/solidity_contract/14620.sol#138) is not in mixedCase
Parameter '_spender' of StandardToken.increaseApproval (/../data/reentrancy/solidity_contract/14620.sol#150) is not in mixedCase
Parameter '_addedValue' of StandardToken.increaseApproval (/../data/reentrancy/solidity_contract/14620.sol#150) is not in mixedCase
Parameter '_spender' of StandardToken.decreaseApproval (/../data/reentrancy/solidity_contract/14620.sol#157) is not in mixedCase
Parameter '_subtractedValue' of StandardToken.decreaseApproval (/../data/reentrancy/solidity_contract/14620.sol#157) is not in mixedCase
Parameter '_to' of MintableToken.mint (/../data/reentrancy/solidity_contract/14620.sol#187) is not in mixedCase
Parameter '_amount' of MintableToken.mint (/../data/reentrancy/solidity_contract/14620.sol#187) is not in mixedCase
Parameter '_to' of TokensGate.transfer (/../data/reentrancy/solidity_contract/14620.sol#249) is not in mixedCase
Parameter '_value' of TokensGate.transfer (/../data/reentrancy/solidity_contract/14620.sol#249) is not in mixedCase
Parameter '_from' of TokensGate.transferFrom (/../data/reentrancy/solidity_contract/14620.sol#255) is not in mixedCase
Parameter '_to' of TokensGate.transferFrom (/../data/reentrancy/solidity_contract/14620.sol#255) is not in mixedCase
Parameter '_value' of TokensGate.transferFrom (/../data/reentrancy/solidity_contract/14620.sol#255) is not in mixedCase
Parameter '_to' of TokensGate.mint (/../data/reentrancy/solidity_contract/14620.sol#261) is not in mixedCase
Parameter '_amount' of TokensGate.mint (/../data/reentrancy/solidity_contract/14620.sol#261) is not in mixedCase
Parameter '_from' of TokensGate.allowTransfer (/../data/reentrancy/solidity_contract/14620.sol#219) is not in mixedCase
Parameter '_to' of TokensGate.allowTransfer (/../data/reentrancy/solidity_contract/14620.sol#219) is not in mixedCase
Parameter '_burner' of TokensGate.burn (/../data/reentrancy/solidity_contract/14620.sol#267) is not in mixedCase
Parameter '_value' of TokensGate.burn (/../data/reentrancy/solidity_contract/14620.sol#267) is not in mixedCase
Parameter '_manager' of TokensGate.setManager (/../data/reentrancy/solidity_contract/14620.sol#276) is not in mixedCase
Parameter '_status' of TokensGate.setManager (/../data/reentrancy/solidity_contract/14620.sol#276) is not in mixedCase
Parameter '_status' of TokensGate.setAllowTransferGlobal (/../data/reentrancy/solidity_contract/14620.sol#280) is not in mixedCase
Parameter '_status' of TokensGate.setAllowTransferLocal (/../data/reentrancy/solidity_contract/14620.sol#286) is not in mixedCase
Parameter '_status' of TokensGate.setAllowTransferExternal (/../data/reentrancy/solidity_contract/14620.sol#292) is not in mixedCase
Parameter '_address' of TokensGate.setWhitelist (/../data/reentrancy/solidity_contract/14620.sol#298) is not in mixedCase
Parameter '_date' of TokensGate.setWhitelist (/../data/reentrancy/solidity_contract/14620.sol#298) is not in mixedCase
Parameter '_address' of TokensGate.setLockupList (/../data/reentrancy/solidity_contract/14620.sol#304) is not in mixedCase
Parameter '_date' of TokensGate.setLockupList (/../data/reentrancy/solidity_contract/14620.sol#304) is not in mixedCase
Parameter '_address' of TokensGate.setWildcardList (/../data/reentrancy/solidity_contract/14620.sol#310) is not in mixedCase
Parameter '_status' of TokensGate.setWildcardList (/../data/reentrancy/solidity_contract/14620.sol#310) is not in mixedCase
Variable 'TokensGate.AllowTransferGlobal' (/../data/reentrancy/solidity_contract/14620.sol#210) is not in mixedCase
Variable 'TokensGate.AllowTransferLocal' (/../data/reentrancy/solidity_contract/14620.sol#211) is not in mixedCase
Variable 'TokensGate.AllowTransferExternal' (/../data/reentrancy/solidity_contract/14620.sol#212) is not in mixedCase
Variable 'TokensGate.Whitelist' (/../data/reentrancy/solidity_contract/14620.sol#214) is not in mixedCase
Variable 'TokensGate.LockupList' (/../data/reentrancy/solidity_contract/14620.sol#215) is not in mixedCase
Variable 'TokensGate.WildcardList' (/../data/reentrancy/solidity_contract/14620.sol#216) is not in mixedCase
Variable 'TokensGate.Managers' (/../data/reentrancy/solidity_contract/14620.sol#217) is not in mixedCase
Reference: https://github.com/trailofbits/slither/wiki/Detectors-Documentation#conformance-to-solidity-naming-conventions[0m
INFO:Slither:/../data/reentrancy/solidity_contract/14620.sol analyzed (8 contracts), 69 result(s) found