INFO:Slither:Compilation warnings/errors on /../data/reentrancy/solidity_contract/cross-function-reentrancy-fixed.sol:
/../data/reentrancy/solidity_contract/cross-function-reentrancy-fixed.sol:12:59: Warning: "throw" is deprecated in favour of "revert()", "require()" and "assert()".
if (recipient.call.value(amountToWithdraw)() == false) {  throw;}
                                                          ^---^
/../data/reentrancy/solidity_contract/cross-function-reentrancy-fixed.sol:17:44: Warning: "throw" is deprecated in favour of "revert()", "require()" and "assert()".
    if (claimedBonus[recipient] == false) {throw;}
                                           ^---^

INFO:Detectors:[91m
Owner.untrustedWithdrawReward (/../data/reentrancy/solidity_contract/cross-function-reentrancy-fixed.sol#7-13) sends eth to arbitrary user
	Dangerous calls:
	- recipient.call.value(amountToWithdraw)() == false (/../data/reentrancy/solidity_contract/cross-function-reentrancy-fixed.sol#12)
Reference: https://github.com/trailofbits/slither/wiki/Detectors-Documentation#functions-that-send-ether-to-arbitrary-destinations[0m
INFO:Detectors:[92m
Deprecated standard detected @ /../data/reentrancy/solidity_contract/cross-function-reentrancy-fixed.sol#12:
	- Usage of "throw" should be replaced with "revert()"
Deprecated standard detected @ /../data/reentrancy/solidity_contract/cross-function-reentrancy-fixed.sol#17:
	- Usage of "throw" should be replaced with "revert()"
Reference: https://github.com/trailofbits/slither/wiki/Detectors-Documentation#deprecated-standards[0m
INFO:Detectors:[92m
Owner.untrustedGetFirstWithdrawalBonus (/../data/reentrancy/solidity_contract/cross-function-reentrancy-fixed.sol#15-21) should be declared external
Reference: https://github.com/trailofbits/slither/wiki/Detectors-Documentation#public-function-that-could-be-declared-as-external[0m
INFO:Detectors:[92m
Detected issues with version pragma in /../data/reentrancy/solidity_contract/cross-function-reentrancy-fixed.sol:
	- pragma solidity^0.4.18 (/../data/reentrancy/solidity_contract/cross-function-reentrancy-fixed.sol#1): it allows old versions
Reference: https://github.com/trailofbits/slither/wiki/Detectors-Documentation#incorrect-version-of-solidity[0m
INFO:Detectors:[92m
Low level call in Owner.untrustedWithdrawReward (/../data/reentrancy/solidity_contract/cross-function-reentrancy-fixed.sol#7-13):
	-recipient.call.value(amountToWithdraw)() == false /../data/reentrancy/solidity_contract/cross-function-reentrancy-fixed.sol#12
Reference: https://github.com/trailofbits/slither/wiki/Detectors-Documentation#low-level-calls[0m
INFO:Detectors:[92m
Owner.userBalances (/../data/reentrancy/solidity_contract/cross-function-reentrancy-fixed.sol#3) is never used in Owner
Reference: https://github.com/trailofbits/slither/wiki/Detectors-Documentation#unused-state-variables[0m
INFO:Slither:/../data/reentrancy/solidity_contract/cross-function-reentrancy-fixed.sol analyzed (1 contracts), 7 result(s) found