INFO:root:Contract /../data/reentrancy/solidity_contract/39662.sol:ElectricQueue:
INFO:symExec:Running, please wait...
INFO:symExec:	============ Results ===========
INFO:symExec:	  EVM code coverage: 	 16.3%
INFO:symExec:	  Arithmetic bugs: 	 True
INFO:symExec:	  └> Overflow bugs: 	 True
/../data/reentrancy/solidity_contract/39662.sol:ElectricQueue:172:37
new uint[](length)
^
/../data/reentrancy/solidity_contract/39662.sol:ElectricQueue:172:37
new uint[](length)
^
/../data/reentrancy/solidity_contract/39662.sol:ElectricQueue:174:40
new uint[](length)
^
/../data/reentrancy/solidity_contract/39662.sol:ElectricQueue:174:40
new uint[](length)
^
/../data/reentrancy/solidity_contract/39662.sol:ElectricQueue:173:45
new address[](length)
^
/../data/reentrancy/solidity_contract/39662.sol:ElectricQueue:173:45
new address[](length)
^
INFO:symExec:	  └> Underflow bugs: 	 False
INFO:symExec:	  └> Division bugs: 	 False
INFO:symExec:	  └> Modulo bugs:   	 False
INFO:symExec:	  └> Truncation bugs: 	 False
INFO:symExec:	  └> Signedness bugs: 	 False
INFO:symExec:	  Callstack bug: 	 False
INFO:symExec:	  Concurrency bug: 	 False
INFO:symExec:	  Time dependency bug: 	 False
INFO:symExec:	  Reentrancy bug: 	 False
INFO:symExec:	 --- 49.9571869373 seconds ---
INFO:symExec:	====== Analysis Completed ======

  .oooooo.             o8o            o8o          
 d8P'  `Y8b            `"'            `"'          
888      888  .oooo.o oooo  oooo d8b oooo   .oooo.o
888      888 d88(  "8 `888  `888""8P `888  d88(  "8
888      888 `"Y88b.   888   888      888  `"Y88b. 
`88b    d88' o.  )88b  888   888      888  o.  )88b
 `Y8bood8P'  8""888P' o888o d888b    o888o 8""888P'


!!! SYMBOLIC EXECUTION TIMEOUT !!!