INFO:Slither:Compilation warnings/errors on /../data/reentrancy/solidity_contract/PrivateBank.sol:
/../data/reentrancy/solidity_contract/PrivateBank.sol:11:5: Warning: Defining constructors as functions with the same name as the contract is deprecated. Use "constructor(...) { ... }" instead.
    function Private_Bank(address _log)   {
    ^ (Relevant source part starts here and spans across multiple lines).
/../data/reentrancy/solidity_contract/PrivateBank.sol:11:5: Warning: No visibility specified. Defaulting to "public". 
    function Private_Bank(address _log)   {
    ^ (Relevant source part starts here and spans across multiple lines).
/../data/reentrancy/solidity_contract/PrivateBank.sol:22:5: Warning: No visibility specified. Defaulting to "public". 
    function CashOut(uint _am)  {
    ^ (Relevant source part starts here and spans across multiple lines).

INFO:Detectors:[91m
Reentrancy in Private_Bank.CashOut (/../data/reentrancy/solidity_contract/PrivateBank.sol#22-30):
	External calls:
	- msg.sender.call.value(_am)() (/../data/reentrancy/solidity_contract/PrivateBank.sol#25-28)
	State variables written after the call(s):
	- balances (/../data/reentrancy/solidity_contract/PrivateBank.sol#26)
Reference: https://github.com/trailofbits/slither/wiki/Detectors-Documentation#reentrancy-vulnerabilities[0m
INFO:Detectors:[92m
Private_Bank.MinDeposit should be constant (/../data/reentrancy/solidity_contract/PrivateBank.sol#7)
Reference: https://github.com/trailofbits/slither/wiki/Detectors-Documentation#state-variables-that-could-be-declared-constant[0m
INFO:Detectors:[92m
Private_Bank.Deposit (/../data/reentrancy/solidity_contract/PrivateBank.sol#15-20) should be declared external
Private_Bank.CashOut (/../data/reentrancy/solidity_contract/PrivateBank.sol#22-30) should be declared external
Private_Bank.fallback (/../data/reentrancy/solidity_contract/PrivateBank.sol#32) should be declared external
Log.AddMessage (/../data/reentrancy/solidity_contract/PrivateBank.sol#51-57) should be declared external
Reference: https://github.com/trailofbits/slither/wiki/Detectors-Documentation#public-function-that-could-be-declared-as-external[0m
INFO:Detectors:[92m
Detected issues with version pragma in /../data/reentrancy/solidity_contract/PrivateBank.sol:
	- pragma solidity^0.4.19 (/../data/reentrancy/solidity_contract/PrivateBank.sol#1): it allows old versions
Reference: https://github.com/trailofbits/slither/wiki/Detectors-Documentation#incorrect-version-of-solidity[0m
INFO:Detectors:[92m
Low level call in Private_Bank.CashOut (/../data/reentrancy/solidity_contract/PrivateBank.sol#22-30):
	-msg.sender.call.value(_am)() /../data/reentrancy/solidity_contract/PrivateBank.sol#25-28
Reference: https://github.com/trailofbits/slither/wiki/Detectors-Documentation#low-level-calls[0m
INFO:Detectors:[92m
Contract 'Private_Bank' (/../data/reentrancy/solidity_contract/PrivateBank.sol#3-34) is not in CapWords
Function 'Private_Bank.Private_Bank' (/../data/reentrancy/solidity_contract/PrivateBank.sol#11-13) is not in mixedCase
Parameter '_log' of Private_Bank.Private_Bank (/../data/reentrancy/solidity_contract/PrivateBank.sol#11) is not in mixedCase
Function 'Private_Bank.Deposit' (/../data/reentrancy/solidity_contract/PrivateBank.sol#15-20) is not in mixedCase
Function 'Private_Bank.CashOut' (/../data/reentrancy/solidity_contract/PrivateBank.sol#22-30) is not in mixedCase
Parameter '_am' of Private_Bank.CashOut (/../data/reentrancy/solidity_contract/PrivateBank.sol#22) is not in mixedCase
Variable 'Private_Bank.MinDeposit' (/../data/reentrancy/solidity_contract/PrivateBank.sol#7) is not in mixedCase
Variable 'Private_Bank.TransferLog' (/../data/reentrancy/solidity_contract/PrivateBank.sol#9) is not in mixedCase
Function 'Log.AddMessage' (/../data/reentrancy/solidity_contract/PrivateBank.sol#51-57) is not in mixedCase
Parameter '_adr' of Log.AddMessage (/../data/reentrancy/solidity_contract/PrivateBank.sol#51) is not in mixedCase
Parameter '_val' of Log.AddMessage (/../data/reentrancy/solidity_contract/PrivateBank.sol#51) is not in mixedCase
Parameter '_data' of Log.AddMessage (/../data/reentrancy/solidity_contract/PrivateBank.sol#51) is not in mixedCase
Variable 'Log.History' (/../data/reentrancy/solidity_contract/PrivateBank.sol#47) is not in mixedCase
Variable 'Log.LastMsg' (/../data/reentrancy/solidity_contract/PrivateBank.sol#49) is not in mixedCase
Reference: https://github.com/trailofbits/slither/wiki/Detectors-Documentation#conformance-to-solidity-naming-conventions[0m
INFO:Slither:/../data/reentrancy/solidity_contract/PrivateBank.sol analyzed (2 contracts), 22 result(s) found