INFO:root:Contract /../data/reentrancy/solidity_contract/35661.sol:Haltable:
INFO:symExec:Running, please wait...
INFO:symExec:	============ Results ===========
INFO:symExec:	  EVM code coverage: 	 99.8%
INFO:symExec:	  Arithmetic bugs: 	 False
INFO:symExec:	  └> Overflow bugs: 	 False
INFO:symExec:	  └> Underflow bugs: 	 False
INFO:symExec:	  └> Division bugs: 	 False
INFO:symExec:	  └> Modulo bugs:   	 False
INFO:symExec:	  └> Truncation bugs: 	 False
INFO:symExec:	  └> Signedness bugs: 	 False
INFO:symExec:	  Callstack bug: 	 False
INFO:symExec:	  Concurrency bug: 	 False
INFO:symExec:	  Time dependency bug: 	 False
INFO:symExec:	  Reentrancy bug: 	 False
INFO:symExec:	 --- 0.236028909683 seconds ---
INFO:symExec:	====== Analysis Completed ======
INFO:root:Contract /../data/reentrancy/solidity_contract/35661.sol:Ownable:
INFO:symExec:Running, please wait...
INFO:symExec:	============ Results ===========
INFO:symExec:	  EVM code coverage: 	 99.5%
INFO:symExec:	  Arithmetic bugs: 	 False
INFO:symExec:	  └> Overflow bugs: 	 False
INFO:symExec:	  └> Underflow bugs: 	 False
INFO:symExec:	  └> Division bugs: 	 False
INFO:symExec:	  └> Modulo bugs:   	 False
INFO:symExec:	  └> Truncation bugs: 	 False
INFO:symExec:	  └> Signedness bugs: 	 False
INFO:symExec:	  Callstack bug: 	 False
INFO:symExec:	  Concurrency bug: 	 False
INFO:symExec:	  Time dependency bug: 	 False
INFO:symExec:	  Reentrancy bug: 	 False
INFO:symExec:	 --- 0.126116037369 seconds ---
INFO:symExec:	====== Analysis Completed ======
INFO:root:Contract /../data/reentrancy/solidity_contract/35661.sol:PreICOProxyBuyer:
INFO:symExec:Running, please wait...