INFO:Slither:Compilation warnings/errors on /../data/reentrancy/solidity_contract/34577.sol:
/../data/reentrancy/solidity_contract/34577.sol:199:5: Warning: Defining constructors as functions with the same name as the contract is deprecated. Use "constructor(...) { ... }" instead.
    function MultiSigWallet(address[] _owners, uint _required)
    ^ (Relevant source part starts here and spans across multiple lines).
/../data/reentrancy/solidity_contract/34577.sol:98:9: Warning: Invoking events without "emit" prefix is deprecated.
        OwnerAddition(owner);
        ^------------------^
/../data/reentrancy/solidity_contract/34577.sol:117:9: Warning: Invoking events without "emit" prefix is deprecated.
        OwnerRemoval(owner);
        ^-----------------^
/../data/reentrancy/solidity_contract/34577.sol:128:9: Warning: Invoking events without "emit" prefix is deprecated.
        RequirementChange(_required);
        ^--------------------------^
/../data/reentrancy/solidity_contract/34577.sol:143:25: Warning: This function only accepts a single "bytes" argument. Please use "abi.encodePacked(...)" or a similar function to encode the data.
        transactionId = keccak256(destination, value, data, nonce);
                        ^----------------------------------------^
/../data/reentrancy/solidity_contract/34577.sol:153:13: Warning: Invoking events without "emit" prefix is deprecated.
            Submission(transactionId);
            ^-----------------------^
/../data/reentrancy/solidity_contract/34577.sol:167:9: Warning: Invoking events without "emit" prefix is deprecated.
        Confirmation(msg.sender, transactionId);
        ^-------------------------------------^
/../data/reentrancy/solidity_contract/34577.sol:180:13: Warning: Invoking events without "emit" prefix is deprecated.
            Execution(transactionId);
            ^----------------------^
/../data/reentrancy/solidity_contract/34577.sol:193:9: Warning: Invoking events without "emit" prefix is deprecated.
        Revocation(msg.sender, transactionId);
        ^-----------------------------------^
/../data/reentrancy/solidity_contract/34577.sol:219:13: Warning: Invoking events without "emit" prefix is deprecated.
            Deposit(msg.sender, msg.value);
            ^----------------------------^

INFO:Detectors:[92m
MultiSigWallet.fallback (/../data/reentrancy/solidity_contract/34577.sol#214-220) should be declared external
Reference: https://github.com/trailofbits/slither/wiki/Detectors-Documentation#public-function-that-could-be-declared-as-external[0m
INFO:Detectors:[92m
Detected issues with version pragma in /../data/reentrancy/solidity_contract/34577.sol:
	- pragma solidity^0.4.17 (/../data/reentrancy/solidity_contract/34577.sol#1): it allows old versions
Reference: https://github.com/trailofbits/slither/wiki/Detectors-Documentation#incorrect-version-of-solidity[0m
INFO:Detectors:[92m
Low level call in MultiSigWallet.executeTransaction (/../data/reentrancy/solidity_contract/34577.sol#174-182):
	-! txn.destination.call.value(txn.value)(txn.data) /../data/reentrancy/solidity_contract/34577.sol#178-179
Reference: https://github.com/trailofbits/slither/wiki/Detectors-Documentation#low-level-calls[0m
INFO:Detectors:[92m
Parameter '_required' of MultiSigWallet.changeRequirement (/../data/reentrancy/solidity_contract/34577.sol#122) is not in mixedCase
Function 'MultiSigWallet.MultiSigWallet' (/../data/reentrancy/solidity_contract/34577.sol#199-211) is not in mixedCase
Parameter '_owners' of MultiSigWallet.MultiSigWallet (/../data/reentrancy/solidity_contract/34577.sol#199) is not in mixedCase
Parameter '_required' of MultiSigWallet.MultiSigWallet (/../data/reentrancy/solidity_contract/34577.sol#199) is not in mixedCase
Reference: https://github.com/trailofbits/slither/wiki/Detectors-Documentation#conformance-to-solidity-naming-conventions[0m
INFO:Slither:/../data/reentrancy/solidity_contract/34577.sol analyzed (1 contracts), 7 result(s) found