====================================================================================================
[1m[ ] Compiling Solidity contract from the file /../data/reentrancy/solidity_contract/SimpleDAO.sol ... [0m/../data/reentrancy/solidity_contract/SimpleDAO.sol:4:3: Error: No visibility specified. Did you intend to add "public"?
  function donate(address to) {
  ^ (Relevant source part starts here and spans across multiple lines).
/../data/reentrancy/solidity_contract/SimpleDAO.sol:8:3: Error: No visibility specified. Did you intend to add "public"?
  function withdraw(uint amount) {
  ^ (Relevant source part starts here and spans across multiple lines).
/../data/reentrancy/solidity_contract/SimpleDAO.sol:15:3: Error: No visibility specified. Did you intend to add "public"?
  function queryCredit(address to) returns (uint){
  ^ (Relevant source part starts here and spans across multiple lines).
/../data/reentrancy/solidity_contract/SimpleDAO.sol:1:1: Warning: Source file does not specify required compiler version! Consider adding "pragma solidity ^0.5.10;"
contract SimpleDAO {

[91m[-] Cannot compile the contract [0m

====================================================================================================
[1m[ ] Compiling Solidity contract from the file /../data/reentrancy/solidity_contract/SimpleDAO.sol ... [0m/../data/reentrancy/solidity_contract/SimpleDAO.sol:4:3: Error: No visibility specified. Did you intend to add "public"?
  function donate(address to) {
  ^ (Relevant source part starts here and spans across multiple lines).
/../data/reentrancy/solidity_contract/SimpleDAO.sol:8:3: Error: No visibility specified. Did you intend to add "public"?
  function withdraw(uint amount) {
  ^ (Relevant source part starts here and spans across multiple lines).
/../data/reentrancy/solidity_contract/SimpleDAO.sol:15:3: Error: No visibility specified. Did you intend to add "public"?
  function queryCredit(address to) returns (uint){
  ^ (Relevant source part starts here and spans across multiple lines).
/../data/reentrancy/solidity_contract/SimpleDAO.sol:1:1: Warning: Source file does not specify required compiler version! Consider adding "pragma solidity ^0.5.10;"
contract SimpleDAO {
^ (Relevant source part starts here and spans across multiple lines).
/../data/reentrancy/solidity_contract/SimpleDAO.sol:10:7: Error: Wrong argument count for function call: 0 arguments given but expected 1. This function requires a single bytes argument. Use "" as argument to provide empty calldata.

[91m[-] Cannot compile the contract [0m

====================================================================================================
[1m[ ] Compiling Solidity contract from the file /../data/reentrancy/solidity_contract/SimpleDAO.sol ... [0m/../data/reentrancy/solidity_contract/SimpleDAO.sol:4:3: Error: No visibility specified. Did you intend to add "public"?
  function donate(address to) {
  ^ (Relevant source part starts here and spans across multiple lines).
/../data/reentrancy/solidity_contract/SimpleDAO.sol:8:3: Error: No visibility specified. Did you intend to add "public"?
  function withdraw(uint amount) {
  ^ (Relevant source part starts here and spans across multiple lines).
/../data/reentrancy/solidity_contract/SimpleDAO.sol:15:3: Error: No visibility specified. Did you intend to add "public"?
  function queryCredit(address to) returns (uint){
  ^ (Relevant source part starts here and spans across multiple lines).
/../data/reentrancy/solidity_contract/SimpleDAO.sol:1:1: Warning: Source file does not specify required compiler version! Consider adding "pragma solidity ^0.5.10;"

[91m[-] Cannot compile the contract [0m