====================================================================================================
[1m[ ] Compiling Solidity contract from the file /../data/reentrancy/solidity_contract/40589.sol ... [0m/../data/reentrancy/solidity_contract/40589.sol:20:28: Error: The state mutability modifier "constant" was removed in version 0.5.0. Use "view" or "pure" instead.
    function totalSupply() constant returns (uint supply);
                           ^------^
/../data/reentrancy/solidity_contract/40589.sol:21:37: Error: The state mutability modifier "constant" was removed in version 0.5.0. Use "view" or "pure" instead.
    function balanceOf(address who) constant returns (uint value);
                                    ^------^
/../data/reentrancy/solidity_contract/40589.sol:22:56: Error: The state mutability modifier "constant" was removed in version 0.5.0. Use "view" or "pure" instead.
    function allowance(address owner, address spender) constant returns (uint _allowance);
                                                       ^------^
/../data/reentrancy/solidity_contract/40589.sol:65:40: Error: The state mutability modifier "constant" was removed in version 0.5.0. Use "view" or "pure" instead.
    function numTokensAbleToPurchase() constant returns (uint) {
                                       ^------^

[91m[-] Cannot compile the contract [0m

====================================================================================================
[1m[ ] Compiling Solidity contract from the file /../data/reentrancy/solidity_contract/40589.sol ... [0m/../data/reentrancy/solidity_contract/40589.sol:20:28: Error: The state mutability modifier "constant" was removed in version 0.5.0. Use "view" or "pure" instead.
    function totalSupply() constant returns (uint supply);
                           ^------^
/../data/reentrancy/solidity_contract/40589.sol:21:37: Error: The state mutability modifier "constant" was removed in version 0.5.0. Use "view" or "pure" instead.
    function balanceOf(address who) constant returns (uint value);
                                    ^------^
/../data/reentrancy/solidity_contract/40589.sol:22:56: Error: The state mutability modifier "constant" was removed in version 0.5.0. Use "view" or "pure" instead.
    function allowance(address owner, address spender) constant returns (uint _allowance);
                                                       ^------^
/../data/reentrancy/solidity_contract/40589.sol:65:40: Error: The state mutability modifier "constant" was removed in version 0.5.0. Use "view" or "pure" instead.
    function numTokensAbleToPurchase() constant returns (uint) {
                                       ^------^

[91m[-] Cannot compile the contract [0m

====================================================================================================
[1m[ ] Compiling Solidity contract from the file /../data/reentrancy/solidity_contract/40589.sol ... [0m/../data/reentrancy/solidity_contract/40589.sol:20:28: Error: The state mutability modifier "constant" was removed in version 0.5.0. Use "view" or "pure" instead.
    function totalSupply() constant returns (uint supply);
                           ^------^
/../data/reentrancy/solidity_contract/40589.sol:21:37: Error: The state mutability modifier "constant" was removed in version 0.5.0. Use "view" or "pure" instead.
    function balanceOf(address who) constant returns (uint value);
                                    ^------^
/../data/reentrancy/solidity_contract/40589.sol:22:56: Error: The state mutability modifier "constant" was removed in version 0.5.0. Use "view" or "pure" instead.
    function allowance(address owner, address spender) constant returns (uint _allowance);
                                                       ^------^
/../data/reentrancy/solidity_contract/40589.sol:65:40: Error: The state mutability modifier "constant" was removed in version 0.5.0. Use "view" or "pure" instead.

[91m[-] Cannot compile the contract [0m

====================================================================================================
[1m[ ] Compiling Solidity contract from the file /../data/reentrancy/solidity_contract/40589.sol ... [0m/../data/reentrancy/solidity_contract/40589.sol:20:28: Error: The state mutability modifier "constant" was removed in version 0.5.0. Use "view" or "pure" instead.
    function totalSupply() constant returns (uint supply);
                           ^------^
/../data/reentrancy/solidity_contract/40589.sol:21:37: Error: The state mutability modifier "constant" was removed in version 0.5.0. Use "view" or "pure" instead.
    function balanceOf(address who) constant returns (uint value);
                                    ^------^
/../data/reentrancy/solidity_contract/40589.sol:22:56: Error: The state mutability modifier "constant" was removed in version 0.5.0. Use "view" or "pure" instead.
    function allowance(address owner, address spender) constant returns (uint _allowance);
                                                       ^------^
/../data/reentrancy/solidity_contract/40589.sol:65:40: Error: The state mutability modifier "constant" was removed in version 0.5.0. Use "view" or "pure" instead.
    function numTokensAbleToPurchase() constant returns (uint) {
                                       ^------^

[91m[-] Cannot compile the contract [0m

====================================================================================================
[1m[ ] Compiling Solidity contract from the file /../data/reentrancy/solidity_contract/40589.sol ... [0m/../data/reentrancy/solidity_contract/40589.sol:20:28: Error: The state mutability modifier "constant" was removed in version 0.5.0. Use "view" or "pure" instead.
    function totalSupply() constant returns (uint supply);
                           ^------^
/../data/reentrancy/solidity_contract/40589.sol:21:37: Error: The state mutability modifier "constant" was removed in version 0.5.0. Use "view" or "pure" instead.
    function balanceOf(address who) constant returns (uint value);
                                    ^------^
/../data/reentrancy/solidity_contract/40589.sol:22:56: Error: The state mutability modifier "constant" was removed in version 0.5.0. Use "view" or "pure" instead.
    function allowance(address owner, address spender) constant returns (uint _allowance);
                                                       ^------^

[91m[-] Cannot compile the contract [0m

====================================================================================================
[1m[ ] Compiling Solidity contract from the file /../data/reentrancy/solidity_contract/40589.sol ... [0m/../data/reentrancy/solidity_contract/40589.sol:20:28: Error: The state mutability modifier "constant" was removed in version 0.5.0. Use "view" or "pure" instead.
    function totalSupply() constant returns (uint supply);
                           ^------^
/../data/reentrancy/solidity_contract/40589.sol:21:37: Error: The state mutability modifier "constant" was removed in version 0.5.0. Use "view" or "pure" instead.
    function balanceOf(address who) constant returns (uint value);
                                    ^------^
/../data/reentrancy/solidity_contract/40589.sol:22:56: Error: The state mutability modifier "constant" was removed in version 0.5.0. Use "view" or "pure" instead.
    function allowance(address owner, address spender) constant returns (uint _allowance);
                                                       ^------^
/../data/reentrancy/solidity_contract/40589.sol:65:40: Error: The state mutability modifier "constant" was removed in version 0.5.0. Use "view" or "pure" instead.
    function numTokensAbleToPurchase() constant returns (uint) {
                                       ^------^

[91m[-] Cannot compile the contract [0m

====================================================================================================
[1m[ ] Compiling Solidity contract from the file /../data/reentrancy/solidity_contract/40589.sol ... [0m/../data/reentrancy/solidity_contract/40589.sol:20:28: Error: The state mutability modifier "constant" was removed in version 0.5.0. Use "view" or "pure" instead.
    function totalSupply() constant returns (uint supply);
                           ^------^
/../data/reentrancy/solidity_contract/40589.sol:21:37: Error: The state mutability modifier "constant" was removed in version 0.5.0. Use "view" or "pure" instead.
    function balanceOf(address who) constant returns (uint value);

[91m[-] Cannot compile the contract [0m

====================================================================================================
[1m[ ] Compiling Solidity contract from the file /../data/reentrancy/solidity_contract/40589.sol ... [0m/../data/reentrancy/solidity_contract/40589.sol:20:28: Error: The state mutability modifier "constant" was removed in version 0.5.0. Use "view" or "pure" instead.
    function totalSupply() constant returns (uint supply);
                           ^------^
/../data/reentrancy/solidity_contract/40589.sol:21:37: Error: The state mutability modifier "constant" was removed in version 0.5.0. Use "view" or "pure" instead.
    function balanceOf(address who) constant returns (uint value);
                                    ^------^
/../data/reentrancy/solidity_contract/40589.sol:22:56: Error: The state mutability modifier "constant" was removed in version 0.5.0. Use "view" or "pure" instead.
    function allowance(address owner, address spender) constant returns (uint _allowance);
                                                       ^------^
/../data/reentrancy/solidity_contract/40589.sol:65:40: Error: The state mutability modifier "constant" was removed in version 0.5.0. Use "view" or "pure" instead.
    function numTokensAbleToPurchase() constant returns (uint) {
                                       ^------^

[91m[-] Cannot compile the contract [0m

====================================================================================================
[1m[ ] Compiling Solidity contract from the file /../data/reentrancy/solidity_contract/40589.sol ... [0m/../data/reentrancy/solidity_contract/40589.sol:20:28: Error: The state mutability modifier "constant" was removed in version 0.5.0. Use "view" or "pure" instead.
    function totalSupply() constant returns (uint supply);
                           ^------^
/../data/reentrancy/solidity_contract/40589.sol:21:37: Error: The state mutability modifier "constant" was removed in version 0.5.0. Use "view" or "pure" instead.
    function balanceOf(address who) constant returns (uint value);
                                    ^------^
/../data/reentrancy/solidity_contract/40589.sol:22:56: Error: The state mutability modifier "constant" was removed in version 0.5.0. Use "view" or "pure" instead.
    function allowance(address owner, address spender) constant returns (uint _allowance);
                                                       ^------^

[91m[-] Cannot compile the contract [0m