INFO:root:Contract /../data/reentrancy/solidity_contract/22074.sol:SIMPLE_PIGGY_BANK:
INFO:symExec:Running, please wait...
INFO:symExec:	============ Results ===========
INFO:symExec:	  EVM code coverage: 	 99.7%
INFO:symExec:	  Arithmetic bugs: 	 True
INFO:symExec:	  └> Overflow bugs: 	 True
/../data/reentrancy/solidity_contract/22074.sol:SIMPLE_PIGGY_BANK:12:9
Bal[msg.sender]+=msg.value
^
INFO:symExec:	  └> Underflow bugs: 	 True
/../data/reentrancy/solidity_contract/22074.sol:SIMPLE_PIGGY_BANK:18:13
Bal[msg.sender]-=_am
^
INFO:symExec:	  └> Division bugs: 	 False
INFO:symExec:	  └> Modulo bugs:   	 False
INFO:symExec:	  └> Truncation bugs: 	 False
INFO:symExec:	  └> Signedness bugs: 	 False
INFO:symExec:	  Callstack bug: 	 True
/../data/reentrancy/solidity_contract/22074.sol:SIMPLE_PIGGY_BANK:17:13
msg.sender.call.value(_am)()
^
INFO:symExec:	  Concurrency bug: 	 True
Flow 1:
/../data/reentrancy/solidity_contract/22074.sol:SIMPLE_PIGGY_BANK:17:13
msg.sender.call.value(_am)()
^
Flow 2:
INFO:symExec:	  Time dependency bug: 	 False
INFO:symExec:	  Reentrancy bug: 	 True
/../data/reentrancy/solidity_contract/22074.sol:SIMPLE_PIGGY_BANK:17:13
msg.sender.call.value(_am)()
^
INFO:symExec:	 --- 1.9542028904 seconds ---
INFO:symExec:	====== Analysis Completed ======

  .oooooo.             o8o            o8o          
 d8P'  `Y8b            `"'            `"'          
888      888  .oooo.o oooo  oooo d8b oooo   .oooo.o
888      888 d88(  "8 `888  `888""8P `888  d88(  "8
888      888 `"Y88b.   888   888      888  `"Y88b. 
`88b    d88' o.  )88b  888   888      888  o.  )88b
 `Y8bood8P'  8""888P' o888o d888b    o888o 8""888P'