INFO:Slither:Compilation warnings/errors on /../data/reentrancy/solidity_contract/18438.sol:
/../data/reentrancy/solidity_contract/18438.sol:24:5: Warning: Defining constructors as functions with the same name as the contract is deprecated. Use "constructor(...) { ... }" instead.
    function Owned() public {
    ^ (Relevant source part starts here and spans across multiple lines).

INFO:Detectors:[93m
BoomerangLiquidity.invest (/../data/reentrancy/solidity_contract/18438.sol#58-65) does not use the value returned by external calls:
	-p3dContract.buy.value(half)(msg.sender) (/../data/reentrancy/solidity_contract/18438.sol#63)
BoomerangLiquidity.donateToken (/../data/reentrancy/solidity_contract/18438.sol#86-88) does not use the value returned by external calls:
	-P3D(token).buy.value(msg.value).gas(1000000)(msg.sender) (/../data/reentrancy/solidity_contract/18438.sol#87)
BoomerangLiquidity.donateP3D (/../data/reentrancy/solidity_contract/18438.sol#90-92) does not use the value returned by external calls:
	-p3dContract.buy.value(msg.value).gas(1000000)(msg.sender) (/../data/reentrancy/solidity_contract/18438.sol#91)
Reference: https://github.com/trailofbits/slither/wiki/Detectors-Documentation#unused-return[0m
INFO:Detectors:[92m
ERC20Interface.totalSupply (/../data/reentrancy/solidity_contract/18438.sol#4) should be declared external
ERC20Interface.balanceOf (/../data/reentrancy/solidity_contract/18438.sol#5) should be declared external
ERC20Interface.allowance (/../data/reentrancy/solidity_contract/18438.sol#6) should be declared external
ERC20Interface.transfer (/../data/reentrancy/solidity_contract/18438.sol#7) should be declared external
ERC20Interface.approve (/../data/reentrancy/solidity_contract/18438.sol#8) should be declared external
ERC20Interface.transferFrom (/../data/reentrancy/solidity_contract/18438.sol#9) should be declared external
P3D.withdraw (/../data/reentrancy/solidity_contract/18438.sol#16) should be declared external
P3D.buy (/../data/reentrancy/solidity_contract/18438.sol#17) should be declared external
Owned.changeOwner (/../data/reentrancy/solidity_contract/18438.sol#33-35) should be declared external
Owned.acceptOwnership (/../data/reentrancy/solidity_contract/18438.sol#37-40) should be declared external
BoomerangLiquidity.fallback (/../data/reentrancy/solidity_contract/18438.sol#54-56) should be declared external
BoomerangLiquidity.withdraw (/../data/reentrancy/solidity_contract/18438.sol#67-70) should be declared external
BoomerangLiquidity.withdraw (/../data/reentrancy/solidity_contract/18438.sol#72-75) should be declared external
BoomerangLiquidity.withdrawAndSend (/../data/reentrancy/solidity_contract/18438.sol#77-80) should be declared external
BoomerangLiquidity.donate (/../data/reentrancy/solidity_contract/18438.sol#82-84) should be declared external
BoomerangLiquidity.donateToken (/../data/reentrancy/solidity_contract/18438.sol#86-88) should be declared external
BoomerangLiquidity.donateP3D (/../data/reentrancy/solidity_contract/18438.sol#90-92) should be declared external
Reference: https://github.com/trailofbits/slither/wiki/Detectors-Documentation#public-function-that-could-be-declared-as-external[0m
INFO:Detectors:[92m
Detected issues with version pragma in /../data/reentrancy/solidity_contract/18438.sol:
	- pragma solidity^0.4.21 (/../data/reentrancy/solidity_contract/18438.sol#1): it allows old versions
Reference: https://github.com/trailofbits/slither/wiki/Detectors-Documentation#incorrect-version-of-solidity[0m
INFO:Detectors:[92m
Low level call in BoomerangLiquidity.invest (/../data/reentrancy/solidity_contract/18438.sol#58-65):
	-require(bool)(sk2xContract.call.value(half)()) /../data/reentrancy/solidity_contract/18438.sol#62
Low level call in BoomerangLiquidity.donate (/../data/reentrancy/solidity_contract/18438.sol#82-84):
	-require(bool)(sk2xContract.call.value(msg.value).gas(1000000)()) /../data/reentrancy/solidity_contract/18438.sol#83
Reference: https://github.com/trailofbits/slither/wiki/Detectors-Documentation#low-level-calls[0m
INFO:Detectors:[92m
Parameter '' of P3D.buy (/../data/reentrancy/solidity_contract/18438.sol#17) is not in mixedCase
Function 'Owned.Owned' (/../data/reentrancy/solidity_contract/18438.sol#24-26) is not in mixedCase
Parameter '_newOwner' of Owned.changeOwner (/../data/reentrancy/solidity_contract/18438.sol#33) is not in mixedCase
Constant 'BoomerangLiquidity.p3dContract' (/../data/reentrancy/solidity_contract/18438.sol#51) is not in UPPER_CASE_WITH_UNDERSCORES
Constant 'BoomerangLiquidity.sk2xContract' (/../data/reentrancy/solidity_contract/18438.sol#52) is not in UPPER_CASE_WITH_UNDERSCORES
Reference: https://github.com/trailofbits/slither/wiki/Detectors-Documentation#conformance-to-solidity-naming-conventions[0m
INFO:Slither:/../data/reentrancy/solidity_contract/18438.sol analyzed (4 contracts), 28 result(s) found