INFO:Slither:Compilation warnings/errors on /../data/reentrancy/solidity_contract/3985.sol:
/../data/reentrancy/solidity_contract/3985.sol:75:42: Warning: This function only accepts a single "bytes" argument. Please use "abi.encodePacked(...)" or a similar function to encode the data.
        bytes32 hash = keccak256(prefix, keccak256(target, data, nonce));
                                         ^----------------------------^
/../data/reentrancy/solidity_contract/3985.sol:75:24: Warning: This function only accepts a single "bytes" argument. Please use "abi.encodePacked(...)" or a similar function to encode the data.
        bytes32 hash = keccak256(prefix, keccak256(target, data, nonce));
                       ^-----------------------------------------------^

INFO:Detectors:[91m
Reentrancy in Feeless.performFeelessTransaction (/../data/reentrancy/solidity_contract/3985.sol#72-82):
	External calls:
	- require(bool)(target.call.value(msg.value)(data)) (/../data/reentrancy/solidity_contract/3985.sol#80)
	State variables written after the call(s):
	- msgSender (/../data/reentrancy/solidity_contract/3985.sol#81)
Reference: https://github.com/trailofbits/slither/wiki/Detectors-Documentation#reentrancy-vulnerabilities[0m
INFO:Detectors:[93m
ECRecovery.recover (/../data/reentrancy/solidity_contract/3985.sol#6-42) is declared view but contains assembly code
Reference: https://github.com/trailofbits/slither/wiki/Detectors-Documentation#constant-functions-changing-the-state[0m
INFO:Detectors:[92m
ECRecovery.recover uses assembly (/../data/reentrancy/solidity_contract/3985.sol#6-42)
	- /../data/reentrancy/solidity_contract/3985.sol#24-31
Reference: https://github.com/trailofbits/slither/wiki/Detectors-Documentation#assembly-usage[0m
INFO:Detectors:[92m
Feeless.performFeelessTransaction (/../data/reentrancy/solidity_contract/3985.sol#72-82) should be declared external
Reference: https://github.com/trailofbits/slither/wiki/Detectors-Documentation#public-function-that-could-be-declared-as-external[0m
INFO:Detectors:[92m
Low level call in Feeless.performFeelessTransaction (/../data/reentrancy/solidity_contract/3985.sol#72-82):
	-require(bool)(target.call.value(msg.value)(data)) /../data/reentrancy/solidity_contract/3985.sol#80
Reference: https://github.com/trailofbits/slither/wiki/Detectors-Documentation#low-level-calls[0m
INFO:Slither:/../data/reentrancy/solidity_contract/3985.sol analyzed (2 contracts), 5 result(s) found