INFO:Slither:Compilation warnings/errors on /../data/reentrancy/solidity_contract/39127.sol:
/../data/reentrancy/solidity_contract/39127.sol:37:9: Warning: "throw" is deprecated in favour of "revert()", "require()" and "assert()".
        throw;
        ^---^
/../data/reentrancy/solidity_contract/39127.sol:46:34: Warning: "throw" is deprecated in favour of "revert()", "require()" and "assert()".
        if (x > MAX_UINT256 - y) throw;
                                 ^---^
/../data/reentrancy/solidity_contract/39127.sol:51:20: Warning: "throw" is deprecated in favour of "revert()", "require()" and "assert()".
        if (x < y) throw;
                   ^---^
/../data/reentrancy/solidity_contract/39127.sol:57:34: Warning: "throw" is deprecated in favour of "revert()", "require()" and "assert()".
        if (x > MAX_UINT256 / y) throw;
                                 ^---^
/../data/reentrancy/solidity_contract/39127.sol:126:53: Warning: "throw" is deprecated in favour of "revert()", "require()" and "assert()".
        if (allowances[_from][msg.sender] < _value) throw;
                                                    ^---^
/../data/reentrancy/solidity_contract/39127.sol:136:27: Warning: "throw" is deprecated in favour of "revert()", "require()" and "assert()".
        if (_from == _to) throw;
                          ^---^
/../data/reentrancy/solidity_contract/39127.sol:137:26: Warning: "throw" is deprecated in favour of "revert()", "require()" and "assert()".
        if (_value == 0) throw;
                         ^---^
/../data/reentrancy/solidity_contract/39127.sol:138:40: Warning: "throw" is deprecated in favour of "revert()", "require()" and "assert()".
        if (balanceOf(_from) < _value) throw;
                                       ^---^
/../data/reentrancy/solidity_contract/39127.sol:176:5: Warning: Defining constructors as functions with the same name as the contract is deprecated. Use "constructor(...) { ... }" instead.
    function DASToken(
    ^ (Relevant source part starts here and spans across multiple lines).
/../data/reentrancy/solidity_contract/39127.sol:192:45: Warning: "throw" is deprecated in favour of "revert()", "require()" and "assert()".
        if (msg.sender != secretaryGeneral) throw;
                                            ^---^
/../data/reentrancy/solidity_contract/39127.sol:215:13: Warning: "throw" is deprecated in favour of "revert()", "require()" and "assert()".
            throw;
            ^---^
/../data/reentrancy/solidity_contract/39127.sol:222:13: Warning: "throw" is deprecated in favour of "revert()", "require()" and "assert()".
            throw;
            ^---^
/../data/reentrancy/solidity_contract/39127.sol:229:13: Warning: "throw" is deprecated in favour of "revert()", "require()" and "assert()".
            throw;
            ^---^
/../data/reentrancy/solidity_contract/39127.sol:239:5: Warning: Defining constructors as functions with the same name as the contract is deprecated. Use "constructor(...) { ... }" instead.
    function ABCToken(
    ^ (Relevant source part starts here and spans across multiple lines).
/../data/reentrancy/solidity_contract/39127.sol:312:71: Warning: "throw" is deprecated in favour of "revert()", "require()" and "assert()".
        if (dasToken.balanceOf(msg.sender) < congressMemberThreshold) throw;
                                                                      ^---^
/../data/reentrancy/solidity_contract/39127.sol:317:5: Warning: Defining constructors as functions with the same name as the contract is deprecated. Use "constructor(...) { ... }" instead.
    function DAS(
    ^ (Relevant source part starts here and spans across multiple lines).
/../data/reentrancy/solidity_contract/39127.sol:364:60: Warning: "throw" is deprecated in favour of "revert()", "require()" and "assert()".
        if (tokensLocks[_voter] + 1 < tokensLocks[_voter]) throw;
                                                           ^---^
/../data/reentrancy/solidity_contract/39127.sol:374:39: Warning: "throw" is deprecated in favour of "revert()", "require()" and "assert()".
        if (tokensLocks[_voter] <= 0) throw;
                                      ^---^
/../data/reentrancy/solidity_contract/39127.sol:419:48: Warning: "throw" is deprecated in favour of "revert()", "require()" and "assert()".
        if (p.state != ProposalState.Proposed) throw;
                                               ^---^
/../data/reentrancy/solidity_contract/39127.sol:420:42: Warning: "throw" is deprecated in favour of "revert()", "require()" and "assert()".
        if (p.voted[msg.sender] == true) throw;
                                         ^---^
/../data/reentrancy/solidity_contract/39127.sol:422:9: Warning: Use of the "var" keyword is deprecated.
        var voterTokens = dasToken.balanceOf(msg.sender);
        ^-------------^
/../data/reentrancy/solidity_contract/39127.sol:436:37: Warning: "throw" is deprecated in favour of "revert()", "require()" and "assert()".
        if (now < p.votingDeadline) throw;
                                    ^---^
/../data/reentrancy/solidity_contract/39127.sol:437:48: Warning: "throw" is deprecated in favour of "revert()", "require()" and "assert()".
        if (p.state != ProposalState.Proposed) throw;
                                               ^---^
/../data/reentrancy/solidity_contract/39127.sol:439:9: Warning: Use of the "var" keyword is deprecated.
        var _votesNumber = p.votes.length;
        ^--------------^
/../data/reentrancy/solidity_contract/39127.sol:472:46: Warning: "throw" is deprecated in favour of "revert()", "require()" and "assert()".
        if (p.state != ProposalState.Passed) throw;
                                             ^---^
/../data/reentrancy/solidity_contract/39127.sol:475:89: Warning: "throw" is deprecated in favour of "revert()", "require()" and "assert()".
        if (!p.beneficiary.call.value(p.etherAmount * 1 ether)(_transactionBytecode)) { throw; }
                                                                                        ^---^
/../data/reentrancy/solidity_contract/39127.sol:417:9: Warning: Variable is declared as a storage pointer. Use an explicit "storage" keyword to silence this warning.
        Proposal p = proposals[_proposalID];
        ^--------^
/../data/reentrancy/solidity_contract/39127.sol:434:9: Warning: Variable is declared as a storage pointer. Use an explicit "storage" keyword to silence this warning.
        Proposal p = proposals[_proposalID];
        ^--------^
/../data/reentrancy/solidity_contract/39127.sol:470:9: Warning: Variable is declared as a storage pointer. Use an explicit "storage" keyword to silence this warning.
        Proposal p = proposals[_proposalID];
        ^--------^
/../data/reentrancy/solidity_contract/39127.sol:101:9: Warning: Invoking events without "emit" prefix is deprecated.
        Approval(msg.sender, _spender, _value);
        ^------------------------------------^
/../data/reentrancy/solidity_contract/39127.sol:121:9: Warning: Invoking events without "emit" prefix is deprecated.
        Transfer(msg.sender, _to, _value, _metadata);
        ^------------------------------------------^
/../data/reentrancy/solidity_contract/39127.sol:148:9: Warning: Invoking events without "emit" prefix is deprecated.
        Transfer(_from, _to, _value);
        ^--------------------------^
/../data/reentrancy/solidity_contract/39127.sol:334:9: Warning: Invoking events without "emit" prefix is deprecated.
        RulesChangedEvent(congressMemberThreshold, minimumQuorum, debatingPeriod, marginForMajority);
        ^------------------------------------------------------------------------------------------^
/../data/reentrancy/solidity_contract/39127.sol:359:16: Warning: "sha3" has been deprecated in favour of "keccak256"
        return sha3(_beneficiary, _etherAmount, _transactionBytecode);
               ^----------------------------------------------------^
/../data/reentrancy/solidity_contract/39127.sol:359:16: Warning: This function only accepts a single "bytes" argument. Please use "abi.encodePacked(...)" or a similar function to encode the data.
        return sha3(_beneficiary, _etherAmount, _transactionBytecode);
               ^----------------------------------------------------^
/../data/reentrancy/solidity_contract/39127.sol:404:9: Warning: Invoking events without "emit" prefix is deprecated.
        ProposalAddedEvent(_proposalID, _beneficiary, _etherAmount, _description);
        ^-----------------------------------------------------------------------^
/../data/reentrancy/solidity_contract/39127.sol:429:9: Warning: Invoking events without "emit" prefix is deprecated.
        VotedEvent(_proposalID, msg.sender, _inSupport, voterTokens, _justificationText);
        ^------------------------------------------------------------------------------^
/../data/reentrancy/solidity_contract/39127.sol:455:13: Warning: Invoking events without "emit" prefix is deprecated.
            ProposalTalliedEvent(_proposalID, false, false);
            ^---------------------------------------------^
/../data/reentrancy/solidity_contract/39127.sol:460:13: Warning: Invoking events without "emit" prefix is deprecated.
            ProposalTalliedEvent(_proposalID, true, false);
            ^--------------------------------------------^
/../data/reentrancy/solidity_contract/39127.sol:464:9: Warning: Invoking events without "emit" prefix is deprecated.
        ProposalTalliedEvent(_proposalID, true, true);
        ^-------------------------------------------^
/../data/reentrancy/solidity_contract/39127.sol:477:9: Warning: Invoking events without "emit" prefix is deprecated.
        ProposalExecutedEvent(_proposalID);
        ^--------------------------------^
/../data/reentrancy/solidity_contract/39127.sol:9:5: Warning: No visibility specified. Defaulting to "public". 
    function name() constant returns (string _name);
    ^----------------------------------------------^
/../data/reentrancy/solidity_contract/39127.sol:10:5: Warning: No visibility specified. Defaulting to "public". 
    function symbol() constant returns (string _symbol);
    ^--------------------------------------------------^
/../data/reentrancy/solidity_contract/39127.sol:11:5: Warning: No visibility specified. Defaulting to "public". 
    function decimals() constant returns (uint8 _decimals);
    ^-----------------------------------------------------^
/../data/reentrancy/solidity_contract/39127.sol:12:5: Warning: No visibility specified. Defaulting to "public". 
    function totalSupply() constant returns (uint256 _supply);
    ^--------------------------------------------------------^
/../data/reentrancy/solidity_contract/39127.sol:14:5: Warning: No visibility specified. Defaulting to "public". 
    function balanceOf(address _owner) constant returns (uint256 _balance);
    ^---------------------------------------------------------------------^
/../data/reentrancy/solidity_contract/39127.sol:16:5: Warning: No visibility specified. Defaulting to "public". 
    function approve(address _spender, uint256 _value) returns (bool _success);
    ^-------------------------------------------------------------------------^
/../data/reentrancy/solidity_contract/39127.sol:17:5: Warning: No visibility specified. Defaulting to "public". 
    function allowance(address _owner, address spender) constant returns (uint256 _remaining);
    ^----------------------------------------------------------------------------------------^
/../data/reentrancy/solidity_contract/39127.sol:19:5: Warning: No visibility specified. Defaulting to "public". 
    function transfer(address _to, uint256 _value) returns (bool _success);
    ^---------------------------------------------------------------------^
/../data/reentrancy/solidity_contract/39127.sol:20:5: Warning: No visibility specified. Defaulting to "public". 
    function transfer(address _to, uint256 _value, bytes _metadata) returns (bool _success);
    ^--------------------------------------------------------------------------------------^
/../data/reentrancy/solidity_contract/39127.sol:21:5: Warning: No visibility specified. Defaulting to "public". 
    function transferFrom(address _from, address _to, uint256 _value) returns (bool _success);
    ^----------------------------------------------------------------------------------------^
/../data/reentrancy/solidity_contract/39127.sol:31:5: Warning: No visibility specified. Defaulting to "public". 
    function erc223Fallback(address _from, uint256 _value, bytes _data){
    ^ (Relevant source part starts here and spans across multiple lines).
/../data/reentrancy/solidity_contract/39127.sol:76:5: Warning: No visibility specified. Defaulting to "public". 
    function name() constant returns (string _name) {
    ^ (Relevant source part starts here and spans across multiple lines).
/../data/reentrancy/solidity_contract/39127.sol:80:5: Warning: No visibility specified. Defaulting to "public". 
    function symbol() constant returns (string _symbol) {
    ^ (Relevant source part starts here and spans across multiple lines).
/../data/reentrancy/solidity_contract/39127.sol:84:5: Warning: No visibility specified. Defaulting to "public". 
    function decimals() constant returns (uint8 _decimals) {
    ^ (Relevant source part starts here and spans across multiple lines).
/../data/reentrancy/solidity_contract/39127.sol:88:5: Warning: No visibility specified. Defaulting to "public". 
    function totalSupply() constant returns (uint256 _supply) {
    ^ (Relevant source part starts here and spans across multiple lines).
/../data/reentrancy/solidity_contract/39127.sol:92:5: Warning: No visibility specified. Defaulting to "public". 
    function balanceOf(address _owner) constant returns (uint256 _balance) {
    ^ (Relevant source part starts here and spans across multiple lines).
/../data/reentrancy/solidity_contract/39127.sol:99:5: Warning: No visibility specified. Defaulting to "public". 
    function approve(address _spender, uint256 _value) returns (bool _success) {
    ^ (Relevant source part starts here and spans across multiple lines).
/../data/reentrancy/solidity_contract/39127.sol:105:5: Warning: No visibility specified. Defaulting to "public". 
    function allowance(address _owner, address _spender) constant returns (uint256 _remaining) {
    ^ (Relevant source part starts here and spans across multiple lines).
/../data/reentrancy/solidity_contract/39127.sol:112:5: Warning: No visibility specified. Defaulting to "public". 
    function transfer(address _to, uint256 _value) returns (bool _success) {
    ^ (Relevant source part starts here and spans across multiple lines).
/../data/reentrancy/solidity_contract/39127.sol:118:5: Warning: No visibility specified. Defaulting to "public". 
    function transfer(address _to, uint256 _value, bytes _metadata) returns (bool _success)
    ^ (Relevant source part starts here and spans across multiple lines).
/../data/reentrancy/solidity_contract/39127.sol:125:5: Warning: No visibility specified. Defaulting to "public". 
    function transferFrom(address _from, address _to, uint256 _value) returns (bool _success) {
    ^ (Relevant source part starts here and spans across multiple lines).
/../data/reentrancy/solidity_contract/39127.sol:176:5: Warning: No visibility specified. Defaulting to "public". 
    function DASToken(
    ^ (Relevant source part starts here and spans across multiple lines).
/../data/reentrancy/solidity_contract/39127.sol:198:5: Warning: No visibility specified. Defaulting to "public". 
    function blockAccount(address _account) onlySecretaryGeneral {
    ^ (Relevant source part starts here and spans across multiple lines).
/../data/reentrancy/solidity_contract/39127.sol:203:5: Warning: No visibility specified. Defaulting to "public". 
    function unblockAccount(address _account) onlySecretaryGeneral {
    ^ (Relevant source part starts here and spans across multiple lines).
/../data/reentrancy/solidity_contract/39127.sol:208:5: Warning: No visibility specified. Defaulting to "public". 
    function isAccountBlocked(address _account) returns (bool){
    ^ (Relevant source part starts here and spans across multiple lines).
/../data/reentrancy/solidity_contract/39127.sol:213:5: Warning: No visibility specified. Defaulting to "public". 
    function transfer(address _to, uint256 _value) returns (bool _success) {
    ^ (Relevant source part starts here and spans across multiple lines).
/../data/reentrancy/solidity_contract/39127.sol:220:5: Warning: No visibility specified. Defaulting to "public". 
    function transfer(address _to, uint256 _value, bytes _metadata) returns (bool _success) {
    ^ (Relevant source part starts here and spans across multiple lines).
/../data/reentrancy/solidity_contract/39127.sol:227:5: Warning: No visibility specified. Defaulting to "public". 
    function transferFrom(address _from, address _to, uint256 _value) returns (bool _success) {
    ^ (Relevant source part starts here and spans across multiple lines).
/../data/reentrancy/solidity_contract/39127.sol:239:5: Warning: No visibility specified. Defaulting to "public". 
    function ABCToken(
    ^ (Relevant source part starts here and spans across multiple lines).
/../data/reentrancy/solidity_contract/39127.sol:317:5: Warning: No visibility specified. Defaulting to "public". 
    function DAS(
    ^ (Relevant source part starts here and spans across multiple lines).
/../data/reentrancy/solidity_contract/39127.sol:338:5: Warning: No visibility specified. Defaulting to "public". 
    function() payable { }
    ^--------------------^
/../data/reentrancy/solidity_contract/39127.sol:340:5: Warning: No visibility specified. Defaulting to "public". 
    function erc223Fallback(address _from, uint256 _value, bytes _data){
    ^ (Relevant source part starts here and spans across multiple lines).
/../data/reentrancy/solidity_contract/39127.sol:351:5: Warning: No visibility specified. Defaulting to "public". 
    function getProposalHash(
    ^ (Relevant source part starts here and spans across multiple lines).
/../data/reentrancy/solidity_contract/39127.sol:383:5: Warning: No visibility specified. Defaulting to "public". 
    function createProposal(
    ^ (Relevant source part starts here and spans across multiple lines).
/../data/reentrancy/solidity_contract/39127.sol:410:5: Warning: No visibility specified. Defaulting to "public". 
    function vote(
    ^ (Relevant source part starts here and spans across multiple lines).
/../data/reentrancy/solidity_contract/39127.sol:433:5: Warning: No visibility specified. Defaulting to "public". 
    function finishProposalVoting(uint256 _proposalID) onlyCongressMembers {
    ^ (Relevant source part starts here and spans across multiple lines).
/../data/reentrancy/solidity_contract/39127.sol:469:5: Warning: No visibility specified. Defaulting to "public". 
    function executeProposal(uint256 _proposalID, bytes _transactionBytecode) onlyCongressMembers {
    ^ (Relevant source part starts here and spans across multiple lines).
/../data/reentrancy/solidity_contract/39127.sol:45:5: Warning: Function state mutability can be restricted to pure
    function safeAdd(uint256 x, uint256 y) constant internal returns (uint256 z) {
    ^ (Relevant source part starts here and spans across multiple lines).
/../data/reentrancy/solidity_contract/39127.sol:50:5: Warning: Function state mutability can be restricted to pure
    function safeSub(uint256 x, uint256 y) constant internal returns (uint256 z) {
    ^ (Relevant source part starts here and spans across multiple lines).
/../data/reentrancy/solidity_contract/39127.sol:55:5: Warning: Function state mutability can be restricted to pure
    function safeMul(uint256 x, uint256 y) constant internal returns (uint256 z) {
    ^ (Relevant source part starts here and spans across multiple lines).
/../data/reentrancy/solidity_contract/39127.sol:31:5: Warning: Function state mutability can be restricted to pure
    function erc223Fallback(address _from, uint256 _value, bytes _data){
    ^ (Relevant source part starts here and spans across multiple lines).
/../data/reentrancy/solidity_contract/39127.sol:155:5: Warning: Function state mutability can be restricted to view
    function isContract(address _addr) internal returns (bool _isContract) {
    ^ (Relevant source part starts here and spans across multiple lines).
/../data/reentrancy/solidity_contract/39127.sol:208:5: Warning: Function state mutability can be restricted to view
    function isAccountBlocked(address _account) returns (bool){
    ^ (Relevant source part starts here and spans across multiple lines).
/../data/reentrancy/solidity_contract/39127.sol:351:5: Warning: Function state mutability can be restricted to pure
    function getProposalHash(
    ^ (Relevant source part starts here and spans across multiple lines).

INFO:Detectors:[93m
Reentrancy in DAS.vote (/../data/reentrancy/solidity_contract/39127.sol#410-430):
	External calls:
	- voterTokens = dasToken.balanceOf(msg.sender) (/../data/reentrancy/solidity_contract/39127.sol#422)
	- blockTokens(msg.sender) (/../data/reentrancy/solidity_contract/39127.sol#423)
	State variables written after the call(s):
	- proposals (/../data/reentrancy/solidity_contract/39127.sol#425)
	- proposals (/../data/reentrancy/solidity_contract/39127.sol#427)
Reference: https://github.com/trailofbits/slither/wiki/Detectors-Documentation#reentrancy-vulnerabilities-1[0m
INFO:Detectors:[93m
emptyMetadata in ERC223Token.transfer (/../data/reentrancy/solidity_contract/39127.sol#113) is a local variable never initialiazed
emptyMetadata in ERC223Token.transferFrom (/../data/reentrancy/solidity_contract/39127.sol#129) is a local variable never initialiazed
Reference: https://github.com/trailofbits/slither/wiki/Detectors-Documentation#uninitialized-local-variables[0m
INFO:Detectors:[92m
ERC223Token.isContract uses assembly (/../data/reentrancy/solidity_contract/39127.sol#155-164)
	- /../data/reentrancy/solidity_contract/39127.sol#159-163
Reference: https://github.com/trailofbits/slither/wiki/Detectors-Documentation#assembly-usage[0m
INFO:Detectors:[92m
DAS.name should be constant (/../data/reentrancy/solidity_contract/39127.sol#259)
Reference: https://github.com/trailofbits/slither/wiki/Detectors-Documentation#state-variables-that-could-be-declared-constant[0m
INFO:Detectors:[92m
Deprecated standard detected @ /../data/reentrancy/solidity_contract/39127.sol#37:
	- Usage of "throw" should be replaced with "revert()"
Deprecated standard detected @ /../data/reentrancy/solidity_contract/39127.sol#46:
	- Usage of "throw" should be replaced with "revert()"
Deprecated standard detected @ /../data/reentrancy/solidity_contract/39127.sol#51:
	- Usage of "throw" should be replaced with "revert()"
Deprecated standard detected @ /../data/reentrancy/solidity_contract/39127.sol#57:
	- Usage of "throw" should be replaced with "revert()"
Deprecated standard detected @ /../data/reentrancy/solidity_contract/39127.sol#126:
	- Usage of "throw" should be replaced with "revert()"
Deprecated standard detected @ /../data/reentrancy/solidity_contract/39127.sol#136:
	- Usage of "throw" should be replaced with "revert()"
Deprecated standard detected @ /../data/reentrancy/solidity_contract/39127.sol#137:
	- Usage of "throw" should be replaced with "revert()"
Deprecated standard detected @ /../data/reentrancy/solidity_contract/39127.sol#138:
	- Usage of "throw" should be replaced with "revert()"
Deprecated standard detected @ /../data/reentrancy/solidity_contract/39127.sol#215:
	- Usage of "throw" should be replaced with "revert()"
Deprecated standard detected @ /../data/reentrancy/solidity_contract/39127.sol#222:
	- Usage of "throw" should be replaced with "revert()"
Deprecated standard detected @ /../data/reentrancy/solidity_contract/39127.sol#229:
	- Usage of "throw" should be replaced with "revert()"
Deprecated standard detected @ /../data/reentrancy/solidity_contract/39127.sol#192:
	- Usage of "throw" should be replaced with "revert()"
Deprecated standard detected @ /../data/reentrancy/solidity_contract/39127.sol#359:
	- Usage of "sha3()" should be replaced with "keccak256()"
Deprecated standard detected @ /../data/reentrancy/solidity_contract/39127.sol#364:
	- Usage of "throw" should be replaced with "revert()"
Deprecated standard detected @ /../data/reentrancy/solidity_contract/39127.sol#374:
	- Usage of "throw" should be replaced with "revert()"
Deprecated standard detected @ /../data/reentrancy/solidity_contract/39127.sol#419:
	- Usage of "throw" should be replaced with "revert()"
Deprecated standard detected @ /../data/reentrancy/solidity_contract/39127.sol#420:
	- Usage of "throw" should be replaced with "revert()"
Deprecated standard detected @ /../data/reentrancy/solidity_contract/39127.sol#436:
	- Usage of "throw" should be replaced with "revert()"
Deprecated standard detected @ /../data/reentrancy/solidity_contract/39127.sol#437:
	- Usage of "throw" should be replaced with "revert()"
Deprecated standard detected @ /../data/reentrancy/solidity_contract/39127.sol#472:
	- Usage of "throw" should be replaced with "revert()"
Deprecated standard detected @ /../data/reentrancy/solidity_contract/39127.sol#475:
	- Usage of "throw" should be replaced with "revert()"
Deprecated standard detected @ /../data/reentrancy/solidity_contract/39127.sol#312:
	- Usage of "throw" should be replaced with "revert()"
Reference: https://github.com/trailofbits/slither/wiki/Detectors-Documentation#deprecated-standards[0m
INFO:Detectors:[92m
ERC223Token.name (/../data/reentrancy/solidity_contract/39127.sol#76-78) should be declared external
ERC223TokenInterface.name (/../data/reentrancy/solidity_contract/39127.sol#9) should be declared external
ERC223Token.symbol (/../data/reentrancy/solidity_contract/39127.sol#80-82) should be declared external
ERC223TokenInterface.symbol (/../data/reentrancy/solidity_contract/39127.sol#10) should be declared external
ERC223TokenInterface.decimals (/../data/reentrancy/solidity_contract/39127.sol#11) should be declared external
ERC223Token.decimals (/../data/reentrancy/solidity_contract/39127.sol#84-86) should be declared external
ERC223TokenInterface.totalSupply (/../data/reentrancy/solidity_contract/39127.sol#12) should be declared external
ERC223Token.totalSupply (/../data/reentrancy/solidity_contract/39127.sol#88-90) should be declared external
ERC223Token.approve (/../data/reentrancy/solidity_contract/39127.sol#99-103) should be declared external
ERC223TokenInterface.approve (/../data/reentrancy/solidity_contract/39127.sol#16) should be declared external
ERC223TokenInterface.allowance (/../data/reentrancy/solidity_contract/39127.sol#17) should be declared external
ERC223Token.allowance (/../data/reentrancy/solidity_contract/39127.sol#105-107) should be declared external
DAS.erc223Fallback (/../data/reentrancy/solidity_contract/39127.sol#340-345) should be declared external
ERC223ContractInterface.erc223Fallback (/../data/reentrancy/solidity_contract/39127.sol#31-38) should be declared external
DASToken.blockAccount (/../data/reentrancy/solidity_contract/39127.sol#198-200) should be declared external
DASToken.unblockAccount (/../data/reentrancy/solidity_contract/39127.sol#203-205) should be declared external
DASToken.isAccountBlocked (/../data/reentrancy/solidity_contract/39127.sol#208-210) should be declared external
DAS.fallback (/../data/reentrancy/solidity_contract/39127.sol#338) should be declared external
DAS.createProposal (/../data/reentrancy/solidity_contract/39127.sol#383-407) should be declared external
DAS.vote (/../data/reentrancy/solidity_contract/39127.sol#410-430) should be declared external
DAS.finishProposalVoting (/../data/reentrancy/solidity_contract/39127.sol#433-466) should be declared external
DAS.executeProposal (/../data/reentrancy/solidity_contract/39127.sol#469-478) should be declared external
Reference: https://github.com/trailofbits/slither/wiki/Detectors-Documentation#public-function-that-could-be-declared-as-external[0m
INFO:Detectors:[92m
Detected issues with version pragma in /../data/reentrancy/solidity_contract/39127.sol:
	- pragma solidity^0.4.11 (/../data/reentrancy/solidity_contract/39127.sol#1): it allows old versions
Reference: https://github.com/trailofbits/slither/wiki/Detectors-Documentation#incorrect-version-of-solidity[0m
INFO:Detectors:[92m
Low level call in DAS.executeProposal (/../data/reentrancy/solidity_contract/39127.sol#469-478):
	-! p.beneficiary.call.value(p.etherAmount * 1000000000000000000)(_transactionBytecode) /../data/reentrancy/solidity_contract/39127.sol#475
Reference: https://github.com/trailofbits/slither/wiki/Detectors-Documentation#low-level-calls[0m
INFO:Detectors:[92m
Parameter '_from' of ERC223ContractInterface.erc223Fallback (/../data/reentrancy/solidity_contract/39127.sol#31) is not in mixedCase
Parameter '_value' of ERC223ContractInterface.erc223Fallback (/../data/reentrancy/solidity_contract/39127.sol#31) is not in mixedCase
Parameter '_data' of ERC223ContractInterface.erc223Fallback (/../data/reentrancy/solidity_contract/39127.sol#31) is not in mixedCase
Parameter '_owner' of ERC223Token.balanceOf (/../data/reentrancy/solidity_contract/39127.sol#92) is not in mixedCase
Parameter '_spender' of ERC223Token.approve (/../data/reentrancy/solidity_contract/39127.sol#99) is not in mixedCase
Parameter '_value' of ERC223Token.approve (/../data/reentrancy/solidity_contract/39127.sol#99) is not in mixedCase
Parameter '_owner' of ERC223Token.allowance (/../data/reentrancy/solidity_contract/39127.sol#105) is not in mixedCase
Parameter '_spender' of ERC223Token.allowance (/../data/reentrancy/solidity_contract/39127.sol#105) is not in mixedCase
Parameter '_to' of ERC223Token.transfer (/../data/reentrancy/solidity_contract/39127.sol#112) is not in mixedCase
Parameter '_value' of ERC223Token.transfer (/../data/reentrancy/solidity_contract/39127.sol#112) is not in mixedCase
Parameter '_to' of ERC223Token.transfer (/../data/reentrancy/solidity_contract/39127.sol#118) is not in mixedCase
Parameter '_value' of ERC223Token.transfer (/../data/reentrancy/solidity_contract/39127.sol#118) is not in mixedCase
Parameter '_metadata' of ERC223Token.transfer (/../data/reentrancy/solidity_contract/39127.sol#118) is not in mixedCase
Parameter '_from' of ERC223Token.transferFrom (/../data/reentrancy/solidity_contract/39127.sol#125) is not in mixedCase
Parameter '_to' of ERC223Token.transferFrom (/../data/reentrancy/solidity_contract/39127.sol#125) is not in mixedCase
Parameter '_value' of ERC223Token.transferFrom (/../data/reentrancy/solidity_contract/39127.sol#125) is not in mixedCase
Function 'ERC223Token.__transfer' (/../data/reentrancy/solidity_contract/39127.sol#134-149) is not in mixedCase
Parameter '_from' of ERC223Token.__transfer (/../data/reentrancy/solidity_contract/39127.sol#134) is not in mixedCase
Parameter '_to' of ERC223Token.__transfer (/../data/reentrancy/solidity_contract/39127.sol#134) is not in mixedCase
Parameter '_value' of ERC223Token.__transfer (/../data/reentrancy/solidity_contract/39127.sol#134) is not in mixedCase
Parameter '_metadata' of ERC223Token.__transfer (/../data/reentrancy/solidity_contract/39127.sol#134) is not in mixedCase
Parameter '_addr' of ERC223Token.isContract (/../data/reentrancy/solidity_contract/39127.sol#155) is not in mixedCase
Parameter '_to' of DASToken.transfer (/../data/reentrancy/solidity_contract/39127.sol#213) is not in mixedCase
Parameter '_value' of DASToken.transfer (/../data/reentrancy/solidity_contract/39127.sol#213) is not in mixedCase
Parameter '_to' of DASToken.transfer (/../data/reentrancy/solidity_contract/39127.sol#220) is not in mixedCase
Parameter '_value' of DASToken.transfer (/../data/reentrancy/solidity_contract/39127.sol#220) is not in mixedCase
Parameter '_metadata' of DASToken.transfer (/../data/reentrancy/solidity_contract/39127.sol#220) is not in mixedCase
Parameter '_from' of DASToken.transferFrom (/../data/reentrancy/solidity_contract/39127.sol#227) is not in mixedCase
Parameter '_to' of DASToken.transferFrom (/../data/reentrancy/solidity_contract/39127.sol#227) is not in mixedCase
Parameter '_value' of DASToken.transferFrom (/../data/reentrancy/solidity_contract/39127.sol#227) is not in mixedCase
Function 'DASToken.DASToken' (/../data/reentrancy/solidity_contract/39127.sol#176-188) is not in mixedCase
Parameter '_name' of DASToken.DASToken (/../data/reentrancy/solidity_contract/39127.sol#177) is not in mixedCase
Parameter '_symbol' of DASToken.DASToken (/../data/reentrancy/solidity_contract/39127.sol#178) is not in mixedCase
Parameter '_decimals' of DASToken.DASToken (/../data/reentrancy/solidity_contract/39127.sol#179) is not in mixedCase
Parameter '_totalSupply' of DASToken.DASToken (/../data/reentrancy/solidity_contract/39127.sol#180) is not in mixedCase
Parameter '_initialTokensHolder' of DASToken.DASToken (/../data/reentrancy/solidity_contract/39127.sol#181) is not in mixedCase
Parameter '_account' of DASToken.blockAccount (/../data/reentrancy/solidity_contract/39127.sol#198) is not in mixedCase
Parameter '_account' of DASToken.unblockAccount (/../data/reentrancy/solidity_contract/39127.sol#203) is not in mixedCase
Parameter '_account' of DASToken.isAccountBlocked (/../data/reentrancy/solidity_contract/39127.sol#208) is not in mixedCase
Function 'ABCToken.ABCToken' (/../data/reentrancy/solidity_contract/39127.sol#239-250) is not in mixedCase
Parameter '_name' of ABCToken.ABCToken (/../data/reentrancy/solidity_contract/39127.sol#240) is not in mixedCase
Parameter '_symbol' of ABCToken.ABCToken (/../data/reentrancy/solidity_contract/39127.sol#241) is not in mixedCase
Parameter '_decimals' of ABCToken.ABCToken (/../data/reentrancy/solidity_contract/39127.sol#242) is not in mixedCase
Parameter '_totalSupply' of ABCToken.ABCToken (/../data/reentrancy/solidity_contract/39127.sol#243) is not in mixedCase
Parameter '_initialTokensHolder' of ABCToken.ABCToken (/../data/reentrancy/solidity_contract/39127.sol#244) is not in mixedCase
Parameter '_from' of DAS.erc223Fallback (/../data/reentrancy/solidity_contract/39127.sol#340) is not in mixedCase
Parameter '_value' of DAS.erc223Fallback (/../data/reentrancy/solidity_contract/39127.sol#340) is not in mixedCase
Parameter '_data' of DAS.erc223Fallback (/../data/reentrancy/solidity_contract/39127.sol#340) is not in mixedCase
Function 'DAS.DAS' (/../data/reentrancy/solidity_contract/39127.sol#317-335) is not in mixedCase
Parameter '_congressMemberThreshold' of DAS.DAS (/../data/reentrancy/solidity_contract/39127.sol#318) is not in mixedCase
Parameter '_minimumQuorum' of DAS.DAS (/../data/reentrancy/solidity_contract/39127.sol#319) is not in mixedCase
Parameter '_debatingPeriod' of DAS.DAS (/../data/reentrancy/solidity_contract/39127.sol#320) is not in mixedCase
Parameter '_marginForMajority' of DAS.DAS (/../data/reentrancy/solidity_contract/39127.sol#321) is not in mixedCase
Parameter '_congressLeader' of DAS.DAS (/../data/reentrancy/solidity_contract/39127.sol#322) is not in mixedCase
Parameter '_beneficiary' of DAS.getProposalHash (/../data/reentrancy/solidity_contract/39127.sol#352) is not in mixedCase
Parameter '_etherAmount' of DAS.getProposalHash (/../data/reentrancy/solidity_contract/39127.sol#353) is not in mixedCase
Parameter '_transactionBytecode' of DAS.getProposalHash (/../data/reentrancy/solidity_contract/39127.sol#354) is not in mixedCase
Parameter '_voter' of DAS.blockTokens (/../data/reentrancy/solidity_contract/39127.sol#363) is not in mixedCase
Parameter '_voter' of DAS.unblockTokens (/../data/reentrancy/solidity_contract/39127.sol#373) is not in mixedCase
Parameter '_beneficiary' of DAS.createProposal (/../data/reentrancy/solidity_contract/39127.sol#384) is not in mixedCase
Parameter '_etherAmount' of DAS.createProposal (/../data/reentrancy/solidity_contract/39127.sol#385) is not in mixedCase
Parameter '_description' of DAS.createProposal (/../data/reentrancy/solidity_contract/39127.sol#386) is not in mixedCase
Parameter '_transactionBytecode' of DAS.createProposal (/../data/reentrancy/solidity_contract/39127.sol#387) is not in mixedCase
Parameter '_proposalID' of DAS.vote (/../data/reentrancy/solidity_contract/39127.sol#411) is not in mixedCase
Parameter '_inSupport' of DAS.vote (/../data/reentrancy/solidity_contract/39127.sol#412) is not in mixedCase
Parameter '_justificationText' of DAS.vote (/../data/reentrancy/solidity_contract/39127.sol#413) is not in mixedCase
Parameter '_proposalID' of DAS.finishProposalVoting (/../data/reentrancy/solidity_contract/39127.sol#433) is not in mixedCase
Parameter '_proposalID' of DAS.executeProposal (/../data/reentrancy/solidity_contract/39127.sol#469) is not in mixedCase
Parameter '_transactionBytecode' of DAS.executeProposal (/../data/reentrancy/solidity_contract/39127.sol#469) is not in mixedCase
Reference: https://github.com/trailofbits/slither/wiki/Detectors-Documentation#conformance-to-solidity-naming-conventions[0m
INFO:Detectors:[92m
DAS.name (/../data/reentrancy/solidity_contract/39127.sol#259) is never used in DAS
Reference: https://github.com/trailofbits/slither/wiki/Detectors-Documentation#unused-state-variables[0m
INFO:Slither:/../data/reentrancy/solidity_contract/39127.sol analyzed (7 contracts), 121 result(s) found