INFO:Slither:Compilation warnings/errors on /../data/reentrancy/solidity_contract/27263.sol:
/../data/reentrancy/solidity_contract/27263.sol:13:39: Warning: "throw" is deprecated in favour of "revert()", "require()" and "assert()".
       if(msg.sender != address(this))throw;
                                      ^---^
/../data/reentrancy/solidity_contract/27263.sol:15:11: Warning: Invoking events without "emit" prefix is deprecated.
          CashMove(amount, logMsg, target, currentOwner);
          ^--------------------------------------------^
/../data/reentrancy/solidity_contract/27263.sol:38:33: Warning: Using contract member "balance" inherited from the address type is deprecated. Convert the contract to "address" type to access the member, for example use "address(contract).balance" instead.
            this.loggedTransfer(this.balance, "", msg.sender, owner);
                                ^----------^
/../data/reentrancy/solidity_contract/27263.sol:12:5: Warning: No visibility specified. Defaulting to "public". 
    function loggedTransfer(uint amount, bytes32 logMsg, address target, address currentOwner) payable{
    ^ (Relevant source part starts here and spans across multiple lines).

INFO:Detectors:[93m
Reentrancy in PreSaleFund.Divest (/../data/reentrancy/solidity_contract/27263.sol#25-30):
	External calls:
	- this.loggedTransfer(amount,,msg.sender,owner) (/../data/reentrancy/solidity_contract/27263.sol#27)
	State variables written after the call(s):
	- investors (/../data/reentrancy/solidity_contract/27263.sol#28)
Reference: https://github.com/trailofbits/slither/wiki/Detectors-Documentation#reentrancy-vulnerabilities-1[0m
INFO:Detectors:[92m
Deprecated standard detected @ /../data/reentrancy/solidity_contract/27263.sol#13:
	- Usage of "throw" should be replaced with "revert()"
Reference: https://github.com/trailofbits/slither/wiki/Detectors-Documentation#deprecated-standards[0m
INFO:Detectors:[92m
PreSaleFund.loggedTransfer (/../data/reentrancy/solidity_contract/27263.sol#12-17) should be declared external
PreSaleFund.Invest (/../data/reentrancy/solidity_contract/27263.sol#19-23) should be declared external
PreSaleFund.Divest (/../data/reentrancy/solidity_contract/27263.sol#25-30) should be declared external
PreSaleFund.GetInvestedAmount (/../data/reentrancy/solidity_contract/27263.sol#32-34) should be declared external
PreSaleFund.withdraw (/../data/reentrancy/solidity_contract/27263.sol#36-40) should be declared external
Reference: https://github.com/trailofbits/slither/wiki/Detectors-Documentation#public-function-that-could-be-declared-as-external[0m
INFO:Detectors:[92m
Detected issues with version pragma in /../data/reentrancy/solidity_contract/27263.sol:
	- pragma solidity^0.4.11 (/../data/reentrancy/solidity_contract/27263.sol#1): it allows old versions
Reference: https://github.com/trailofbits/slither/wiki/Detectors-Documentation#incorrect-version-of-solidity[0m
INFO:Detectors:[92m
Low level call in PreSaleFund.loggedTransfer (/../data/reentrancy/solidity_contract/27263.sol#12-17):
	-target.call.value(amount)() /../data/reentrancy/solidity_contract/27263.sol#14-16
Reference: https://github.com/trailofbits/slither/wiki/Detectors-Documentation#low-level-calls[0m
INFO:Detectors:[92m
Function 'PreSaleFund.Invest' (/../data/reentrancy/solidity_contract/27263.sol#19-23) is not in mixedCase
Function 'PreSaleFund.Divest' (/../data/reentrancy/solidity_contract/27263.sol#25-30) is not in mixedCase
Function 'PreSaleFund.GetInvestedAmount' (/../data/reentrancy/solidity_contract/27263.sol#32-34) is not in mixedCase
Reference: https://github.com/trailofbits/slither/wiki/Detectors-Documentation#conformance-to-solidity-naming-conventions[0m
INFO:Slither:/../data/reentrancy/solidity_contract/27263.sol analyzed (1 contracts), 12 result(s) found