INFO:Slither:Compilation warnings/errors on /../data/reentrancy/solidity_contract/40469.sol:
/../data/reentrancy/solidity_contract/40469.sol:234:13: Warning: "throw" is deprecated in favour of "revert()", "require()" and "assert()".
            throw;
            ^---^
/../data/reentrancy/solidity_contract/40469.sol:1:1: Warning: Source file does not specify required compiler version!Consider adding "pragma solidity ^0.4.25;"
contract EtherTreasuryInterface {
^ (Relevant source part starts here and spans across multiple lines).
/../data/reentrancy/solidity_contract/40469.sol:115:9: Warning: Invoking events without "emit" prefix is deprecated.
        Transfer(_from, _to, _value);
        ^--------------------------^
/../data/reentrancy/solidity_contract/40469.sol:119:9: Warning: Invoking events without "emit" prefix is deprecated.
        Approve(_from, _spender, _value);
        ^------------------------------^
/../data/reentrancy/solidity_contract/40469.sol:164:9: Warning: "suicide" has been deprecated in favour of "selfdestruct"
        suicide(msg.sender);
        ^-----------------^
[91m/../data/reentrancy/solidity_contract/40469.sol:449:24: Error: Fallback function cannot return values.[0m
    function () returns(bool) {
                       ^----^
/../data/reentrancy/solidity_contract/40469.sol:445:9: Warning: Return value of low-level calls not used.
        _to.call.value(msg.value)(_data);
        ^------------------------------^

INFO:SlitherSolcParsing:No contract were found in /../data/reentrancy/solidity_contract/40469.sol, check the correct compilation
WARNING:Slither:[91mNo contract was analyzed[0m
INFO:Slither:/../data/reentrancy/solidity_contract/40469.sol analyzed (0 contracts), 0 result(s) found