INFO:Slither:Compilation warnings/errors on /../data/reentrancy/solidity_contract/33835.sol:
/../data/reentrancy/solidity_contract/33835.sol:60:5: Warning: Defining constructors as functions with the same name as the contract is deprecated. Use "constructor(...) { ... }" instead.
    function multiowned(address[] _owners, uint _required) {
    ^ (Relevant source part starts here and spans across multiple lines).
/../data/reentrancy/solidity_contract/33835.sol:76:9: Warning: Use of the "var" keyword is deprecated.
        var pending = m_pending[_operation];
        ^---------^
/../data/reentrancy/solidity_contract/33835.sol:141:9: Warning: Use of the "var" keyword is deprecated.
        var pending = m_pending[_operation];
        ^---------^
/../data/reentrancy/solidity_contract/33835.sol:164:9: Warning: Use of the "var" keyword is deprecated.
        var pending = m_pending[_operation];
        ^---------^
/../data/reentrancy/solidity_contract/33835.sol:276:5: Warning: Defining constructors as functions with the same name as the contract is deprecated. Use "constructor(...) { ... }" instead.
    function Wallet(address[] _owners, uint _required)
    ^ (Relevant source part starts here and spans across multiple lines).
/../data/reentrancy/solidity_contract/33835.sol:307:13: Warning: Use of the "var" keyword is deprecated.
            var x= m_txs[_h].to.call.value(m_txs[_h].value)(m_txs[_h].data);
            ^---^
/../data/reentrancy/solidity_contract/33835.sol:80:13: Warning: Invoking events without "emit" prefix is deprecated.
            Revoke(msg.sender, _operation);
            ^----------------------------^
/../data/reentrancy/solidity_contract/33835.sol:85:69: Warning: "sha3" has been deprecated in favour of "keccak256"
    function changeOwner(address _from, address _to) onlymanyowners(sha3(msg.data)) external {
                                                                    ^------------^
/../data/reentrancy/solidity_contract/33835.sol:94:9: Warning: Invoking events without "emit" prefix is deprecated.
        OwnerChanged(_from, _to);
        ^----------------------^
/../data/reentrancy/solidity_contract/33835.sol:97:54: Warning: "sha3" has been deprecated in favour of "keccak256"
    function addOwner(address _owner) onlymanyowners(sha3(msg.data)) external {
                                                     ^------------^
/../data/reentrancy/solidity_contract/33835.sol:108:9: Warning: Invoking events without "emit" prefix is deprecated.
        OwnerAdded(_owner);
        ^----------------^
/../data/reentrancy/solidity_contract/33835.sol:111:57: Warning: "sha3" has been deprecated in favour of "keccak256"
    function removeOwner(address _owner) onlymanyowners(sha3(msg.data)) external {
                                                        ^------------^
/../data/reentrancy/solidity_contract/33835.sol:120:9: Warning: Invoking events without "emit" prefix is deprecated.
        OwnerRemoved(_owner);
        ^------------------^
/../data/reentrancy/solidity_contract/33835.sol:123:66: Warning: "sha3" has been deprecated in favour of "keccak256"
    function changeRequirement(uint _newRequired) onlymanyowners(sha3(msg.data)) external {
                                                                 ^------------^
/../data/reentrancy/solidity_contract/33835.sol:127:9: Warning: Invoking events without "emit" prefix is deprecated.
        RequirementChanged(_newRequired);
        ^------------------------------^
/../data/reentrancy/solidity_contract/33835.sol:178:13: Warning: Invoking events without "emit" prefix is deprecated.
            Confirmation(msg.sender, _operation);
            ^----------------------------------^
/../data/reentrancy/solidity_contract/33835.sol:285:13: Warning: Invoking events without "emit" prefix is deprecated.
            Deposit(msg.sender, msg.value);
            ^----------------------------^
/../data/reentrancy/solidity_contract/33835.sol:294:14: Warning: "sha3" has been deprecated in favour of "keccak256"
        _r = sha3(msg.data, block.number);
             ^--------------------------^
/../data/reentrancy/solidity_contract/33835.sol:294:14: Warning: This function only accepts a single "bytes" argument. Please use "abi.encodePacked(...)" or a similar function to encode the data.
        _r = sha3(msg.data, block.number);
             ^--------------------------^
/../data/reentrancy/solidity_contract/33835.sol:299:13: Warning: Invoking events without "emit" prefix is deprecated.
            ConfirmationNeeded(_r, msg.sender, _value, _to, _data);
            ^----------------------------------------------------^
/../data/reentrancy/solidity_contract/33835.sol:308:13: Warning: Invoking events without "emit" prefix is deprecated.
            MultiTransact(msg.sender, _h, m_txs[_h].value, m_txs[_h].to, m_txs[_h].data);
            ^--------------------------------------------------------------------------^
/../data/reentrancy/solidity_contract/33835.sol:60:5: Warning: No visibility specified. Defaulting to "public". 
    function multiowned(address[] _owners, uint _required) {
    ^ (Relevant source part starts here and spans across multiple lines).
/../data/reentrancy/solidity_contract/33835.sol:136:5: Warning: No visibility specified. Defaulting to "public". 
    function isOwner(address _addr) constant returns (bool) {
    ^ (Relevant source part starts here and spans across multiple lines).
/../data/reentrancy/solidity_contract/33835.sol:140:5: Warning: No visibility specified. Defaulting to "public". 
    function hasConfirmed(bytes32 _operation, address _owner) constant returns (bool) {
    ^ (Relevant source part starts here and spans across multiple lines).
/../data/reentrancy/solidity_contract/33835.sol:254:5: Warning: No visibility specified. Defaulting to "public". 
    function confirm(bytes32 _h) returns (bool);
    ^------------------------------------------^
/../data/reentrancy/solidity_contract/33835.sol:276:5: Warning: No visibility specified. Defaulting to "public". 
    function Wallet(address[] _owners, uint _required)
    ^ (Relevant source part starts here and spans across multiple lines).
/../data/reentrancy/solidity_contract/33835.sol:282:5: Warning: No visibility specified. Defaulting to "public". 
    function() payable{
    ^ (Relevant source part starts here and spans across multiple lines).
/../data/reentrancy/solidity_contract/33835.sol:305:5: Warning: No visibility specified. Defaulting to "public". 
    function confirm(bytes32 _h) onlymanyowners(_h) returns (bool) {
    ^ (Relevant source part starts here and spans across multiple lines).
/../data/reentrancy/solidity_contract/33835.sol:307:13: Warning: Unused local variable.
            var x= m_txs[_h].to.call.value(m_txs[_h].value)(m_txs[_h].data);
            ^---^

INFO:Detectors:[91m
Reentrancy in Wallet.confirm (/../data/reentrancy/solidity_contract/33835.sol#305-312):
	External calls:
	- x = m_txs[_h].to.call.value(m_txs[_h].value)(m_txs[_h].data) (/../data/reentrancy/solidity_contract/33835.sol#307)
	State variables written after the call(s):
	- m_txs (/../data/reentrancy/solidity_contract/33835.sol#309)
Reentrancy in Wallet.execute (/../data/reentrancy/solidity_contract/33835.sol#292-301):
	External calls:
	- ! confirm(_r) && m_txs[_r].to == 0 (/../data/reentrancy/solidity_contract/33835.sol#295-300)
	State variables written after the call(s):
	- m_txs (/../data/reentrancy/solidity_contract/33835.sol#296)
	- m_txs (/../data/reentrancy/solidity_contract/33835.sol#297)
	- m_txs (/../data/reentrancy/solidity_contract/33835.sol#298)
Reference: https://github.com/trailofbits/slither/wiki/Detectors-Documentation#reentrancy-vulnerabilities[0m
INFO:Detectors:[92m
Deprecated standard detected @ /../data/reentrancy/solidity_contract/33835.sol#294:
	- Usage of "sha3()" should be replaced with "keccak256()"
Reference: https://github.com/trailofbits/slither/wiki/Detectors-Documentation#deprecated-standards[0m
INFO:Detectors:[92m
multiowned.hasConfirmed (/../data/reentrancy/solidity_contract/33835.sol#140-154) should be declared external
Wallet.fallback (/../data/reentrancy/solidity_contract/33835.sol#282-286) should be declared external
Reference: https://github.com/trailofbits/slither/wiki/Detectors-Documentation#public-function-that-could-be-declared-as-external[0m
INFO:Detectors:[92m
Detected issues with version pragma in /../data/reentrancy/solidity_contract/33835.sol:
	- pragma solidity^0.4.15 (/../data/reentrancy/solidity_contract/33835.sol#14): it allows old versions
Reference: https://github.com/trailofbits/slither/wiki/Detectors-Documentation#incorrect-version-of-solidity[0m
INFO:Detectors:[92m
Low level call in Wallet.confirm (/../data/reentrancy/solidity_contract/33835.sol#305-312):
	-x = m_txs[_h].to.call.value(m_txs[_h].value)(m_txs[_h].data) /../data/reentrancy/solidity_contract/33835.sol#307
Reference: https://github.com/trailofbits/slither/wiki/Detectors-Documentation#low-level-calls[0m
INFO:Detectors:[92m
Contract 'multiowned' (/../data/reentrancy/solidity_contract/33835.sol#15-230) is not in CapWords
Parameter '_owners' of multiowned.multiowned (/../data/reentrancy/solidity_contract/33835.sol#60) is not in mixedCase
Parameter '_required' of multiowned.multiowned (/../data/reentrancy/solidity_contract/33835.sol#60) is not in mixedCase
Parameter '_operation' of multiowned.revoke (/../data/reentrancy/solidity_contract/33835.sol#71) is not in mixedCase
Parameter '_from' of multiowned.changeOwner (/../data/reentrancy/solidity_contract/33835.sol#85) is not in mixedCase
Parameter '_to' of multiowned.changeOwner (/../data/reentrancy/solidity_contract/33835.sol#85) is not in mixedCase
Parameter '_owner' of multiowned.addOwner (/../data/reentrancy/solidity_contract/33835.sol#97) is not in mixedCase
Parameter '_owner' of multiowned.removeOwner (/../data/reentrancy/solidity_contract/33835.sol#111) is not in mixedCase
Parameter '_newRequired' of multiowned.changeRequirement (/../data/reentrancy/solidity_contract/33835.sol#123) is not in mixedCase
Parameter '_addr' of multiowned.isOwner (/../data/reentrancy/solidity_contract/33835.sol#136) is not in mixedCase
Parameter '_operation' of multiowned.hasConfirmed (/../data/reentrancy/solidity_contract/33835.sol#140) is not in mixedCase
Parameter '_owner' of multiowned.hasConfirmed (/../data/reentrancy/solidity_contract/33835.sol#140) is not in mixedCase
Parameter '_operation' of multiowned.confirmAndCheck (/../data/reentrancy/solidity_contract/33835.sol#158) is not in mixedCase
Variable 'multiowned.m_required' (/../data/reentrancy/solidity_contract/33835.sol#218) is not in mixedCase
Variable 'multiowned.m_numOwners' (/../data/reentrancy/solidity_contract/33835.sol#220) is not in mixedCase
Variable 'multiowned.m_owners' (/../data/reentrancy/solidity_contract/33835.sol#223) is not in mixedCase
Constant 'multiowned.c_maxOwners' (/../data/reentrancy/solidity_contract/33835.sol#224) is not in UPPER_CASE_WITH_UNDERSCORES
Variable 'multiowned.m_ownerIndex' (/../data/reentrancy/solidity_contract/33835.sol#226) is not in mixedCase
Variable 'multiowned.m_pending' (/../data/reentrancy/solidity_contract/33835.sol#228) is not in mixedCase
Variable 'multiowned.m_pendingIndex' (/../data/reentrancy/solidity_contract/33835.sol#229) is not in mixedCase
Contract 'multisig' (/../data/reentrancy/solidity_contract/33835.sol#235-255) is not in CapWords
Parameter '_to' of Wallet.execute (/../data/reentrancy/solidity_contract/33835.sol#292) is not in mixedCase
Parameter '_value' of Wallet.execute (/../data/reentrancy/solidity_contract/33835.sol#292) is not in mixedCase
Parameter '_data' of Wallet.execute (/../data/reentrancy/solidity_contract/33835.sol#292) is not in mixedCase
Parameter '_h' of Wallet.confirm (/../data/reentrancy/solidity_contract/33835.sol#305) is not in mixedCase
Function 'Wallet.Wallet' (/../data/reentrancy/solidity_contract/33835.sol#276-278) is not in mixedCase
Variable 'Wallet.m_txs' (/../data/reentrancy/solidity_contract/33835.sol#326) is not in mixedCase
Reference: https://github.com/trailofbits/slither/wiki/Detectors-Documentation#conformance-to-solidity-naming-conventions[0m
INFO:Slither:/../data/reentrancy/solidity_contract/33835.sol analyzed (3 contracts), 34 result(s) found