INFO:Slither:Compilation warnings/errors on /../data/reentrancy/solidity_contract/40090.sol:
/../data/reentrancy/solidity_contract/40090.sol:48:5: Warning: Defining constructors as functions with the same name as the contract is deprecated. Use "constructor(...) { ... }" instead.
    function MultiAccess() {
    ^ (Relevant source part starts here and spans across multiple lines).
/../data/reentrancy/solidity_contract/40090.sol:66:9: Warning: Use of the "var" keyword is deprecated.
        var pendingOp = _state().pending[pos];
        ^-----------^
/../data/reentrancy/solidity_contract/40090.sol:107:9: Warning: Use of the "var" keyword is deprecated.
        var pendingOp = _state().pending[pos];
        ^-----------^
/../data/reentrancy/solidity_contract/40090.sol:153:9: Warning: Use of the "var" keyword is deprecated.
        var pendingOp = _state().pending[_state().pendingIndex[_operation]];
        ^-----------^
/../data/reentrancy/solidity_contract/40090.sol:3:1: Warning: Source file does not specify required compiler version!Consider adding "pragma solidity ^0.4.25;"
contract Delegate {
^ (Relevant source part starts here and spans across multiple lines).
/../data/reentrancy/solidity_contract/40090.sol:132:13: Warning: Variable is declared as a storage pointer. Use an explicit "storage" keyword to silence this warning.
            PendingOperation last = _state().pending[_state().pending.length-1];
            ^-------------------^
[91m/../data/reentrancy/solidity_contract/40090.sol:255:23: Error: Fallback function cannot return values.[0m
    function() returns(bool) {
                      ^----^
/../data/reentrancy/solidity_contract/40090.sol:109:13: Warning: Invoking events without "emit" prefix is deprecated.
            Confirmation(_owner, _operation, true);
            ^------------------------------------^
/../data/reentrancy/solidity_contract/40090.sol:113:13: Warning: Invoking events without "emit" prefix is deprecated.
            Confirmation(_owner, _operation, false);
            ^-------------------------------------^
/../data/reentrancy/solidity_contract/40090.sol:159:9: Warning: Invoking events without "emit" prefix is deprecated.
        Revoke(_sender, _operation);
        ^-------------------------^
/../data/reentrancy/solidity_contract/40090.sol:167:138: Warning: "sha3" has been deprecated in favour of "keccak256"
 ... sha3(msg.sig, _from, _to) ... 
     ^-----------------------^
/../data/reentrancy/solidity_contract/40090.sol:167:138: Warning: This function only accepts a single "bytes" argument. Please use "abi.encodePacked(...)" or a similar function to encode the data.
 ... sha3(msg.sig, _from, _to) ... 
     ^-----------------------^
/../data/reentrancy/solidity_contract/40090.sol:180:9: Warning: Invoking events without "emit" prefix is deprecated.
        OwnerChanged(_from, _to);
        ^----------------------^
/../data/reentrancy/solidity_contract/40090.sol:188:123: Warning: "sha3" has been deprecated in favour of "keccak256"
 ... sha3(msg.sig, _owner) ... 
     ^-------------------^
/../data/reentrancy/solidity_contract/40090.sol:188:123: Warning: This function only accepts a single "bytes" argument. Please use "abi.encodePacked(...)" or a similar function to encode the data.
 ... sha3(msg.sig, _owner) ... 
     ^-------------------^
/../data/reentrancy/solidity_contract/40090.sol:195:9: Warning: Invoking events without "emit" prefix is deprecated.
        OwnerAdded(_owner);
        ^----------------^
/../data/reentrancy/solidity_contract/40090.sol:203:126: Warning: "sha3" has been deprecated in favour of "keccak256"
 ... sha3(msg.sig, _owner) ... 
     ^-------------------^
/../data/reentrancy/solidity_contract/40090.sol:203:126: Warning: This function only accepts a single "bytes" argument. Please use "abi.encodePacked(...)" or a similar function to encode the data.
 ... sha3(msg.sig, _owner) ... 
     ^-------------------^
/../data/reentrancy/solidity_contract/40090.sol:219:9: Warning: Invoking events without "emit" prefix is deprecated.
        OwnerRemoved(_owner);
        ^------------------^
/../data/reentrancy/solidity_contract/40090.sol:227:135: Warning: "sha3" has been deprecated in favour of "keccak256"
 ... sha3(msg.sig, _newRequired) ... 
     ^-------------------------^
/../data/reentrancy/solidity_contract/40090.sol:227:135: Warning: This function only accepts a single "bytes" argument. Please use "abi.encodePacked(...)" or a similar function to encode the data.
 ... sha3(msg.sig, _newRequired) ... 
     ^-------------------------^
/../data/reentrancy/solidity_contract/40090.sol:233:9: Warning: Invoking events without "emit" prefix is deprecated.
        RequirementChanged(_newRequired);
        ^------------------------------^
/../data/reentrancy/solidity_contract/40090.sol:241:129: Warning: "sha3" has been deprecated in favour of "keccak256"
 ... sha3(msg.sig, _address) ... 
     ^---------------------^
/../data/reentrancy/solidity_contract/40090.sol:241:129: Warning: This function only accepts a single "bytes" argument. Please use "abi.encodePacked(...)" or a similar function to encode the data.
 ... sha3(msg.sig, _address) ... 
     ^---------------------^
/../data/reentrancy/solidity_contract/40090.sol:250:142: Warning: "sha3" has been deprecated in favour of "keccak256"
 ... sha3(msg.sig, _to, _value, _data) ... 
     ^-------------------------------^
/../data/reentrancy/solidity_contract/40090.sol:250:142: Warning: This function only accepts a single "bytes" argument. Please use "abi.encodePacked(...)" or a similar function to encode the data.
 ... sha3(msg.sig, _to, _value, _data) ... 
     ^-------------------------------^

INFO:SlitherSolcParsing:No contract were found in /../data/reentrancy/solidity_contract/40090.sol, check the correct compilation
WARNING:Slither:[91mNo contract was analyzed[0m
INFO:Slither:/../data/reentrancy/solidity_contract/40090.sol analyzed (0 contracts), 0 result(s) found