INFO:Slither:Compilation warnings/errors on /../data/reentrancy/solidity_contract/40092.sol:
/../data/reentrancy/solidity_contract/40092.sol:18:5: Warning: Defining constructors as functions with the same name as the contract is deprecated. Use "constructor(...) { ... }" instead.
    function Owned() {
    ^ (Relevant source part starts here and spans across multiple lines).
/../data/reentrancy/solidity_contract/40092.sol:24:13: Warning: "throw" is deprecated in favour of "revert()", "require()" and "assert()".
            throw;
            ^---^
/../data/reentrancy/solidity_contract/40092.sol:39:13: Warning: "throw" is deprecated in favour of "revert()", "require()" and "assert()".
            throw;
            ^---^
/../data/reentrancy/solidity_contract/40092.sol:55:5: Warning: Defining constructors as functions with the same name as the contract is deprecated. Use "constructor(...) { ... }" instead.
    function PullPaymentCapable() {
    ^ (Relevant source part starts here and spans across multiple lines).
/../data/reentrancy/solidity_contract/40092.sol:87:50: Warning: "throw" is deprecated in favour of "revert()", "require()" and "assert()".
        if (!msg.sender.call.value(payment)()) { throw; }
                                                 ^---^
/../data/reentrancy/solidity_contract/40092.sol:112:5: Warning: Defining constructors as functions with the same name as the contract is deprecated. Use "constructor(...) { ... }" instead.
    function WithBeneficiary(address _beneficiary) payable {
    ^ (Relevant source part starts here and spans across multiple lines).
/../data/reentrancy/solidity_contract/40092.sol:114:13: Warning: "throw" is deprecated in favour of "revert()", "require()" and "assert()".
            throw;
            ^---^
/../data/reentrancy/solidity_contract/40092.sol:134:13: Warning: "throw" is deprecated in favour of "revert()", "require()" and "assert()".
            throw;
            ^---^
/../data/reentrancy/solidity_contract/40092.sol:181:5: Warning: Defining constructors as functions with the same name as the contract is deprecated. Use "constructor(...) { ... }" instead.
    function CertificationCentre(address beneficiary)
    ^ (Relevant source part starts here and spans across multiple lines).
/../data/reentrancy/solidity_contract/40092.sol:184:13: Warning: "throw" is deprecated in favour of "revert()", "require()" and "assert()".
            throw;
            ^---^
/../data/reentrancy/solidity_contract/40092.sol:211:13: Warning: "throw" is deprecated in favour of "revert()", "require()" and "assert()".
            throw;
            ^---^
/../data/reentrancy/solidity_contract/40092.sol:197:9: Warning: Variable is declared as a storage pointer. Use an explicit "storage" keyword to silence this warning.
        CertificationDbStruct status = certificationDbStatuses[db];
        ^--------------------------^
/../data/reentrancy/solidity_contract/40092.sol:42:13: Warning: Invoking events without "emit" prefix is deprecated.
            LogOwnerChanged(owner, newOwner);
            ^------------------------------^
/../data/reentrancy/solidity_contract/40092.sol:56:17: Warning: Using contract member "balance" inherited from the address type is deprecated. Convert the contract to "address" type to access the member, for example use "address(contract).balance" instead.
        if (0 < this.balance) {
                ^----------^
/../data/reentrancy/solidity_contract/40092.sol:57:35: Warning: Using contract member "balance" inherited from the address type is deprecated. Convert the contract to "address" type to access the member, for example use "address(contract).balance" instead.
            asyncSend(msg.sender, this.balance);
                                  ^----------^
/../data/reentrancy/solidity_contract/40092.sol:66:13: Warning: Invoking events without "emit" prefix is deprecated.
            LogPaymentReceived(dest, amount);
            ^------------------------------^
/../data/reentrancy/solidity_contract/40092.sol:97:28: Warning: Using contract member "balance" inherited from the address type is deprecated. Convert the contract to "address" type to access the member, for example use "address(contract).balance" instead.
        if (totalBalance < this.balance) {
                           ^----------^
/../data/reentrancy/solidity_contract/40092.sol:98:30: Warning: Using contract member "balance" inherited from the address type is deprecated. Convert the contract to "address" type to access the member, for example use "address(contract).balance" instead.
            uint256 amount = this.balance - totalBalance;
                             ^----------^
/../data/reentrancy/solidity_contract/40092.sol:100:13: Warning: Invoking events without "emit" prefix is deprecated.
            LogPaymentReceived(dest, amount);
            ^------------------------------^
/../data/reentrancy/solidity_contract/40092.sol:137:13: Warning: Invoking events without "emit" prefix is deprecated.
            LogBeneficiarySet(beneficiary, newBeneficiary);
            ^--------------------------------------------^
/../data/reentrancy/solidity_contract/40092.sol:218:9: Warning: Invoking events without "emit" prefix is deprecated.
        LogCertificationDbRegistered(db);
        ^------------------------------^
/../data/reentrancy/solidity_contract/40092.sol:232:9: Warning: Invoking events without "emit" prefix is deprecated.
        LogCertificationDbUnRegistered(db);
        ^--------------------------------^
/../data/reentrancy/solidity_contract/40092.sol:6:5: Warning: No visibility specified. Defaulting to "public". 
    function getOwner()
    ^ (Relevant source part starts here and spans across multiple lines).
/../data/reentrancy/solidity_contract/40092.sol:10:5: Warning: No visibility specified. Defaulting to "public". 
    function setOwner(address newOwner)
    ^ (Relevant source part starts here and spans across multiple lines).
/../data/reentrancy/solidity_contract/40092.sol:18:5: Warning: No visibility specified. Defaulting to "public". 
    function Owned() {
    ^ (Relevant source part starts here and spans across multiple lines).
/../data/reentrancy/solidity_contract/40092.sol:29:5: Warning: No visibility specified. Defaulting to "public". 
    function getOwner()
    ^ (Relevant source part starts here and spans across multiple lines).
/../data/reentrancy/solidity_contract/40092.sol:35:5: Warning: No visibility specified. Defaulting to "public". 
    function setOwner(address newOwner)
    ^ (Relevant source part starts here and spans across multiple lines).
/../data/reentrancy/solidity_contract/40092.sol:55:5: Warning: No visibility specified. Defaulting to "public". 
    function PullPaymentCapable() {
    ^ (Relevant source part starts here and spans across multiple lines).
/../data/reentrancy/solidity_contract/40092.sol:56:17: Warning: "this" used in constructor. Note that external functions of a contract cannot be called while it is being constructed.
        if (0 < this.balance) {
                ^--^
/../data/reentrancy/solidity_contract/40092.sol:57:35: Warning: "this" used in constructor. Note that external functions of a contract cannot be called while it is being constructed.
            asyncSend(msg.sender, this.balance);
                                  ^--^
/../data/reentrancy/solidity_contract/40092.sol:70:5: Warning: No visibility specified. Defaulting to "public". 
    function getTotalBalance()
    ^ (Relevant source part starts here and spans across multiple lines).
/../data/reentrancy/solidity_contract/40092.sol:76:5: Warning: No visibility specified. Defaulting to "public". 
    function getPaymentOf(address beneficiary) 
    ^ (Relevant source part starts here and spans across multiple lines).
/../data/reentrancy/solidity_contract/40092.sol:91:5: Warning: No visibility specified. Defaulting to "public". 
    function fixBalance()
    ^ (Relevant source part starts here and spans across multiple lines).
/../data/reentrancy/solidity_contract/40092.sol:112:5: Warning: No visibility specified. Defaulting to "public". 
    function WithBeneficiary(address _beneficiary) payable {
    ^ (Relevant source part starts here and spans across multiple lines).
/../data/reentrancy/solidity_contract/40092.sol:124:5: Warning: No visibility specified. Defaulting to "public". 
    function getBeneficiary()
    ^ (Relevant source part starts here and spans across multiple lines).
/../data/reentrancy/solidity_contract/40092.sol:130:5: Warning: No visibility specified. Defaulting to "public". 
    function setBeneficiary(address newBeneficiary)
    ^ (Relevant source part starts here and spans across multiple lines).
/../data/reentrancy/solidity_contract/40092.sol:143:5: Warning: No visibility specified. Defaulting to "public". 
    function () payable {
    ^ (Relevant source part starts here and spans across multiple lines).
/../data/reentrancy/solidity_contract/40092.sol:153:5: Warning: No visibility specified. Defaulting to "public". 
    function getCertificationDbCount()
    ^ (Relevant source part starts here and spans across multiple lines).
/../data/reentrancy/solidity_contract/40092.sol:157:5: Warning: No visibility specified. Defaulting to "public". 
    function getCertificationDbStatus(address db)
    ^ (Relevant source part starts here and spans across multiple lines).
/../data/reentrancy/solidity_contract/40092.sol:161:5: Warning: No visibility specified. Defaulting to "public". 
    function getCertificationDbAtIndex(uint256 index)
    ^ (Relevant source part starts here and spans across multiple lines).
/../data/reentrancy/solidity_contract/40092.sol:165:5: Warning: No visibility specified. Defaulting to "public". 
    function registerCertificationDb(address db)
    ^ (Relevant source part starts here and spans across multiple lines).
/../data/reentrancy/solidity_contract/40092.sol:168:5: Warning: No visibility specified. Defaulting to "public". 
    function unRegisterCertificationDb(address db)
    ^ (Relevant source part starts here and spans across multiple lines).
/../data/reentrancy/solidity_contract/40092.sol:181:5: Warning: No visibility specified. Defaulting to "public". 
    function CertificationCentre(address beneficiary)
    ^ (Relevant source part starts here and spans across multiple lines).
/../data/reentrancy/solidity_contract/40092.sol:183:13: Warning: "msg.value" used in non-payable function. Do you want to add the "payable" modifier to this function?
        if (msg.value > 0) {
            ^-------^
/../data/reentrancy/solidity_contract/40092.sol:188:5: Warning: No visibility specified. Defaulting to "public". 
    function getCertificationDbCount()
    ^ (Relevant source part starts here and spans across multiple lines).
/../data/reentrancy/solidity_contract/40092.sol:194:5: Warning: No visibility specified. Defaulting to "public". 
    function getCertificationDbStatus(address db)
    ^ (Relevant source part starts here and spans across multiple lines).
/../data/reentrancy/solidity_contract/40092.sol:201:5: Warning: No visibility specified. Defaulting to "public". 
    function getCertificationDbAtIndex(uint256 index)
    ^ (Relevant source part starts here and spans across multiple lines).
/../data/reentrancy/solidity_contract/40092.sol:207:5: Warning: No visibility specified. Defaulting to "public". 
    function registerCertificationDb(address db) 
    ^ (Relevant source part starts here and spans across multiple lines).
/../data/reentrancy/solidity_contract/40092.sol:222:5: Warning: No visibility specified. Defaulting to "public". 
    function unRegisterCertificationDb(address db)
    ^ (Relevant source part starts here and spans across multiple lines).
/../data/reentrancy/solidity_contract/40092.sol:236:5: Warning: No visibility specified. Defaulting to "public". 
    function fixBalance()
    ^ (Relevant source part starts here and spans across multiple lines).

INFO:Detectors:[92m
CertificationCentre.CertificationCentre.beneficiary (local variable @ /../data/reentrancy/solidity_contract/40092.sol#181) shadows:
	- WithBeneficiary.beneficiary (state variable @ /../data/reentrancy/solidity_contract/40092.sol#108)
Reference: https://github.com/trailofbits/slither/wiki/Detectors-Documentation#local-variable-shadowing[0m
INFO:Detectors:[92m
Deprecated standard detected @ /../data/reentrancy/solidity_contract/40092.sol#39:
	- Usage of "throw" should be replaced with "revert()"
Deprecated standard detected @ /../data/reentrancy/solidity_contract/40092.sol#24:
	- Usage of "throw" should be replaced with "revert()"
Deprecated standard detected @ /../data/reentrancy/solidity_contract/40092.sol#87:
	- Usage of "throw" should be replaced with "revert()"
Deprecated standard detected @ /../data/reentrancy/solidity_contract/40092.sol#114:
	- Usage of "throw" should be replaced with "revert()"
Deprecated standard detected @ /../data/reentrancy/solidity_contract/40092.sol#134:
	- Usage of "throw" should be replaced with "revert()"
Deprecated standard detected @ /../data/reentrancy/solidity_contract/40092.sol#211:
	- Usage of "throw" should be replaced with "revert()"
Deprecated standard detected @ /../data/reentrancy/solidity_contract/40092.sol#184:
	- Usage of "throw" should be replaced with "revert()"
Reference: https://github.com/trailofbits/slither/wiki/Detectors-Documentation#deprecated-standards[0m
INFO:Detectors:[92m
Owned.getOwner (/../data/reentrancy/solidity_contract/40092.sol#29-33) should be declared external
OwnedI.getOwner (/../data/reentrancy/solidity_contract/40092.sol#6-8) should be declared external
Owned.setOwner (/../data/reentrancy/solidity_contract/40092.sol#35-46) should be declared external
OwnedI.setOwner (/../data/reentrancy/solidity_contract/40092.sol#10-11) should be declared external
PullPaymentCapable.getTotalBalance (/../data/reentrancy/solidity_contract/40092.sol#70-74) should be declared external
PullPaymentCapable.getPaymentOf (/../data/reentrancy/solidity_contract/40092.sol#76-80) should be declared external
CertificationCentre.fixBalance (/../data/reentrancy/solidity_contract/40092.sol#236-239) should be declared external
PullPaymentCapable.fixBalance (/../data/reentrancy/solidity_contract/40092.sol#91-92) should be declared external
WithBeneficiary.setBeneficiary (/../data/reentrancy/solidity_contract/40092.sol#130-141) should be declared external
WithBeneficiary.fallback (/../data/reentrancy/solidity_contract/40092.sol#143-145) should be declared external
CertificationCentreI.getCertificationDbCount (/../data/reentrancy/solidity_contract/40092.sol#153-155) should be declared external
CertificationCentre.getCertificationDbCount (/../data/reentrancy/solidity_contract/40092.sol#188-192) should be declared external
CertificationCentre.getCertificationDbStatus (/../data/reentrancy/solidity_contract/40092.sol#194-199) should be declared external
CertificationCentreI.getCertificationDbStatus (/../data/reentrancy/solidity_contract/40092.sol#157-159) should be declared external
CertificationCentre.getCertificationDbAtIndex (/../data/reentrancy/solidity_contract/40092.sol#201-205) should be declared external
CertificationCentreI.getCertificationDbAtIndex (/../data/reentrancy/solidity_contract/40092.sol#161-163) should be declared external
CertificationCentre.registerCertificationDb (/../data/reentrancy/solidity_contract/40092.sol#207-220) should be declared external
CertificationCentreI.registerCertificationDb (/../data/reentrancy/solidity_contract/40092.sol#165-166) should be declared external
CertificationCentre.unRegisterCertificationDb (/../data/reentrancy/solidity_contract/40092.sol#222-234) should be declared external
CertificationCentreI.unRegisterCertificationDb (/../data/reentrancy/solidity_contract/40092.sol#168-169) should be declared external
Reference: https://github.com/trailofbits/slither/wiki/Detectors-Documentation#public-function-that-could-be-declared-as-external[0m
INFO:Detectors:[92m
Detected issues with version pragma in /../data/reentrancy/solidity_contract/40092.sol:
	- pragma solidity^0.4.2 (/../data/reentrancy/solidity_contract/40092.sol#1): it allows old versions
Reference: https://github.com/trailofbits/slither/wiki/Detectors-Documentation#incorrect-version-of-solidity[0m
INFO:Detectors:[92m
Low level call in PullPaymentCapable.withdrawPayments (/../data/reentrancy/solidity_contract/40092.sol#83-89):
	-! msg.sender.call.value(payment)() /../data/reentrancy/solidity_contract/40092.sol#87
Reference: https://github.com/trailofbits/slither/wiki/Detectors-Documentation#low-level-calls[0m
INFO:Detectors:[92m
Function 'Owned.Owned' (/../data/reentrancy/solidity_contract/40092.sol#18-20) is not in mixedCase
Function 'PullPaymentCapable.PullPaymentCapable' (/../data/reentrancy/solidity_contract/40092.sol#55-59) is not in mixedCase
Function 'WithBeneficiary.WithBeneficiary' (/../data/reentrancy/solidity_contract/40092.sol#112-120) is not in mixedCase
Parameter '_beneficiary' of WithBeneficiary.WithBeneficiary (/../data/reentrancy/solidity_contract/40092.sol#112) is not in mixedCase
Function 'CertificationCentre.CertificationCentre' (/../data/reentrancy/solidity_contract/40092.sol#181-186) is not in mixedCase
Reference: https://github.com/trailofbits/slither/wiki/Detectors-Documentation#conformance-to-solidity-naming-conventions[0m
INFO:Slither:/../data/reentrancy/solidity_contract/40092.sol analyzed (6 contracts), 35 result(s) found