INFO:Slither:Compilation warnings/errors on /../data/reentrancy/solidity_contract/27334.sol:
/../data/reentrancy/solidity_contract/27334.sol:5:3: Warning: Defining constructors as functions with the same name as the contract is deprecated. Use "constructor(...) { ... }" instead.
  function Ownable() {
  ^ (Relevant source part starts here and spans across multiple lines).
/../data/reentrancy/solidity_contract/27334.sol:28:5: Warning: Defining constructors as functions with the same name as the contract is deprecated. Use "constructor(...) { ... }" instead.
    function AddressLottery() payable {
    ^ (Relevant source part starts here and spans across multiple lines).
/../data/reentrancy/solidity_contract/27334.sol:57:9: Warning: Variable is declared as a storage pointer. Use an explicit "storage" keyword to silence this warning.
        SeedComponents s;
        ^--------------^
/../data/reentrancy/solidity_contract/27334.sol:39:43: Warning: Using contract member "balance" inherited from the address type is deprecated. Convert the contract to "address" type to access the member, for example use "address(contract).balance" instead.
            require(msg.sender.call.value(this.balance)());
                                          ^----------^
/../data/reentrancy/solidity_contract/27334.sol:45:18: Warning: This function only accepts a single "bytes" argument. Please use "abi.encodePacked(...)" or a similar function to encode the data.
        n = uint(keccak256(addr, secretSeed)[0]) % 16;
                 ^-------------------------^
/../data/reentrancy/solidity_contract/27334.sol:49:30: Warning: This function only accepts a single "bytes" argument. Please use "abi.encodePacked(...)" or a similar function to encode the data.
        secretSeed = uint256(keccak256(components.addr, components.additionalSeed1, components.additionalSeed2, components.additionalSeed3));
                             ^------------------------------------------------------------------------------------------------------------^
/../data/reentrancy/solidity_contract/27334.sol:53:9: Warning: "suicide" has been deprecated in favour of "selfdestruct"
        suicide(owner);
        ^------------^
/../data/reentrancy/solidity_contract/27334.sol:57:9: Warning: Uninitialized storage pointer. Did you mean '<type> memory s'?
        SeedComponents s;
        ^--------------^
/../data/reentrancy/solidity_contract/27334.sol:5:3: Warning: No visibility specified. Defaulting to "public". 
  function Ownable() {
  ^ (Relevant source part starts here and spans across multiple lines).
/../data/reentrancy/solidity_contract/27334.sol:28:5: Warning: No visibility specified. Defaulting to "public". 
    function AddressLottery() payable {
    ^ (Relevant source part starts here and spans across multiple lines).
/../data/reentrancy/solidity_contract/27334.sol:29:76: Warning: "block.blockhash()" has been deprecated in favor of "blockhash()"
        reseed(SeedComponents(msg.sender, 0x12345678, 0x123456789, uint256(block.blockhash(block.number - 1))));
                                                                           ^-------------^
/../data/reentrancy/solidity_contract/27334.sol:32:5: Warning: No visibility specified. Defaulting to "public". 
    function participate() payable { 
    ^ (Relevant source part starts here and spans across multiple lines).
/../data/reentrancy/solidity_contract/27334.sol:52:5: Warning: No visibility specified. Defaulting to "public". 
    function kill() onlyOwner {
    ^ (Relevant source part starts here and spans across multiple lines).
/../data/reentrancy/solidity_contract/27334.sol:56:5: Warning: No visibility specified. Defaulting to "public". 
    function forceReseed() onlyOwner{
    ^ (Relevant source part starts here and spans across multiple lines).
/../data/reentrancy/solidity_contract/27334.sol:61:37: Warning: "block.blockhash()" has been deprecated in favor of "blockhash()"
        s.additionalSeed3 = uint256(block.blockhash(block.number - 1));
                                    ^-------------^
/../data/reentrancy/solidity_contract/27334.sol:65:5: Warning: No visibility specified. Defaulting to "public". 
    function () payable {}
    ^--------------------^
/../data/reentrancy/solidity_contract/27334.sol:43:5: Warning: Function state mutability can be restricted to view
    function luckyNumberOfAddress(address addr) internal returns(uint n){
    ^ (Relevant source part starts here and spans across multiple lines).

INFO:Detectors:[91m
s in AddressLottery.forceReseed (/../data/reentrancy/solidity_contract/27334.sol#57) is a storage variable never initialiazed
Reference: https://github.com/trailofbits/slither/wiki/Detectors-Documentation#uninitialized-storage-variables[0m
INFO:Detectors:[92m
AddressLottery.luckyNumber should be constant (/../data/reentrancy/solidity_contract/27334.sol#23)
Reference: https://github.com/trailofbits/slither/wiki/Detectors-Documentation#state-variables-that-could-be-declared-constant[0m
INFO:Detectors:[92m
Deprecated standard detected @ /../data/reentrancy/solidity_contract/27334.sol#29:
	- Usage of "block.blockhash()" should be replaced with "blockhash()"
Deprecated standard detected @ /../data/reentrancy/solidity_contract/27334.sol#53:
	- Usage of "suicide()" should be replaced with "selfdestruct()"
Deprecated standard detected @ /../data/reentrancy/solidity_contract/27334.sol#61:
	- Usage of "block.blockhash()" should be replaced with "blockhash()"
Reference: https://github.com/trailofbits/slither/wiki/Detectors-Documentation#deprecated-standards[0m
INFO:Detectors:[92m
AddressLottery.participate (/../data/reentrancy/solidity_contract/27334.sol#32-41) should be declared external
AddressLottery.kill (/../data/reentrancy/solidity_contract/27334.sol#52-54) should be declared external
AddressLottery.forceReseed (/../data/reentrancy/solidity_contract/27334.sol#56-63) should be declared external
AddressLottery.fallback (/../data/reentrancy/solidity_contract/27334.sol#65) should be declared external
Reference: https://github.com/trailofbits/slither/wiki/Detectors-Documentation#public-function-that-could-be-declared-as-external[0m
INFO:Detectors:[92m
Detected issues with version pragma in /../data/reentrancy/solidity_contract/27334.sol:
	- pragma solidity^0.4.0 (/../data/reentrancy/solidity_contract/27334.sol#1): it allows old versions
Reference: https://github.com/trailofbits/slither/wiki/Detectors-Documentation#incorrect-version-of-solidity[0m
INFO:Detectors:[92m
Low level call in AddressLottery.participate (/../data/reentrancy/solidity_contract/27334.sol#32-41):
	-require(bool)(msg.sender.call.value(this.balance)()) /../data/reentrancy/solidity_contract/27334.sol#39
Reference: https://github.com/trailofbits/slither/wiki/Detectors-Documentation#low-level-calls[0m
INFO:Detectors:[92m
Function 'Ownable.Ownable' (/../data/reentrancy/solidity_contract/27334.sol#5-7) is not in mixedCase
Function 'AddressLottery.AddressLottery' (/../data/reentrancy/solidity_contract/27334.sol#28-30) is not in mixedCase
Reference: https://github.com/trailofbits/slither/wiki/Detectors-Documentation#conformance-to-solidity-naming-conventions[0m
INFO:Slither:/../data/reentrancy/solidity_contract/27334.sol analyzed (2 contracts), 13 result(s) found