INFO:root:Contract /../data/reentrancy/solidity_contract/36732.sol:EnjinBuyer:
INFO:symExec:Running, please wait...
INFO:symExec:	============ Results ===========
INFO:symExec:	  EVM code coverage: 	 58.3%
INFO:symExec:	  Arithmetic bugs: 	 True
INFO:symExec:	  └> Overflow bugs: 	 True
/../data/reentrancy/solidity_contract/36732.sol:EnjinBuyer:162:42
claimed_bounty + withdraw_bounty
^
/../data/reentrancy/solidity_contract/36732.sol:EnjinBuyer:176:5
balances[msg.sender] += msg.value
^
/../data/reentrancy/solidity_contract/36732.sol:EnjinBuyer:149:5
withdraw_bounty += msg.value
^
/../data/reentrancy/solidity_contract/36732.sol:EnjinBuyer:141:5
buy_bounty += msg.value
^
INFO:symExec:	  └> Underflow bugs: 	 True
/../data/reentrancy/solidity_contract/36732.sol:EnjinBuyer:162:26
this.balance - (claimed_bounty + withdraw_bounty)
^
INFO:symExec:	  └> Division bugs: 	 False
INFO:symExec:	  └> Modulo bugs:   	 False
INFO:symExec:	  └> Truncation bugs: 	 False
INFO:symExec:	  └> Signedness bugs: 	 False
INFO:symExec:	  Callstack bug: 	 False
INFO:symExec:	  Concurrency bug: 	 True
Flow 1:
/../data/reentrancy/solidity_contract/36732.sol:EnjinBuyer:163:13
sale.call.value(contract_eth_value)()
^
Flow 2:
/../data/reentrancy/solidity_contract/36732.sol:EnjinBuyer:163:13
sale.call.value(contract_eth_value)()
^
/../data/reentrancy/solidity_contract/36732.sol:EnjinBuyer:164:5
msg.sender.transfer(claimed_bounty)
^
INFO:symExec:	  Time dependency bug: 	 True
/../data/reentrancy/solidity_contract/36732.sol:EnjinBuyer:156:5
if (now < earliest_buy_time) return;
^
INFO:symExec:	  Reentrancy bug: 	 False
INFO:symExec:	 --- 50.0428369045 seconds ---
INFO:symExec:	====== Analysis Completed ======

  .oooooo.             o8o            o8o          
 d8P'  `Y8b            `"'            `"'          
888      888  .oooo.o oooo  oooo d8b oooo   .oooo.o
888      888 d88(  "8 `888  `888""8P `888  d88(  "8
888      888 `"Y88b.   888   888      888  `"Y88b. 
`88b    d88' o.  )88b  888   888      888  o.  )88b
 `Y8bood8P'  8""888P' o888o d888b    o888o 8""888P'


!!! SYMBOLIC EXECUTION TIMEOUT !!!