INFO:Slither:Compilation warnings/errors on /../data/reentrancy/solidity_contract/17215.sol:
/../data/reentrancy/solidity_contract/17215.sol:87:5: Warning: Defining constructors as functions with the same name as the contract is deprecated. Use "constructor(...) { ... }" instead.
    function Owned() public {
    ^ (Relevant source part starts here and spans across multiple lines).
/../data/reentrancy/solidity_contract/17215.sol:148:5: Warning: Defining constructors as functions with the same name as the contract is deprecated. Use "constructor(...) { ... }" instead.
    function TORUE() public {
    ^ (Relevant source part starts here and spans across multiple lines).
/../data/reentrancy/solidity_contract/17215.sol:93:9: Warning: Invoking events without "emit" prefix is deprecated.
        OwnershipTransferred(owner, _newOwner);
        ^------------------------------------^
/../data/reentrancy/solidity_contract/17215.sol:194:13: Warning: Invoking events without "emit" prefix is deprecated.
            AccountLocked(_addresses[j], _releaseTime);
            ^----------------------------------------^
/../data/reentrancy/solidity_contract/17215.sol:204:13: Warning: Invoking events without "emit" prefix is deprecated.
            AccountFrozen(_addresses[j], _value);
            ^----------------------------------^
/../data/reentrancy/solidity_contract/17215.sol:224:9: Warning: Invoking events without "emit" prefix is deprecated.
        Transfer(_addr, msg.sender, _amount);
        ^----------------------------------^
/../data/reentrancy/solidity_contract/17215.sol:231:9: Warning: Invoking events without "emit" prefix is deprecated.
        Approval(msg.sender, _spender, _value);
        ^------------------------------------^
/../data/reentrancy/solidity_contract/17215.sol:256:9: Warning: Invoking events without "emit" prefix is deprecated.
        Transfer(_from, _to, _value);
        ^--------------------------^
/../data/reentrancy/solidity_contract/17215.sol:276:9: Warning: Invoking events without "emit" prefix is deprecated.
        Transfer(msg.sender, _to, _value, _data);
        ^--------------------------------------^
/../data/reentrancy/solidity_contract/17215.sol:277:9: Warning: Invoking events without "emit" prefix is deprecated.
        Transfer(_from, _to, _value);
        ^--------------------------^
/../data/reentrancy/solidity_contract/17215.sol:284:9: Warning: Invoking events without "emit" prefix is deprecated.
        Approval(msg.sender, _spender, allowed[msg.sender][_spender]);
        ^-----------------------------------------------------------^
/../data/reentrancy/solidity_contract/17215.sol:296:9: Warning: Invoking events without "emit" prefix is deprecated.
        Approval(msg.sender, _spender, allowed[msg.sender][_spender]);
        ^-----------------------------------------------------------^
/../data/reentrancy/solidity_contract/17215.sol:303:9: Warning: Invoking events without "emit" prefix is deprecated.
        Mint(_to, _amount);
        ^----------------^
/../data/reentrancy/solidity_contract/17215.sol:304:9: Warning: Invoking events without "emit" prefix is deprecated.
        Transfer(address(0), _to, _amount);
        ^--------------------------------^
/../data/reentrancy/solidity_contract/17215.sol:311:9: Warning: Invoking events without "emit" prefix is deprecated.
        MintFinished();
        ^------------^
/../data/reentrancy/solidity_contract/17215.sol:322:9: Warning: Invoking events without "emit" prefix is deprecated.
        Burn(msg.sender, _value);
        ^----------------------^
/../data/reentrancy/solidity_contract/17215.sol:340:45: Warning: This function only accepts a single "bytes" argument. Please use "abi.encodePacked(...)" or a similar function to encode the data.
            assert(_to.call.value(0)(bytes4(keccak256(_custom_fallback)), msg.sender, _value, _data));
                                            ^-------------------------^
/../data/reentrancy/solidity_contract/17215.sol:340:45: Warning: The provided argument of type string memory is not implicitly convertible to expected type bytes memory.
            assert(_to.call.value(0)(bytes4(keccak256(_custom_fallback)), msg.sender, _value, _data));
                                            ^-------------------------^
/../data/reentrancy/solidity_contract/17215.sol:342:9: Warning: Invoking events without "emit" prefix is deprecated.
        Transfer(msg.sender, _to, _value, _data);
        ^--------------------------------------^
/../data/reentrancy/solidity_contract/17215.sol:343:9: Warning: Invoking events without "emit" prefix is deprecated.
        Transfer(msg.sender, _to, _value);
        ^-------------------------------^
/../data/reentrancy/solidity_contract/17215.sol:358:9: Warning: Invoking events without "emit" prefix is deprecated.
        Transfer(msg.sender, _to, _value, _data);
        ^--------------------------------------^
/../data/reentrancy/solidity_contract/17215.sol:359:9: Warning: Invoking events without "emit" prefix is deprecated.
        Transfer(msg.sender, _to, _value);
        ^-------------------------------^
/../data/reentrancy/solidity_contract/17215.sol:373:9: Warning: Invoking events without "emit" prefix is deprecated.
        Transfer(msg.sender, _to, _value);
        ^-------------------------------^
/../data/reentrancy/solidity_contract/17215.sol:406:13: Warning: Invoking events without "emit" prefix is deprecated.
            Transfer(msg.sender, _addresses[j], _amount);
            ^------------------------------------------^
/../data/reentrancy/solidity_contract/17215.sol:409:9: Warning: Invoking events without "emit" prefix is deprecated.
        DistributeTokens(_addresses.length, totalAmount);
        ^----------------------------------------------^
/../data/reentrancy/solidity_contract/17215.sol:425:13: Warning: Invoking events without "emit" prefix is deprecated.
            Transfer(msg.sender, _addresses[j], _amounts[j]);
            ^----------------------------------------------^
/../data/reentrancy/solidity_contract/17215.sol:428:9: Warning: Invoking events without "emit" prefix is deprecated.
        DistributeTokens(_addresses.length, totalAmount);
        ^----------------------------------------------^
/../data/reentrancy/solidity_contract/17215.sol:442:9: Warning: Invoking events without "emit" prefix is deprecated.
        Upgrade(msg.sender, upgradeAgent, _value);
        ^---------------------------------------^

INFO:Detectors:[93m
TORUE.isContract (/../data/reentrancy/solidity_contract/17215.sol#325-331) is declared view but contains assembly code
Reference: https://github.com/trailofbits/slither/wiki/Detectors-Documentation#constant-functions-changing-the-state[0m
INFO:Detectors:[93m
TORUE.totalSupply (/../data/reentrancy/solidity_contract/17215.sol#104) shadows:
	- ERC223Interface.totalSupply (/../data/reentrancy/solidity_contract/17215.sol#32)
Reference: https://github.com/trailofbits/slither/wiki/Detectors-Documentation#state-variable-shadowing-from-abstract-contracts[0m
INFO:Detectors:[93m
empty in TORUE.transferFrom (/../data/reentrancy/solidity_contract/17215.sol#252) is a local variable never initialiazed
tkn in ReceivingContract.tokenFallback (/../data/reentrancy/solidity_contract/17215.sol#67) is a local variable never initialiazed
empty in TORUE.transfer (/../data/reentrancy/solidity_contract/17215.sol#369) is a local variable never initialiazed
Reference: https://github.com/trailofbits/slither/wiki/Detectors-Documentation#uninitialized-local-variables[0m
INFO:Detectors:[92m
TORUE.isContract uses assembly (/../data/reentrancy/solidity_contract/17215.sol#325-331)
	- /../data/reentrancy/solidity_contract/17215.sol#327-330
Reference: https://github.com/trailofbits/slither/wiki/Detectors-Documentation#assembly-usage[0m
INFO:Detectors:[92m
ERC223Interface.totalSupply should be constant (/../data/reentrancy/solidity_contract/17215.sol#32)
TORUE.decimals should be constant (/../data/reentrancy/solidity_contract/17215.sol#103)
TORUE.lockupAddress1 should be constant (/../data/reentrancy/solidity_contract/17215.sol#121)
TORUE.lockupAddress2 should be constant (/../data/reentrancy/solidity_contract/17215.sol#122)
TORUE.name should be constant (/../data/reentrancy/solidity_contract/17215.sol#101)
TORUE.ownerAddress should be constant (/../data/reentrancy/solidity_contract/17215.sol#120)
TORUE.symbol should be constant (/../data/reentrancy/solidity_contract/17215.sol#102)
Reference: https://github.com/trailofbits/slither/wiki/Detectors-Documentation#state-variables-that-could-be-declared-constant[0m
INFO:Detectors:[92m
TORUE.name (/../data/reentrancy/solidity_contract/17215.sol#377-379) should be declared external
ERC223Interface.name (/../data/reentrancy/solidity_contract/17215.sol#33) should be declared external
ERC223Interface.symbol (/../data/reentrancy/solidity_contract/17215.sol#34) should be declared external
TORUE.symbol (/../data/reentrancy/solidity_contract/17215.sol#381-383) should be declared external
ERC223Interface.decimals (/../data/reentrancy/solidity_contract/17215.sol#35) should be declared external
TORUE.decimals (/../data/reentrancy/solidity_contract/17215.sol#385-387) should be declared external
ERC223Interface.totalSupply (/../data/reentrancy/solidity_contract/17215.sol#36) should be declared external
TORUE.totalSupply (/../data/reentrancy/solidity_contract/17215.sol#389-391) should be declared external
TORUE.balanceOf (/../data/reentrancy/solidity_contract/17215.sol#393-395) should be declared external
ERC223Interface.balanceOf (/../data/reentrancy/solidity_contract/17215.sol#38) should be declared external
ERC223Interface.transfer (/../data/reentrancy/solidity_contract/17215.sol#40) should be declared external
TORUE.transfer (/../data/reentrancy/solidity_contract/17215.sol#363-375) should be declared external
TORUE.transfer (/../data/reentrancy/solidity_contract/17215.sol#348-361) should be declared external
ERC223Interface.transfer (/../data/reentrancy/solidity_contract/17215.sol#41) should be declared external
TORUE.transfer (/../data/reentrancy/solidity_contract/17215.sol#333-346) should be declared external
ERC223Interface.transfer (/../data/reentrancy/solidity_contract/17215.sol#42) should be declared external
TORUE.allowance (/../data/reentrancy/solidity_contract/17215.sol#235-237) should be declared external
ERC20Interface.allowance (/../data/reentrancy/solidity_contract/17215.sol#48) should be declared external
ERC20Interface.transferFrom (/../data/reentrancy/solidity_contract/17215.sol#49) should be declared external
TORUE.transferFrom (/../data/reentrancy/solidity_contract/17215.sol#239-258) should be declared external
ERC20Interface.transferFrom (/../data/reentrancy/solidity_contract/17215.sol#50) should be declared external
TORUE.transferFrom (/../data/reentrancy/solidity_contract/17215.sol#260-279) should be declared external
ERC20Interface.approve (/../data/reentrancy/solidity_contract/17215.sol#52) should be declared external
TORUE.approve (/../data/reentrancy/solidity_contract/17215.sol#228-233) should be declared external
ReceivingContract.tokenFallback (/../data/reentrancy/solidity_contract/17215.sol#66-74) should be declared external
Owned.changeOwner (/../data/reentrancy/solidity_contract/17215.sol#91-95) should be declared external
TORUE.switchCompatible20 (/../data/reentrancy/solidity_contract/17215.sol#158-160) should be declared external
TORUE.switchCompatible223 (/../data/reentrancy/solidity_contract/17215.sol#161-163) should be declared external
TORUE.switchCompatible223ex (/../data/reentrancy/solidity_contract/17215.sol#164-166) should be declared external
TORUE.switchPaused (/../data/reentrancy/solidity_contract/17215.sol#168-170) should be declared external
TORUE.switchUpgradable (/../data/reentrancy/solidity_contract/17215.sol#172-174) should be declared external
TORUE.switchUpgradeAgentLocked (/../data/reentrancy/solidity_contract/17215.sol#176-178) should be declared external
TORUE.lockAccounts (/../data/reentrancy/solidity_contract/17215.sol#188-196) should be declared external
TORUE.freezeAccounts (/../data/reentrancy/solidity_contract/17215.sol#198-206) should be declared external
TORUE.setSalvageable (/../data/reentrancy/solidity_contract/17215.sol#208-210) should be declared external
TORUE.finishSalvage (/../data/reentrancy/solidity_contract/17215.sol#212-216) should be declared external
TORUE.salvageTokens (/../data/reentrancy/solidity_contract/17215.sol#218-226) should be declared external
TORUE.increaseApproval (/../data/reentrancy/solidity_contract/17215.sol#281-286) should be declared external
TORUE.decreaseApproval (/../data/reentrancy/solidity_contract/17215.sol#288-298) should be declared external
TORUE.mint (/../data/reentrancy/solidity_contract/17215.sol#300-306) should be declared external
TORUE.finishMinting (/../data/reentrancy/solidity_contract/17215.sol#308-313) should be declared external
TORUE.burn (/../data/reentrancy/solidity_contract/17215.sol#315-323) should be declared external
TORUE.distributeTokens (/../data/reentrancy/solidity_contract/17215.sol#397-412) should be declared external
TORUE.distributeTokens (/../data/reentrancy/solidity_contract/17215.sol#414-431) should be declared external
Reference: https://github.com/trailofbits/slither/wiki/Detectors-Documentation#public-function-that-could-be-declared-as-external[0m
INFO:Detectors:[92m
Detected issues with version pragma in /../data/reentrancy/solidity_contract/17215.sol:
	- pragma solidity^0.4.18 (/../data/reentrancy/solidity_contract/17215.sol#1): it allows old versions
Reference: https://github.com/trailofbits/slither/wiki/Detectors-Documentation#incorrect-version-of-solidity[0m
INFO:Detectors:[92m
Low level call in TORUE.transfer (/../data/reentrancy/solidity_contract/17215.sol#333-346):
	-assert(bool)(_to.call.value(0)(bytes4(keccak256()(_custom_fallback)),msg.sender,_value,_data)) /../data/reentrancy/solidity_contract/17215.sol#340
Reference: https://github.com/trailofbits/slither/wiki/Detectors-Documentation#low-level-calls[0m
INFO:Detectors:[92m
Parameter 'custom_fallback' of ERC223Interface.transfer (/../data/reentrancy/solidity_contract/17215.sol#42) is not in mixedCase
Parameter '_from' of ReceivingContract.tokenFallback (/../data/reentrancy/solidity_contract/17215.sol#66) is not in mixedCase
Parameter '_value' of ReceivingContract.tokenFallback (/../data/reentrancy/solidity_contract/17215.sol#66) is not in mixedCase
Parameter '_data' of ReceivingContract.tokenFallback (/../data/reentrancy/solidity_contract/17215.sol#66) is not in mixedCase
Function 'Owned.Owned' (/../data/reentrancy/solidity_contract/17215.sol#87-89) is not in mixedCase
Parameter '_newOwner' of Owned.changeOwner (/../data/reentrancy/solidity_contract/17215.sol#91) is not in mixedCase
Parameter '_owner' of TORUE.balanceOf (/../data/reentrancy/solidity_contract/17215.sol#393) is not in mixedCase
Parameter '_to' of TORUE.transfer (/../data/reentrancy/solidity_contract/17215.sol#363) is not in mixedCase
Parameter '_value' of TORUE.transfer (/../data/reentrancy/solidity_contract/17215.sol#363) is not in mixedCase
Parameter '_to' of TORUE.transfer (/../data/reentrancy/solidity_contract/17215.sol#348) is not in mixedCase
Parameter '_value' of TORUE.transfer (/../data/reentrancy/solidity_contract/17215.sol#348) is not in mixedCase
Parameter '_data' of TORUE.transfer (/../data/reentrancy/solidity_contract/17215.sol#348) is not in mixedCase
Parameter '_to' of TORUE.transfer (/../data/reentrancy/solidity_contract/17215.sol#333) is not in mixedCase
Parameter '_value' of TORUE.transfer (/../data/reentrancy/solidity_contract/17215.sol#333) is not in mixedCase
Parameter '_data' of TORUE.transfer (/../data/reentrancy/solidity_contract/17215.sol#333) is not in mixedCase
Parameter '_custom_fallback' of TORUE.transfer (/../data/reentrancy/solidity_contract/17215.sol#333) is not in mixedCase
Parameter '_owner' of TORUE.allowance (/../data/reentrancy/solidity_contract/17215.sol#235) is not in mixedCase
Parameter '_spender' of TORUE.allowance (/../data/reentrancy/solidity_contract/17215.sol#235) is not in mixedCase
Parameter '_from' of TORUE.transferFrom (/../data/reentrancy/solidity_contract/17215.sol#239) is not in mixedCase
Parameter '_to' of TORUE.transferFrom (/../data/reentrancy/solidity_contract/17215.sol#239) is not in mixedCase
Parameter '_value' of TORUE.transferFrom (/../data/reentrancy/solidity_contract/17215.sol#239) is not in mixedCase
Parameter '_from' of TORUE.transferFrom (/../data/reentrancy/solidity_contract/17215.sol#260) is not in mixedCase
Parameter '_to' of TORUE.transferFrom (/../data/reentrancy/solidity_contract/17215.sol#260) is not in mixedCase
Parameter '_value' of TORUE.transferFrom (/../data/reentrancy/solidity_contract/17215.sol#260) is not in mixedCase
Parameter '_data' of TORUE.transferFrom (/../data/reentrancy/solidity_contract/17215.sol#260) is not in mixedCase
Parameter '_spender' of TORUE.approve (/../data/reentrancy/solidity_contract/17215.sol#228) is not in mixedCase
Parameter '_value' of TORUE.approve (/../data/reentrancy/solidity_contract/17215.sol#228) is not in mixedCase
Function 'TORUE.TORUE' (/../data/reentrancy/solidity_contract/17215.sol#148-156) is not in mixedCase
Parameter '_value' of TORUE.switchCompatible20 (/../data/reentrancy/solidity_contract/17215.sol#158) is not in mixedCase
Parameter '_value' of TORUE.switchCompatible223 (/../data/reentrancy/solidity_contract/17215.sol#161) is not in mixedCase
Parameter '_value' of TORUE.switchCompatible223ex (/../data/reentrancy/solidity_contract/17215.sol#164) is not in mixedCase
Parameter '_paused' of TORUE.switchPaused (/../data/reentrancy/solidity_contract/17215.sol#168) is not in mixedCase
Parameter '_value' of TORUE.switchUpgradable (/../data/reentrancy/solidity_contract/17215.sol#172) is not in mixedCase
Parameter '_value' of TORUE.switchUpgradeAgentLocked (/../data/reentrancy/solidity_contract/17215.sol#176) is not in mixedCase
Parameter '_addr' of TORUE.isUnlocked (/../data/reentrancy/solidity_contract/17215.sol#180) is not in mixedCase
Parameter '_addr' of TORUE.isUnlockedBoth (/../data/reentrancy/solidity_contract/17215.sol#184) is not in mixedCase
Parameter '_addresses' of TORUE.lockAccounts (/../data/reentrancy/solidity_contract/17215.sol#188) is not in mixedCase
Parameter '_releaseTime' of TORUE.lockAccounts (/../data/reentrancy/solidity_contract/17215.sol#188) is not in mixedCase
Parameter '_addresses' of TORUE.freezeAccounts (/../data/reentrancy/solidity_contract/17215.sol#198) is not in mixedCase
Parameter '_value' of TORUE.freezeAccounts (/../data/reentrancy/solidity_contract/17215.sol#198) is not in mixedCase
Parameter '_addr' of TORUE.setSalvageable (/../data/reentrancy/solidity_contract/17215.sol#208) is not in mixedCase
Parameter '_value' of TORUE.setSalvageable (/../data/reentrancy/solidity_contract/17215.sol#208) is not in mixedCase
Parameter '_addr' of TORUE.finishSalvage (/../data/reentrancy/solidity_contract/17215.sol#212) is not in mixedCase
Parameter '_addr' of TORUE.salvageTokens (/../data/reentrancy/solidity_contract/17215.sol#218) is not in mixedCase
Parameter '_amount' of TORUE.salvageTokens (/../data/reentrancy/solidity_contract/17215.sol#218) is not in mixedCase
Parameter '_spender' of TORUE.increaseApproval (/../data/reentrancy/solidity_contract/17215.sol#281) is not in mixedCase
Parameter '_addedValue' of TORUE.increaseApproval (/../data/reentrancy/solidity_contract/17215.sol#281) is not in mixedCase
Parameter '_spender' of TORUE.decreaseApproval (/../data/reentrancy/solidity_contract/17215.sol#288) is not in mixedCase
Parameter '_subtractedValue' of TORUE.decreaseApproval (/../data/reentrancy/solidity_contract/17215.sol#288) is not in mixedCase
Parameter '_to' of TORUE.mint (/../data/reentrancy/solidity_contract/17215.sol#300) is not in mixedCase
Parameter '_amount' of TORUE.mint (/../data/reentrancy/solidity_contract/17215.sol#300) is not in mixedCase
Parameter '_addr' of TORUE.finishMinting (/../data/reentrancy/solidity_contract/17215.sol#308) is not in mixedCase
Parameter '_value' of TORUE.burn (/../data/reentrancy/solidity_contract/17215.sol#315) is not in mixedCase
Parameter '_addresses' of TORUE.distributeTokens (/../data/reentrancy/solidity_contract/17215.sol#397) is not in mixedCase
Parameter '_amount' of TORUE.distributeTokens (/../data/reentrancy/solidity_contract/17215.sol#397) is not in mixedCase
Parameter '_addresses' of TORUE.distributeTokens (/../data/reentrancy/solidity_contract/17215.sol#414) is not in mixedCase
Parameter '_amounts' of TORUE.distributeTokens (/../data/reentrancy/solidity_contract/17215.sol#414) is not in mixedCase
Parameter '_value' of TORUE.upgrade (/../data/reentrancy/solidity_contract/17215.sol#433) is not in mixedCase
Parameter '_agent' of TORUE.setUpgradeAgent (/../data/reentrancy/solidity_contract/17215.sol#445) is not in mixedCase
Parameter '_master' of TORUE.setUpgradeMaster (/../data/reentrancy/solidity_contract/17215.sol#454) is not in mixedCase
Reference: https://github.com/trailofbits/slither/wiki/Detectors-Documentation#conformance-to-solidity-naming-conventions[0m
INFO:Slither:/../data/reentrancy/solidity_contract/17215.sol analyzed (7 contracts), 113 result(s) found