INFO:root:Contract /../data/reentrancy/solidity_contract/26188.sol:EXPERIMENTAL_ETH_AUCTION:
INFO:symExec:Running, please wait...
INFO:symExec:	============ Results ===========
INFO:symExec:	  EVM code coverage: 	 99.6%
INFO:symExec:	  Arithmetic bugs: 	 True
INFO:symExec:	  └> Overflow bugs: 	 True
/../data/reentrancy/solidity_contract/26188.sol:EXPERIMENTAL_ETH_AUCTION:17:9
PrizeFund+=msg.value
^
/../data/reentrancy/solidity_contract/26188.sol:EXPERIMENTAL_ETH_AUCTION:41:28
Bids[msg.sender]+PrizeFund
^
/../data/reentrancy/solidity_contract/26188.sol:EXPERIMENTAL_ETH_AUCTION:30:9
Bids[msg.sender]+=msg.value
^
INFO:symExec:	  └> Underflow bugs: 	 False
INFO:symExec:	  └> Division bugs: 	 False
INFO:symExec:	  └> Modulo bugs:   	 False
INFO:symExec:	  └> Truncation bugs: 	 False
INFO:symExec:	  └> Signedness bugs: 	 False
INFO:symExec:	  Callstack bug: 	 False
INFO:symExec:	  Concurrency bug: 	 True
Flow 1:
/../data/reentrancy/solidity_contract/26188.sol:EXPERIMENTAL_ETH_AUCTION:53:9
msg.sender.call.value(toTransfer)()
^
Flow 2:
INFO:symExec:	  Time dependency bug: 	 True
/../data/reentrancy/solidity_contract/26188.sol:EXPERIMENTAL_ETH_AUCTION:38:9
require(now>EndTime)
^
/../data/reentrancy/solidity_contract/26188.sol:EXPERIMENTAL_ETH_AUCTION:58:9
require(now>SelfDestructTime)
^
/../data/reentrancy/solidity_contract/26188.sol:EXPERIMENTAL_ETH_AUCTION:49:9
require(now>EndTime)
^
INFO:symExec:	  Reentrancy bug: 	 True
/../data/reentrancy/solidity_contract/26188.sol:EXPERIMENTAL_ETH_AUCTION:45:9
msg.sender.call.value(prizeAmount)()
^
/../data/reentrancy/solidity_contract/26188.sol:EXPERIMENTAL_ETH_AUCTION:53:9
msg.sender.call.value(toTransfer)()
^
INFO:symExec:	 --- 5.59121990204 seconds ---
INFO:symExec:	====== Analysis Completed ======

  .oooooo.             o8o            o8o          
 d8P'  `Y8b            `"'            `"'          
888      888  .oooo.o oooo  oooo d8b oooo   .oooo.o
888      888 d88(  "8 `888  `888""8P `888  d88(  "8
888      888 `"Y88b.   888   888      888  `"Y88b. 
`88b    d88' o.  )88b  888   888      888  o.  )88b
 `Y8bood8P'  8""888P' o888o d888b    o888o 8""888P'