====================================================================================================
[1m[ ] Compiling Solidity contract from the file /../data/reentrancy/solidity_contract/29517.sol ... [0m/../data/reentrancy/solidity_contract/29517.sol:2:47: Error: The state mutability modifier "constant" was removed in version 0.5.0. Use "view" or "pure" instead.
    function balanceOf(address _owner) public constant returns (uint256 balance);
                                              ^------^

[91m[-] Cannot compile the contract [0m

====================================================================================================
[1m[ ] Compiling Solidity contract from the file /../data/reentrancy/solidity_contract/29517.sol ... [0m/../data/reentrancy/solidity_contract/29517.sol:2:47: Error: The state mutability modifier "constant" was removed in version 0.5.0. Use "view" or "pure" instead.
    function balanceOf(address _owner) public constant returns (uint256 balance);
                                              ^------^

[91m[-] Cannot compile the contract [0m

====================================================================================================
[1m[ ] Compiling Solidity contract from the file /../data/reentrancy/solidity_contract/29517.sol ... [0m/../data/reentrancy/solidity_contract/29517.sol:2:47: Error: The state mutability modifier "constant" was removed in version 0.5.0. Use "view" or "pure" instead.
    function balanceOf(address _owner) public constant returns (uint256 balance);
                                              ^------^

[91m[-] Cannot compile the contract [0m

====================================================================================================
[1m[ ] Compiling Solidity contract from the file /../data/reentrancy/solidity_contract/29517.sol ... [0m/../data/reentrancy/solidity_contract/29517.sol:2:47: Error: The state mutability modifier "constant" was removed in version 0.5.0. Use "view" or "pure" instead.

[91m[-] Cannot compile the contract [0m

====================================================================================================
[1m[ ] Compiling Solidity contract from the file /../data/reentrancy/solidity_contract/29517.sol ... [0m/../data/reentrancy/solidity_contract/29517.sol:2:47: Error: The state mutability modifier "constant" was removed in version 0.5.0. Use "view" or "pure" instead.

[91m[-] Cannot compile the contract [0m

====================================================================================================
[1m[ ] Compiling Solidity contract from the file /../data/reentrancy/solidity_contract/29517.sol ... [0m/../data/reentrancy/solidity_contract/29517.sol:2:47: Error: The state mutability modifier "constant" was removed in version 0.5.0. Use "view" or "pure" instead.
    function balanceOf(address _owner) public constant returns (uint256 balance);
                                              ^------^

[91m[-] Cannot compile the contract [0m

====================================================================================================
[1m[ ] Compiling Solidity contract from the file /../data/reentrancy/solidity_contract/29517.sol ... [0m/../data/reentrancy/solidity_contract/29517.sol:2:47: Error: The state mutability modifier "constant" was removed in version 0.5.0. Use "view" or "pure" instead.
    function balanceOf(address _owner) public constant returns (uint256 balance);
                                              ^------^

[91m[-] Cannot compile the contract [0m

====================================================================================================
[1m[ ] Compiling Solidity contract from the file /../data/reentrancy/solidity_contract/29517.sol ... [0m/../data/reentrancy/solidity_contract/29517.sol:2:47: Error: The state mutability modifier "constant" was removed in version 0.5.0. Use "view" or "pure" instead.

[91m[-] Cannot compile the contract [0m

====================================================================================================
[1m[ ] Compiling Solidity contract from the file /../data/reentrancy/solidity_contract/29517.sol ... [0m/../data/reentrancy/solidity_contract/29517.sol:2:47: Error: The state mutability modifier "constant" was removed in version 0.5.0. Use "view" or "pure" instead.
    function balanceOf(address _owner) public constant returns (uint256 balance);
                                              ^------^

[91m[-] Cannot compile the contract [0m

====================================================================================================
[1m[ ] Compiling Solidity contract from the file /../data/reentrancy/solidity_contract/29517.sol ... [0m/../data/reentrancy/solidity_contract/29517.sol:2:47: Error: The state mutability modifier "constant" was removed in version 0.5.0. Use "view" or "pure" instead.
    function balanceOf(address _owner) public constant returns (uint256 balance);
                                              ^------^

[91m[-] Cannot compile the contract [0m

====================================================================================================
[1m[ ] Compiling Solidity contract from the file /../data/reentrancy/solidity_contract/29517.sol ... [0m/../data/reentrancy/solidity_contract/29517.sol:2:47: Error: The state mutability modifier "constant" was removed in version 0.5.0. Use "view" or "pure" instead.
    function balanceOf(address _owner) public constant returns (uint256 balance);
                                              ^------^

[91m[-] Cannot compile the contract [0m

====================================================================================================
[1m[ ] Compiling Solidity contract from the file /../data/reentrancy/solidity_contract/29517.sol ... [0m/../data/reentrancy/solidity_contract/29517.sol:2:47: Error: The state mutability modifier "constant" was removed in version 0.5.0. Use "view" or "pure" instead.

[91m[-] Cannot compile the contract [0m