INFO:Slither:Compilation warnings/errors on /../data/reentrancy/solidity_contract/33851.sol:
/../data/reentrancy/solidity_contract/33851.sol:61:5: Warning: Defining constructors as functions with the same name as the contract is deprecated. Use "constructor(...) { ... }" instead.
    function MoacToken(address founderInput, address signerInput, uint startBlockInput, uint endBlockInput) {
    ^ (Relevant source part starts here and spans across multiple lines).
/../data/reentrancy/solidity_contract/33851.sol:93:115: Warning: "throw" is deprecated in favour of "revert()", "require()" and "assert()".
        if (block.number<startBlock || block.number>endBlock || (saleEtherRaised + msg.value)>etherCap || halted) throw;
                                                                                                                  ^---^
/../data/reentrancy/solidity_contract/33851.sol:98:47: Warning: "throw" is deprecated in favour of "revert()", "require()" and "assert()".
        if (!founder.call.value(msg.value)()) throw;
                                              ^---^
/../data/reentrancy/solidity_contract/33851.sol:104:34: Warning: "throw" is deprecated in favour of "revert()", "require()" and "assert()".
        if (msg.sender!=founder) throw;
                                 ^---^
/../data/reentrancy/solidity_contract/33851.sol:105:55: Warning: "throw" is deprecated in favour of "revert()", "require()" and "assert()".
        if (block.number <= endBlock + founderLockup) throw;
                                                      ^---^
/../data/reentrancy/solidity_contract/33851.sol:106:31: Warning: "throw" is deprecated in favour of "revert()", "require()" and "assert()".
        if (founderAllocated) throw;
                              ^---^
/../data/reentrancy/solidity_contract/33851.sol:115:33: Warning: "throw" is deprecated in favour of "revert()", "require()" and "assert()".
        if (msg.sender!=signer) throw;
                                ^---^
/../data/reentrancy/solidity_contract/33851.sol:116:39: Warning: "throw" is deprecated in favour of "revert()", "require()" and "assert()".
        if (block.number >= endBlock) throw;  
                                      ^---^
/../data/reentrancy/solidity_contract/33851.sol:129:34: Warning: "throw" is deprecated in favour of "revert()", "require()" and "assert()".
        if (msg.sender!=founder) throw;
                                 ^---^
/../data/reentrancy/solidity_contract/33851.sol:130:39: Warning: "throw" is deprecated in favour of "revert()", "require()" and "assert()".
        if (block.number >= endBlock) throw;  
                                      ^---^
/../data/reentrancy/solidity_contract/33851.sol:148:81: Warning: "throw" is deprecated in favour of "revert()", "require()" and "assert()".
        if (block.number <= (endBlock + transferLockup) && msg.sender!=founder) throw; 
                                                                                ^---^
/../data/reentrancy/solidity_contract/33851.sol:149:47: Warning: "throw" is deprecated in favour of "revert()", "require()" and "assert()".
        if( balances[msg.sender] < tokenNum ) throw;
                                              ^---^
/../data/reentrancy/solidity_contract/33851.sol:156:36: Warning: "throw" is deprecated in favour of "revert()", "require()" and "assert()".
        if( msg.sender != founder) throw;
                                   ^---^
/../data/reentrancy/solidity_contract/33851.sol:157:38: Warning: "throw" is deprecated in favour of "revert()", "require()" and "assert()".
        if( redeem[_to] < tokenNum ) throw;
                                     ^---^
/../data/reentrancy/solidity_contract/33851.sol:166:34: Warning: "throw" is deprecated in favour of "revert()", "require()" and "assert()".
        if (msg.sender!=founder) throw;
                                 ^---^
/../data/reentrancy/solidity_contract/33851.sol:171:34: Warning: "throw" is deprecated in favour of "revert()", "require()" and "assert()".
        if (msg.sender!=founder) throw;
                                 ^---^
/../data/reentrancy/solidity_contract/33851.sol:183:34: Warning: "throw" is deprecated in favour of "revert()", "require()" and "assert()".
        if (msg.sender!=founder) throw;
                                 ^---^
/../data/reentrancy/solidity_contract/33851.sol:189:81: Warning: "throw" is deprecated in favour of "revert()", "require()" and "assert()".
        if (block.number <= (endBlock + transferLockup) && msg.sender!=founder) throw;
                                                                                ^---^
/../data/reentrancy/solidity_contract/33851.sol:203:81: Warning: "throw" is deprecated in favour of "revert()", "require()" and "assert()".
        if (block.number <= (endBlock + transferLockup) && msg.sender!=founder) throw;
                                                                                ^---^
/../data/reentrancy/solidity_contract/33851.sol:217:9: Warning: "throw" is deprecated in favour of "revert()", "require()" and "assert()".
        throw;
        ^---^
/../data/reentrancy/solidity_contract/33851.sol:11:9: Warning: Invoking events without "emit" prefix is deprecated.
        Approval(msg.sender, _spender, _value);
        ^------------------------------------^
/../data/reentrancy/solidity_contract/33851.sol:92:9: Warning: Invoking events without "emit" prefix is deprecated.
        print(hash);
        ^---------^
/../data/reentrancy/solidity_contract/33851.sol:99:9: Warning: Invoking events without "emit" prefix is deprecated.
        Donate(msg.value, tokens);
        ^-----------------------^
/../data/reentrancy/solidity_contract/33851.sol:110:9: Warning: Invoking events without "emit" prefix is deprecated.
        AllocateFounderTokens(msg.sender);
        ^-------------------------------^
/../data/reentrancy/solidity_contract/33851.sol:177:34: Warning: "suicide" has been deprecated in favour of "selfdestruct"
        if (msg.sender == owner) suicide(owner); 
                                 ^------------^
/../data/reentrancy/solidity_contract/33851.sol:195:13: Warning: Invoking events without "emit" prefix is deprecated.
            Transfer(msg.sender, _to, _value);
            ^-------------------------------^
/../data/reentrancy/solidity_contract/33851.sol:210:13: Warning: Invoking events without "emit" prefix is deprecated.
            Transfer(_from, _to, _value);
            ^--------------------------^
/../data/reentrancy/solidity_contract/33851.sol:5:5: Warning: No visibility specified. Defaulting to "public". 
    function balanceOf(address _owner) constant returns (uint256 balance) {
    ^ (Relevant source part starts here and spans across multiple lines).
/../data/reentrancy/solidity_contract/33851.sol:9:5: Warning: No visibility specified. Defaulting to "public". 
    function approve(address _spender, uint256 _value) returns (bool success) {
    ^ (Relevant source part starts here and spans across multiple lines).
/../data/reentrancy/solidity_contract/33851.sol:15:5: Warning: No visibility specified. Defaulting to "public". 
    function allowance(address _owner, address _spender) constant returns (uint256 remaining) {
    ^ (Relevant source part starts here and spans across multiple lines).
/../data/reentrancy/solidity_contract/33851.sol:61:5: Warning: No visibility specified. Defaulting to "public". 
    function MoacToken(address founderInput, address signerInput, uint startBlockInput, uint endBlockInput) {
    ^ (Relevant source part starts here and spans across multiple lines).
/../data/reentrancy/solidity_contract/33851.sol:70:5: Warning: No visibility specified. Defaulting to "public". 
    function price() constant returns(uint256) {
    ^ (Relevant source part starts here and spans across multiple lines).
/../data/reentrancy/solidity_contract/33851.sol:80:5: Warning: No visibility specified. Defaulting to "public". 
    function testPrice(uint256 currentSupply) constant returns(uint256) {
    ^ (Relevant source part starts here and spans across multiple lines).
/../data/reentrancy/solidity_contract/33851.sol:91:5: Warning: No visibility specified. Defaulting to "public". 
    function donate( bytes32 hash) payable {
    ^ (Relevant source part starts here and spans across multiple lines).
/../data/reentrancy/solidity_contract/33851.sol:103:5: Warning: No visibility specified. Defaulting to "public". 
    function allocateFounderTokens() {
    ^ (Relevant source part starts here and spans across multiple lines).
/../data/reentrancy/solidity_contract/33851.sol:114:5: Warning: No visibility specified. Defaulting to "public". 
    function offlineDonate(uint256 offlineTokenNum, uint256 offlineEther) {
    ^ (Relevant source part starts here and spans across multiple lines).
/../data/reentrancy/solidity_contract/33851.sol:128:5: Warning: No visibility specified. Defaulting to "public". 
    function offlineAdjust(uint256 offlineTokenNum, uint256 offlineEther) {
    ^ (Relevant source part starts here and spans across multiple lines).
/../data/reentrancy/solidity_contract/33851.sol:142:5: Warning: No visibility specified. Defaulting to "public". 
    function redeemBalanceOf(address _owner) constant returns (uint256 balance) {
    ^ (Relevant source part starts here and spans across multiple lines).
/../data/reentrancy/solidity_contract/33851.sol:147:5: Warning: No visibility specified. Defaulting to "public". 
    function redeemToken(uint256 tokenNum) {
    ^ (Relevant source part starts here and spans across multiple lines).
/../data/reentrancy/solidity_contract/33851.sol:155:5: Warning: No visibility specified. Defaulting to "public". 
    function redeemRestore(address _to, uint256 tokenNum){
    ^ (Relevant source part starts here and spans across multiple lines).
/../data/reentrancy/solidity_contract/33851.sol:165:5: Warning: No visibility specified. Defaulting to "public". 
    function halt() {
    ^ (Relevant source part starts here and spans across multiple lines).
/../data/reentrancy/solidity_contract/33851.sol:170:5: Warning: No visibility specified. Defaulting to "public". 
    function unhalt() {
    ^ (Relevant source part starts here and spans across multiple lines).
/../data/reentrancy/solidity_contract/33851.sol:176:5: Warning: No visibility specified. Defaulting to "public". 
    function kill() { 
    ^ (Relevant source part starts here and spans across multiple lines).
/../data/reentrancy/solidity_contract/33851.sol:182:5: Warning: No visibility specified. Defaulting to "public". 
    function changeFounder(address newFounder) {
    ^ (Relevant source part starts here and spans across multiple lines).
/../data/reentrancy/solidity_contract/33851.sol:188:5: Warning: No visibility specified. Defaulting to "public". 
    function transfer(address _to, uint256 _value) returns (bool success) {
    ^ (Relevant source part starts here and spans across multiple lines).
/../data/reentrancy/solidity_contract/33851.sol:202:5: Warning: No visibility specified. Defaulting to "public". 
    function transferFrom(address _from, address _to, uint256 _value) returns (bool success) {
    ^ (Relevant source part starts here and spans across multiple lines).
/../data/reentrancy/solidity_contract/33851.sol:216:5: Warning: No visibility specified. Defaulting to "public". 
    function() {
    ^ (Relevant source part starts here and spans across multiple lines).

INFO:Detectors:[92m
MoacToken.decimals should be constant (/../data/reentrancy/solidity_contract/33851.sol#26)
MoacToken.etherCap should be constant (/../data/reentrancy/solidity_contract/33851.sol#44)
MoacToken.founderAllocation should be constant (/../data/reentrancy/solidity_contract/33851.sol#48)
MoacToken.founderLockup should be constant (/../data/reentrancy/solidity_contract/33851.sol#46)
MoacToken.levelFourTokenNum should be constant (/../data/reentrancy/solidity_contract/33851.sol#41)
MoacToken.levelOneTokenNum should be constant (/../data/reentrancy/solidity_contract/33851.sol#38)
MoacToken.levelThreeTokenNum should be constant (/../data/reentrancy/solidity_contract/33851.sol#40)
MoacToken.levelTwoTokenNum should be constant (/../data/reentrancy/solidity_contract/33851.sol#39)
MoacToken.name should be constant (/../data/reentrancy/solidity_contract/33851.sol#24)
MoacToken.saleTokenSupply should be constant (/../data/reentrancy/solidity_contract/33851.sol#51)
MoacToken.symbol should be constant (/../data/reentrancy/solidity_contract/33851.sol#25)
MoacToken.transferLockup should be constant (/../data/reentrancy/solidity_contract/33851.sol#45)
Reference: https://github.com/trailofbits/slither/wiki/Detectors-Documentation#state-variables-that-could-be-declared-constant[0m
INFO:Detectors:[92m
Deprecated standard detected @ /../data/reentrancy/solidity_contract/33851.sol#93:
	- Usage of "throw" should be replaced with "revert()"
Deprecated standard detected @ /../data/reentrancy/solidity_contract/33851.sol#98:
	- Usage of "throw" should be replaced with "revert()"
Deprecated standard detected @ /../data/reentrancy/solidity_contract/33851.sol#104:
	- Usage of "throw" should be replaced with "revert()"
Deprecated standard detected @ /../data/reentrancy/solidity_contract/33851.sol#105:
	- Usage of "throw" should be replaced with "revert()"
Deprecated standard detected @ /../data/reentrancy/solidity_contract/33851.sol#106:
	- Usage of "throw" should be replaced with "revert()"
Deprecated standard detected @ /../data/reentrancy/solidity_contract/33851.sol#115:
	- Usage of "throw" should be replaced with "revert()"
Deprecated standard detected @ /../data/reentrancy/solidity_contract/33851.sol#116:
	- Usage of "throw" should be replaced with "revert()"
Deprecated standard detected @ /../data/reentrancy/solidity_contract/33851.sol#129:
	- Usage of "throw" should be replaced with "revert()"
Deprecated standard detected @ /../data/reentrancy/solidity_contract/33851.sol#130:
	- Usage of "throw" should be replaced with "revert()"
Deprecated standard detected @ /../data/reentrancy/solidity_contract/33851.sol#148:
	- Usage of "throw" should be replaced with "revert()"
Deprecated standard detected @ /../data/reentrancy/solidity_contract/33851.sol#149:
	- Usage of "throw" should be replaced with "revert()"
Deprecated standard detected @ /../data/reentrancy/solidity_contract/33851.sol#156:
	- Usage of "throw" should be replaced with "revert()"
Deprecated standard detected @ /../data/reentrancy/solidity_contract/33851.sol#157:
	- Usage of "throw" should be replaced with "revert()"
Deprecated standard detected @ /../data/reentrancy/solidity_contract/33851.sol#166:
	- Usage of "throw" should be replaced with "revert()"
Deprecated standard detected @ /../data/reentrancy/solidity_contract/33851.sol#171:
	- Usage of "throw" should be replaced with "revert()"
Deprecated standard detected @ /../data/reentrancy/solidity_contract/33851.sol#177:
	- Usage of "suicide()" should be replaced with "selfdestruct()"
Deprecated standard detected @ /../data/reentrancy/solidity_contract/33851.sol#183:
	- Usage of "throw" should be replaced with "revert()"
Deprecated standard detected @ /../data/reentrancy/solidity_contract/33851.sol#189:
	- Usage of "throw" should be replaced with "revert()"
Deprecated standard detected @ /../data/reentrancy/solidity_contract/33851.sol#203:
	- Usage of "throw" should be replaced with "revert()"
Deprecated standard detected @ /../data/reentrancy/solidity_contract/33851.sol#217:
	- Usage of "throw" should be replaced with "revert()"
Reference: https://github.com/trailofbits/slither/wiki/Detectors-Documentation#deprecated-standards[0m
INFO:Detectors:[92m
MoacToken.balanceOf (/../data/reentrancy/solidity_contract/33851.sol#5-7) should be declared external
MoacToken.approve (/../data/reentrancy/solidity_contract/33851.sol#9-13) should be declared external
MoacToken.allowance (/../data/reentrancy/solidity_contract/33851.sol#15-17) should be declared external
MoacToken.testPrice (/../data/reentrancy/solidity_contract/33851.sol#80-87) should be declared external
MoacToken.donate (/../data/reentrancy/solidity_contract/33851.sol#91-100) should be declared external
MoacToken.allocateFounderTokens (/../data/reentrancy/solidity_contract/33851.sol#103-111) should be declared external
MoacToken.offlineDonate (/../data/reentrancy/solidity_contract/33851.sol#114-124) should be declared external
MoacToken.offlineAdjust (/../data/reentrancy/solidity_contract/33851.sol#128-138) should be declared external
MoacToken.redeemBalanceOf (/../data/reentrancy/solidity_contract/33851.sol#142-144) should be declared external
MoacToken.redeemToken (/../data/reentrancy/solidity_contract/33851.sol#147-152) should be declared external
MoacToken.redeemRestore (/../data/reentrancy/solidity_contract/33851.sol#155-161) should be declared external
MoacToken.halt (/../data/reentrancy/solidity_contract/33851.sol#165-168) should be declared external
MoacToken.unhalt (/../data/reentrancy/solidity_contract/33851.sol#170-173) should be declared external
MoacToken.kill (/../data/reentrancy/solidity_contract/33851.sol#176-178) should be declared external
MoacToken.changeFounder (/../data/reentrancy/solidity_contract/33851.sol#182-185) should be declared external
MoacToken.transfer (/../data/reentrancy/solidity_contract/33851.sol#188-199) should be declared external
MoacToken.transferFrom (/../data/reentrancy/solidity_contract/33851.sol#202-213) should be declared external
MoacToken.fallback (/../data/reentrancy/solidity_contract/33851.sol#216-218) should be declared external
Reference: https://github.com/trailofbits/slither/wiki/Detectors-Documentation#public-function-that-could-be-declared-as-external[0m
INFO:Detectors:[92m
Detected issues with version pragma in /../data/reentrancy/solidity_contract/33851.sol:
	- pragma solidity^0.4.11 (/../data/reentrancy/solidity_contract/33851.sol#1): it allows old versions
Reference: https://github.com/trailofbits/slither/wiki/Detectors-Documentation#incorrect-version-of-solidity[0m
INFO:Detectors:[92m
Low level call in MoacToken.donate (/../data/reentrancy/solidity_contract/33851.sol#91-100):
	-! founder.call.value(msg.value)() /../data/reentrancy/solidity_contract/33851.sol#98
Reference: https://github.com/trailofbits/slither/wiki/Detectors-Documentation#low-level-calls[0m
INFO:Detectors:[92m
Event 'MoacToken.print' (/../data/reentrancy/solidity_contract/33851.sol#59) is not in CapWords
Parameter '_owner' of MoacToken.balanceOf (/../data/reentrancy/solidity_contract/33851.sol#5) is not in mixedCase
Parameter '_spender' of MoacToken.approve (/../data/reentrancy/solidity_contract/33851.sol#9) is not in mixedCase
Parameter '_value' of MoacToken.approve (/../data/reentrancy/solidity_contract/33851.sol#9) is not in mixedCase
Parameter '_owner' of MoacToken.allowance (/../data/reentrancy/solidity_contract/33851.sol#15) is not in mixedCase
Parameter '_spender' of MoacToken.allowance (/../data/reentrancy/solidity_contract/33851.sol#15) is not in mixedCase
Function 'MoacToken.MoacToken' (/../data/reentrancy/solidity_contract/33851.sol#61-67) is not in mixedCase
Parameter '_owner' of MoacToken.redeemBalanceOf (/../data/reentrancy/solidity_contract/33851.sol#142) is not in mixedCase
Parameter '_to' of MoacToken.redeemRestore (/../data/reentrancy/solidity_contract/33851.sol#155) is not in mixedCase
Parameter '_to' of MoacToken.transfer (/../data/reentrancy/solidity_contract/33851.sol#188) is not in mixedCase
Parameter '_value' of MoacToken.transfer (/../data/reentrancy/solidity_contract/33851.sol#188) is not in mixedCase
Parameter '_from' of MoacToken.transferFrom (/../data/reentrancy/solidity_contract/33851.sol#202) is not in mixedCase
Parameter '_to' of MoacToken.transferFrom (/../data/reentrancy/solidity_contract/33851.sol#202) is not in mixedCase
Parameter '_value' of MoacToken.transferFrom (/../data/reentrancy/solidity_contract/33851.sol#202) is not in mixedCase
Reference: https://github.com/trailofbits/slither/wiki/Detectors-Documentation#conformance-to-solidity-naming-conventions[0m
INFO:Slither:/../data/reentrancy/solidity_contract/33851.sol analyzed (1 contracts), 55 result(s) found