INFO:Slither:Compilation warnings/errors on /../data/reentrancy/solidity_contract/14274.sol:
/../data/reentrancy/solidity_contract/14274.sol:50:3: Warning: Defining constructors as functions with the same name as the contract is deprecated. Use "constructor(...) { ... }" instead.
  function Ownable() {
  ^ (Relevant source part starts here and spans across multiple lines).
/../data/reentrancy/solidity_contract/14274.sol:115:3: Warning: Defining constructors as functions with the same name as the contract is deprecated. Use "constructor(...) { ... }" instead.
  function TokenStore(uint _fee, address _predecessor) {
  ^ (Relevant source part starts here and spans across multiple lines).
/../data/reentrancy/solidity_contract/14274.sol:239:12: Warning: Use of the "var" keyword is deprecated.
      var (feeTakeDiscount, rebatePercentage) = AccountModifiersInterface(accountModifiers).tradeModifiers(_user, _caller);
           ^-------------^
/../data/reentrancy/solidity_contract/14274.sol:239:29: Warning: Use of the "var" keyword is deprecated.
      var (feeTakeDiscount, rebatePercentage) = AccountModifiersInterface(accountModifiers).tradeModifiers(_user, _caller);
                            ^--------------^
/../data/reentrancy/solidity_contract/14274.sol:176:5: Warning: Invoking events without "emit" prefix is deprecated.
    Deposit(0, msg.sender, msg.value, tokens[0][msg.sender]);
    ^------------------------------------------------------^
/../data/reentrancy/solidity_contract/14274.sol:185:5: Warning: Invoking events without "emit" prefix is deprecated.
    Withdraw(0, msg.sender, _amount, tokens[0][msg.sender]);
    ^-----------------------------------------------------^
/../data/reentrancy/solidity_contract/14274.sol:196:5: Warning: Invoking events without "emit" prefix is deprecated.
    Deposit(_token, msg.sender, _amount, tokens[_token][msg.sender]);
    ^--------------------------------------------------------------^
/../data/reentrancy/solidity_contract/14274.sol:206:5: Warning: Invoking events without "emit" prefix is deprecated.
    Withdraw(_token, msg.sender, _amount, tokens[_token][msg.sender]);
    ^---------------------------------------------------------------^
/../data/reentrancy/solidity_contract/14274.sol:221:20: Warning: This function only accepts a single "bytes" argument. Please use "abi.encodePacked(...)" or a similar function to encode the data.
    bytes32 hash = sha256(this, _tokenGet, _amountGet, _tokenGive, _amountGive, _expires, _nonce);
                   ^----------------------------------------------------------------------------^
/../data/reentrancy/solidity_contract/14274.sol:223:20: Warning: "sha3" has been deprecated in favour of "keccak256"
 ... sha3("\x19Ethereum Signed Message:\n32", hash) ... 
     ^--------------------------------------------^
/../data/reentrancy/solidity_contract/14274.sol:223:20: Warning: This function only accepts a single "bytes" argument. Please use "abi.encodePacked(...)" or a similar function to encode the data.
 ... sha3("\x19Ethereum Signed Message:\n32", hash) ... 
     ^--------------------------------------------^
/../data/reentrancy/solidity_contract/14274.sol:228:5: Warning: Invoking events without "emit" prefix is deprecated.
    Trade(_tokenGet, _amount, _tokenGive, _amountGive * _amount / _amountGet, _user, msg.sender, _nonce);
    ^--------------------------------------------------------------------------------------------------^
/../data/reentrancy/solidity_contract/14274.sol:270:20: Warning: This function only accepts a single "bytes" argument. Please use "abi.encodePacked(...)" or a similar function to encode the data.
    bytes32 hash = sha256(this, _tokenGet, _amountGet, _tokenGive, _amountGive, _expires, _nonce);
                   ^----------------------------------------------------------------------------^
/../data/reentrancy/solidity_contract/14274.sol:271:19: Warning: "sha3" has been deprecated in favour of "keccak256"
    if (ecrecover(sha3("\x19Ethereum Signed Message:\n32", hash), _v, _r, _s) != _user ||      block.number > _expires) {
                  ^--------------------------------------------^
/../data/reentrancy/solidity_contract/14274.sol:271:19: Warning: This function only accepts a single "bytes" argument. Please use "abi.encodePacked(...)" or a similar function to encode the data.
    if (ecrecover(sha3("\x19Ethereum Signed Message:\n32", hash), _v, _r, _s) != _user ||      block.number > _expires) {
                  ^--------------------------------------------^
/../data/reentrancy/solidity_contract/14274.sol:281:20: Warning: This function only accepts a single "bytes" argument. Please use "abi.encodePacked(...)" or a similar function to encode the data.
    bytes32 hash = sha256(this, _tokenGet, _amountGet, _tokenGive, _amountGive, _expires, _nonce);
                   ^----------------------------------------------------------------------------^
/../data/reentrancy/solidity_contract/14274.sol:286:20: Warning: This function only accepts a single "bytes" argument. Please use "abi.encodePacked(...)" or a similar function to encode the data.
    bytes32 hash = sha256(this, _tokenGet, _amountGet, _tokenGive, _amountGive, _expires, _nonce);
                   ^----------------------------------------------------------------------------^
/../data/reentrancy/solidity_contract/14274.sol:287:21: Warning: "sha3" has been deprecated in favour of "keccak256"
    if (!(ecrecover(sha3("\x19Ethereum Signed Message:\n32", hash), _v, _r, _s) == msg.sender)) {
                    ^--------------------------------------------^
/../data/reentrancy/solidity_contract/14274.sol:287:21: Warning: This function only accepts a single "bytes" argument. Please use "abi.encodePacked(...)" or a similar function to encode the data.
    if (!(ecrecover(sha3("\x19Ethereum Signed Message:\n32", hash), _v, _r, _s) == msg.sender)) {
                    ^--------------------------------------------^
/../data/reentrancy/solidity_contract/14274.sol:291:5: Warning: Invoking events without "emit" prefix is deprecated.
    Cancel(_tokenGet, _amountGet, _tokenGive, _amountGive, _expires, _nonce, msg.sender, _v, _r, _s);
    ^----------------------------------------------------------------------------------------------^
/../data/reentrancy/solidity_contract/14274.sol:339:5: Warning: Invoking events without "emit" prefix is deprecated.
    FundsMigrated(msg.sender);
    ^-----------------------^
/../data/reentrancy/solidity_contract/14274.sol:421:27: Warning: Using contract member "balance" inherited from the address type is deprecated. Convert the contract to "address" type to access the member, for example use "address(contract).balance" instead.
      msg.sender.transfer(this.balance);
                          ^----------^
/../data/reentrancy/solidity_contract/14274.sol:13:3: Warning: No visibility specified. Defaulting to "public". 
  function totalSupply() constant returns (uint256 supply);
  ^-------------------------------------------------------^
/../data/reentrancy/solidity_contract/14274.sol:14:3: Warning: No visibility specified. Defaulting to "public". 
  function balanceOf(address _owner) constant returns (uint256 balance);
  ^--------------------------------------------------------------------^
/../data/reentrancy/solidity_contract/14274.sol:15:3: Warning: No visibility specified. Defaulting to "public". 
  function transfer(address _to, uint256 _value) returns (bool success);
  ^--------------------------------------------------------------------^
/../data/reentrancy/solidity_contract/14274.sol:16:3: Warning: No visibility specified. Defaulting to "public". 
  function transferFrom(address _from, address _to, uint256 _value) returns (bool success);
  ^---------------------------------------------------------------------------------------^
/../data/reentrancy/solidity_contract/14274.sol:17:3: Warning: No visibility specified. Defaulting to "public". 
  function approve(address _spender, uint256 _value) returns (bool success);
  ^------------------------------------------------------------------------^
/../data/reentrancy/solidity_contract/14274.sol:18:3: Warning: No visibility specified. Defaulting to "public". 
  function allowance(address _owner, address _spender) constant returns (uint256 remaining);
  ^----------------------------------------------------------------------------------------^
/../data/reentrancy/solidity_contract/14274.sol:50:3: Warning: No visibility specified. Defaulting to "public". 
  function Ownable() {
  ^ (Relevant source part starts here and spans across multiple lines).
/../data/reentrancy/solidity_contract/14274.sol:59:3: Warning: No visibility specified. Defaulting to "public". 
  function transferOwnership(address _newOwner) onlyOwner {
  ^ (Relevant source part starts here and spans across multiple lines).
/../data/reentrancy/solidity_contract/14274.sol:68:3: Warning: No visibility specified. Defaulting to "public". 
  function accountModifiers(address _user) constant returns(uint takeFeeDiscount, uint rebatePercentage);
  ^-----------------------------------------------------------------------------------------------------^
/../data/reentrancy/solidity_contract/14274.sol:69:3: Warning: No visibility specified. Defaulting to "public". 
  function tradeModifiers(address _maker, address _taker) constant returns(uint takeFeeDiscount, uint rebatePercentage);
  ^--------------------------------------------------------------------------------------------------------------------^
/../data/reentrancy/solidity_contract/14274.sol:75:3: Warning: No visibility specified. Defaulting to "public". 
  function tradeComplete(address _tok ... uint _takerFee, uint _makerRebate);
  ^-------------------------------------------------------------------------^
/../data/reentrancy/solidity_contract/14274.sol:115:3: Warning: No visibility specified. Defaulting to "public". 
  function TokenStore(uint _fee, address _predecessor) {
  ^ (Relevant source part starts here and spans across multiple lines).
/../data/reentrancy/solidity_contract/14274.sol:128:3: Warning: No visibility specified. Defaulting to "public". 
  function() {
  ^ (Relevant source part starts here and spans across multiple lines).
/../data/reentrancy/solidity_contract/14274.sol:137:3: Warning: No visibility specified. Defaulting to "public". 
  function deprecate(bool _deprecated, address _successor) onlyOwner {
  ^ (Relevant source part starts here and spans across multiple lines).
/../data/reentrancy/solidity_contract/14274.sol:142:3: Warning: No visibility specified. Defaulting to "public". 
  function changeFeeAccount(address _feeAccount) onlyOwner {
  ^ (Relevant source part starts here and spans across multiple lines).
/../data/reentrancy/solidity_contract/14274.sol:147:3: Warning: No visibility specified. Defaulting to "public". 
  function changeAccountModifiers(address _accountModifiers) onlyOwner {
  ^ (Relevant source part starts here and spans across multiple lines).
/../data/reentrancy/solidity_contract/14274.sol:151:3: Warning: No visibility specified. Defaulting to "public". 
  function changeTradeTracker(address _tradeTracker) onlyOwner {
  ^ (Relevant source part starts here and spans across multiple lines).
/../data/reentrancy/solidity_contract/14274.sol:156:3: Warning: No visibility specified. Defaulting to "public". 
  function changeFee(uint _fee) onlyOwner {
  ^ (Relevant source part starts here and spans across multiple lines).
/../data/reentrancy/solidity_contract/14274.sol:162:3: Warning: No visibility specified. Defaulting to "public". 
  function getAccountModifiers() constant returns(uint takeFeeDiscount, uint rebatePercentage) {
  ^ (Relevant source part starts here and spans across multiple lines).
/../data/reentrancy/solidity_contract/14274.sol:174:3: Warning: No visibility specified. Defaulting to "public". 
  function deposit() payable deprecable {
  ^ (Relevant source part starts here and spans across multiple lines).
/../data/reentrancy/solidity_contract/14274.sol:179:3: Warning: No visibility specified. Defaulting to "public". 
  function withdraw(uint _amount) {
  ^ (Relevant source part starts here and spans across multiple lines).
/../data/reentrancy/solidity_contract/14274.sol:188:3: Warning: No visibility specified. Defaulting to "public". 
  function depositToken(address _token, uint _amount) deprecable {
  ^ (Relevant source part starts here and spans across multiple lines).
/../data/reentrancy/solidity_contract/14274.sol:199:3: Warning: No visibility specified. Defaulting to "public". 
  function withdrawToken(address _token, uint _amount) {
  ^ (Relevant source part starts here and spans across multiple lines).
/../data/reentrancy/solidity_contract/14274.sol:209:3: Warning: No visibility specified. Defaulting to "public". 
  function balanceOf(address _token, address _user) constant returns (uint) {
  ^ (Relevant source part starts here and spans across multiple lines).
/../data/reentrancy/solidity_contract/14274.sol:220:3: Warning: No visibility specified. Defaulting to "public". 
  function trade(address _tokenGet, uint _amountGet, address _tokenGive, uint _amountGive,  uint _expires, uint _nonce, address _user, uint8 _v, bytes32 _r, bytes32 _s, uint _amount) {
  ^ (Relevant source part starts here and spans across multiple lines).
/../data/reentrancy/solidity_contract/14274.sol:262:3: Warning: No visibility specified. Defaulting to "public". 
  function testTrade(address _tokenGet, uint _amountGet, address _tokenGive, uint _amountGive, uint _expires, uint _nonce, address _user, uint8 _v, bytes32 _r, bytes32 _s, uint _amount, address _sender) constant returns(bool) {
  ^ (Relevant source part starts here and spans across multiple lines).
/../data/reentrancy/solidity_contract/14274.sol:269:3: Warning: No visibility specified. Defaulting to "public". 
  function availableVolume(address _tokenGet, uint _amountGet, address _tokenGive, uint _amountGive, uint _expires,  uint _nonce, address _user, uint8 _v, bytes32 _r, bytes32 _s) constant returns(uint) {
  ^ (Relevant source part starts here and spans across multiple lines).
/../data/reentrancy/solidity_contract/14274.sol:280:3: Warning: No visibility specified. Defaulting to "public". 
  function amountFilled(address _tokenGet, uint _amountGet, address _tokenGive, uint _amountGive, uint _expires,      uint _nonce, address _user) constant returns(uint) {
  ^ (Relevant source part starts here and spans across multiple lines).
/../data/reentrancy/solidity_contract/14274.sol:285:3: Warning: No visibility specified. Defaulting to "public". 
  function cancelOrder(address _tokenGet, uint _amountGet, address _tokenGive, uint _amountGive, uint _expires,      uint _nonce, uint8 _v, bytes32 _r, bytes32 _s) {
  ^ (Relevant source part starts here and spans across multiple lines).
/../data/reentrancy/solidity_contract/14274.sol:301:3: Warning: No visibility specified. Defaulting to "public". 
  function migrateFunds(address[] _tokens) {
  ^ (Relevant source part starts here and spans across multiple lines).
/../data/reentrancy/solidity_contract/14274.sol:347:3: Warning: No visibility specified. Defaulting to "public". 
  function depositForUser(address _user) payable deprecable {
  ^ (Relevant source part starts here and spans across multiple lines).
/../data/reentrancy/solidity_contract/14274.sol:355:3: Warning: No visibility specified. Defaulting to "public". 
  function depositTokenForUser(address _token, uint _amount, address _user) deprecable {
  ^ (Relevant source part starts here and spans across multiple lines).
/../data/reentrancy/solidity_contract/14274.sol:371:3: Warning: No visibility specified. Defaulting to "public". 
  function() payable {
  ^ (Relevant source part starts here and spans across multiple lines).
/../data/reentrancy/solidity_contract/14274.sol:375:3: Warning: No visibility specified. Defaulting to "public". 
  function instantTrade(address _tokenGet, uint _amountGet, address _tokenGive, uint _amountGive,   uint _expires, uint _nonce, address _user, uint8 _v, bytes32 _r, bytes32 _s, uint _amount, address _store) payable {
  ^ (Relevant source part starts here and spans across multiple lines).
/../data/reentrancy/solidity_contract/14274.sol:419:3: Warning: No visibility specified. Defaulting to "public". 
  function withdrawFees(address _token) onlyOwner {
  ^ (Relevant source part starts here and spans across multiple lines).
/../data/reentrancy/solidity_contract/14274.sol:27:3: Warning: Function state mutability can be restricted to pure
  function safeMul(uint a, uint b) internal returns (uint) {
  ^ (Relevant source part starts here and spans across multiple lines).
/../data/reentrancy/solidity_contract/14274.sol:33:3: Warning: Function state mutability can be restricted to pure
  function safeSub(uint a, uint b) internal returns (uint) {
  ^ (Relevant source part starts here and spans across multiple lines).
/../data/reentrancy/solidity_contract/14274.sol:38:3: Warning: Function state mutability can be restricted to pure
  function safeAdd(uint a, uint b) internal returns (uint) {
  ^ (Relevant source part starts here and spans across multiple lines).
/../data/reentrancy/solidity_contract/14274.sol:274:23: Warning: Function declared as view, but this expression (potentially) modifies the state and thus requires non-payable (the default) or payable.
    uint available1 = safeSub(_amountGet, orderFills[_user][hash]);
                      ^------------------------------------------^
/../data/reentrancy/solidity_contract/14274.sol:275:23: Warning: Function declared as view, but this expression (potentially) modifies the state and thus requires non-payable (the default) or payable.
    uint available2 = safeMul(tokens[_tokenGive][_user], _amountGet) / _amountGive;
                      ^--------------------------------------------^

INFO:Detectors:[91m
Reentrancy in TokenStore.migrateFunds (/../data/reentrancy/solidity_contract/14274.sol#301-340):
	External calls:
	- nextSuccessor = newExchange.successor() (/../data/reentrancy/solidity_contract/14274.sol#307)
	- newExchange.depositForUser.value(etherAmount)(msg.sender) (/../data/reentrancy/solidity_contract/14274.sol#321)
	- ! Token(token).approve(newExchange,tokenAmount) (/../data/reentrancy/solidity_contract/14274.sol#332-334)
	- newExchange.depositTokenForUser(token,tokenAmount,msg.sender) (/../data/reentrancy/solidity_contract/14274.sol#336)
	External calls sending eth:
	- newExchange.depositForUser.value(etherAmount)(msg.sender) (/../data/reentrancy/solidity_contract/14274.sol#321)
	State variables written after the call(s):
	- tokens (/../data/reentrancy/solidity_contract/14274.sol#335)
Reference: https://github.com/trailofbits/slither/wiki/Detectors-Documentation#reentrancy-vulnerabilities[0m
INFO:Detectors:[93m
Reentrancy in TokenStore.trade (/../data/reentrancy/solidity_contract/14274.sol#220-229):
	External calls:
	- tradeBalances(_tokenGet,_amountGet,_tokenGive,_amountGive,_user,msg.sender,_amount) (/../data/reentrancy/solidity_contract/14274.sol#226)
	State variables written after the call(s):
	- orderFills (/../data/reentrancy/solidity_contract/14274.sol#227)
Reference: https://github.com/trailofbits/slither/wiki/Detectors-Documentation#reentrancy-vulnerabilities-1[0m
INFO:Detectors:[92m
TokenStore.migrateFunds has external calls inside a loop:
	- ! Token(token).approve(newExchange,tokenAmount) (/../data/reentrancy/solidity_contract/14274.sol#332-334)
TokenStore.migrateFunds has external calls inside a loop:
	- newExchange.depositTokenForUser(token,tokenAmount,msg.sender) (/../data/reentrancy/solidity_contract/14274.sol#336)
TokenStore.migrateFunds has external calls inside a loop:
	- nextSuccessor = newExchange.successor() (/../data/reentrancy/solidity_contract/14274.sol#307)
Reference: https://github.com/trailofbits/slither/wiki/Detectors-Documentation/_edit#calls-inside-a-loop[0m
INFO:Detectors:[92m
Reentrancy in TokenStore.depositForUser (/../data/reentrancy/solidity_contract/14274.sol#347-353):
	External calls:
	- require(bool)(caller.version() > 0) (/../data/reentrancy/solidity_contract/14274.sol#351)
	State variables written after the call(s):
	- tokens (/../data/reentrancy/solidity_contract/14274.sol#352)
Reentrancy in TokenStore.depositToken (/../data/reentrancy/solidity_contract/14274.sol#188-197):
	External calls:
	- ! Token(_token).transferFrom(msg.sender,this,_amount) (/../data/reentrancy/solidity_contract/14274.sol#192-194)
	State variables written after the call(s):
	- tokens (/../data/reentrancy/solidity_contract/14274.sol#195)
Reentrancy in TokenStore.depositTokenForUser (/../data/reentrancy/solidity_contract/14274.sol#355-365):
	External calls:
	- require(bool)(caller.version() > 0) (/../data/reentrancy/solidity_contract/14274.sol#360)
	- ! Token(_token).transferFrom(msg.sender,this,_amount) (/../data/reentrancy/solidity_contract/14274.sol#361-363)
	State variables written after the call(s):
	- tokens (/../data/reentrancy/solidity_contract/14274.sol#364)
Reentrancy in TokenStore.migrateFunds (/../data/reentrancy/solidity_contract/14274.sol#301-340):
	External calls:
	- nextSuccessor = newExchange.successor() (/../data/reentrancy/solidity_contract/14274.sol#307)
	State variables written after the call(s):
	- tokens (/../data/reentrancy/solidity_contract/14274.sol#320)
Reentrancy in TokenStore.tradeBalances (/../data/reentrancy/solidity_contract/14274.sol#231-260):
	External calls:
	- (feeTakeDiscount,rebatePercentage) = AccountModifiersInterface(accountModifiers).tradeModifiers(_user,_caller) (/../data/reentrancy/solidity_contract/14274.sol#239)
	State variables written after the call(s):
	- tokens (/../data/reentrancy/solidity_contract/14274.sol#251)
	- tokens (/../data/reentrancy/solidity_contract/14274.sol#252)
	- tokens (/../data/reentrancy/solidity_contract/14274.sol#253)
	- tokens (/../data/reentrancy/solidity_contract/14274.sol#254)
	- tokens (/../data/reentrancy/solidity_contract/14274.sol#255)
Reference: https://github.com/trailofbits/slither/wiki/Detectors-Documentation#reentrancy-vulnerabilities-2[0m
INFO:Detectors:[92m
Token.decimals should be constant (/../data/reentrancy/solidity_contract/14274.sol#11)
Token.name should be constant (/../data/reentrancy/solidity_contract/14274.sol#9)
Token.symbol should be constant (/../data/reentrancy/solidity_contract/14274.sol#10)
Reference: https://github.com/trailofbits/slither/wiki/Detectors-Documentation#state-variables-that-could-be-declared-constant[0m
INFO:Detectors:[92m
Deprecated standard detected @ /../data/reentrancy/solidity_contract/14274.sol#223-225:
	- Usage of "sha3()" should be replaced with "keccak256()"
Deprecated standard detected @ /../data/reentrancy/solidity_contract/14274.sol#271-273:
	- Usage of "sha3()" should be replaced with "keccak256()"
Deprecated standard detected @ /../data/reentrancy/solidity_contract/14274.sol#287-289:
	- Usage of "sha3()" should be replaced with "keccak256()"
Reference: https://github.com/trailofbits/slither/wiki/Detectors-Documentation#deprecated-standards[0m
INFO:Detectors:[92m
Token.totalSupply (/../data/reentrancy/solidity_contract/14274.sol#13) should be declared external
Token.balanceOf (/../data/reentrancy/solidity_contract/14274.sol#14) should be declared external
Token.transfer (/../data/reentrancy/solidity_contract/14274.sol#15) should be declared external
Token.transferFrom (/../data/reentrancy/solidity_contract/14274.sol#16) should be declared external
Token.approve (/../data/reentrancy/solidity_contract/14274.sol#17) should be declared external
Token.allowance (/../data/reentrancy/solidity_contract/14274.sol#18) should be declared external
Ownable.transferOwnership (/../data/reentrancy/solidity_contract/14274.sol#59-62) should be declared external
AccountModifiersInterface.accountModifiers (/../data/reentrancy/solidity_contract/14274.sol#68) should be declared external
AccountModifiersInterface.tradeModifiers (/../data/reentrancy/solidity_contract/14274.sol#69) should be declared external
TradeTrackerInterface.tradeComplete (/../data/reentrancy/solidity_contract/14274.sol#75) should be declared external
TokenStore.fallback (/../data/reentrancy/solidity_contract/14274.sol#128-130) should be declared external
TokenStore.deprecate (/../data/reentrancy/solidity_contract/14274.sol#137-140) should be declared external
TokenStore.changeFeeAccount (/../data/reentrancy/solidity_contract/14274.sol#142-145) should be declared external
TokenStore.changeAccountModifiers (/../data/reentrancy/solidity_contract/14274.sol#147-149) should be declared external
TokenStore.changeTradeTracker (/../data/reentrancy/solidity_contract/14274.sol#151-153) should be declared external
TokenStore.changeFee (/../data/reentrancy/solidity_contract/14274.sol#156-159) should be declared external
TokenStore.getAccountModifiers (/../data/reentrancy/solidity_contract/14274.sol#162-168) should be declared external
TokenStore.deposit (/../data/reentrancy/solidity_contract/14274.sol#174-177) should be declared external
TokenStore.withdraw (/../data/reentrancy/solidity_contract/14274.sol#179-186) should be declared external
TokenStore.depositToken (/../data/reentrancy/solidity_contract/14274.sol#188-197) should be declared external
TokenStore.withdrawToken (/../data/reentrancy/solidity_contract/14274.sol#199-207) should be declared external
TokenStore.balanceOf (/../data/reentrancy/solidity_contract/14274.sol#209-211) should be declared external
TokenStore.trade (/../data/reentrancy/solidity_contract/14274.sol#220-229) should be declared external
TokenStore.testTrade (/../data/reentrancy/solidity_contract/14274.sol#262-267) should be declared external
TokenStore.amountFilled (/../data/reentrancy/solidity_contract/14274.sol#280-283) should be declared external
TokenStore.cancelOrder (/../data/reentrancy/solidity_contract/14274.sol#285-292) should be declared external
TokenStore.migrateFunds (/../data/reentrancy/solidity_contract/14274.sol#301-340) should be declared external
TokenStore.depositForUser (/../data/reentrancy/solidity_contract/14274.sol#347-353) should be declared external
TokenStore.depositTokenForUser (/../data/reentrancy/solidity_contract/14274.sol#355-365) should be declared external
InstantTrade.fallback (/../data/reentrancy/solidity_contract/14274.sol#371-372) should be declared external
InstantTrade.instantTrade (/../data/reentrancy/solidity_contract/14274.sol#375-417) should be declared external
InstantTrade.withdrawFees (/../data/reentrancy/solidity_contract/14274.sol#419-428) should be declared external
Reference: https://github.com/trailofbits/slither/wiki/Detectors-Documentation#public-function-that-could-be-declared-as-external[0m
INFO:Detectors:[92m
Detected issues with version pragma in /../data/reentrancy/solidity_contract/14274.sol:
	- pragma solidity^0.4.19 (/../data/reentrancy/solidity_contract/14274.sol#1): it allows old versions
Reference: https://github.com/trailofbits/slither/wiki/Detectors-Documentation#incorrect-version-of-solidity[0m
INFO:Detectors:[92m
Low level call in TokenStore.withdraw (/../data/reentrancy/solidity_contract/14274.sol#179-186):
	-! msg.sender.call.value(_amount)() /../data/reentrancy/solidity_contract/14274.sol#182-184
Reference: https://github.com/trailofbits/slither/wiki/Detectors-Documentation#low-level-calls[0m
INFO:Detectors:[92m
Function 'Ownable.Ownable' (/../data/reentrancy/solidity_contract/14274.sol#50-52) is not in mixedCase
Parameter '_newOwner' of Ownable.transferOwnership (/../data/reentrancy/solidity_contract/14274.sol#59) is not in mixedCase
Function 'TokenStore.TokenStore' (/../data/reentrancy/solidity_contract/14274.sol#115-125) is not in mixedCase
Parameter '_fee' of TokenStore.TokenStore (/../data/reentrancy/solidity_contract/14274.sol#115) is not in mixedCase
Parameter '_predecessor' of TokenStore.TokenStore (/../data/reentrancy/solidity_contract/14274.sol#115) is not in mixedCase
Parameter '_deprecated' of TokenStore.deprecate (/../data/reentrancy/solidity_contract/14274.sol#137) is not in mixedCase
Parameter '_successor' of TokenStore.deprecate (/../data/reentrancy/solidity_contract/14274.sol#137) is not in mixedCase
Parameter '_feeAccount' of TokenStore.changeFeeAccount (/../data/reentrancy/solidity_contract/14274.sol#142) is not in mixedCase
Parameter '_accountModifiers' of TokenStore.changeAccountModifiers (/../data/reentrancy/solidity_contract/14274.sol#147) is not in mixedCase
Parameter '_tradeTracker' of TokenStore.changeTradeTracker (/../data/reentrancy/solidity_contract/14274.sol#151) is not in mixedCase
Parameter '_fee' of TokenStore.changeFee (/../data/reentrancy/solidity_contract/14274.sol#156) is not in mixedCase
Parameter '_amount' of TokenStore.withdraw (/../data/reentrancy/solidity_contract/14274.sol#179) is not in mixedCase
Parameter '_token' of TokenStore.depositToken (/../data/reentrancy/solidity_contract/14274.sol#188) is not in mixedCase
Parameter '_amount' of TokenStore.depositToken (/../data/reentrancy/solidity_contract/14274.sol#188) is not in mixedCase
Parameter '_token' of TokenStore.withdrawToken (/../data/reentrancy/solidity_contract/14274.sol#199) is not in mixedCase
Parameter '_amount' of TokenStore.withdrawToken (/../data/reentrancy/solidity_contract/14274.sol#199) is not in mixedCase
Parameter '_token' of TokenStore.balanceOf (/../data/reentrancy/solidity_contract/14274.sol#209) is not in mixedCase
Parameter '_user' of TokenStore.balanceOf (/../data/reentrancy/solidity_contract/14274.sol#209) is not in mixedCase
Parameter '_tokenGet' of TokenStore.trade (/../data/reentrancy/solidity_contract/14274.sol#220) is not in mixedCase
Parameter '_amountGet' of TokenStore.trade (/../data/reentrancy/solidity_contract/14274.sol#220) is not in mixedCase
Parameter '_tokenGive' of TokenStore.trade (/../data/reentrancy/solidity_contract/14274.sol#220) is not in mixedCase
Parameter '_amountGive' of TokenStore.trade (/../data/reentrancy/solidity_contract/14274.sol#220) is not in mixedCase
Parameter '_expires' of TokenStore.trade (/../data/reentrancy/solidity_contract/14274.sol#220) is not in mixedCase
Parameter '_nonce' of TokenStore.trade (/../data/reentrancy/solidity_contract/14274.sol#220) is not in mixedCase
Parameter '_user' of TokenStore.trade (/../data/reentrancy/solidity_contract/14274.sol#220) is not in mixedCase
Parameter '_v' of TokenStore.trade (/../data/reentrancy/solidity_contract/14274.sol#220) is not in mixedCase
Parameter '_r' of TokenStore.trade (/../data/reentrancy/solidity_contract/14274.sol#220) is not in mixedCase
Parameter '_s' of TokenStore.trade (/../data/reentrancy/solidity_contract/14274.sol#220) is not in mixedCase
Parameter '_amount' of TokenStore.trade (/../data/reentrancy/solidity_contract/14274.sol#220) is not in mixedCase
Parameter '_tokenGet' of TokenStore.tradeBalances (/../data/reentrancy/solidity_contract/14274.sol#231) is not in mixedCase
Parameter '_amountGet' of TokenStore.tradeBalances (/../data/reentrancy/solidity_contract/14274.sol#231) is not in mixedCase
Parameter '_tokenGive' of TokenStore.tradeBalances (/../data/reentrancy/solidity_contract/14274.sol#231) is not in mixedCase
Parameter '_amountGive' of TokenStore.tradeBalances (/../data/reentrancy/solidity_contract/14274.sol#231) is not in mixedCase
Parameter '_user' of TokenStore.tradeBalances (/../data/reentrancy/solidity_contract/14274.sol#231) is not in mixedCase
Parameter '_caller' of TokenStore.tradeBalances (/../data/reentrancy/solidity_contract/14274.sol#231) is not in mixedCase
Parameter '_amount' of TokenStore.tradeBalances (/../data/reentrancy/solidity_contract/14274.sol#231) is not in mixedCase
Parameter '_tokenGet' of TokenStore.testTrade (/../data/reentrancy/solidity_contract/14274.sol#262) is not in mixedCase
Parameter '_amountGet' of TokenStore.testTrade (/../data/reentrancy/solidity_contract/14274.sol#262) is not in mixedCase
Parameter '_tokenGive' of TokenStore.testTrade (/../data/reentrancy/solidity_contract/14274.sol#262) is not in mixedCase
Parameter '_amountGive' of TokenStore.testTrade (/../data/reentrancy/solidity_contract/14274.sol#262) is not in mixedCase
Parameter '_expires' of TokenStore.testTrade (/../data/reentrancy/solidity_contract/14274.sol#262) is not in mixedCase
Parameter '_nonce' of TokenStore.testTrade (/../data/reentrancy/solidity_contract/14274.sol#262) is not in mixedCase
Parameter '_user' of TokenStore.testTrade (/../data/reentrancy/solidity_contract/14274.sol#262) is not in mixedCase
Parameter '_v' of TokenStore.testTrade (/../data/reentrancy/solidity_contract/14274.sol#262) is not in mixedCase
Parameter '_r' of TokenStore.testTrade (/../data/reentrancy/solidity_contract/14274.sol#262) is not in mixedCase
Parameter '_s' of TokenStore.testTrade (/../data/reentrancy/solidity_contract/14274.sol#262) is not in mixedCase
Parameter '_amount' of TokenStore.testTrade (/../data/reentrancy/solidity_contract/14274.sol#262) is not in mixedCase
Parameter '_sender' of TokenStore.testTrade (/../data/reentrancy/solidity_contract/14274.sol#262) is not in mixedCase
Parameter '_tokenGet' of TokenStore.availableVolume (/../data/reentrancy/solidity_contract/14274.sol#269) is not in mixedCase
Parameter '_amountGet' of TokenStore.availableVolume (/../data/reentrancy/solidity_contract/14274.sol#269) is not in mixedCase
Parameter '_tokenGive' of TokenStore.availableVolume (/../data/reentrancy/solidity_contract/14274.sol#269) is not in mixedCase
Parameter '_amountGive' of TokenStore.availableVolume (/../data/reentrancy/solidity_contract/14274.sol#269) is not in mixedCase
Parameter '_expires' of TokenStore.availableVolume (/../data/reentrancy/solidity_contract/14274.sol#269) is not in mixedCase
Parameter '_nonce' of TokenStore.availableVolume (/../data/reentrancy/solidity_contract/14274.sol#269) is not in mixedCase
Parameter '_user' of TokenStore.availableVolume (/../data/reentrancy/solidity_contract/14274.sol#269) is not in mixedCase
Parameter '_v' of TokenStore.availableVolume (/../data/reentrancy/solidity_contract/14274.sol#269) is not in mixedCase
Parameter '_r' of TokenStore.availableVolume (/../data/reentrancy/solidity_contract/14274.sol#269) is not in mixedCase
Parameter '_s' of TokenStore.availableVolume (/../data/reentrancy/solidity_contract/14274.sol#269) is not in mixedCase
Parameter '_tokenGet' of TokenStore.amountFilled (/../data/reentrancy/solidity_contract/14274.sol#280) is not in mixedCase
Parameter '_amountGet' of TokenStore.amountFilled (/../data/reentrancy/solidity_contract/14274.sol#280) is not in mixedCase
Parameter '_tokenGive' of TokenStore.amountFilled (/../data/reentrancy/solidity_contract/14274.sol#280) is not in mixedCase
Parameter '_amountGive' of TokenStore.amountFilled (/../data/reentrancy/solidity_contract/14274.sol#280) is not in mixedCase
Parameter '_expires' of TokenStore.amountFilled (/../data/reentrancy/solidity_contract/14274.sol#280) is not in mixedCase
Parameter '_nonce' of TokenStore.amountFilled (/../data/reentrancy/solidity_contract/14274.sol#280) is not in mixedCase
Parameter '_user' of TokenStore.amountFilled (/../data/reentrancy/solidity_contract/14274.sol#280) is not in mixedCase
Parameter '_tokenGet' of TokenStore.cancelOrder (/../data/reentrancy/solidity_contract/14274.sol#285) is not in mixedCase
Parameter '_amountGet' of TokenStore.cancelOrder (/../data/reentrancy/solidity_contract/14274.sol#285) is not in mixedCase
Parameter '_tokenGive' of TokenStore.cancelOrder (/../data/reentrancy/solidity_contract/14274.sol#285) is not in mixedCase
Parameter '_amountGive' of TokenStore.cancelOrder (/../data/reentrancy/solidity_contract/14274.sol#285) is not in mixedCase
Parameter '_expires' of TokenStore.cancelOrder (/../data/reentrancy/solidity_contract/14274.sol#285) is not in mixedCase
Parameter '_nonce' of TokenStore.cancelOrder (/../data/reentrancy/solidity_contract/14274.sol#285) is not in mixedCase
Parameter '_v' of TokenStore.cancelOrder (/../data/reentrancy/solidity_contract/14274.sol#285) is not in mixedCase
Parameter '_r' of TokenStore.cancelOrder (/../data/reentrancy/solidity_contract/14274.sol#285) is not in mixedCase
Parameter '_s' of TokenStore.cancelOrder (/../data/reentrancy/solidity_contract/14274.sol#285) is not in mixedCase
Parameter '_tokens' of TokenStore.migrateFunds (/../data/reentrancy/solidity_contract/14274.sol#301) is not in mixedCase
Parameter '_user' of TokenStore.depositForUser (/../data/reentrancy/solidity_contract/14274.sol#347) is not in mixedCase
Parameter '_token' of TokenStore.depositTokenForUser (/../data/reentrancy/solidity_contract/14274.sol#355) is not in mixedCase
Parameter '_amount' of TokenStore.depositTokenForUser (/../data/reentrancy/solidity_contract/14274.sol#355) is not in mixedCase
Parameter '_user' of TokenStore.depositTokenForUser (/../data/reentrancy/solidity_contract/14274.sol#355) is not in mixedCase
Parameter '_tokenGet' of InstantTrade.instantTrade (/../data/reentrancy/solidity_contract/14274.sol#375) is not in mixedCase
Parameter '_amountGet' of InstantTrade.instantTrade (/../data/reentrancy/solidity_contract/14274.sol#375) is not in mixedCase
Parameter '_tokenGive' of InstantTrade.instantTrade (/../data/reentrancy/solidity_contract/14274.sol#375) is not in mixedCase
Parameter '_amountGive' of InstantTrade.instantTrade (/../data/reentrancy/solidity_contract/14274.sol#375) is not in mixedCase
Parameter '_expires' of InstantTrade.instantTrade (/../data/reentrancy/solidity_contract/14274.sol#375) is not in mixedCase
Parameter '_nonce' of InstantTrade.instantTrade (/../data/reentrancy/solidity_contract/14274.sol#375) is not in mixedCase
Parameter '_user' of InstantTrade.instantTrade (/../data/reentrancy/solidity_contract/14274.sol#375) is not in mixedCase
Parameter '_v' of InstantTrade.instantTrade (/../data/reentrancy/solidity_contract/14274.sol#375) is not in mixedCase
Parameter '_r' of InstantTrade.instantTrade (/../data/reentrancy/solidity_contract/14274.sol#375) is not in mixedCase
Parameter '_s' of InstantTrade.instantTrade (/../data/reentrancy/solidity_contract/14274.sol#375) is not in mixedCase
Parameter '_amount' of InstantTrade.instantTrade (/../data/reentrancy/solidity_contract/14274.sol#375) is not in mixedCase
Parameter '_store' of InstantTrade.instantTrade (/../data/reentrancy/solidity_contract/14274.sol#375) is not in mixedCase
Parameter '_token' of InstantTrade.withdrawFees (/../data/reentrancy/solidity_contract/14274.sol#419) is not in mixedCase
Reference: https://github.com/trailofbits/slither/wiki/Detectors-Documentation#conformance-to-solidity-naming-conventions[0m
INFO:Slither:/../data/reentrancy/solidity_contract/14274.sol analyzed (7 contracts), 140 result(s) found