INFO:Slither:Compilation warnings/errors on /../data/reentrancy/solidity_contract/26523.sol:
/../data/reentrancy/solidity_contract/26523.sol:13:5: Warning: Defining constructors as functions with the same name as the contract is deprecated. Use "constructor(...) { ... }" instead.
    function HODLerParadise() public{
    ^ (Relevant source part starts here and spans across multiple lines).
/../data/reentrancy/solidity_contract/26523.sol:50:16: Warning: This function only accepts a single "bytes" argument. Please use "abi.encodePacked(...)" or a similar function to encode the data.
        hash = keccak256(passcode);
               ^-----------------^
/../data/reentrancy/solidity_contract/26523.sol:50:16: Warning: The provided argument of type bytes32 is not implicitly convertible to expected type bytes memory.
        hash = keccak256(passcode);
               ^-----------------^
/../data/reentrancy/solidity_contract/26523.sol:70:20: Warning: This function only accepts a single "bytes" argument. Please use "abi.encodePacked(...)" or a similar function to encode the data.
            return keccak256(passcode) == passcode_actually;
                   ^-----------------^
/../data/reentrancy/solidity_contract/26523.sol:70:20: Warning: The provided argument of type bytes32 is not implicitly convertible to expected type bytes memory.
            return keccak256(passcode) == passcode_actually;
                   ^-----------------^
/../data/reentrancy/solidity_contract/26523.sol:121:17: Warning: This function only accepts a single "bytes" argument. Please use "abi.encodePacked(...)" or a similar function to encode the data.
        require(keccak256(name) != keccak256("last_hodler"));
                ^-------------^
/../data/reentrancy/solidity_contract/26523.sol:121:17: Warning: The provided argument of type string memory is not implicitly convertible to expected type bytes memory.
        require(keccak256(name) != keccak256("last_hodler"));
                ^-------------^
/../data/reentrancy/solidity_contract/26523.sol:122:17: Warning: This function only accepts a single "bytes" argument. Please use "abi.encodePacked(...)" or a similar function to encode the data.
        require(keccak256(name) != keccak256("price_pool"));
                ^-------------^
/../data/reentrancy/solidity_contract/26523.sol:122:17: Warning: The provided argument of type string memory is not implicitly convertible to expected type bytes memory.
        require(keccak256(name) != keccak256("price_pool"));
                ^-------------^

INFO:Detectors:[91m
Reentrancy in HODLerParadise.claim_reward (/../data/reentrancy/solidity_contract/26523.sol#75-92):
	External calls:
	- require(bool)(msg.sender.call.value(final_reward)()) (/../data/reentrancy/solidity_contract/26523.sol#84-85)
	State variables written after the call(s):
	- parameters (/../data/reentrancy/solidity_contract/26523.sol#86-87)
	- users (/../data/reentrancy/solidity_contract/26523.sol#89-90)
	- users (/../data/reentrancy/solidity_contract/26523.sol#90-91)
Reference: https://github.com/trailofbits/slither/wiki/Detectors-Documentation#reentrancy-vulnerabilities[0m
INFO:Detectors:[93m
HODLerParadise.refund_and_die (/../data/reentrancy/solidity_contract/26523.sol#94-110) uses a dangerous strict equality:
	- require(bool)(msg.sender == address(parameters[owner]))
HODLerParadise.refund_and_die (/../data/reentrancy/solidity_contract/26523.sol#94-110) uses a dangerous strict equality:
	- require(bool)(msg.sender == address(parameters[owner]))
HODLerParadise.set_parameter (/../data/reentrancy/solidity_contract/26523.sol#117-129) uses a dangerous strict equality:
	- require(bool)(msg.sender == address(parameters[owner]))
Reference: https://github.com/trailofbits/slither/wiki/Detectors-Documentation#dangerous-strict-equalities[0m
INFO:Detectors:[92m
HODLerParadise.refund_and_die has external calls inside a loop:
	- users[i].hodler.send(reward) (/../data/reentrancy/solidity_contract/26523.sol#103-105)
Reference: https://github.com/trailofbits/slither/wiki/Detectors-Documentation/_edit#calls-inside-a-loop[0m
INFO:Detectors:[92m
HODLerParadise.get_parameters (/../data/reentrancy/solidity_contract/26523.sol#17-29) should be declared external
HODLerParadise.register (/../data/reentrancy/solidity_contract/26523.sol#34-46) should be declared external
HODLerParadise.hash_passcode (/../data/reentrancy/solidity_contract/26523.sol#49-51) should be declared external
HODLerParadise.claim_reward (/../data/reentrancy/solidity_contract/26523.sol#75-92) should be declared external
HODLerParadise.refund_and_die (/../data/reentrancy/solidity_contract/26523.sol#94-110) should be declared external
HODLerParadise.set_parameter (/../data/reentrancy/solidity_contract/26523.sol#117-129) should be declared external
HODLerParadise.fallback (/../data/reentrancy/solidity_contract/26523.sol#129-132) should be declared external
Reference: https://github.com/trailofbits/slither/wiki/Detectors-Documentation#public-function-that-could-be-declared-as-external[0m
INFO:Detectors:[92m
Detected issues with version pragma in /../data/reentrancy/solidity_contract/26523.sol:
	- pragma solidity^0.4.0 (/../data/reentrancy/solidity_contract/26523.sol#1): it allows old versions
Reference: https://github.com/trailofbits/slither/wiki/Detectors-Documentation#incorrect-version-of-solidity[0m
INFO:Detectors:[92m
Low level call in HODLerParadise.claim_reward (/../data/reentrancy/solidity_contract/26523.sol#75-92):
	-require(bool)(msg.sender.call.value(final_reward)()) /../data/reentrancy/solidity_contract/26523.sol#84-85
Reference: https://github.com/trailofbits/slither/wiki/Detectors-Documentation#low-level-calls[0m
INFO:Detectors:[92m
Function 'HODLerParadise.HODLerParadise' (/../data/reentrancy/solidity_contract/26523.sol#13-15) is not in mixedCase
Function 'HODLerParadise.get_parameters' (/../data/reentrancy/solidity_contract/26523.sol#17-29) is not in mixedCase
Function 'HODLerParadise.hash_passcode' (/../data/reentrancy/solidity_contract/26523.sol#49-51) is not in mixedCase
Function 'HODLerParadise.get_reward' (/../data/reentrancy/solidity_contract/26523.sol#54-58) is not in mixedCase
Function 'HODLerParadise.is_passcode_correct' (/../data/reentrancy/solidity_contract/26523.sol#61-72) is not in mixedCase
Function 'HODLerParadise.claim_reward' (/../data/reentrancy/solidity_contract/26523.sol#75-92) is not in mixedCase
Function 'HODLerParadise.refund_and_die' (/../data/reentrancy/solidity_contract/26523.sol#94-110) is not in mixedCase
Function 'HODLerParadise.check_parameters_sanity' (/../data/reentrancy/solidity_contract/26523.sol#110-117) is not in mixedCase
Function 'HODLerParadise.set_parameter' (/../data/reentrancy/solidity_contract/26523.sol#117-129) is not in mixedCase
Reference: https://github.com/trailofbits/slither/wiki/Detectors-Documentation#conformance-to-solidity-naming-conventions[0m
INFO:Slither:/../data/reentrancy/solidity_contract/26523.sol analyzed (1 contracts), 22 result(s) found