INFO:root:Contract /../data/reentrancy/solidity_contract/39127.sol:ABCToken:
INFO:symExec:Running, please wait...
INFO:symExec:	============ Results ===========
INFO:symExec:	 EVM code coverage: 	 99.9%
INFO:symExec:	 Money flow:    	 False
INFO:symExec:	 Balance disorder: 	 False
INFO:symExec:	 Hidden transfer: 	 False
INFO:symExec:	 Inheritance disorder: 	 False
INFO:symExec:	 Uninitialised struct: 	 False
INFO:symExec:	 Type overflow: 	 False
INFO:symExec:	 Skip empty string: 	 False
INFO:symExec:	 Hidden state update: 	 False
INFO:symExec:	 Straw man contract: 	 False
INFO:symExec:	 --- 68.9686558247 seconds ---
INFO:symExec:	====== Analysis Completed ======
INFO:root:Contract /../data/reentrancy/solidity_contract/39127.sol:DAS:
INFO:symExec:Running, please wait...
INFO:symExec:	============ Results ===========
INFO:symExec:	 EVM code coverage: 	 70.0%
INFO:symExec:	 Money flow:    	 False
INFO:symExec:	 Balance disorder: 	 False
INFO:symExec:	 Hidden transfer: 	 False
INFO:symExec:	 Inheritance disorder: 	 False
INFO:symExec:	 Uninitialised struct: 	 False
INFO:symExec:	 Type overflow: 	 False
INFO:symExec:	 Skip empty string: 	 False
INFO:symExec:	 Hidden state update: 	 False
INFO:symExec:	 Straw man contract: 	 False
INFO:symExec:	 --- 254.44768095 seconds ---
INFO:symExec:	====== Analysis Completed ======
INFO:root:Contract /../data/reentrancy/solidity_contract/39127.sol:DASToken:
INFO:symExec:Running, please wait...
INFO:symExec:	============ Results ===========
INFO:symExec:	 EVM code coverage: 	 100.0%
INFO:symExec:	 Money flow:    	 False
INFO:symExec:	 Balance disorder: 	 False
INFO:symExec:	 Hidden transfer: 	 False
INFO:symExec:	 Inheritance disorder: 	 False
INFO:symExec:	 Uninitialised struct: 	 False
INFO:symExec:	 Type overflow: 	 False
INFO:symExec:	 Skip empty string: 	 False
INFO:symExec:	 Hidden state update: 	 False
INFO:symExec:	 Straw man contract: 	 False
INFO:symExec:	 --- 61.2577240467 seconds ---
INFO:symExec:	====== Analysis Completed ======
INFO:root:Contract /../data/reentrancy/solidity_contract/39127.sol:ERC223ContractInterface:
INFO:symExec:Running, please wait...
INFO:symExec:	============ Results ===========
INFO:symExec:	 EVM code coverage: 	 98.6%
INFO:symExec:	 Money flow:    	 False
INFO:symExec:	 Balance disorder: 	 False
INFO:symExec:	 Hidden transfer: 	 False
INFO:symExec:	 Inheritance disorder: 	 False
INFO:symExec:	 Uninitialised struct: 	 False
INFO:symExec:	 Type overflow: 	 False
INFO:symExec:	 Skip empty string: 	 False
INFO:symExec:	 Hidden state update: 	 False
INFO:symExec:	 Straw man contract: 	 False
INFO:symExec:	 --- 0.280787944794 seconds ---
INFO:symExec:	====== Analysis Completed ======
INFO:root:Contract /../data/reentrancy/solidity_contract/39127.sol:ERC223Token:
INFO:symExec:Running, please wait...
INFO:symExec:	============ Results ===========
INFO:symExec:	 EVM code coverage: 	 99.9%
INFO:symExec:	 Money flow:    	 False
INFO:symExec:	 Balance disorder: 	 False
INFO:symExec:	 Hidden transfer: 	 False
INFO:symExec:	 Inheritance disorder: 	 False
INFO:symExec:	 Uninitialised struct: 	 False
INFO:symExec:	 Type overflow: 	 False
INFO:symExec:	 Skip empty string: 	 False
INFO:symExec:	 Hidden state update: 	 False
INFO:symExec:	 Straw man contract: 	 False
INFO:symExec:	 --- 48.4504301548 seconds ---
INFO:symExec:	====== Analysis Completed ======
INFO:root:Contract /../data/reentrancy/solidity_contract/39127.sol:SafeMath:
INFO:symExec:Running, please wait...
INFO:symExec:	============ Results ===========
INFO:symExec:	 EVM code coverage: 	 98.4%
INFO:symExec:	 Money flow:    	 False
INFO:symExec:	 Balance disorder: 	 False
INFO:symExec:	 Hidden transfer: 	 False
INFO:symExec:	 Inheritance disorder: 	 False
INFO:symExec:	 Uninitialised struct: 	 False
INFO:symExec:	 Type overflow: 	 False
INFO:symExec:	 Skip empty string: 	 False
INFO:symExec:	 Hidden state update: 	 False
INFO:symExec:	 Straw man contract: 	 False
INFO:symExec:	 --- 0.127170085907 seconds ---
INFO:symExec:	====== Analysis Completed ======

                       ___,,___                                   
                 _,-='=- =-  -`''--.__,,.._                       
              ,-;// /  - -       -   -= - '=.                     
            ,'///    -     -   -   =  - ==-=\`.                   
           |/// /  =    `. - =   == - =.=_,,._ `=/|               
          ///    -   -    \  - - = ,ndDMHHMM/  \               
        ,' - / /        / /\ =  - /MM(,,._`YQMML  `|              
       <_,=^Kkm / / / / ///H|wnWWdMKKK#''-;. `'0\  |              
              `''QkmmmmmnWMMM''WHMKKMM\   `--.  \> \             
                    `'''  `->>>    ``WHMb,.    `-_<@)             
                                      `'QMM`.                     
                                         `>>>                     
  _    _                        ____            _                 
 | |  | |                      |  _ \          | |                
 | |__| | ___  _ __   ___ _   _| |_) | __ _  __| | __ _  ___ _ __ 
 |  __  |/ _ \| '_ \ / _ \ | | |  _ < / _` |/ _` |/ _` |/ _ \ '__|
 | |  | | (_) | | | |  __/ |_| | |_) | (_| | (_| | (_| |  __/ |   
 |_|  |_|\___/|_| |_|\___|\__, |____/ \__,_|\__,_|\__, |\___|_|   
                           __/ |                   __/ |          
                          |___/                   |___/           



!!! SYMBOLIC EXECUTION TIMEOUT !!!