INFO:Slither:Compilation warnings/errors on /../data/reentrancy/solidity_contract/39019.sol:
/../data/reentrancy/solidity_contract/39019.sol:21:3: Warning: Defining constructors as functions with the same name as the contract is deprecated. Use "constructor(...) { ... }" instead.
  function TokenPool(
  ^ (Relevant source part starts here and spans across multiple lines).
/../data/reentrancy/solidity_contract/39019.sol:41:28: Warning: "throw" is deprecated in favour of "revert()", "require()" and "assert()".
    if (tokensCreated > 0) throw;
                           ^---^
/../data/reentrancy/solidity_contract/39019.sol:44:38: Warning: "throw" is deprecated in favour of "revert()", "require()" and "assert()".
    if (amountRaised > fundingLimit) throw;
                                     ^---^
/../data/reentrancy/solidity_contract/39019.sol:67:75: Warning: "throw" is deprecated in favour of "revert()", "require()" and "assert()".
    if (!tokenCreateContract.call.value(amount)(tokenCreateFunctionHash)) throw;
                                                                          ^---^
/../data/reentrancy/solidity_contract/39019.sol:37:38: Warning: "sha3" has been deprecated in favour of "keccak256"
    tokenCreateFunctionHash = bytes4(sha3(tokenCreateFunction));
                                     ^-----------------------^
/../data/reentrancy/solidity_contract/39019.sol:37:38: Warning: This function only accepts a single "bytes" argument. Please use "abi.encodePacked(...)" or a similar function to encode the data.
    tokenCreateFunctionHash = bytes4(sha3(tokenCreateFunction));
                                     ^-----------------------^
/../data/reentrancy/solidity_contract/39019.sol:37:38: Warning: The provided argument of type string storage ref is not implicitly convertible to expected type bytes memory.
    tokenCreateFunctionHash = bytes4(sha3(tokenCreateFunction));
                                     ^-----------------------^
/../data/reentrancy/solidity_contract/39019.sol:102:5: Warning: Invoking events without "emit" prefix is deprecated.
    Added(x);
    ^------^
/../data/reentrancy/solidity_contract/39019.sol:4:3: Warning: No visibility specified. Defaulting to "public". 
  function balanceOf(address owner) constant returns (uint balance);
  ^----------------------------------------------------------------^
/../data/reentrancy/solidity_contract/39019.sol:5:3: Warning: No visibility specified. Defaulting to "public". 
  function transfer(address to, uint value) returns (bool success);
  ^---------------------------------------------------------------^
/../data/reentrancy/solidity_contract/39019.sol:21:3: Warning: No visibility specified. Defaulting to "public". 
  function TokenPool(
  ^ (Relevant source part starts here and spans across multiple lines).
/../data/reentrancy/solidity_contract/39019.sol:40:3: Warning: No visibility specified. Defaulting to "public". 
  function Fund() payable {
  ^ (Relevant source part starts here and spans across multiple lines).
/../data/reentrancy/solidity_contract/39019.sol:48:3: Warning: No visibility specified. Defaulting to "public". 
  function() payable {
  ^ (Relevant source part starts here and spans across multiple lines).
/../data/reentrancy/solidity_contract/39019.sol:52:3: Warning: No visibility specified. Defaulting to "public". 
  function Withdraw() {
  ^ (Relevant source part starts here and spans across multiple lines).
/../data/reentrancy/solidity_contract/39019.sol:64:3: Warning: No visibility specified. Defaulting to "public". 
  function CreateTokens() {
  ^ (Relevant source part starts here and spans across multiple lines).
/../data/reentrancy/solidity_contract/39019.sol:72:3: Warning: No visibility specified. Defaulting to "public". 
  function ClaimTokens() {
  ^ (Relevant source part starts here and spans across multiple lines).
/../data/reentrancy/solidity_contract/39019.sol:83:3: Warning: No visibility specified. Defaulting to "public". 
  function ClaimReward() {
  ^ (Relevant source part starts here and spans across multiple lines).
/../data/reentrancy/solidity_contract/39019.sol:100:3: Warning: No visibility specified. Defaulting to "public". 
  function add(address x) {
  ^ (Relevant source part starts here and spans across multiple lines).

INFO:Detectors:[91m
Reentrancy in TokenPool.CreateTokens (/../data/reentrancy/solidity_contract/39019.sol#64-70):
	External calls:
	- ! tokenCreateContract.call.value(amount)(tokenCreateFunctionHash) (/../data/reentrancy/solidity_contract/39019.sol#67)
	- tokensCreated = tokenContract.balanceOf(this) (/../data/reentrancy/solidity_contract/39019.sol#68)
	External calls sending eth:
	- ! tokenCreateContract.call.value(amount)(tokenCreateFunctionHash) (/../data/reentrancy/solidity_contract/39019.sol#67)
	State variables written after the call(s):
	- tokensCreated (/../data/reentrancy/solidity_contract/39019.sol#68)
Reference: https://github.com/trailofbits/slither/wiki/Detectors-Documentation#reentrancy-vulnerabilities[0m
INFO:Detectors:[93m
TokenPool.ClaimTokens (/../data/reentrancy/solidity_contract/39019.sol#72-81) uses a dangerous strict equality:
	- tokensCreated == 0
Reference: https://github.com/trailofbits/slither/wiki/Detectors-Documentation#dangerous-strict-equalities[0m
INFO:Detectors:[92m
Reentrancy in TokenPool.CreateTokens (/../data/reentrancy/solidity_contract/39019.sol#64-70):
	External calls:
	- ! tokenCreateContract.call.value(amount)(tokenCreateFunctionHash) (/../data/reentrancy/solidity_contract/39019.sol#67)
	- tokensCreated = tokenContract.balanceOf(this) (/../data/reentrancy/solidity_contract/39019.sol#68)
	External calls sending eth:
	- ! tokenCreateContract.call.value(amount)(tokenCreateFunctionHash) (/../data/reentrancy/solidity_contract/39019.sol#67)
	State variables written after the call(s):
	- tokenCreator (/../data/reentrancy/solidity_contract/39019.sol#69)
Reentrancy in TokenPool.TokenPool (/../data/reentrancy/solidity_contract/39019.sol#21-38):
	External calls:
	- list.add(this) (/../data/reentrancy/solidity_contract/39019.sol#30)
	State variables written after the call(s):
	- fundingLimit (/../data/reentrancy/solidity_contract/39019.sol#32)
	- name (/../data/reentrancy/solidity_contract/39019.sol#31)
	- rewardPercentage (/../data/reentrancy/solidity_contract/39019.sol#33)
	- tokenContract (/../data/reentrancy/solidity_contract/39019.sol#34)
	- tokenCreateContract (/../data/reentrancy/solidity_contract/39019.sol#35)
	- tokenCreateFunction (/../data/reentrancy/solidity_contract/39019.sol#36)
	- tokenCreateFunctionHash (/../data/reentrancy/solidity_contract/39019.sol#37)
Reference: https://github.com/trailofbits/slither/wiki/Detectors-Documentation#reentrancy-vulnerabilities-2[0m
INFO:Detectors:[92m
Deprecated standard detected @ /../data/reentrancy/solidity_contract/39019.sol#37:
	- Usage of "sha3()" should be replaced with "keccak256()"
Deprecated standard detected @ /../data/reentrancy/solidity_contract/39019.sol#41:
	- Usage of "throw" should be replaced with "revert()"
Deprecated standard detected @ /../data/reentrancy/solidity_contract/39019.sol#44:
	- Usage of "throw" should be replaced with "revert()"
Deprecated standard detected @ /../data/reentrancy/solidity_contract/39019.sol#67:
	- Usage of "throw" should be replaced with "revert()"
Reference: https://github.com/trailofbits/slither/wiki/Detectors-Documentation#deprecated-standards[0m
INFO:Detectors:[92m
ERC20.balanceOf (/../data/reentrancy/solidity_contract/39019.sol#4) should be declared external
ERC20.transfer (/../data/reentrancy/solidity_contract/39019.sol#5) should be declared external
TokenPool.fallback (/../data/reentrancy/solidity_contract/39019.sol#48-50) should be declared external
TokenPool.Withdraw (/../data/reentrancy/solidity_contract/39019.sol#52-62) should be declared external
TokenPool.CreateTokens (/../data/reentrancy/solidity_contract/39019.sol#64-70) should be declared external
TokenPool.ClaimTokens (/../data/reentrancy/solidity_contract/39019.sol#72-81) should be declared external
TokenPool.ClaimReward (/../data/reentrancy/solidity_contract/39019.sol#83-90) should be declared external
TokenPoolList.add (/../data/reentrancy/solidity_contract/39019.sol#100-103) should be declared external
TokenPoolList.getCount (/../data/reentrancy/solidity_contract/39019.sol#105-107) should be declared external
TokenPoolList.getAddress (/../data/reentrancy/solidity_contract/39019.sol#109-111) should be declared external
Reference: https://github.com/trailofbits/slither/wiki/Detectors-Documentation#public-function-that-could-be-declared-as-external[0m
INFO:Detectors:[92m
Detected issues with version pragma in /../data/reentrancy/solidity_contract/39019.sol:
	- pragma solidity^0.4.10 (/../data/reentrancy/solidity_contract/39019.sol#1): it allows old versions
	- pragma solidity^0.4.10 (/../data/reentrancy/solidity_contract/39019.sol#93): it allows old versions
Reference: https://github.com/trailofbits/slither/wiki/Detectors-Documentation#incorrect-version-of-solidity[0m
INFO:Detectors:[92m
Low level call in TokenPool.CreateTokens (/../data/reentrancy/solidity_contract/39019.sol#64-70):
	-! tokenCreateContract.call.value(amount)(tokenCreateFunctionHash) /../data/reentrancy/solidity_contract/39019.sol#67
Reference: https://github.com/trailofbits/slither/wiki/Detectors-Documentation#low-level-calls[0m
INFO:Detectors:[92m
Function 'TokenPool.TokenPool' (/../data/reentrancy/solidity_contract/39019.sol#21-38) is not in mixedCase
Parameter '_name' of TokenPool.TokenPool (/../data/reentrancy/solidity_contract/39019.sol#23) is not in mixedCase
Parameter '_fundingLimit' of TokenPool.TokenPool (/../data/reentrancy/solidity_contract/39019.sol#24) is not in mixedCase
Parameter '_rewardPercentage' of TokenPool.TokenPool (/../data/reentrancy/solidity_contract/39019.sol#25) is not in mixedCase
Parameter '_tokenContract' of TokenPool.TokenPool (/../data/reentrancy/solidity_contract/39019.sol#26) is not in mixedCase
Parameter '_tokenCreateContract' of TokenPool.TokenPool (/../data/reentrancy/solidity_contract/39019.sol#27) is not in mixedCase
Parameter '_tokenCreateFunction' of TokenPool.TokenPool (/../data/reentrancy/solidity_contract/39019.sol#28) is not in mixedCase
Function 'TokenPool.Fund' (/../data/reentrancy/solidity_contract/39019.sol#40-46) is not in mixedCase
Function 'TokenPool.Withdraw' (/../data/reentrancy/solidity_contract/39019.sol#52-62) is not in mixedCase
Function 'TokenPool.CreateTokens' (/../data/reentrancy/solidity_contract/39019.sol#64-70) is not in mixedCase
Function 'TokenPool.ClaimTokens' (/../data/reentrancy/solidity_contract/39019.sol#72-81) is not in mixedCase
Function 'TokenPool.ClaimReward' (/../data/reentrancy/solidity_contract/39019.sol#83-90) is not in mixedCase
Reference: https://github.com/trailofbits/slither/wiki/Detectors-Documentation#conformance-to-solidity-naming-conventions[0m
INFO:Slither:/../data/reentrancy/solidity_contract/39019.sol analyzed (3 contracts), 32 result(s) found