INFO:Slither:Compilation warnings/errors on /../data/reentrancy/solidity_contract/36645.sol:
/../data/reentrancy/solidity_contract/36645.sol:39:40: Warning: "sha3" has been deprecated in favour of "keccak256"
    require(msg.sender == developer || sha3(password) == password_hash);
                                       ^------------^
/../data/reentrancy/solidity_contract/36645.sol:39:40: Warning: This function only accepts a single "bytes" argument. Please use "abi.encodePacked(...)" or a similar function to encode the data.
    require(msg.sender == developer || sha3(password) == password_hash);
                                       ^------------^
/../data/reentrancy/solidity_contract/36645.sol:39:40: Warning: The provided argument of type string memory is not implicitly convertible to expected type bytes memory.
    require(msg.sender == developer || sha3(password) == password_hash);
                                       ^------------^
/../data/reentrancy/solidity_contract/36645.sol:99:9: Warning: Using contract member "balance" inherited from the address type is deprecated. Convert the contract to "address" type to access the member, for example use "address(contract).balance" instead.
    if (this.balance < eth_minimum) return;
        ^----------^
/../data/reentrancy/solidity_contract/36645.sol:103:26: Warning: Using contract member "balance" inherited from the address type is deprecated. Convert the contract to "address" type to access the member, for example use "address(contract).balance" instead.
    contract_eth_value = this.balance;
                         ^----------^
/../data/reentrancy/solidity_contract/36645.sol:105:13: Warning: Using contract member "balance" inherited from the address type is deprecated. Convert the contract to "address" type to access the member, for example use "address(contract).balance" instead.
    require(this.balance==0);
            ^----------^
/../data/reentrancy/solidity_contract/36645.sol:118:33: Warning: Using contract member "balance" inherited from the address type is deprecated. Convert the contract to "address" type to access the member, for example use "address(contract).balance" instead.
      if (msg.sender == sale && this.balance >= contract_eth_value) {
                                ^----------^
/../data/reentrancy/solidity_contract/36645.sol:8:3: Warning: No visibility specified. Defaulting to "public". 
  function transfer(address _to, uint256 _value) returns (bool success);
  ^--------------------------------------------------------------------^
/../data/reentrancy/solidity_contract/36645.sol:9:3: Warning: No visibility specified. Defaulting to "public". 
  function balanceOf(address _owner) constant returns (uint256 balance);
  ^--------------------------------------------------------------------^
/../data/reentrancy/solidity_contract/36645.sol:26:3: Warning: No visibility specified. Defaulting to "public". 
  function set_token(address _token) {
  ^ (Relevant source part starts here and spans across multiple lines).
/../data/reentrancy/solidity_contract/36645.sol:33:3: Warning: No visibility specified. Defaulting to "public". 
  function set_refunded(bool _refunded) {
  ^ (Relevant source part starts here and spans across multiple lines).
/../data/reentrancy/solidity_contract/36645.sol:38:3: Warning: No visibility specified. Defaulting to "public". 
  function activate_kill_switch(string password) {
  ^ (Relevant source part starts here and spans across multiple lines).
/../data/reentrancy/solidity_contract/36645.sol:43:3: Warning: No visibility specified. Defaulting to "public". 
  function personal_withdraw(){
  ^ (Relevant source part starts here and spans across multiple lines).
/../data/reentrancy/solidity_contract/36645.sol:69:3: Warning: No visibility specified. Defaulting to "public". 
  function withdraw(address user){
  ^ (Relevant source part starts here and spans across multiple lines).
/../data/reentrancy/solidity_contract/36645.sol:97:3: Warning: No visibility specified. Defaulting to "public". 
  function purchase_tokens() {
  ^ (Relevant source part starts here and spans across multiple lines).
/../data/reentrancy/solidity_contract/36645.sol:108:3: Warning: No visibility specified. Defaulting to "public". 
  function () payable {
  ^ (Relevant source part starts here and spans across multiple lines).

INFO:Detectors:[91m
Reentrancy in EnjinBuyer.personal_withdraw (/../data/reentrancy/solidity_contract/36645.sol#43-67):
	External calls:
	- contract_token_balance = token.balanceOf(address(this)) (/../data/reentrancy/solidity_contract/36645.sol#58)
	External calls sending eth:
	- msg.sender.transfer(eth_to_withdraw_after_buy) (/../data/reentrancy/solidity_contract/36645.sol#47)
	State variables written after the call(s):
	- balances (/../data/reentrancy/solidity_contract/36645.sol#62)
Reentrancy in EnjinBuyer.withdraw (/../data/reentrancy/solidity_contract/36645.sol#69-95):
	External calls:
	- contract_token_balance = token.balanceOf(address(this)) (/../data/reentrancy/solidity_contract/36645.sol#86)
	External calls sending eth:
	- user.transfer(eth_to_withdraw_after_buy) (/../data/reentrancy/solidity_contract/36645.sol#76)
	State variables written after the call(s):
	- balances (/../data/reentrancy/solidity_contract/36645.sol#90)
Reference: https://github.com/trailofbits/slither/wiki/Detectors-Documentation#reentrancy-vulnerabilities[0m
INFO:Detectors:[93m
EnjinBuyer.purchase_tokens (/../data/reentrancy/solidity_contract/36645.sol#97-106) uses a dangerous strict equality:
	- require(bool)(this.balance == 0)
Reference: https://github.com/trailofbits/slither/wiki/Detectors-Documentation#dangerous-strict-equalities[0m
INFO:Detectors:[92m
Reentrancy in EnjinBuyer.personal_withdraw (/../data/reentrancy/solidity_contract/36645.sol#43-67):
	External calls:
	- contract_token_balance = token.balanceOf(address(this)) (/../data/reentrancy/solidity_contract/36645.sol#58)
	External calls sending eth:
	- msg.sender.transfer(eth_to_withdraw_after_buy) (/../data/reentrancy/solidity_contract/36645.sol#47)
	State variables written after the call(s):
	- contract_eth_value (/../data/reentrancy/solidity_contract/36645.sol#61)
Reentrancy in EnjinBuyer.withdraw (/../data/reentrancy/solidity_contract/36645.sol#69-95):
	External calls:
	- contract_token_balance = token.balanceOf(address(this)) (/../data/reentrancy/solidity_contract/36645.sol#86)
	External calls sending eth:
	- user.transfer(eth_to_withdraw_after_buy) (/../data/reentrancy/solidity_contract/36645.sol#76)
	State variables written after the call(s):
	- contract_eth_value (/../data/reentrancy/solidity_contract/36645.sol#89)
Reference: https://github.com/trailofbits/slither/wiki/Detectors-Documentation#reentrancy-vulnerabilities-2[0m
INFO:Detectors:[92m
EnjinBuyer.developer should be constant (/../data/reentrancy/solidity_contract/36645.sol#21)
EnjinBuyer.eth_minimum should be constant (/../data/reentrancy/solidity_contract/36645.sol#24)
EnjinBuyer.password_hash should be constant (/../data/reentrancy/solidity_contract/36645.sol#20)
EnjinBuyer.sale should be constant (/../data/reentrancy/solidity_contract/36645.sol#22)
Reference: https://github.com/trailofbits/slither/wiki/Detectors-Documentation#state-variables-that-could-be-declared-constant[0m
INFO:Detectors:[92m
Deprecated standard detected @ /../data/reentrancy/solidity_contract/36645.sol#39:
	- Usage of "sha3()" should be replaced with "keccak256()"
Reference: https://github.com/trailofbits/slither/wiki/Detectors-Documentation#deprecated-standards[0m
INFO:Detectors:[92m
ERC20.transfer (/../data/reentrancy/solidity_contract/36645.sol#8) should be declared external
ERC20.balanceOf (/../data/reentrancy/solidity_contract/36645.sol#9) should be declared external
EnjinBuyer.set_token (/../data/reentrancy/solidity_contract/36645.sol#26-30) should be declared external
EnjinBuyer.set_refunded (/../data/reentrancy/solidity_contract/36645.sol#33-36) should be declared external
EnjinBuyer.activate_kill_switch (/../data/reentrancy/solidity_contract/36645.sol#38-41) should be declared external
EnjinBuyer.personal_withdraw (/../data/reentrancy/solidity_contract/36645.sol#43-67) should be declared external
EnjinBuyer.withdraw (/../data/reentrancy/solidity_contract/36645.sol#69-95) should be declared external
EnjinBuyer.purchase_tokens (/../data/reentrancy/solidity_contract/36645.sol#97-106) should be declared external
EnjinBuyer.fallback (/../data/reentrancy/solidity_contract/36645.sol#108-122) should be declared external
Reference: https://github.com/trailofbits/slither/wiki/Detectors-Documentation#public-function-that-could-be-declared-as-external[0m
INFO:Detectors:[92m
Detected issues with version pragma in /../data/reentrancy/solidity_contract/36645.sol:
	- pragma solidity^0.4.13 (/../data/reentrancy/solidity_contract/36645.sol#1): it allows old versions
Reference: https://github.com/trailofbits/slither/wiki/Detectors-Documentation#incorrect-version-of-solidity[0m
INFO:Detectors:[92m
Low level call in EnjinBuyer.purchase_tokens (/../data/reentrancy/solidity_contract/36645.sol#97-106):
	-require(bool)(sale.call.value(contract_eth_value)()) /../data/reentrancy/solidity_contract/36645.sol#104
Reference: https://github.com/trailofbits/slither/wiki/Detectors-Documentation#low-level-calls[0m
INFO:Detectors:[92m
Function 'EnjinBuyer.set_token' (/../data/reentrancy/solidity_contract/36645.sol#26-30) is not in mixedCase
Parameter '_token' of EnjinBuyer.set_token (/../data/reentrancy/solidity_contract/36645.sol#26) is not in mixedCase
Function 'EnjinBuyer.set_refunded' (/../data/reentrancy/solidity_contract/36645.sol#33-36) is not in mixedCase
Parameter '_refunded' of EnjinBuyer.set_refunded (/../data/reentrancy/solidity_contract/36645.sol#33) is not in mixedCase
Function 'EnjinBuyer.activate_kill_switch' (/../data/reentrancy/solidity_contract/36645.sol#38-41) is not in mixedCase
Function 'EnjinBuyer.personal_withdraw' (/../data/reentrancy/solidity_contract/36645.sol#43-67) is not in mixedCase
Function 'EnjinBuyer.purchase_tokens' (/../data/reentrancy/solidity_contract/36645.sol#97-106) is not in mixedCase
Variable 'EnjinBuyer.balances_after_buy' (/../data/reentrancy/solidity_contract/36645.sol#14) is not in mixedCase
Variable 'EnjinBuyer.bought_tokens' (/../data/reentrancy/solidity_contract/36645.sol#15) is not in mixedCase
Variable 'EnjinBuyer.token_set' (/../data/reentrancy/solidity_contract/36645.sol#16) is not in mixedCase
Variable 'EnjinBuyer.contract_eth_value' (/../data/reentrancy/solidity_contract/36645.sol#18) is not in mixedCase
Variable 'EnjinBuyer.kill_switch' (/../data/reentrancy/solidity_contract/36645.sol#19) is not in mixedCase
Variable 'EnjinBuyer.password_hash' (/../data/reentrancy/solidity_contract/36645.sol#20) is not in mixedCase
Variable 'EnjinBuyer.eth_minimum' (/../data/reentrancy/solidity_contract/36645.sol#24) is not in mixedCase
Reference: https://github.com/trailofbits/slither/wiki/Detectors-Documentation#conformance-to-solidity-naming-conventions[0m
INFO:Slither:/../data/reentrancy/solidity_contract/36645.sol analyzed (2 contracts), 32 result(s) found