INFO:Slither:Compilation warnings/errors on /../data/reentrancy/solidity_contract/25808.sol:
/../data/reentrancy/solidity_contract/25808.sol:8:5: Warning: Defining constructors as functions with the same name as the contract is deprecated. Use "constructor(...) { ... }" instead.
    function EtherGet() {
    ^ (Relevant source part starts here and spans across multiple lines).
/../data/reentrancy/solidity_contract/25808.sol:16:24: Warning: Using contract member "balance" inherited from the address type is deprecated. Convert the contract to "address" type to access the member, for example use "address(contract).balance" instead.
        owner.transfer(this.balance);
                       ^----------^
/../data/reentrancy/solidity_contract/25808.sol:20:13: Warning: Return value of low-level calls not used.
            addr.call.value(0 wei)();
            ^----------------------^
/../data/reentrancy/solidity_contract/25808.sol:3:5: Warning: No visibility specified. Defaulting to "public". 
    function transfer(address _to, uint _value) returns (bool success);
    ^-----------------------------------------------------------------^
/../data/reentrancy/solidity_contract/25808.sol:4:5: Warning: No visibility specified. Defaulting to "public". 
    function balanceOf(address _owner) constant returns (uint balance);
    ^-----------------------------------------------------------------^
/../data/reentrancy/solidity_contract/25808.sol:8:5: Warning: No visibility specified. Defaulting to "public". 
    function EtherGet() {
    ^ (Relevant source part starts here and spans across multiple lines).

INFO:Detectors:[91m
EtherGet.withdrawEther (/../data/reentrancy/solidity_contract/25808.sol#15-17) sends eth to arbitrary user
	Dangerous calls:
	- owner.transfer(this.balance) (/../data/reentrancy/solidity_contract/25808.sol#16)
EtherGet.getTokens (/../data/reentrancy/solidity_contract/25808.sol#18-22) sends eth to arbitrary user
	Dangerous calls:
	- addr.call.value(0)() (/../data/reentrancy/solidity_contract/25808.sol#20)
Reference: https://github.com/trailofbits/slither/wiki/Detectors-Documentation#functions-that-send-ether-to-arbitrary-destinations[0m
INFO:Detectors:[93m
EtherGet.withdrawTokens (/../data/reentrancy/solidity_contract/25808.sol#11-14) does not use the value returned by external calls:
	-tc.transfer(owner,tc.balanceOf(this)) (/../data/reentrancy/solidity_contract/25808.sol#13)
Reference: https://github.com/trailofbits/slither/wiki/Detectors-Documentation#unused-return[0m
INFO:Detectors:[92m
EtherGet.getTokens has external calls inside a loop:
	- addr.call.value(0)() (/../data/reentrancy/solidity_contract/25808.sol#20)
Reference: https://github.com/trailofbits/slither/wiki/Detectors-Documentation/_edit#calls-inside-a-loop[0m
INFO:Detectors:[92m
Token.transfer (/../data/reentrancy/solidity_contract/25808.sol#3) should be declared external
Token.balanceOf (/../data/reentrancy/solidity_contract/25808.sol#4) should be declared external
EtherGet.withdrawTokens (/../data/reentrancy/solidity_contract/25808.sol#11-14) should be declared external
EtherGet.withdrawEther (/../data/reentrancy/solidity_contract/25808.sol#15-17) should be declared external
EtherGet.getTokens (/../data/reentrancy/solidity_contract/25808.sol#18-22) should be declared external
Reference: https://github.com/trailofbits/slither/wiki/Detectors-Documentation#public-function-that-could-be-declared-as-external[0m
INFO:Detectors:[92m
Detected issues with version pragma in /../data/reentrancy/solidity_contract/25808.sol:
	- pragma solidity^0.4.19 (/../data/reentrancy/solidity_contract/25808.sol#1): it allows old versions
Reference: https://github.com/trailofbits/slither/wiki/Detectors-Documentation#incorrect-version-of-solidity[0m
INFO:Detectors:[92m
Low level call in EtherGet.getTokens (/../data/reentrancy/solidity_contract/25808.sol#18-22):
	-addr.call.value(0)() /../data/reentrancy/solidity_contract/25808.sol#20
Reference: https://github.com/trailofbits/slither/wiki/Detectors-Documentation#low-level-calls[0m
INFO:Detectors:[92m
Function 'EtherGet.EtherGet' (/../data/reentrancy/solidity_contract/25808.sol#8-10) is not in mixedCase
Reference: https://github.com/trailofbits/slither/wiki/Detectors-Documentation#conformance-to-solidity-naming-conventions[0m
INFO:Slither:/../data/reentrancy/solidity_contract/25808.sol analyzed (2 contracts), 12 result(s) found