INFO:root:Contract /../data/reentrancy/solidity_contract/13952.sol:AddressSet:
INFO:symExec:Running, please wait...
INFO:symExec:	============ Results ===========
INFO:symExec:	 EVM code coverage: 	 99.9%
INFO:symExec:	 Money flow:    	 False
INFO:symExec:	 Balance disorder: 	 False
INFO:symExec:	 Hidden transfer: 	 False
INFO:symExec:	 Inheritance disorder: 	 False
INFO:symExec:	 Uninitialised struct: 	 False
INFO:symExec:	 Type overflow: 	 False
INFO:symExec:	 Skip empty string: 	 False
INFO:symExec:	 Hidden state update: 	 False
INFO:symExec:	 Straw man contract: 	 False
INFO:symExec:	 --- 62.6735990047 seconds ---
INFO:symExec:	====== Analysis Completed ======
INFO:root:Contract /../data/reentrancy/solidity_contract/13952.sol:Ledger:
INFO:symExec:Running, please wait...
INFO:symExec:	============ Results ===========
INFO:symExec:	 EVM code coverage: 	 99.8%
INFO:symExec:	 Money flow:    	 False
INFO:symExec:	 Balance disorder: 	 False
INFO:symExec:	 Hidden transfer: 	 False
INFO:symExec:	 Inheritance disorder: 	 False
INFO:symExec:	 Uninitialised struct: 	 False
INFO:symExec:	 Type overflow: 	 False
INFO:symExec:	 Skip empty string: 	 False
INFO:symExec:	 Hidden state update: 	 False
INFO:symExec:	 Straw man contract: 	 False
INFO:symExec:	 --- 19.4089910984 seconds ---
INFO:symExec:	====== Analysis Completed ======
INFO:root:Contract /../data/reentrancy/solidity_contract/13952.sol:UsingAdmin:
INFO:symExec:Running, please wait...
INFO:symExec:	============ Results ===========
INFO:symExec:	 EVM code coverage: 	 99.7%
INFO:symExec:	 Money flow:    	 False
INFO:symExec:	 Balance disorder: 	 False
INFO:symExec:	 Hidden transfer: 	 False
INFO:symExec:	 Inheritance disorder: 	 False
INFO:symExec:	 Uninitialised struct: 	 False
INFO:symExec:	 Type overflow: 	 False
INFO:symExec:	 Skip empty string: 	 False
INFO:symExec:	 Hidden state update: 	 False
INFO:symExec:	 Straw man contract: 	 False
INFO:symExec:	 --- 0.5999751091 seconds ---
INFO:symExec:	====== Analysis Completed ======
INFO:root:Contract /../data/reentrancy/solidity_contract/13952.sol:UsingRegistry:
INFO:symExec:Running, please wait...
INFO:symExec:	============ Results ===========
INFO:symExec:	 EVM code coverage: 	 99.5%
INFO:symExec:	 Money flow:    	 False
INFO:symExec:	 Balance disorder: 	 False
INFO:symExec:	 Hidden transfer: 	 False
INFO:symExec:	 Inheritance disorder: 	 False
INFO:symExec:	 Uninitialised struct: 	 False
INFO:symExec:	 Type overflow: 	 False
INFO:symExec:	 Skip empty string: 	 False
INFO:symExec:	 Hidden state update: 	 False
INFO:symExec:	 Straw man contract: 	 False
INFO:symExec:	 --- 0.39476108551 seconds ---
INFO:symExec:	====== Analysis Completed ======
INFO:root:Contract /../data/reentrancy/solidity_contract/13952.sol:UsingTreasury:
INFO:symExec:Running, please wait...
INFO:symExec:	============ Results ===========
INFO:symExec:	 EVM code coverage: 	 99.7%
INFO:symExec:	 Money flow:    	 False
INFO:symExec:	 Balance disorder: 	 False
INFO:symExec:	 Hidden transfer: 	 False
INFO:symExec:	 Inheritance disorder: 	 False
INFO:symExec:	 Uninitialised struct: 	 False
INFO:symExec:	 Type overflow: 	 False
INFO:symExec:	 Skip empty string: 	 False
INFO:symExec:	 Hidden state update: 	 False
INFO:symExec:	 Straw man contract: 	 False
INFO:symExec:	 --- 0.683842897415 seconds ---
INFO:symExec:	====== Analysis Completed ======
INFO:root:Contract /../data/reentrancy/solidity_contract/13952.sol:VideoPoker:
INFO:symExec:Running, please wait...