INFO:root:Contract /../data/reentrancy/solidity_contract/11719.sol:DEP_BANK:
INFO:symExec:Running, please wait...
INFO:symExec:	============ Results ===========
INFO:symExec:	  EVM code coverage: 	 99.9%
INFO:symExec:	  Arithmetic bugs: 	 True
INFO:symExec:	  └> Overflow bugs: 	 True
/../data/reentrancy/solidity_contract/11719.sol:DEP_BANK:28:9
balances[msg.sender]+= msg.value
^
INFO:symExec:	  └> Underflow bugs: 	 True
/../data/reentrancy/solidity_contract/11719.sol:DEP_BANK:35:17
balances[msg.sender]-=_am
^
INFO:symExec:	  └> Division bugs: 	 False
INFO:symExec:	  └> Modulo bugs:   	 False
INFO:symExec:	  └> Truncation bugs: 	 False
INFO:symExec:	  └> Signedness bugs: 	 False
INFO:symExec:	  Callstack bug: 	 False
INFO:symExec:	  Concurrency bug: 	 False
INFO:symExec:	  Time dependency bug: 	 False
INFO:symExec:	  Reentrancy bug: 	 True
/../data/reentrancy/solidity_contract/11719.sol:DEP_BANK:34:16
msg.sender.call.value(_am)()
^
/../data/reentrancy/solidity_contract/11719.sol:DEP_BANK:36:17
Log.AddMessage(msg.sender,_am,"Collect")
^
INFO:symExec:	 --- 27.4396028519 seconds ---
INFO:symExec:	====== Analysis Completed ======
INFO:root:Contract /../data/reentrancy/solidity_contract/11719.sol:LogFile:
INFO:symExec:Running, please wait...
INFO:symExec:	============ Results ===========
INFO:symExec:	  EVM code coverage: 	 52.6%
INFO:symExec:	  Arithmetic bugs: 	 True
INFO:symExec:	  └> Overflow bugs: 	 True
/../data/reentrancy/solidity_contract/11719.sol:LogFile:67:9
History.push(LastMsg)
^
/../data/reentrancy/solidity_contract/11719.sol:LogFile:48:1
contract LogFile
^
/../data/reentrancy/solidity_contract/11719.sol:LogFile:67:9
History.push(LastMsg)
^
INFO:symExec:	  └> Underflow bugs: 	 False
INFO:symExec:	  └> Division bugs: 	 False
INFO:symExec:	  └> Modulo bugs:   	 False
INFO:symExec:	  └> Truncation bugs: 	 False
INFO:symExec:	  └> Signedness bugs: 	 False
INFO:symExec:	  Callstack bug: 	 False
INFO:symExec:	  Concurrency bug: 	 False
INFO:symExec:	  Time dependency bug: 	 False
INFO:symExec:	  Reentrancy bug: 	 False
INFO:symExec:	 --- 50.2329280376 seconds ---
INFO:symExec:	====== Analysis Completed ======

  .oooooo.             o8o            o8o          
 d8P'  `Y8b            `"'            `"'          
888      888  .oooo.o oooo  oooo d8b oooo   .oooo.o
888      888 d88(  "8 `888  `888""8P `888  d88(  "8
888      888 `"Y88b.   888   888      888  `"Y88b. 
`88b    d88' o.  )88b  888   888      888  o.  )88b
 `Y8bood8P'  8""888P' o888o d888b    o888o 8""888P'



!!! SYMBOLIC EXECUTION TIMEOUT !!!