INFO:Slither:Compilation warnings/errors on /../data/reentrancy/solidity_contract/21900.sol:
/../data/reentrancy/solidity_contract/21900.sol:112:3: Warning: Defining constructors as functions with the same name as the contract is deprecated. Use "constructor(...) { ... }" instead.
  function Ownable() public {
  ^ (Relevant source part starts here and spans across multiple lines).
/../data/reentrancy/solidity_contract/21900.sol:216:5: Warning: Defining constructors as functions with the same name as the contract is deprecated. Use "constructor(...) { ... }" instead.
    function GGPCToken() public {
    ^ (Relevant source part starts here and spans across multiple lines).
/../data/reentrancy/solidity_contract/21900.sol:52:5: Warning: Invoking events without "emit" prefix is deprecated.
    Transfer(msg.sender, _to, _value);
    ^-------------------------------^
/../data/reentrancy/solidity_contract/21900.sol:86:5: Warning: Invoking events without "emit" prefix is deprecated.
    Transfer(_from, _to, _value);
    ^--------------------------^
/../data/reentrancy/solidity_contract/21900.sol:93:5: Warning: Invoking events without "emit" prefix is deprecated.
    Approval(msg.sender, _spender, _value);
    ^------------------------------------^
/../data/reentrancy/solidity_contract/21900.sol:127:5: Warning: Invoking events without "emit" prefix is deprecated.
    OwnershipTransferred(owner, newOwner);
    ^-----------------------------------^
/../data/reentrancy/solidity_contract/21900.sol:156:5: Warning: Invoking events without "emit" prefix is deprecated.
    Pause();
    ^-----^
/../data/reentrancy/solidity_contract/21900.sol:162:5: Warning: Invoking events without "emit" prefix is deprecated.
    Unpause();
    ^-------^

INFO:Detectors:[92m
Crowdsale.crowdsalePrice should be constant (/../data/reentrancy/solidity_contract/21900.sol#189)
Crowdsale.decimals should be constant (/../data/reentrancy/solidity_contract/21900.sol#185)
GGPCToken.name should be constant (/../data/reentrancy/solidity_contract/21900.sol#212)
GGPCToken.symbol should be constant (/../data/reentrancy/solidity_contract/21900.sol#213)
GGPCToken.version should be constant (/../data/reentrancy/solidity_contract/21900.sol#214)
Reference: https://github.com/trailofbits/slither/wiki/Detectors-Documentation#state-variables-that-could-be-declared-constant[0m
INFO:Detectors:[92m
ERC20Basic.balanceOf (/../data/reentrancy/solidity_contract/21900.sol#33) should be declared external
BasicToken.balanceOf (/../data/reentrancy/solidity_contract/21900.sol#57-59) should be declared external
ERC20.allowance (/../data/reentrancy/solidity_contract/21900.sol#64) should be declared external
StandardToken.allowance (/../data/reentrancy/solidity_contract/21900.sol#98-100) should be declared external
Ownable.transferOwnership (/../data/reentrancy/solidity_contract/21900.sol#125-129) should be declared external
Pausable.pause (/../data/reentrancy/solidity_contract/21900.sol#154-157) should be declared external
Pausable.unpause (/../data/reentrancy/solidity_contract/21900.sol#160-163) should be declared external
Crowdsale.crowdsale (/../data/reentrancy/solidity_contract/21900.sol#193-206) should be declared external
GGPCToken.fallback (/../data/reentrancy/solidity_contract/21900.sol#221-224) should be declared external
Reference: https://github.com/trailofbits/slither/wiki/Detectors-Documentation#public-function-that-could-be-declared-as-external[0m
INFO:Detectors:[92m
Detected issues with version pragma in /../data/reentrancy/solidity_contract/21900.sol:
	- pragma solidity^0.4.16 (/../data/reentrancy/solidity_contract/21900.sol#1): it allows old versions
Reference: https://github.com/trailofbits/slither/wiki/Detectors-Documentation#incorrect-version-of-solidity[0m
INFO:Detectors:[92m
Low level call in Crowdsale.crowdsale (/../data/reentrancy/solidity_contract/21900.sol#193-206):
	-require(bool)(owner.call.value(msg.value)()) /../data/reentrancy/solidity_contract/21900.sol#204
Reference: https://github.com/trailofbits/slither/wiki/Detectors-Documentation#low-level-calls[0m
INFO:Detectors:[92m
Parameter '_owner' of BasicToken.balanceOf (/../data/reentrancy/solidity_contract/21900.sol#57) is not in mixedCase
Parameter '_to' of BasicToken.transfer (/../data/reentrancy/solidity_contract/21900.sol#45) is not in mixedCase
Parameter '_value' of BasicToken.transfer (/../data/reentrancy/solidity_contract/21900.sol#45) is not in mixedCase
Parameter '_owner' of StandardToken.allowance (/../data/reentrancy/solidity_contract/21900.sol#98) is not in mixedCase
Parameter '_spender' of StandardToken.allowance (/../data/reentrancy/solidity_contract/21900.sol#98) is not in mixedCase
Parameter '_from' of StandardToken.transferFrom (/../data/reentrancy/solidity_contract/21900.sol#78) is not in mixedCase
Parameter '_to' of StandardToken.transferFrom (/../data/reentrancy/solidity_contract/21900.sol#78) is not in mixedCase
Parameter '_value' of StandardToken.transferFrom (/../data/reentrancy/solidity_contract/21900.sol#78) is not in mixedCase
Parameter '_spender' of StandardToken.approve (/../data/reentrancy/solidity_contract/21900.sol#91) is not in mixedCase
Parameter '_value' of StandardToken.approve (/../data/reentrancy/solidity_contract/21900.sol#91) is not in mixedCase
Function 'Ownable.Ownable' (/../data/reentrancy/solidity_contract/21900.sol#112-114) is not in mixedCase
Parameter '_to' of PausableToken.transfer (/../data/reentrancy/solidity_contract/21900.sol#170) is not in mixedCase
Parameter '_value' of PausableToken.transfer (/../data/reentrancy/solidity_contract/21900.sol#170) is not in mixedCase
Parameter '_from' of PausableToken.transferFrom (/../data/reentrancy/solidity_contract/21900.sol#174) is not in mixedCase
Parameter '_to' of PausableToken.transferFrom (/../data/reentrancy/solidity_contract/21900.sol#174) is not in mixedCase
Parameter '_value' of PausableToken.transferFrom (/../data/reentrancy/solidity_contract/21900.sol#174) is not in mixedCase
Parameter '_spender' of PausableToken.approve (/../data/reentrancy/solidity_contract/21900.sol#178) is not in mixedCase
Parameter '_value' of PausableToken.approve (/../data/reentrancy/solidity_contract/21900.sol#178) is not in mixedCase
Function 'GGPCToken.GGPCToken' (/../data/reentrancy/solidity_contract/21900.sol#216-219) is not in mixedCase
Reference: https://github.com/trailofbits/slither/wiki/Detectors-Documentation#conformance-to-solidity-naming-conventions[0m
INFO:Slither:/../data/reentrancy/solidity_contract/21900.sol analyzed (10 contracts), 31 result(s) found