====================================================================================================
[1m[ ] Compiling Solidity contract from the file /../data/reentrancy/solidity_contract/40366.sol ... [0m/../data/reentrancy/solidity_contract/40366.sol:18:3: Error: Functions are not allowed to have the same name as the contract. If you intend this to be a constructor, use "constructor(...) { ... }" to define it.
  function TriWallet () {
  ^ (Relevant source part starts here and spans across multiple lines).
/../data/reentrancy/solidity_contract/40366.sol:18:3: Error: No visibility specified. Did you intend to add "public"?
  function TriWallet () {
  ^ (Relevant source part starts here and spans across multiple lines).
/../data/reentrancy/solidity_contract/40366.sol:36:3: Error: No visibility specified. Did you intend to add "public"?
  function distribute () {
  ^ (Relevant source part starts here and spans across multiple lines).
/../data/reentrancy/solidity_contract/40366.sol:39:43: Error: "throw" is deprecated in favour of "revert()", "require()" and "assert()".
      if (!ethWallet.send (this.balance)) throw;
                                          ^---^
/../data/reentrancy/solidity_contract/40366.sol:42:43: Error: "throw" is deprecated in favour of "revert()", "require()" and "assert()".
      if (!etcWallet.send (this.balance)) throw;
                                          ^---^
/../data/reentrancy/solidity_contract/40366.sol:60:3: Error: Functions are not allowed to have the same name as the contract. If you intend this to be a constructor, use "constructor(...) { ... }" to define it.
  function BranchWallet (address _owner, bool _isRightBranch) {
  ^ (Relevant source part starts here and spans across multiple lines).
/../data/reentrancy/solidity_contract/40366.sol:60:3: Error: No visibility specified. Did you intend to add "public"?

[91m[-] Cannot compile the contract [0m

====================================================================================================
[1m[ ] Compiling Solidity contract from the file /../data/reentrancy/solidity_contract/40366.sol ... [0m/../data/reentrancy/solidity_contract/40366.sol:18:3: Error: Functions are not allowed to have the same name as the contract. If you intend this to be a constructor, use "constructor(...) { ... }" to define it.
  function TriWallet () {
  ^ (Relevant source part starts here and spans across multiple lines).
/../data/reentrancy/solidity_contract/40366.sol:18:3: Error: No visibility specified. Did you intend to add "public"?
  function TriWallet () {
  ^ (Relevant source part starts here and spans across multiple lines).
/../data/reentrancy/solidity_contract/40366.sol:36:3: Error: No visibility specified. Did you intend to add "public"?
  function distribute () {
  ^ (Relevant source part starts here and spans across multiple lines).
/../data/reentrancy/solidity_contract/40366.sol:39:43: Error: "throw" is deprecated in favour of "revert()", "require()" and "assert()".
      if (!ethWallet.send (this.balance)) throw;
                                          ^---^
/../data/reentrancy/solidity_contract/40366.sol:42:43: Error: "throw" is deprecated in favour of "revert()", "require()" and "assert()".
      if (!etcWallet.send (this.balance)) throw;
                                          ^---^
/../data/reentrancy/solidity_contract/40366.sol:60:3: Error: Functions are not allowed to have the same name as the contract. If you intend this to be a constructor, use "constructor(...) { ... }" to define it.
  function BranchWallet (address _owner, bool _isRightBranch) {
  ^ (Relevant source part starts here and spans across multiple lines).
/../data/reentrancy/solidity_contract/40366.sol:60:3: Error: No visibility specified. Did you intend to add "public"?
  function BranchWallet (address _owner, bool _isRightBranch) {
  ^ (Relevant source part starts here and spans across multiple lines).
/../data/reentrancy/solidity_contract/40366.sol:66:3: Error: No visibility specified. Did you intend to add "external"?
  function () {

[91m[-] Cannot compile the contract [0m

====================================================================================================
[1m[ ] Compiling Solidity contract from the file /../data/reentrancy/solidity_contract/40366.sol ... [0m/../data/reentrancy/solidity_contract/40366.sol:18:3: Error: Functions are not allowed to have the same name as the contract. If you intend this to be a constructor, use "constructor(...) { ... }" to define it.
  function TriWallet () {
  ^ (Relevant source part starts here and spans across multiple lines).
/../data/reentrancy/solidity_contract/40366.sol:18:3: Error: No visibility specified. Did you intend to add "public"?
  function TriWallet () {
  ^ (Relevant source part starts here and spans across multiple lines).
/../data/reentrancy/solidity_contract/40366.sol:36:3: Error: No visibility specified. Did you intend to add "public"?
  function distribute () {
  ^ (Relevant source part starts here and spans across multiple lines).
/../data/reentrancy/solidity_contract/40366.sol:39:43: Error: "throw" is deprecated in favour of "revert()", "require()" and "assert()".
      if (!ethWallet.send (this.balance)) throw;
                                          ^---^
/../data/reentrancy/solidity_contract/40366.sol:42:43: Error: "throw" is deprecated in favour of "revert()", "require()" and "assert()".
      if (!etcWallet.send (this.balance)) throw;
                                          ^---^
/../data/reentrancy/solidity_contract/40366.sol:60:3: Error: Functions are not allowed to have the same name as the contract. If you intend this to be a constructor, use "constructor(...) { ... }" to define it.
  function BranchWallet (address _owner, bool _isRightBranch) {
  ^ (Relevant source part starts here and spans across multiple lines).
/../data/reentrancy/solidity_contract/40366.sol:60:3: Error: No visibility specified. Did you intend to add "public"?

[91m[-] Cannot compile the contract [0m

====================================================================================================
[1m[ ] Compiling Solidity contract from the file /../data/reentrancy/solidity_contract/40366.sol ... [0m/../data/reentrancy/solidity_contract/40366.sol:18:3: Error: Functions are not allowed to have the same name as the contract. If you intend this to be a constructor, use "constructor(...) { ... }" to define it.
  function TriWallet () {
  ^ (Relevant source part starts here and spans across multiple lines).
/../data/reentrancy/solidity_contract/40366.sol:18:3: Error: No visibility specified. Did you intend to add "public"?
  function TriWallet () {
  ^ (Relevant source part starts here and spans across multiple lines).
/../data/reentrancy/solidity_contract/40366.sol:36:3: Error: No visibility specified. Did you intend to add "public"?
  function distribute () {
  ^ (Relevant source part starts here and spans across multiple lines).
/../data/reentrancy/solidity_contract/40366.sol:39:43: Error: "throw" is deprecated in favour of "revert()", "require()" and "assert()".
      if (!ethWallet.send (this.balance)) throw;
                                          ^---^
/../data/reentrancy/solidity_contract/40366.sol:42:43: Error: "throw" is deprecated in favour of "revert()", "require()" and "assert()".
      if (!etcWallet.send (this.balance)) throw;
                                          ^---^
/../data/reentrancy/solidity_contract/40366.sol:60:3: Error: Functions are not allowed to have the same name as the contract. If you intend this to be a constructor, use "constructor(...) { ... }" to define it.
  function BranchWallet (address _owner, bool _isRightBranch) {
  ^ (Relevant source part starts here and spans across multiple lines).
/../data/reentrancy/solidity_contract/40366.sol:60:3: Error: No visibility specified. Did you intend to add "public"?

[91m[-] Cannot compile the contract [0m

====================================================================================================
[1m[ ] Compiling Solidity contract from the file /../data/reentrancy/solidity_contract/40366.sol ... [0m/../data/reentrancy/solidity_contract/40366.sol:18:3: Error: Functions are not allowed to have the same name as the contract. If you intend this to be a constructor, use "constructor(...) { ... }" to define it.
  function TriWallet () {
  ^ (Relevant source part starts here and spans across multiple lines).
/../data/reentrancy/solidity_contract/40366.sol:18:3: Error: No visibility specified. Did you intend to add "public"?
  function TriWallet () {
  ^ (Relevant source part starts here and spans across multiple lines).
/../data/reentrancy/solidity_contract/40366.sol:36:3: Error: No visibility specified. Did you intend to add "public"?
  function distribute () {
  ^ (Relevant source part starts here and spans across multiple lines).
/../data/reentrancy/solidity_contract/40366.sol:39:43: Error: "throw" is deprecated in favour of "revert()", "require()" and "assert()".
      if (!ethWallet.send (this.balance)) throw;
                                          ^---^
/../data/reentrancy/solidity_contract/40366.sol:42:43: Error: "throw" is deprecated in favour of "revert()", "require()" and "assert()".
      if (!etcWallet.send (this.balance)) throw;
                                          ^---^
/../data/reentrancy/solidity_contract/40366.sol:60:3: Error: Functions are not allowed to have the same name as the contract. If you intend this to be a constructor, use "constructor(...) { ... }" to define it.
  function BranchWallet (address _owner, bool _isRightBranch) {
  ^ (Relevant source part starts here and spans across multiple lines).
/../data/reentrancy/solidity_contract/40366.sol:60:3: Error: No visibility specified. Did you intend to add "public"?

[91m[-] Cannot compile the contract [0m

====================================================================================================
[1m[ ] Compiling Solidity contract from the file /../data/reentrancy/solidity_contract/40366.sol ... [0m/../data/reentrancy/solidity_contract/40366.sol:18:3: Error: Functions are not allowed to have the same name as the contract. If you intend this to be a constructor, use "constructor(...) { ... }" to define it.
  function TriWallet () {
  ^ (Relevant source part starts here and spans across multiple lines).
/../data/reentrancy/solidity_contract/40366.sol:18:3: Error: No visibility specified. Did you intend to add "public"?
  function TriWallet () {
  ^ (Relevant source part starts here and spans across multiple lines).
/../data/reentrancy/solidity_contract/40366.sol:36:3: Error: No visibility specified. Did you intend to add "public"?
  function distribute () {
  ^ (Relevant source part starts here and spans across multiple lines).
/../data/reentrancy/solidity_contract/40366.sol:39:43: Error: "throw" is deprecated in favour of "revert()", "require()" and "assert()".
      if (!ethWallet.send (this.balance)) throw;
                                          ^---^
/../data/reentrancy/solidity_contract/40366.sol:42:43: Error: "throw" is deprecated in favour of "revert()", "require()" and "assert()".
      if (!etcWallet.send (this.balance)) throw;
                                          ^---^
/../data/reentrancy/solidity_contract/40366.sol:60:3: Error: Functions are not allowed to have the same name as the contract. If you intend this to be a constructor, use "constructor(...) { ... }" to define it.
  function BranchWallet (address _owner, bool _isRightBranch) {
  ^ (Relevant source part starts here and spans across multiple lines).
/../data/reentrancy/solidity_contract/40366.sol:60:3: Error: No visibility specified. Did you intend to add "public"?
  function BranchWallet (address _owner, bool _isRightBranch) {
  ^ (Relevant source part starts here and spans across multiple lines).

[91m[-] Cannot compile the contract [0m

====================================================================================================
[1m[ ] Compiling Solidity contract from the file /../data/reentrancy/solidity_contract/40366.sol ... [0m/../data/reentrancy/solidity_contract/40366.sol:18:3: Error: Functions are not allowed to have the same name as the contract. If you intend this to be a constructor, use "constructor(...) { ... }" to define it.
  function TriWallet () {
  ^ (Relevant source part starts here and spans across multiple lines).
/../data/reentrancy/solidity_contract/40366.sol:18:3: Error: No visibility specified. Did you intend to add "public"?
  function TriWallet () {
  ^ (Relevant source part starts here and spans across multiple lines).
/../data/reentrancy/solidity_contract/40366.sol:36:3: Error: No visibility specified. Did you intend to add "public"?
  function distribute () {
  ^ (Relevant source part starts here and spans across multiple lines).
/../data/reentrancy/solidity_contract/40366.sol:39:43: Error: "throw" is deprecated in favour of "revert()", "require()" and "assert()".
      if (!ethWallet.send (this.balance)) throw;
                                          ^---^
/../data/reentrancy/solidity_contract/40366.sol:42:43: Error: "throw" is deprecated in favour of "revert()", "require()" and "assert()".
      if (!etcWallet.send (this.balance)) throw;
                                          ^---^
/../data/reentrancy/solidity_contract/40366.sol:60:3: Error: Functions are not allowed to have the same name as the contract. If you intend this to be a constructor, use "constructor(...) { ... }" to define it.
  function BranchWallet (address _owner, bool _isRightBranch) {
  ^ (Relevant source part starts here and spans across multiple lines).
/../data/reentrancy/solidity_contract/40366.sol:60:3: Error: No visibility specified. Did you intend to add "public"?

[91m[-] Cannot compile the contract [0m

====================================================================================================
[1m[ ] Compiling Solidity contract from the file /../data/reentrancy/solidity_contract/40366.sol ... [0m/../data/reentrancy/solidity_contract/40366.sol:18:3: Error: Functions are not allowed to have the same name as the contract. If you intend this to be a constructor, use "constructor(...) { ... }" to define it.
  function TriWallet () {
  ^ (Relevant source part starts here and spans across multiple lines).
/../data/reentrancy/solidity_contract/40366.sol:18:3: Error: No visibility specified. Did you intend to add "public"?
  function TriWallet () {
  ^ (Relevant source part starts here and spans across multiple lines).
/../data/reentrancy/solidity_contract/40366.sol:36:3: Error: No visibility specified. Did you intend to add "public"?
  function distribute () {
  ^ (Relevant source part starts here and spans across multiple lines).
/../data/reentrancy/solidity_contract/40366.sol:39:43: Error: "throw" is deprecated in favour of "revert()", "require()" and "assert()".
      if (!ethWallet.send (this.balance)) throw;
                                          ^---^
/../data/reentrancy/solidity_contract/40366.sol:42:43: Error: "throw" is deprecated in favour of "revert()", "require()" and "assert()".
      if (!etcWallet.send (this.balance)) throw;
                                          ^---^
/../data/reentrancy/solidity_contract/40366.sol:60:3: Error: Functions are not allowed to have the same name as the contract. If you intend this to be a constructor, use "constructor(...) { ... }" to define it.
  function BranchWallet (address _owner, bool _isRightBranch) {

[91m[-] Cannot compile the contract [0m

====================================================================================================
[1m[ ] Compiling Solidity contract from the file /../data/reentrancy/solidity_contract/40366.sol ... [0m/../data/reentrancy/solidity_contract/40366.sol:18:3: Error: Functions are not allowed to have the same name as the contract. If you intend this to be a constructor, use "constructor(...) { ... }" to define it.
  function TriWallet () {
  ^ (Relevant source part starts here and spans across multiple lines).
/../data/reentrancy/solidity_contract/40366.sol:18:3: Error: No visibility specified. Did you intend to add "public"?
  function TriWallet () {
  ^ (Relevant source part starts here and spans across multiple lines).
/../data/reentrancy/solidity_contract/40366.sol:36:3: Error: No visibility specified. Did you intend to add "public"?
  function distribute () {
  ^ (Relevant source part starts here and spans across multiple lines).
/../data/reentrancy/solidity_contract/40366.sol:39:43: Error: "throw" is deprecated in favour of "revert()", "require()" and "assert()".
      if (!ethWallet.send (this.balance)) throw;
                                          ^---^
/../data/reentrancy/solidity_contract/40366.sol:42:43: Error: "throw" is deprecated in favour of "revert()", "require()" and "assert()".
      if (!etcWallet.send (this.balance)) throw;
                                          ^---^
/../data/reentrancy/solidity_contract/40366.sol:60:3: Error: Functions are not allowed to have the same name as the contract. If you intend this to be a constructor, use "constructor(...) { ... }" to define it.
  function BranchWallet (address _owner, bool _isRightBranch) {
  ^ (Relevant source part starts here and spans across multiple lines).

[91m[-] Cannot compile the contract [0m