INFO:Slither:Compilation warnings/errors on /../data/reentrancy/solidity_contract/25196.sol:
/../data/reentrancy/solidity_contract/25196.sol:8:5: Warning: Defining constructors as functions with the same name as the contract is deprecated. Use "constructor(...) { ... }" instead.
    function FruitFarm() {
    ^ (Relevant source part starts here and spans across multiple lines).
/../data/reentrancy/solidity_contract/25196.sol:20:24: Warning: Using contract member "balance" inherited from the address type is deprecated. Convert the contract to "address" type to access the member, for example use "address(contract).balance" instead.
        owner.transfer(this.balance);
                       ^----------^
/../data/reentrancy/solidity_contract/25196.sol:23:9: Warning: Return value of low-level calls not used.
        tokenBuyerContract.call.value(0 wei)();
        ^------------------------------------^
/../data/reentrancy/solidity_contract/25196.sol:3:5: Warning: No visibility specified. Defaulting to "public". 
    function transfer(address _to, uint _value) returns (bool success);
    ^-----------------------------------------------------------------^
/../data/reentrancy/solidity_contract/25196.sol:4:5: Warning: No visibility specified. Defaulting to "public". 
    function balanceOf(address _owner) constant returns (uint balance);
    ^-----------------------------------------------------------------^
/../data/reentrancy/solidity_contract/25196.sol:8:5: Warning: No visibility specified. Defaulting to "public". 
    function FruitFarm() {
    ^ (Relevant source part starts here and spans across multiple lines).
/../data/reentrancy/solidity_contract/25196.sol:22:24: Warning: Unused function parameter. Remove or comment out the variable name to silence this warning.
    function getTokens(uint num, address tokenBuyerContract) public {
                       ^------^
/../data/reentrancy/solidity_contract/25196.sol:11:5: Warning: Function state mutability can be restricted to view
    function getTokenBalance(address tokenContract) public returns (uint balance){
    ^ (Relevant source part starts here and spans across multiple lines).

INFO:Detectors:[91m
FruitFarm.withdrawEther (/../data/reentrancy/solidity_contract/25196.sol#19-21) sends eth to arbitrary user
	Dangerous calls:
	- owner.transfer(this.balance) (/../data/reentrancy/solidity_contract/25196.sol#20)
FruitFarm.getTokens (/../data/reentrancy/solidity_contract/25196.sol#22-24) sends eth to arbitrary user
	Dangerous calls:
	- tokenBuyerContract.call.value(0)() (/../data/reentrancy/solidity_contract/25196.sol#23)
Reference: https://github.com/trailofbits/slither/wiki/Detectors-Documentation#functions-that-send-ether-to-arbitrary-destinations[0m
INFO:Detectors:[93m
FruitFarm.withdrawTokens (/../data/reentrancy/solidity_contract/25196.sol#15-18) does not use the value returned by external calls:
	-tc.transfer(owner,tc.balanceOf(this)) (/../data/reentrancy/solidity_contract/25196.sol#17)
Reference: https://github.com/trailofbits/slither/wiki/Detectors-Documentation#unused-return[0m
INFO:Detectors:[92m
Token.transfer (/../data/reentrancy/solidity_contract/25196.sol#3) should be declared external
Token.balanceOf (/../data/reentrancy/solidity_contract/25196.sol#4) should be declared external
FruitFarm.getTokenBalance (/../data/reentrancy/solidity_contract/25196.sol#11-14) should be declared external
FruitFarm.withdrawTokens (/../data/reentrancy/solidity_contract/25196.sol#15-18) should be declared external
FruitFarm.withdrawEther (/../data/reentrancy/solidity_contract/25196.sol#19-21) should be declared external
FruitFarm.getTokens (/../data/reentrancy/solidity_contract/25196.sol#22-24) should be declared external
Reference: https://github.com/trailofbits/slither/wiki/Detectors-Documentation#public-function-that-could-be-declared-as-external[0m
INFO:Detectors:[92m
Detected issues with version pragma in /../data/reentrancy/solidity_contract/25196.sol:
	- pragma solidity^0.4.19 (/../data/reentrancy/solidity_contract/25196.sol#1): it allows old versions
Reference: https://github.com/trailofbits/slither/wiki/Detectors-Documentation#incorrect-version-of-solidity[0m
INFO:Detectors:[92m
Low level call in FruitFarm.getTokens (/../data/reentrancy/solidity_contract/25196.sol#22-24):
	-tokenBuyerContract.call.value(0)() /../data/reentrancy/solidity_contract/25196.sol#23
Reference: https://github.com/trailofbits/slither/wiki/Detectors-Documentation#low-level-calls[0m
INFO:Detectors:[92m
Function 'FruitFarm.FruitFarm' (/../data/reentrancy/solidity_contract/25196.sol#8-10) is not in mixedCase
Reference: https://github.com/trailofbits/slither/wiki/Detectors-Documentation#conformance-to-solidity-naming-conventions[0m
INFO:Slither:/../data/reentrancy/solidity_contract/25196.sol analyzed (2 contracts), 12 result(s) found